#
# A fatal error has been detected by the Java Runtime Environment:
#
#  EXCEPTION_ACCESS_VIOLATION (0xc0000005) at pc=0x00007fff114f6a87, pid=10416, tid=11860
#
# JRE version: OpenJDK Runtime Environment (18.0+36) (build 18+36-2087)
# Java VM: OpenJDK 64-Bit Server VM (18+36-2087, mixed mode, sharing, tiered, compressed oops, compressed class ptrs, g1 gc, windows-amd64)
# Problematic frame:
# C  [glass.dll+0x26a87]
#
# No core dump will be written. Minidumps are not enabled by default on client versions of Windows
#
# If you would like to submit a bug report, please visit:
#   https://bugreport.java.com/bugreport/crash.jsp
#

---------------  S U M M A R Y ------------

Command Line: -javaagent:D:\Intelej\IntelliJ IDEA Community Edition 2022.1\lib\idea_rt.jar=65352:D:\Intelej\IntelliJ IDEA Community Edition 2022.1\bin -Dfile.encoding=UTF-8 --module-path=C:\Users\nikik\.m2\repository\org\openjfx\javafx-controls\18-ea+6\javafx-controls-18-ea+6-win.jar;C:\Users\nikik\.m2\repository\org\openjfx\javafx-graphics\18-ea+6\javafx-graphics-18-ea+6-win.jar;C:\Users\nikik\.m2\repository\org\openjfx\javafx-fxml\18-ea+6\javafx-fxml-18-ea+6-win.jar;D:\IntelliJ IDEA\norm3laba\govna\target\classes;C:\Users\nikik\.m2\repository\org\openjfx\javafx-base\18-ea+6\javafx-base-18-ea+6-win.jar -Djdk.module.main=com.example.govna com.example.govna/com.example.govna.HelloApplication

Host: Intel(R) Core(TM) i5-7200U CPU @ 2.50GHz, 4 cores, 7G,  Windows 10 , 64 bit Build 19041 (10.0.19041.1566)
Time: Fri Apr 15 11:04:49 2022  Windows 10 , 64 bit Build 19041 (10.0.19041.1566) elapsed time: 267.814460 seconds (0d 0h 4m 27s)

---------------  T H R E A D  ---------------

Current thread (0x000002985cd3ba60):  VMThread "VM Thread" [stack: 0x000000c211500000,0x000000c211600000] [id=11860]

Stack: [0x000000c211500000,0x000000c211600000],  sp=0x000000c2115ff2f0,  free space=1020k
Native frames: (J=compiled Java code, j=interpreted, Vv=VM code, C=native code)
C  [glass.dll+0x26a87]


siginfo: EXCEPTION_ACCESS_VIOLATION (0xc0000005), reading address 0x0000000000000000


Register to memory mapping:

RIP=0x00007fff114f6a87 glass.dll
RAX=0x0 is NULL
RBX=0x000002985cd54960 is a global jni handle
RCX=0x000002985cd3ba60 points into unknown readable memory: 0x00007ffef8a1edc8 | c8 ed a1 f8 fe 7f 00 00
RDX=0x000000c2115ff2f0 points into unknown readable memory: 0x0000000000000000 | 00 00 00 00 00 00 00 00
RSP=0x000000c2115ff2f0 points into unknown readable memory: 0x0000000000000000 | 00 00 00 00 00 00 00 00
RBP=0x0000029861dcfd68 points into unknown readable memory: 0x0000ef633f0a581e | 1e 58 0a 3f 63 ef 00 00
RSI=0x0000029861dcfd40 points into unknown readable memory: 0xc45320f83f0a47e1 | e1 47 0a 3f f8 20 53 c4
RDI=0x0000ef633f0a581e is an unknown value
R8 =0x0000000000010002 is an unknown value
R9 =0x0000ef633f0a581e is an unknown value
R10=0x0000000000008000 is an unknown value
R11=0x000000c2115ff280 points into unknown readable memory: 0x0000029861dcfd40 | 40 fd dc 61 98 02 00 00
R12=0x00007fff114f4354 glass.dll
R13=0x00007ffef8be0b40 jvm.dll
R14=0x000000c2115ff3e8 points into unknown readable memory: 0x000000c2115ff3d0 | d0 f3 5f 11 c2 00 00 00
R15=0x0000029861dcfd40 points into unknown readable memory: 0xc45320f83f0a47e1 | e1 47 0a 3f f8 20 53 c4


Registers:
RAX=0x0000000000000000, RBX=0x000002985cd54960, RCX=0x000002985cd3ba60, RDX=0x000000c2115ff2f0
RSP=0x000000c2115ff2f0, RBP=0x0000029861dcfd68, RSI=0x0000029861dcfd40, RDI=0x0000ef633f0a581e
R8 =0x0000000000010002, R9 =0x0000ef633f0a581e, R10=0x0000000000008000, R11=0x000000c2115ff280
R12=0x00007fff114f4354, R13=0x00007ffef8be0b40, R14=0x000000c2115ff3e8, R15=0x0000029861dcfd40
RIP=0x00007fff114f6a87, EFLAGS=0x0000000000010206

Top of Stack: (sp=0x000000c2115ff2f0)
0x000000c2115ff2f0:   0000000000000000 0000029861dcfd40
0x000000c2115ff300:   00007ffef8be0b40 00007fff114f4354
0x000000c2115ff310:   0000029861dcfd48 00007fff446642d6
0x000000c2115ff320:   0000ef633f0a581e 0000029800000000
0x000000c2115ff330:   0000029861dcfd68 0000029861dcfd40
0x000000c2115ff340:   fffffffffffffffe 0000000000000000
0x000000c2115ff350:   0000000000000001 00007fff114d0000
0x000000c2115ff360:   000000c2115ff3d8 00007fff446641fb
0x000000c2115ff370:   0000000000000000 000000c2115ff3e8
0x000000c2115ff380:   000000c2115ff6b0 00007fff44740e40
0x000000c2115ff390:   0000000000000001 00007fff446641b4
0x000000c2115ff3a0:   0000000000000000 0000000000000001
0x000000c2115ff3b0:   00007fff00000001 000000c2115ff3d8
0x000000c2115ff3c0:   0000000000000000 00007fff114f41e1
0x000000c2115ff3d0:   00007fff1150a138 00007fff00000002
0x000000c2115ff3e0:   0000000000000002 000000c2115ff3d0 

Instructions: (pc=0x00007fff114f6a87)
0x00007fff114f6987:   8b 4d 58 e8 01 cf ff ff 48 8b 4d 60 e8 f8 ce ff
0x00007fff114f6997:   ff 48 8b 95 80 00 00 00 48 8b 8d 18 01 00 00 e8
0x00007fff114f69a7:   c6 c3 ff ff 33 d2 33 c9 e8 3c e1 ff ff 90 48 89
0x00007fff114f69b7:   54 24 10 55 48 83 ec 20 48 8b ea 48 b8 00 00 00
0x00007fff114f69c7:   00 00 00 00 00 48 83 c4 20 5d c3 cc 40 55 48 8b
0x00007fff114f69d7:   ea 48 8b 01 33 c9 81 38 05 00 00 c0 0f 94 c1 8b
0x00007fff114f69e7:   c1 5d c3 cc 40 55 48 83 ec 20 48 8b ea 8a 4d 40
0x00007fff114f69f7:   48 83 c4 20 5d e9 f7 d2 ff ff cc 40 55 48 83 ec
0x00007fff114f6a07:   20 48 8b ea 8a 4d 20 e8 e5 d2 ff ff 90 48 83 c4
0x00007fff114f6a17:   20 5d c3 cc 40 55 48 83 ec 20 48 8b ea 48 83 c4
0x00007fff114f6a27:   20 5d e9 46 d1 ff ff cc 40 55 48 83 ec 30 48 8b
0x00007fff114f6a37:   ea 48 8b 01 8b 10 48 89 4c 24 28 89 54 24 20 4c
0x00007fff114f6a47:   8d 0d e7 d5 ff ff 4c 8b 45 70 8b 55 68 48 8b 4d
0x00007fff114f6a57:   60 e8 87 d0 ff ff 90 48 83 c4 30 5d c3 cc cc cc
0x00007fff114f6a67:   cc cc cc cc cc cc cc cc cc 40 53 48 83 ec 20 48
0x00007fff114f6a77:   8b 1d b3 30 01 00 48 85 db 74 16 e8 09 8b ff ff
0x00007fff114f6a87:   4c 8b 00 48 8b d3 48 8b c8 41 ff 90 b0 00 00 00
0x00007fff114f6a97:   90 48 83 c4 20 5b c3 cc cc 40 53 48 83 ec 20 48
0x00007fff114f6aa7:   8b 1d 2b 32 01 00 48 85 db 74 57 b8 ff ff ff ff
0x00007fff114f6ab7:   f0 0f c1 43 10 83 f8 01 75 3d 48 85 db 74 38 48
0x00007fff114f6ac7:   8b 0b 48 85 c9 74 0d ff 15 d4 07 00 00 48 c7 03
0x00007fff114f6ad7:   00 00 00 00 48 8b 4b 08 48 85 c9 74 0d e8 a7 cd
0x00007fff114f6ae7:   ff ff 48 c7 43 08 00 00 00 00 ba 18 00 00 00 48
0x00007fff114f6af7:   8b cb e8 92 cd ff ff 48 c7 05 cf 31 01 00 00 00
0x00007fff114f6b07:   00 00 48 83 c4 20 5b c3 cc 40 53 48 83 ec 20 48
0x00007fff114f6b17:   8b 1d 9b 31 01 00 48 85 db 74 57 b8 ff ff ff ff
0x00007fff114f6b27:   f0 0f c1 43 10 83 f8 01 75 3d 48 85 db 74 38 48
0x00007fff114f6b37:   8b 0b 48 85 c9 74 0d ff 15 64 07 00 00 48 c7 03
0x00007fff114f6b47:   00 00 00 00 48 8b 4b 08 48 85 c9 74 0d e8 37 cd
0x00007fff114f6b57:   ff ff 48 c7 43 08 00 00 00 00 ba 18 00 00 00 48
0x00007fff114f6b67:   8b cb e8 22 cd ff ff 48 c7 05 3f 31 01 00 00 00
0x00007fff114f6b77:   00 00 48 83 c4 20 5b c3 cc 40 53 48 83 ec 20 48 


Stack slot to memory mapping:
stack at sp + 0 slots: 0x0 is NULL
stack at sp + 1 slots: 0x0000029861dcfd40 points into unknown readable memory: 0xc45320f83f0a47e1 | e1 47 0a 3f f8 20 53 c4
stack at sp + 2 slots: 0x00007ffef8be0b40 jvm.dll
stack at sp + 3 slots: 0x00007fff114f4354 glass.dll
stack at sp + 4 slots: 0x0000029861dcfd48 points into unknown readable memory: 0x0000ef633f0a581e | 1e 58 0a 3f 63 ef 00 00
stack at sp + 5 slots: 0x00007fff446642d6 ucrtbase.dll
stack at sp + 6 slots: 0x0000ef633f0a581e is an unknown value
stack at sp + 7 slots: 0x0000029800000000 is an unknown value

VM_Operation (0x000000c210cff030): Exit, mode: safepoint, requested by thread 0x0000029861ebd9e0


---------------  P R O C E S S  ---------------

Threads class SMR info:
_java_thread_list=0x0000029861f85760, length=21, elements={
0x000002983f490bc0, 0x000002985cd3f9d0, 0x000002985cd41690, 0x000002985cd5ad10,
0x000002985cd5b5c0, 0x000002985cd5de80, 0x000002985cd5f6f0, 0x000002985cd640b0,
0x000002985cd646f0, 0x000002985cd65140, 0x000002986107b340, 0x000002986107d9c0,
0x000002986107d4f0, 0x000002986107d020, 0x000002986107b810, 0x000002986107bce0,
0x0000029861ebae90, 0x0000029861ebb360, 0x0000029861ebfb90, 0x0000029861ebc6a0,
0x0000029861ebd9e0
}

Java Threads: ( => current thread )
  0x000002983f490bc0 JavaThread "main" [_thread_blocked, id=9736, stack(0x000000c210f00000,0x000000c211000000)]
  0x000002985cd3f9d0 JavaThread "Reference Handler" daemon [_thread_blocked, id=16180, stack(0x000000c211600000,0x000000c211700000)]
  0x000002985cd41690 JavaThread "Finalizer" daemon [_thread_blocked, id=18632, stack(0x000000c211700000,0x000000c211800000)]
  0x000002985cd5ad10 JavaThread "Signal Dispatcher" daemon [_thread_blocked, id=7856, stack(0x000000c211800000,0x000000c211900000)]
  0x000002985cd5b5c0 JavaThread "Attach Listener" daemon [_thread_blocked, id=12228, stack(0x000000c211900000,0x000000c211a00000)]
  0x000002985cd5de80 JavaThread "Service Thread" daemon [_thread_blocked, id=20284, stack(0x000000c211a00000,0x000000c211b00000)]
  0x000002985cd5f6f0 JavaThread "Monitor Deflation Thread" daemon [_thread_blocked, id=19576, stack(0x000000c211b00000,0x000000c211c00000)]
  0x000002985cd640b0 JavaThread "C2 CompilerThread0" daemon [_thread_blocked, id=13444, stack(0x000000c211c00000,0x000000c211d00000)]
  0x000002985cd646f0 JavaThread "C1 CompilerThread0" daemon [_thread_blocked, id=20312, stack(0x000000c211d00000,0x000000c211e00000)]
  0x000002985cd65140 JavaThread "Sweeper thread" daemon [_thread_blocked, id=11276, stack(0x000000c211e00000,0x000000c211f00000)]
  0x000002986107b340 JavaThread "Common-Cleaner" daemon [_thread_blocked, id=19524, stack(0x000000c211f00000,0x000000c212000000)]
  0x000002986107d9c0 JavaThread "Monitor Ctrl-Break" daemon [_thread_in_native, id=14428, stack(0x000000c212100000,0x000000c212200000)]
  0x000002986107d4f0 JavaThread "Notification Thread" daemon [_thread_blocked, id=20236, stack(0x000000c212200000,0x000000c212300000)]
  0x000002986107d020 JavaThread "QuantumRenderer-0" daemon [_thread_blocked, id=4192, stack(0x000000c212600000,0x000000c212700000)]
  0x000002986107b810 JavaThread "InvokeLaterDispatcher" daemon [_thread_blocked, id=12880, stack(0x000000c212700000,0x000000c212800000)]
  0x000002986107bce0 JavaThread "JavaFX Application Thread" [_thread_in_native, id=3548, stack(0x000000c212800000,0x000000c212900000)]
  0x0000029861ebae90 JavaThread "Thread-1" daemon [_thread_in_native, id=7912, stack(0x000000c212c00000,0x000000c212d00000)]
  0x0000029861ebb360 JavaThread "JavaFX-Launcher" [_thread_blocked, id=10360, stack(0x000000c212d00000,0x000000c212e00000)]
  0x0000029861ebfb90 JavaThread "Prism Font Disposer" daemon [_thread_blocked, id=2772, stack(0x000000c212e00000,0x000000c212f00000)]
  0x0000029861ebc6a0 JavaThread "Cleaner-0" daemon [_thread_blocked, id=19888, stack(0x000000c213300000,0x000000c213400000)]
  0x0000029861ebd9e0 JavaThread "SIGINT handler" daemon [_thread_blocked, id=5512, stack(0x000000c210c00000,0x000000c210d00000)]

Other Threads:
=>0x000002985cd3ba60 VMThread "VM Thread" [stack: 0x000000c211500000,0x000000c211600000] [id=11860]
  0x000002983f4f07b0 WorkerThread "GC Thread#0" [stack: 0x000000c211000000,0x000000c211100000] [id=16632]
  0x00000298618d1d90 WorkerThread "GC Thread#1" [stack: 0x000000c212000000,0x000000c212100000] [id=17668]
  0x0000029861157d30 WorkerThread "GC Thread#2" [stack: 0x000000c212400000,0x000000c212500000] [id=13792]
  0x0000029861e235d0 WorkerThread "GC Thread#3" [stack: 0x000000c212500000,0x000000c212600000] [id=8332]
  0x000002983f503250 ConcurrentGCThread "G1 Main Marker" terminated
  0x000002983f5042f0 WorkerThread "G1 Conc#0" [stack: 0x000000c211200000,0x000000c211300000] [id=11316]
  0x000002983f542c10 ConcurrentGCThread "G1 Refine#0" terminated
  0x000002983f543430 ConcurrentGCThread "G1 Service" terminated

Threads with active compile tasks:

VM state: at safepoint (shutting down)

VM Mutex/Monitor currently owned by a thread:  ([mutex/lock_event])
[0x000002983f48b970] Threads_lock - owner thread: 0x000002985cd3ba60
[0x000002983f48c300] Heap_lock - owner thread: 0x0000029861ebd9e0

Heap address: 0x0000000081e00000, size: 2018 MB, Compressed Oops mode: 32-bit

CDS archive(s) mapped at: [0x0000000800000000-0x0000000800b90000-0x0000000800b90000), size 12124160, SharedBaseAddress: 0x0000000800000000, ArchiveRelocationMode: 0.
Compressed class space mapped at: 0x0000000800c00000-0x0000000840c00000, reserved size: 1073741824
Narrow klass base: 0x0000000800000000, Narrow klass shift: 0, Narrow klass range: 0x100000000

GC Precious Log:
 CardTable entry size: 512
 Card Set container configuration: InlinePtr #cards 5 size 8 Array Of Cards #cards 12 size 40 Howl #buckets 4 coarsen threshold 1843 Howl Bitmap #cards 512 size 80 coarsen threshold 460 Card regions per heap region 1 cards per card region 2048
 CPUs: 4 total, 4 available
 Memory: 8071M
 Large Page Support: Disabled
 NUMA Support: Disabled
 Compressed Oops: Enabled (32-bit)
 Heap Region Size: 1M
 Heap Min Capacity: 8M
 Heap Initial Capacity: 128M
 Heap Max Capacity: 2018M
 Pre-touch: Disabled
 Parallel Workers: 4
 Concurrent Workers: 1
 Concurrent Refinement Workers: 4
 Periodic GC: Disabled

Heap:
 garbage-first heap   total 131072K, used 40222K [0x0000000081e00000, 0x0000000100000000)
  region size 1024K, 37 young (37888K), 2 survivors (2048K)
 Metaspace       used 16192K, committed 16576K, reserved 1114112K
  class space    used 2312K, committed 2496K, reserved 1048576K

Heap Regions: E=young(eden), S=young(survivor), O=old, HS=humongous(starts), HC=humongous(continues), CS=collection set, F=free, OA=open archive, CA=closed archive, TAMS=top-at-mark-start (previous, next)
|   0|0x0000000081e00000, 0x0000000081f00000, 0x0000000081f00000|100%| O|  |TAMS 0x0000000081e00000, 0x0000000081e00000| Untracked 
|   1|0x0000000081f00000, 0x0000000082000000, 0x0000000082000000|100%| O|  |TAMS 0x0000000081f00000, 0x0000000081f00000| Untracked 
|   2|0x0000000082000000, 0x00000000820a5400, 0x0000000082100000| 64%| O|  |TAMS 0x0000000082000000, 0x0000000082000000| Untracked 
|   3|0x0000000082100000, 0x0000000082200000, 0x0000000082200000|100%|HS|  |TAMS 0x0000000082100000, 0x0000000082100000| Complete 
|   4|0x0000000082200000, 0x0000000082300000, 0x0000000082300000|100%|HC|  |TAMS 0x0000000082200000, 0x0000000082200000| Complete 
|   5|0x0000000082300000, 0x0000000082300000, 0x0000000082400000|  0%| F|  |TAMS 0x0000000082300000, 0x0000000082300000| Untracked 
|   6|0x0000000082400000, 0x0000000082400000, 0x0000000082500000|  0%| F|  |TAMS 0x0000000082400000, 0x0000000082400000| Untracked 
|   7|0x0000000082500000, 0x0000000082500000, 0x0000000082600000|  0%| F|  |TAMS 0x0000000082500000, 0x0000000082500000| Untracked 
|   8|0x0000000082600000, 0x0000000082600000, 0x0000000082700000|  0%| F|  |TAMS 0x0000000082600000, 0x0000000082600000| Untracked 
|   9|0x0000000082700000, 0x0000000082700000, 0x0000000082800000|  0%| F|  |TAMS 0x0000000082700000, 0x0000000082700000| Untracked 
|  10|0x0000000082800000, 0x0000000082800000, 0x0000000082900000|  0%| F|  |TAMS 0x0000000082800000, 0x0000000082800000| Untracked 
|  11|0x0000000082900000, 0x0000000082900000, 0x0000000082a00000|  0%| F|  |TAMS 0x0000000082900000, 0x0000000082900000| Untracked 
|  12|0x0000000082a00000, 0x0000000082a00000, 0x0000000082b00000|  0%| F|  |TAMS 0x0000000082a00000, 0x0000000082a00000| Untracked 
|  13|0x0000000082b00000, 0x0000000082b00000, 0x0000000082c00000|  0%| F|  |TAMS 0x0000000082b00000, 0x0000000082b00000| Untracked 
|  14|0x0000000082c00000, 0x0000000082c00000, 0x0000000082d00000|  0%| F|  |TAMS 0x0000000082c00000, 0x0000000082c00000| Untracked 
|  15|0x0000000082d00000, 0x0000000082d00000, 0x0000000082e00000|  0%| F|  |TAMS 0x0000000082d00000, 0x0000000082d00000| Untracked 
|  16|0x0000000082e00000, 0x0000000082e00000, 0x0000000082f00000|  0%| F|  |TAMS 0x0000000082e00000, 0x0000000082e00000| Untracked 
|  17|0x0000000082f00000, 0x0000000082f00000, 0x0000000083000000|  0%| F|  |TAMS 0x0000000082f00000, 0x0000000082f00000| Untracked 
|  18|0x0000000083000000, 0x0000000083000000, 0x0000000083100000|  0%| F|  |TAMS 0x0000000083000000, 0x0000000083000000| Untracked 
|  19|0x0000000083100000, 0x0000000083100000, 0x0000000083200000|  0%| F|  |TAMS 0x0000000083100000, 0x0000000083100000| Untracked 
|  20|0x0000000083200000, 0x0000000083200000, 0x0000000083300000|  0%| F|  |TAMS 0x0000000083200000, 0x0000000083200000| Untracked 
|  21|0x0000000083300000, 0x0000000083300000, 0x0000000083400000|  0%| F|  |TAMS 0x0000000083300000, 0x0000000083300000| Untracked 
|  22|0x0000000083400000, 0x0000000083400000, 0x0000000083500000|  0%| F|  |TAMS 0x0000000083400000, 0x0000000083400000| Untracked 
|  23|0x0000000083500000, 0x0000000083500000, 0x0000000083600000|  0%| F|  |TAMS 0x0000000083500000, 0x0000000083500000| Untracked 
|  24|0x0000000083600000, 0x0000000083600000, 0x0000000083700000|  0%| F|  |TAMS 0x0000000083600000, 0x0000000083600000| Untracked 
|  25|0x0000000083700000, 0x0000000083700000, 0x0000000083800000|  0%| F|  |TAMS 0x0000000083700000, 0x0000000083700000| Untracked 
|  26|0x0000000083800000, 0x0000000083800000, 0x0000000083900000|  0%| F|  |TAMS 0x0000000083800000, 0x0000000083800000| Untracked 
|  27|0x0000000083900000, 0x0000000083900000, 0x0000000083a00000|  0%| F|  |TAMS 0x0000000083900000, 0x0000000083900000| Untracked 
|  28|0x0000000083a00000, 0x0000000083a00000, 0x0000000083b00000|  0%| F|  |TAMS 0x0000000083a00000, 0x0000000083a00000| Untracked 
|  29|0x0000000083b00000, 0x0000000083b00000, 0x0000000083c00000|  0%| F|  |TAMS 0x0000000083b00000, 0x0000000083b00000| Untracked 
|  30|0x0000000083c00000, 0x0000000083c00000, 0x0000000083d00000|  0%| F|  |TAMS 0x0000000083c00000, 0x0000000083c00000| Untracked 
|  31|0x0000000083d00000, 0x0000000083d00000, 0x0000000083e00000|  0%| F|  |TAMS 0x0000000083d00000, 0x0000000083d00000| Untracked 
|  32|0x0000000083e00000, 0x0000000083e00000, 0x0000000083f00000|  0%| F|  |TAMS 0x0000000083e00000, 0x0000000083e00000| Untracked 
|  33|0x0000000083f00000, 0x0000000083f00000, 0x0000000084000000|  0%| F|  |TAMS 0x0000000083f00000, 0x0000000083f00000| Untracked 
|  34|0x0000000084000000, 0x0000000084000000, 0x0000000084100000|  0%| F|  |TAMS 0x0000000084000000, 0x0000000084000000| Untracked 
|  35|0x0000000084100000, 0x0000000084100000, 0x0000000084200000|  0%| F|  |TAMS 0x0000000084100000, 0x0000000084100000| Untracked 
|  36|0x0000000084200000, 0x0000000084200000, 0x0000000084300000|  0%| F|  |TAMS 0x0000000084200000, 0x0000000084200000| Untracked 
|  37|0x0000000084300000, 0x0000000084300000, 0x0000000084400000|  0%| F|  |TAMS 0x0000000084300000, 0x0000000084300000| Untracked 
|  38|0x0000000084400000, 0x0000000084400000, 0x0000000084500000|  0%| F|  |TAMS 0x0000000084400000, 0x0000000084400000| Untracked 
|  39|0x0000000084500000, 0x0000000084500000, 0x0000000084600000|  0%| F|  |TAMS 0x0000000084500000, 0x0000000084500000| Untracked 
|  40|0x0000000084600000, 0x0000000084600000, 0x0000000084700000|  0%| F|  |TAMS 0x0000000084600000, 0x0000000084600000| Untracked 
|  41|0x0000000084700000, 0x0000000084700000, 0x0000000084800000|  0%| F|  |TAMS 0x0000000084700000, 0x0000000084700000| Untracked 
|  42|0x0000000084800000, 0x0000000084800000, 0x0000000084900000|  0%| F|  |TAMS 0x0000000084800000, 0x0000000084800000| Untracked 
|  43|0x0000000084900000, 0x0000000084900000, 0x0000000084a00000|  0%| F|  |TAMS 0x0000000084900000, 0x0000000084900000| Untracked 
|  44|0x0000000084a00000, 0x0000000084a00000, 0x0000000084b00000|  0%| F|  |TAMS 0x0000000084a00000, 0x0000000084a00000| Untracked 
|  45|0x0000000084b00000, 0x0000000084b00000, 0x0000000084c00000|  0%| F|  |TAMS 0x0000000084b00000, 0x0000000084b00000| Untracked 
|  46|0x0000000084c00000, 0x0000000084c00000, 0x0000000084d00000|  0%| F|  |TAMS 0x0000000084c00000, 0x0000000084c00000| Untracked 
|  47|0x0000000084d00000, 0x0000000084d00000, 0x0000000084e00000|  0%| F|  |TAMS 0x0000000084d00000, 0x0000000084d00000| Untracked 
|  48|0x0000000084e00000, 0x0000000084e00000, 0x0000000084f00000|  0%| F|  |TAMS 0x0000000084e00000, 0x0000000084e00000| Untracked 
|  49|0x0000000084f00000, 0x0000000084f00000, 0x0000000085000000|  0%| F|  |TAMS 0x0000000084f00000, 0x0000000084f00000| Untracked 
|  50|0x0000000085000000, 0x0000000085000000, 0x0000000085100000|  0%| F|  |TAMS 0x0000000085000000, 0x0000000085000000| Untracked 
|  51|0x0000000085100000, 0x0000000085100000, 0x0000000085200000|  0%| F|  |TAMS 0x0000000085100000, 0x0000000085100000| Untracked 
|  52|0x0000000085200000, 0x0000000085200000, 0x0000000085300000|  0%| F|  |TAMS 0x0000000085200000, 0x0000000085200000| Untracked 
|  53|0x0000000085300000, 0x0000000085300000, 0x0000000085400000|  0%| F|  |TAMS 0x0000000085300000, 0x0000000085300000| Untracked 
|  54|0x0000000085400000, 0x0000000085400000, 0x0000000085500000|  0%| F|  |TAMS 0x0000000085400000, 0x0000000085400000| Untracked 
|  55|0x0000000085500000, 0x0000000085500000, 0x0000000085600000|  0%| F|  |TAMS 0x0000000085500000, 0x0000000085500000| Untracked 
|  56|0x0000000085600000, 0x0000000085600000, 0x0000000085700000|  0%| F|  |TAMS 0x0000000085600000, 0x0000000085600000| Untracked 
|  57|0x0000000085700000, 0x0000000085700000, 0x0000000085800000|  0%| F|  |TAMS 0x0000000085700000, 0x0000000085700000| Untracked 
|  58|0x0000000085800000, 0x0000000085800000, 0x0000000085900000|  0%| F|  |TAMS 0x0000000085800000, 0x0000000085800000| Untracked 
|  59|0x0000000085900000, 0x0000000085900000, 0x0000000085a00000|  0%| F|  |TAMS 0x0000000085900000, 0x0000000085900000| Untracked 
|  60|0x0000000085a00000, 0x0000000085a00000, 0x0000000085b00000|  0%| F|  |TAMS 0x0000000085a00000, 0x0000000085a00000| Untracked 
|  61|0x0000000085b00000, 0x0000000085b00000, 0x0000000085c00000|  0%| F|  |TAMS 0x0000000085b00000, 0x0000000085b00000| Untracked 
|  62|0x0000000085c00000, 0x0000000085c00000, 0x0000000085d00000|  0%| F|  |TAMS 0x0000000085c00000, 0x0000000085c00000| Untracked 
|  63|0x0000000085d00000, 0x0000000085d00000, 0x0000000085e00000|  0%| F|  |TAMS 0x0000000085d00000, 0x0000000085d00000| Untracked 
|  64|0x0000000085e00000, 0x0000000085e00000, 0x0000000085f00000|  0%| F|  |TAMS 0x0000000085e00000, 0x0000000085e00000| Untracked 
|  65|0x0000000085f00000, 0x0000000085f00000, 0x0000000086000000|  0%| F|  |TAMS 0x0000000085f00000, 0x0000000085f00000| Untracked 
|  66|0x0000000086000000, 0x0000000086000000, 0x0000000086100000|  0%| F|  |TAMS 0x0000000086000000, 0x0000000086000000| Untracked 
|  67|0x0000000086100000, 0x0000000086100000, 0x0000000086200000|  0%| F|  |TAMS 0x0000000086100000, 0x0000000086100000| Untracked 
|  68|0x0000000086200000, 0x0000000086200000, 0x0000000086300000|  0%| F|  |TAMS 0x0000000086200000, 0x0000000086200000| Untracked 
|  69|0x0000000086300000, 0x0000000086300000, 0x0000000086400000|  0%| F|  |TAMS 0x0000000086300000, 0x0000000086300000| Untracked 
|  70|0x0000000086400000, 0x0000000086400000, 0x0000000086500000|  0%| F|  |TAMS 0x0000000086400000, 0x0000000086400000| Untracked 
|  71|0x0000000086500000, 0x0000000086500000, 0x0000000086600000|  0%| F|  |TAMS 0x0000000086500000, 0x0000000086500000| Untracked 
|  72|0x0000000086600000, 0x0000000086600000, 0x0000000086700000|  0%| F|  |TAMS 0x0000000086600000, 0x0000000086600000| Untracked 
|  73|0x0000000086700000, 0x0000000086700000, 0x0000000086800000|  0%| F|  |TAMS 0x0000000086700000, 0x0000000086700000| Untracked 
|  74|0x0000000086800000, 0x0000000086800000, 0x0000000086900000|  0%| F|  |TAMS 0x0000000086800000, 0x0000000086800000| Untracked 
|  75|0x0000000086900000, 0x0000000086900000, 0x0000000086a00000|  0%| F|  |TAMS 0x0000000086900000, 0x0000000086900000| Untracked 
|  76|0x0000000086a00000, 0x0000000086a00000, 0x0000000086b00000|  0%| F|  |TAMS 0x0000000086a00000, 0x0000000086a00000| Untracked 
|  77|0x0000000086b00000, 0x0000000086b00000, 0x0000000086c00000|  0%| F|  |TAMS 0x0000000086b00000, 0x0000000086b00000| Untracked 
|  78|0x0000000086c00000, 0x0000000086c00000, 0x0000000086d00000|  0%| F|  |TAMS 0x0000000086c00000, 0x0000000086c00000| Untracked 
|  79|0x0000000086d00000, 0x0000000086d00000, 0x0000000086e00000|  0%| F|  |TAMS 0x0000000086d00000, 0x0000000086d00000| Untracked 
|  80|0x0000000086e00000, 0x0000000086e00000, 0x0000000086f00000|  0%| F|  |TAMS 0x0000000086e00000, 0x0000000086e00000| Untracked 
|  81|0x0000000086f00000, 0x0000000086f00000, 0x0000000087000000|  0%| F|  |TAMS 0x0000000086f00000, 0x0000000086f00000| Untracked 
|  82|0x0000000087000000, 0x0000000087000000, 0x0000000087100000|  0%| F|  |TAMS 0x0000000087000000, 0x0000000087000000| Untracked 
|  83|0x0000000087100000, 0x0000000087100000, 0x0000000087200000|  0%| F|  |TAMS 0x0000000087100000, 0x0000000087100000| Untracked 
|  84|0x0000000087200000, 0x0000000087200000, 0x0000000087300000|  0%| F|  |TAMS 0x0000000087200000, 0x0000000087200000| Untracked 
|  85|0x0000000087300000, 0x0000000087300000, 0x0000000087400000|  0%| F|  |TAMS 0x0000000087300000, 0x0000000087300000| Untracked 
|  86|0x0000000087400000, 0x0000000087400000, 0x0000000087500000|  0%| F|  |TAMS 0x0000000087400000, 0x0000000087400000| Untracked 
|  87|0x0000000087500000, 0x0000000087500000, 0x0000000087600000|  0%| F|  |TAMS 0x0000000087500000, 0x0000000087500000| Untracked 
|  88|0x0000000087600000, 0x0000000087600000, 0x0000000087700000|  0%| F|  |TAMS 0x0000000087600000, 0x0000000087600000| Untracked 
|  89|0x0000000087700000, 0x0000000087700000, 0x0000000087800000|  0%| F|  |TAMS 0x0000000087700000, 0x0000000087700000| Untracked 
|  90|0x0000000087800000, 0x0000000087800000, 0x0000000087900000|  0%| F|  |TAMS 0x0000000087800000, 0x0000000087800000| Untracked 
|  91|0x0000000087900000, 0x0000000087998120, 0x0000000087a00000| 59%| E|  |TAMS 0x0000000087900000, 0x0000000087900000| Complete 
|  92|0x0000000087a00000, 0x0000000087b00000, 0x0000000087b00000|100%| E|CS|TAMS 0x0000000087a00000, 0x0000000087a00000| Complete 
|  93|0x0000000087b00000, 0x0000000087c00000, 0x0000000087c00000|100%| E|CS|TAMS 0x0000000087b00000, 0x0000000087b00000| Complete 
|  94|0x0000000087c00000, 0x0000000087d00000, 0x0000000087d00000|100%| E|CS|TAMS 0x0000000087c00000, 0x0000000087c00000| Complete 
|  95|0x0000000087d00000, 0x0000000087e00000, 0x0000000087e00000|100%| E|CS|TAMS 0x0000000087d00000, 0x0000000087d00000| Complete 
|  96|0x0000000087e00000, 0x0000000087f00000, 0x0000000087f00000|100%| E|CS|TAMS 0x0000000087e00000, 0x0000000087e00000| Complete 
|  97|0x0000000087f00000, 0x0000000088000000, 0x0000000088000000|100%| E|CS|TAMS 0x0000000087f00000, 0x0000000087f00000| Complete 
|  98|0x0000000088000000, 0x0000000088100000, 0x0000000088100000|100%| E|CS|TAMS 0x0000000088000000, 0x0000000088000000| Complete 
|  99|0x0000000088100000, 0x0000000088200000, 0x0000000088200000|100%| E|CS|TAMS 0x0000000088100000, 0x0000000088100000| Complete 
| 100|0x0000000088200000, 0x0000000088300000, 0x0000000088300000|100%| E|CS|TAMS 0x0000000088200000, 0x0000000088200000| Complete 
| 101|0x0000000088300000, 0x0000000088400000, 0x0000000088400000|100%| E|CS|TAMS 0x0000000088300000, 0x0000000088300000| Complete 
| 102|0x0000000088400000, 0x0000000088500000, 0x0000000088500000|100%| E|CS|TAMS 0x0000000088400000, 0x0000000088400000| Complete 
| 103|0x0000000088500000, 0x0000000088600000, 0x0000000088600000|100%| E|CS|TAMS 0x0000000088500000, 0x0000000088500000| Complete 
| 104|0x0000000088600000, 0x0000000088700000, 0x0000000088700000|100%| E|CS|TAMS 0x0000000088600000, 0x0000000088600000| Complete 
| 105|0x0000000088700000, 0x0000000088800000, 0x0000000088800000|100%| E|CS|TAMS 0x0000000088700000, 0x0000000088700000| Complete 
| 106|0x0000000088800000, 0x0000000088900000, 0x0000000088900000|100%| E|CS|TAMS 0x0000000088800000, 0x0000000088800000| Complete 
| 107|0x0000000088900000, 0x0000000088a00000, 0x0000000088a00000|100%| E|CS|TAMS 0x0000000088900000, 0x0000000088900000| Complete 
| 108|0x0000000088a00000, 0x0000000088aa25d0, 0x0000000088b00000| 63%| S|CS|TAMS 0x0000000088a00000, 0x0000000088a00000| Complete 
| 109|0x0000000088b00000, 0x0000000088c00000, 0x0000000088c00000|100%| S|CS|TAMS 0x0000000088b00000, 0x0000000088b00000| Complete 
| 110|0x0000000088c00000, 0x0000000088d00000, 0x0000000088d00000|100%| E|CS|TAMS 0x0000000088c00000, 0x0000000088c00000| Complete 
| 111|0x0000000088d00000, 0x0000000088e00000, 0x0000000088e00000|100%| E|CS|TAMS 0x0000000088d00000, 0x0000000088d00000| Complete 
| 112|0x0000000088e00000, 0x0000000088f00000, 0x0000000088f00000|100%| E|CS|TAMS 0x0000000088e00000, 0x0000000088e00000| Complete 
| 113|0x0000000088f00000, 0x0000000089000000, 0x0000000089000000|100%| E|CS|TAMS 0x0000000088f00000, 0x0000000088f00000| Complete 
| 114|0x0000000089000000, 0x0000000089100000, 0x0000000089100000|100%| E|CS|TAMS 0x0000000089000000, 0x0000000089000000| Complete 
| 115|0x0000000089100000, 0x0000000089200000, 0x0000000089200000|100%| E|CS|TAMS 0x0000000089100000, 0x0000000089100000| Complete 
| 116|0x0000000089200000, 0x0000000089300000, 0x0000000089300000|100%| E|CS|TAMS 0x0000000089200000, 0x0000000089200000| Complete 
| 117|0x0000000089300000, 0x0000000089400000, 0x0000000089400000|100%| E|CS|TAMS 0x0000000089300000, 0x0000000089300000| Complete 
| 118|0x0000000089400000, 0x0000000089500000, 0x0000000089500000|100%| E|CS|TAMS 0x0000000089400000, 0x0000000089400000| Complete 
| 119|0x0000000089500000, 0x0000000089600000, 0x0000000089600000|100%| E|CS|TAMS 0x0000000089500000, 0x0000000089500000| Complete 
| 120|0x0000000089600000, 0x0000000089700000, 0x0000000089700000|100%| E|CS|TAMS 0x0000000089600000, 0x0000000089600000| Complete 
| 121|0x0000000089700000, 0x0000000089800000, 0x0000000089800000|100%| E|CS|TAMS 0x0000000089700000, 0x0000000089700000| Complete 
| 122|0x0000000089800000, 0x0000000089900000, 0x0000000089900000|100%| E|CS|TAMS 0x0000000089800000, 0x0000000089800000| Complete 
| 123|0x0000000089900000, 0x0000000089a00000, 0x0000000089a00000|100%| E|CS|TAMS 0x0000000089900000, 0x0000000089900000| Complete 
| 124|0x0000000089a00000, 0x0000000089b00000, 0x0000000089b00000|100%| E|CS|TAMS 0x0000000089a00000, 0x0000000089a00000| Complete 
| 125|0x0000000089b00000, 0x0000000089c00000, 0x0000000089c00000|100%| E|CS|TAMS 0x0000000089b00000, 0x0000000089b00000| Complete 
| 126|0x0000000089c00000, 0x0000000089d00000, 0x0000000089d00000|100%| E|CS|TAMS 0x0000000089c00000, 0x0000000089c00000| Complete 
| 127|0x0000000089d00000, 0x0000000089e00000, 0x0000000089e00000|100%| E|  |TAMS 0x0000000089d00000, 0x0000000089d00000| Complete 

Card table byte_map: [0x00000298561c0000,0x00000298565c0000] _byte_map_base: 0x0000029855db1000

Marking Bits (Prev, Next): (CMBitMap*) 0x000002983f4f2ce0, (CMBitMap*) 0x000002983f4f2d20
 Prev Bits: [0x00000298569c0000, 0x0000029858948000)
 Next Bits: [0x0000029858950000, 0x000002985a8d8000)

Polling page: 0x000002983d1f0000

Metaspace:

Usage:
  Non-class:     13.55 MB used.
      Class:      2.26 MB used.
       Both:     15.81 MB used.

Virtual space:
  Non-class space:       64.00 MB reserved,      13.75 MB ( 21%) committed,  1 nodes.
      Class space:        1.00 GB reserved,       2.44 MB ( <1%) committed,  1 nodes.
             Both:        1.06 GB reserved,      16.19 MB (  1%) committed. 

Chunk freelists:
   Non-Class:  1.67 MB
       Class:  1.55 MB
        Both:  3.22 MB

MaxMetaspaceSize: unlimited
CompressedClassSpaceSize: 1.00 GB
Initial GC threshold: 21.00 MB
Current GC threshold: 21.00 MB
CDS: on
MetaspaceReclaimPolicy: balanced
 - commit_granule_bytes: 65536.
 - commit_granule_words: 8192.
 - virtual_space_node_default_size: 8388608.
 - enlarge_chunks_in_place: 1.
 - new_chunks_are_fully_committed: 0.
 - uncommit_free_chunks: 1.
 - use_allocation_guard: 0.


Internal statistics:

num_allocs_failed_limit: 0.
num_arena_births: 328.
num_arena_deaths: 0.
num_vsnodes_births: 2.
num_vsnodes_deaths: 0.
num_space_committed: 259.
num_space_uncommitted: 0.
num_chunks_returned_to_freelist: 0.
num_chunks_taken_from_freelist: 840.
num_chunk_merges: 0.
num_chunk_splits: 586.
num_chunks_enlarged: 449.
num_inconsistent_stats: 0.

CodeHeap 'non-profiled nmethods': size=120000Kb used=973Kb max_used=973Kb free=119026Kb
 bounds [0x000002984e890000, 0x000002984eb00000, 0x0000029855dc0000]
CodeHeap 'profiled nmethods': size=120000Kb used=5079Kb max_used=5079Kb free=114920Kb
 bounds [0x0000029847360000, 0x0000029847860000, 0x000002984e890000]
CodeHeap 'non-nmethods': size=5760Kb used=1443Kb max_used=1480Kb free=4316Kb
 bounds [0x0000029846dc0000, 0x0000029847030000, 0x0000029847360000]
 total_blobs=3480 nmethods=2687 adapters=705
 compilation: enabled
              stopped_count=0, restarted_count=0
 full_count=0

Compilation events (20 events):
Event: 13.895 Thread 0x000002985cd646f0 nmethod 2680 0x000002984e97dd10 code [0x000002984e97dea0, 0x000002984e97df78]
Event: 13.907 Thread 0x000002985cd640b0 nmethod 2676 0x000002984e97e010 code [0x000002984e97e220, 0x000002984e97ed30]
Event: 13.907 Thread 0x000002985cd640b0 2679   !   4       javafx.scene.CssStyleHelper::lookup (514 bytes)
Event: 13.966 Thread 0x000002985cd640b0 nmethod 2679 0x000002984e97f610 code [0x000002984e97f8e0, 0x000002984e980f18]
Event: 15.249 Thread 0x000002985cd646f0 2684       3       java.lang.Math::toRadians (6 bytes)
Event: 15.249 Thread 0x000002985cd646f0 nmethod 2684 0x0000029847852b10 code [0x0000029847852cc0, 0x0000029847852db8]
Event: 15.299 Thread 0x000002985cd646f0 2685       3       com.sun.javafx.collections.VetoableListDecorator$VetoableIteratorDecorator::checkForComodification (25 bytes)
Event: 15.300 Thread 0x000002985cd646f0 nmethod 2685 0x0000029847852e90 code [0x0000029847853040, 0x0000029847853328]
Event: 15.313 Thread 0x000002985cd646f0 2686       3       com.sun.glass.ui.View::notifyMouse (221 bytes)
Event: 15.315 Thread 0x000002985cd646f0 nmethod 2686 0x0000029847853490 code [0x0000029847853780, 0x0000029847854bd8]
Event: 15.315 Thread 0x000002985cd646f0 2687       3       com.sun.glass.ui.Window::handleMouseEvent (26 bytes)
Event: 15.315 Thread 0x000002985cd646f0 nmethod 2687 0x0000029847855210 code [0x00000298478553c0, 0x0000029847855568]
Event: 15.315 Thread 0x000002985cd646f0 2688       3       com.sun.javafx.tk.quantum.GlassViewEventHandler$$Lambda$304/0x0000000800dcc360::<init> (10 bytes)
Event: 15.316 Thread 0x000002985cd646f0 nmethod 2688 0x0000029847855610 code [0x00000298478557a0, 0x0000029847855958]
Event: 87.196 Thread 0x000002985cd640b0 2689       4       com.sun.javafx.tk.quantum.QuantumToolkit::postPulse (133 bytes)
Event: 87.200 Thread 0x000002985cd640b0 nmethod 2689 0x000002984e982290 code [0x000002984e982440, 0x000002984e9826b8]
Event: 87.467 Thread 0x000002985cd640b0 2690       4       com.sun.javafx.tk.quantum.QuantumToolkit$$Lambda$86/0x0000000800c3a558::run (8 bytes)
Event: 87.470 Thread 0x000002985cd640b0 nmethod 2690 0x000002984e982990 code [0x000002984e982b60, 0x000002984e982e28]
Event: 267.454 Thread 0x000002985cd646f0 2691       3       jdk.internal.misc.Unsafe::putIntOpaque (9 bytes)
Event: 267.454 Thread 0x000002985cd646f0 nmethod 2691 0x0000029847855a10 code [0x0000029847855ba0, 0x0000029847855cb8]

GC Heap History (4 events):
Event: 1.191 GC heap before
{Heap before GC invocations=0 (full 0):
 garbage-first heap   total 131072K, used 13312K [0x0000000081e00000, 0x0000000100000000)
  region size 1024K, 13 young (13312K), 0 survivors (0K)
 Metaspace       used 2618K, committed 2752K, reserved 1114112K
  class space    used 262K, committed 320K, reserved 1048576K
}
Event: 1.197 GC heap after
{Heap after GC invocations=1 (full 0):
 garbage-first heap   total 131072K, used 2668K [0x0000000081e00000, 0x0000000100000000)
  region size 1024K, 2 young (2048K), 2 survivors (2048K)
 Metaspace       used 2618K, committed 2752K, reserved 1114112K
  class space    used 262K, committed 320K, reserved 1048576K
}
Event: 1.719 GC heap before
{Heap before GC invocations=1 (full 0):
 garbage-first heap   total 131072K, used 19052K [0x0000000081e00000, 0x0000000100000000)
  region size 1024K, 18 young (18432K), 2 survivors (2048K)
 Metaspace       used 8139K, committed 8384K, reserved 1114112K
  class space    used 1002K, committed 1152K, reserved 1048576K
}
Event: 1.723 GC heap after
{Heap after GC invocations=2 (full 0):
 garbage-first heap   total 131072K, used 4382K [0x0000000081e00000, 0x0000000100000000)
  region size 1024K, 2 young (2048K), 2 survivors (2048K)
 Metaspace       used 8139K, committed 8384K, reserved 1114112K
  class space    used 1002K, committed 1152K, reserved 1048576K
}

Deoptimization events (20 events):
Event: 2.326 Thread 0x000002986107bce0 DEOPT PACKING pc=0x000002984e8c4bbc sp=0x000000c2128fd6d0
Event: 2.326 Thread 0x000002986107bce0 DEOPT UNPACKING pc=0x0000029846e123a3 sp=0x000000c2128fd670 mode 2
Event: 3.908 Thread 0x000002986107d020 DEOPT PACKING pc=0x000002984765d4bb sp=0x000000c2126fde30
Event: 3.908 Thread 0x000002986107d020 DEOPT UNPACKING pc=0x0000029846e12b43 sp=0x000000c2126fd298 mode 0
Event: 7.205 Thread 0x000002986107bce0 Uncommon trap: trap_request=0xffffffde fr.pc=0x000002984e949cc8 relative=0x0000000000000128
Event: 7.205 Thread 0x000002986107bce0 Uncommon trap: reason=class_check action=maybe_recompile pc=0x000002984e949cc8 method=jdk.internal.misc.Unsafe.allocateUninitializedArray(Ljava/lang/Class;I)Ljava/lang/Object; @ 51 c2
Event: 7.205 Thread 0x000002986107bce0 DEOPT PACKING pc=0x000002984e949cc8 sp=0x000000c2128f8160
Event: 7.205 Thread 0x000002986107bce0 DEOPT UNPACKING pc=0x0000029846e123a3 sp=0x000000c2128f80e8 mode 2
Event: 7.205 Thread 0x000002986107bce0 Uncommon trap: trap_request=0xffffffde fr.pc=0x000002984e949cc8 relative=0x0000000000000128
Event: 7.205 Thread 0x000002986107bce0 Uncommon trap: reason=class_check action=maybe_recompile pc=0x000002984e949cc8 method=jdk.internal.misc.Unsafe.allocateUninitializedArray(Ljava/lang/Class;I)Ljava/lang/Object; @ 51 c2
Event: 7.205 Thread 0x000002986107bce0 DEOPT PACKING pc=0x000002984e949cc8 sp=0x000000c2128f8160
Event: 7.205 Thread 0x000002986107bce0 DEOPT UNPACKING pc=0x0000029846e123a3 sp=0x000000c2128f80e8 mode 2
Event: 7.205 Thread 0x000002986107bce0 Uncommon trap: trap_request=0xffffffde fr.pc=0x000002984e949cc8 relative=0x0000000000000128
Event: 7.205 Thread 0x000002986107bce0 Uncommon trap: reason=class_check action=maybe_recompile pc=0x000002984e949cc8 method=jdk.internal.misc.Unsafe.allocateUninitializedArray(Ljava/lang/Class;I)Ljava/lang/Object; @ 51 c2
Event: 7.205 Thread 0x000002986107bce0 DEOPT PACKING pc=0x000002984e949cc8 sp=0x000000c2128f8160
Event: 7.205 Thread 0x000002986107bce0 DEOPT UNPACKING pc=0x0000029846e123a3 sp=0x000000c2128f80e8 mode 2
Event: 7.206 Thread 0x000002986107bce0 Uncommon trap: trap_request=0xffffffde fr.pc=0x000002984e949cc8 relative=0x0000000000000128
Event: 7.206 Thread 0x000002986107bce0 Uncommon trap: reason=class_check action=maybe_recompile pc=0x000002984e949cc8 method=jdk.internal.misc.Unsafe.allocateUninitializedArray(Ljava/lang/Class;I)Ljava/lang/Object; @ 51 c2
Event: 7.206 Thread 0x000002986107bce0 DEOPT PACKING pc=0x000002984e949cc8 sp=0x000000c2128f8160
Event: 7.206 Thread 0x000002986107bce0 DEOPT UNPACKING pc=0x0000029846e123a3 sp=0x000000c2128f80e8 mode 2

Classes loaded (20 events):
Event: 7.223 Loading class java/lang/FdLibm$Hypot
Event: 7.223 Loading class java/lang/FdLibm$Hypot done
Event: 7.223 Loading class java/lang/FdLibm
Event: 7.223 Loading class java/lang/FdLibm done
Event: 7.586 Loading class jdk/internal/misc/ScopedMemoryAccess$Scope
Event: 7.587 Loading class jdk/internal/misc/ScopedMemoryAccess$Scope done
Event: 10.707 Loading class java/lang/AnchorPane
Event: 10.707 Loading class java/lang/AnchorPane done
Event: 10.707 Loading class java/util/AnchorPane
Event: 10.707 Loading class java/util/AnchorPane done
Event: 10.708 Loading class java/lang/Label
Event: 10.708 Loading class java/lang/Label done
Event: 10.709 Loading class java/util/Label
Event: 10.709 Loading class java/util/Label done
Event: 10.723 Loading class java/lang/Button
Event: 10.723 Loading class java/lang/Button done
Event: 10.723 Loading class java/util/Button
Event: 10.723 Loading class java/util/Button done
Event: 267.450 Loading class jdk/internal/misc/Signal$1
Event: 267.451 Loading class jdk/internal/misc/Signal$1 done

Classes unloaded (0 events):
No events

Classes redefined (0 events):
No events

Internal exceptions (20 events):
Event: 1.971 Thread 0x000002986107bce0 Exception <a 'java/lang/NoSuchMethodError'{0x00000000897e2de8}: 'int java.lang.invoke.DirectMethodHandle$Holder.invokeSpecial(java.lang.Object, java.lang.Object, java.lang.Object, int)'> (0x00000000897e2de8) 
thrown [t:\workspace\open\src\hotspot\share\interpreter\linkResolver.cpp, line 766]
Event: 1.972 Thread 0x000002986107bce0 Exception <a 'java/lang/NoSuchMethodError'{0x00000000897ed4d0}: 'void java.lang.invoke.DelegatingMethodHandle$Holder.reinvoke_L(java.lang.Object, java.lang.Object, int)'> (0x00000000897ed4d0) 
thrown [t:\workspace\open\src\hotspot\share\interpreter\linkResolver.cpp, line 766]
Event: 1.973 Thread 0x000002986107bce0 Exception <a 'java/lang/NoSuchMethodError'{0x00000000897f47f8}: 'int java.lang.invoke.DirectMethodHandle$Holder.invokeSpecial(java.lang.Object, java.lang.Object, java.lang.Object)'> (0x00000000897f47f8) 
thrown [t:\workspace\open\src\hotspot\share\interpreter\linkResolver.cpp, line 766]
Event: 2.010 Thread 0x000002986107bce0 Exception <a 'sun/nio/fs/WindowsException'{0x00000000896f0ce0}> (0x00000000896f0ce0) 
thrown [t:\workspace\open\src\hotspot\share\prims\jni.cpp, line 516]
Event: 2.024 Thread 0x000002986107bce0 Implicit null exception at 0x000002984e8ffde0 to 0x000002984e90077c
Event: 2.050 Thread 0x000002986107bce0 Implicit null exception at 0x000002984e8fa3ac to 0x000002984e8fa7b0
Event: 2.091 Thread 0x000002986107bce0 Implicit null exception at 0x000002984e8f912c to 0x000002984e8f9554
Event: 2.250 Thread 0x000002986107bce0 Exception <a 'java/lang/NoSuchMethodError'{0x0000000089098c50}: 'java.lang.Object java.lang.invoke.DirectMethodHandle$Holder.invokeInterface(java.lang.Object, java.lang.Object, java.lang.Object)'> (0x0000000089098c50) 
thrown [t:\workspace\open\src\hotspot\share\interpreter\linkResolver.cpp, line 766]
Event: 2.251 Thread 0x000002986107bce0 Exception <a 'java/lang/IncompatibleClassChangeError'{0x000000008909c5d0}: Found class java.lang.Object, but interface was expected> (0x000000008909c5d0) 
thrown [t:\workspace\open\src\hotspot\share\interpreter\linkResolver.cpp, line 833]
Event: 2.311 Thread 0x000002986107bce0 Exception <a 'java/lang/NoSuchMethodError'{0x0000000088fb7fc0}: 'int java.lang.invoke.DirectMethodHandle$Holder.invokeSpecial(java.lang.Object, java.lang.Object, int)'> (0x0000000088fb7fc0) 
thrown [t:\workspace\open\src\hotspot\share\interpreter\linkResolver.cpp, line 766]
Event: 2.335 Thread 0x000002986107bce0 Exception <a 'java/lang/NoSuchMethodError'{0x0000000088e3f630}: 'java.lang.Object java.lang.invoke.DirectMethodHandle$Holder.newInvokeSpecial(java.lang.Object, java.lang.Object, int)'> (0x0000000088e3f630) 
thrown [t:\workspace\open\src\hotspot\share\interpreter\linkResolver.cpp, line 766]
Event: 2.363 Thread 0x000002986107d020 Exception <a 'java/lang/NoSuchMethodError'{0x0000000088ee34e0}: 'int java.lang.invoke.DirectMethodHandle$Holder.invokeStaticInit(java.lang.Object, java.lang.Object)'> (0x0000000088ee34e0) 
thrown [t:\workspace\open\src\hotspot\share\interpreter\linkResolver.cpp, line 766]
Event: 6.861 Thread 0x000002986107bce0 Exception <a 'java/lang/NoSuchMethodError'{0x00000000888e2928}: 'long java.lang.invoke.DirectMethodHandle$Holder.invokeStatic(java.lang.Object, java.lang.Object, java.lang.Object)'> (0x00000000888e2928) 
thrown [t:\workspace\open\src\hotspot\share\interpreter\linkResolver.cpp, line 766]
Event: 6.861 Thread 0x000002986107bce0 Exception <a 'java/lang/NoSuchMethodError'{0x00000000888e6380}: 'long java.lang.invoke.DirectMethodHandle$Holder.invokeStaticInit(java.lang.Object, java.lang.Object, java.lang.Object)'> (0x00000000888e6380) 
thrown [t:\workspace\open\src\hotspot\share\interpreter\linkResolver.cpp, line 766]
Event: 6.863 Thread 0x000002986107bce0 Exception <a 'java/lang/NoSuchMethodError'{0x00000000888fe9c8}: 'java.lang.Object java.lang.invoke.DirectMethodHandle$Holder.newInvokeSpecial(java.lang.Object, java.lang.Object, long)'> (0x00000000888fe9c8) 
thrown [t:\workspace\open\src\hotspot\share\interpreter\linkResolver.cpp, line 766]
Event: 6.863 Thread 0x000002986107bce0 Exception <a 'java/lang/NoSuchMethodError'{0x00000000887029f8}: 'java.lang.Object java.lang.invoke.Invokers$Holder.linkToTargetMethod(java.lang.Object, long, java.lang.Object)'> (0x00000000887029f8) 
thrown [t:\workspace\open\src\hotspot\share\interpreter\linkResolver.cpp, line 766]
Event: 7.132 Thread 0x000002986107bce0 Exception <a 'java/lang/ClassNotFoundException'{0x00000000885f7d10}: com/sun/javafx/scene/control/skin/resources/controls> (0x00000000885f7d10) 
thrown [t:\workspace\open\src\hotspot\share\prims\jni.cpp, line 535]
Event: 7.133 Thread 0x000002986107bce0 Exception <a 'java/lang/ClassNotFoundException'{0x00000000884061d0}: com/sun/javafx/scene/control/skin/resources/controls_ru> (0x00000000884061d0) 
thrown [t:\workspace\open\src\hotspot\share\prims\jni.cpp, line 535]
Event: 7.133 Thread 0x000002986107bce0 Exception <a 'java/lang/ClassNotFoundException'{0x0000000088407438}: com/sun/javafx/scene/control/skin/resources/controls_ru_RU> (0x0000000088407438) 
thrown [t:\workspace\open\src\hotspot\share\prims\jni.cpp, line 535]
Event: 7.187 Thread 0x000002986107bce0 Exception <a 'java/lang/NoSuchMethodError'{0x0000000088381058}: 'void java.lang.invoke.DirectMethodHandle$Holder.invokeSpecial(java.lang.Object, java.lang.Object, java.lang.Object, java.lang.Object, java.lang.Object, java.lang.Object)'> (0x0000000088381058) 
thrown [t:\workspace\open\src\hotspot\share\interpreter\linkResolver.cpp, line 766]

VM Operations (20 events):
Event: 2.848 Executing VM operation: Cleanup done
Event: 3.848 Executing VM operation: Cleanup
Event: 3.848 Executing VM operation: Cleanup done
Event: 4.849 Executing VM operation: Cleanup
Event: 4.849 Executing VM operation: Cleanup done
Event: 6.850 Executing VM operation: Cleanup
Event: 6.850 Executing VM operation: Cleanup done
Event: 7.051 Executing VM operation: HandshakeAllThreads
Event: 7.051 Executing VM operation: HandshakeAllThreads done
Event: 7.361 Executing VM operation: ICBufferFull
Event: 7.361 Executing VM operation: ICBufferFull done
Event: 9.360 Executing VM operation: Cleanup
Event: 9.361 Executing VM operation: Cleanup done
Event: 10.361 Executing VM operation: Cleanup
Event: 10.361 Executing VM operation: Cleanup done
Event: 11.361 Executing VM operation: Cleanup
Event: 11.362 Executing VM operation: Cleanup done
Event: 14.362 Executing VM operation: Cleanup
Event: 14.363 Executing VM operation: Cleanup done
Event: 267.455 Executing VM operation: Exit

Events (20 events):
Event: 1.347 Thread 0x000002986107b810 Thread added: 0x000002986107b810
Event: 1.357 Thread 0x000002986107bce0 Thread added: 0x000002986107bce0
Event: 1.468 Thread 0x0000029861ebae90 Thread added: 0x0000029861ebae90
Event: 1.479 Thread 0x0000029861ebb360 Thread added: 0x0000029861ebb360
Event: 1.711 Loaded shared library C:\Users\nikik\.openjfx\cache\18-ea+6\javafx_font.dll
Event: 1.852 Thread 0x0000029862414740 Thread added: 0x0000029862414740
Event: 2.162 Thread 0x0000029862414740 Thread exited: 0x0000029862414740
Event: 2.237 Thread 0x0000029861ebfb90 Thread added: 0x0000029861ebfb90
Event: 2.310 Thread 0x000002986244b020 Thread added: 0x000002986244b020
Event: 2.436 Thread 0x0000029861ebc6a0 Thread added: 0x0000029861ebc6a0
Event: 3.291 Thread 0x000002986244b020 Thread exited: 0x000002986244b020
Event: 7.589 Thread 0x0000029861c73940 Thread added: 0x0000029861c73940
Event: 7.755 Thread 0x0000029861c73940 Thread exited: 0x0000029861c73940
Event: 10.745 Thread 0x000002986254bac0 Thread added: 0x000002986254bac0
Event: 13.703 Thread 0x000002986254bac0 Thread exited: 0x000002986254bac0
Event: 267.451 Thread 0x0000029861ebd9e0 Thread added: 0x0000029861ebd9e0
Event: 267.452 Thread 0x0000029861ebd040 Thread added: 0x0000029861ebd040
Event: 267.452 Thread 0x0000029861eba020 Thread added: 0x0000029861eba020
Event: 267.453 Thread 0x0000029861eba020 Thread exited: 0x0000029861eba020
Event: 267.454 Thread 0x0000029861ebd040 Thread exited: 0x0000029861ebd040


Dynamic libraries:
0x00007ff6f5550000 - 0x00007ff6f555e000 	C:\Users\nikik\.jdks\openjdk-18-1\bin\java.exe
0x00007fff46790000 - 0x00007fff46985000 	C:\WINDOWS\SYSTEM32\ntdll.dll
0x00007fff44f90000 - 0x00007fff4504e000 	C:\WINDOWS\System32\KERNEL32.DLL
0x00007fff44250000 - 0x00007fff44518000 	C:\WINDOWS\System32\KERNELBASE.dll
0x00007fff44650000 - 0x00007fff44750000 	C:\WINDOWS\System32\ucrtbase.dll
0x00007fff31a70000 - 0x00007fff31a8a000 	C:\Users\nikik\.jdks\openjdk-18-1\bin\VCRUNTIME140.dll
0x00007fff336b0000 - 0x00007fff336c7000 	C:\Users\nikik\.jdks\openjdk-18-1\bin\jli.dll
0x00007fff46550000 - 0x00007fff466f0000 	C:\WINDOWS\System32\USER32.dll
0x00007fff2ecc0000 - 0x00007fff2ef5a000 	C:\WINDOWS\WinSxS\amd64_microsoft.windows.common-controls_6595b64144ccf1df_6.0.19041.1110_none_60b5254171f9507e\COMCTL32.dll
0x00007fff44520000 - 0x00007fff44542000 	C:\WINDOWS\System32\win32u.dll
0x00007fff44d90000 - 0x00007fff44e2e000 	C:\WINDOWS\System32\msvcrt.dll
0x00007fff44800000 - 0x00007fff4482b000 	C:\WINDOWS\System32\GDI32.dll
0x00007fff44140000 - 0x00007fff4424b000 	C:\WINDOWS\System32\gdi32full.dll
0x00007fff43f40000 - 0x00007fff43fdd000 	C:\WINDOWS\System32\msvcp_win.dll
0x00007fff457a0000 - 0x00007fff457d0000 	C:\WINDOWS\System32\IMM32.DLL
0x00007fff33690000 - 0x00007fff3369c000 	C:\Users\nikik\.jdks\openjdk-18-1\bin\vcruntime140_1.dll
0x00007fff2dc40000 - 0x00007fff2dccd000 	C:\Users\nikik\.jdks\openjdk-18-1\bin\msvcp140.dll
0x00007ffef8070000 - 0x00007ffef8c81000 	C:\Users\nikik\.jdks\openjdk-18-1\bin\server\jvm.dll
0x00007fff45c90000 - 0x00007fff45d3e000 	C:\WINDOWS\System32\ADVAPI32.dll
0x00007fff45be0000 - 0x00007fff45c7c000 	C:\WINDOWS\System32\sechost.dll
0x00007fff462f0000 - 0x00007fff46415000 	C:\WINDOWS\System32\RPCRT4.dll
0x00007fff447f0000 - 0x00007fff447f8000 	C:\WINDOWS\System32\PSAPI.DLL
0x00007fff2b390000 - 0x00007fff2b399000 	C:\WINDOWS\SYSTEM32\WSOCK32.dll
0x00007fff46280000 - 0x00007fff462eb000 	C:\WINDOWS\System32\WS2_32.dll
0x00007fff3eeb0000 - 0x00007fff3eed7000 	C:\WINDOWS\SYSTEM32\WINMM.dll
0x00007fff38a20000 - 0x00007fff38a2a000 	C:\WINDOWS\SYSTEM32\VERSION.dll
0x00007fff42760000 - 0x00007fff42772000 	C:\WINDOWS\SYSTEM32\kernel.appcore.dll
0x00007fff30510000 - 0x00007fff3051a000 	C:\Users\nikik\.jdks\openjdk-18-1\bin\jimage.dll
0x00007fff42420000 - 0x00007fff42604000 	C:\WINDOWS\SYSTEM32\DBGHELP.DLL
0x00007fff289b0000 - 0x00007fff289dc000 	C:\WINDOWS\SYSTEM32\dbgcore.DLL
0x00007fff43eb0000 - 0x00007fff43f32000 	C:\WINDOWS\System32\bcryptPrimitives.dll
0x00007fff3c8f0000 - 0x00007fff3c8fe000 	C:\Users\nikik\.jdks\openjdk-18-1\bin\instrument.dll
0x00007fff2f000000 - 0x00007fff2f025000 	C:\Users\nikik\.jdks\openjdk-18-1\bin\java.dll
0x00007fff1ffd0000 - 0x00007fff200a6000 	C:\Users\nikik\.jdks\openjdk-18-1\bin\jsvml.dll
0x00007fff45050000 - 0x00007fff45794000 	C:\WINDOWS\System32\SHELL32.dll
0x00007fff41bb0000 - 0x00007fff42344000 	C:\WINDOWS\SYSTEM32\windows.storage.dll
0x00007fff457d0000 - 0x00007fff45b24000 	C:\WINDOWS\System32\combase.dll
0x00007fff43830000 - 0x00007fff4385c000 	C:\WINDOWS\SYSTEM32\Wldp.dll
0x00007fff44a40000 - 0x00007fff44aed000 	C:\WINDOWS\System32\SHCORE.dll
0x00007fff44e30000 - 0x00007fff44e85000 	C:\WINDOWS\System32\shlwapi.dll
0x00007fff43df0000 - 0x00007fff43e0f000 	C:\WINDOWS\SYSTEM32\profapi.dll
0x00007fff30180000 - 0x00007fff30193000 	C:\Users\nikik\.jdks\openjdk-18-1\bin\net.dll
0x00007fff38670000 - 0x00007fff38779000 	C:\WINDOWS\SYSTEM32\WINHTTP.dll
0x00007fff43610000 - 0x00007fff4367a000 	C:\WINDOWS\system32\mswsock.dll
0x00007fff2f2c0000 - 0x00007fff2f2d6000 	C:\Users\nikik\.jdks\openjdk-18-1\bin\nio.dll
0x00007fff2efe0000 - 0x00007fff2eff8000 	C:\Users\nikik\.jdks\openjdk-18-1\bin\zip.dll
0x00007fff31a50000 - 0x00007fff31a6a000 	D:\Intelej\IntelliJ IDEA Community Edition 2022.1\bin\breakgen64.dll
0x000002983d460000 - 0x000002983d463000 	C:\Users\nikik\.openjfx\cache\18-ea+6\api-ms-win-core-console-l1-1-0.dll
0x000002983d470000 - 0x000002983d473000 	C:\Users\nikik\.openjfx\cache\18-ea+6\api-ms-win-core-console-l1-2-0.dll
0x000002983d480000 - 0x000002983d483000 	C:\Users\nikik\.openjfx\cache\18-ea+6\api-ms-win-core-datetime-l1-1-0.dll
0x000002983d490000 - 0x000002983d493000 	C:\Users\nikik\.openjfx\cache\18-ea+6\api-ms-win-core-debug-l1-1-0.dll
0x000002983d4a0000 - 0x000002983d4a3000 	C:\Users\nikik\.openjfx\cache\18-ea+6\api-ms-win-core-errorhandling-l1-1-0.dll
0x000002983f390000 - 0x000002983f394000 	C:\Users\nikik\.openjfx\cache\18-ea+6\api-ms-win-core-file-l1-1-0.dll
0x000002983f3a0000 - 0x000002983f3a3000 	C:\Users\nikik\.openjfx\cache\18-ea+6\api-ms-win-core-file-l1-2-0.dll
0x000002983f3b0000 - 0x000002983f3b3000 	C:\Users\nikik\.openjfx\cache\18-ea+6\api-ms-win-core-file-l2-1-0.dll
0x000002983f3c0000 - 0x000002983f3c3000 	C:\Users\nikik\.openjfx\cache\18-ea+6\api-ms-win-core-handle-l1-1-0.dll
0x000002983f3d0000 - 0x000002983f3d3000 	C:\Users\nikik\.openjfx\cache\18-ea+6\api-ms-win-core-heap-l1-1-0.dll
0x000002983f3e0000 - 0x000002983f3e3000 	C:\Users\nikik\.openjfx\cache\18-ea+6\api-ms-win-core-interlocked-l1-1-0.dll
0x000002983f3f0000 - 0x000002983f3f3000 	C:\Users\nikik\.openjfx\cache\18-ea+6\api-ms-win-core-libraryloader-l1-1-0.dll
0x000002983f400000 - 0x000002983f403000 	C:\Users\nikik\.openjfx\cache\18-ea+6\api-ms-win-core-localization-l1-2-0.dll
0x000002983f410000 - 0x000002983f413000 	C:\Users\nikik\.openjfx\cache\18-ea+6\api-ms-win-core-memory-l1-1-0.dll
0x000002983f420000 - 0x000002983f423000 	C:\Users\nikik\.openjfx\cache\18-ea+6\api-ms-win-core-namedpipe-l1-1-0.dll
0x000002983f430000 - 0x000002983f433000 	C:\Users\nikik\.openjfx\cache\18-ea+6\api-ms-win-core-processenvironment-l1-1-0.dll
0x000002983f440000 - 0x000002983f443000 	C:\Users\nikik\.openjfx\cache\18-ea+6\api-ms-win-core-processthreads-l1-1-0.dll
0x000002983f450000 - 0x000002983f453000 	C:\Users\nikik\.openjfx\cache\18-ea+6\api-ms-win-core-processthreads-l1-1-1.dll
0x000002985cf20000 - 0x000002985cf23000 	C:\Users\nikik\.openjfx\cache\18-ea+6\api-ms-win-core-profile-l1-1-0.dll
0x000002985cf30000 - 0x000002985cf33000 	C:\Users\nikik\.openjfx\cache\18-ea+6\api-ms-win-core-rtlsupport-l1-1-0.dll
0x000002985cf40000 - 0x000002985cf43000 	C:\Users\nikik\.openjfx\cache\18-ea+6\api-ms-win-core-string-l1-1-0.dll
0x000002985cf50000 - 0x000002985cf53000 	C:\Users\nikik\.openjfx\cache\18-ea+6\api-ms-win-core-synch-l1-1-0.dll
0x000002985cf60000 - 0x000002985cf63000 	C:\Users\nikik\.openjfx\cache\18-ea+6\api-ms-win-core-synch-l1-2-0.dll
0x000002985cf70000 - 0x000002985cf73000 	C:\Users\nikik\.openjfx\cache\18-ea+6\api-ms-win-core-sysinfo-l1-1-0.dll
0x000002985cf80000 - 0x000002985cf83000 	C:\Users\nikik\.openjfx\cache\18-ea+6\api-ms-win-core-timezone-l1-1-0.dll
0x000002985cf90000 - 0x000002985cf93000 	C:\Users\nikik\.openjfx\cache\18-ea+6\api-ms-win-core-util-l1-1-0.dll
0x000002985cfa0000 - 0x000002985cfa3000 	C:\Users\nikik\.openjfx\cache\18-ea+6\api-ms-win-crt-conio-l1-1-0.dll
0x000002985cfb0000 - 0x000002985cfb4000 	C:\Users\nikik\.openjfx\cache\18-ea+6\api-ms-win-crt-convert-l1-1-0.dll
0x000002985cfc0000 - 0x000002985cfc3000 	C:\Users\nikik\.openjfx\cache\18-ea+6\api-ms-win-crt-environment-l1-1-0.dll
0x000002985cfd0000 - 0x000002985cfd3000 	C:\Users\nikik\.openjfx\cache\18-ea+6\api-ms-win-crt-filesystem-l1-1-0.dll
0x000002985cfe0000 - 0x000002985cfe3000 	C:\Users\nikik\.openjfx\cache\18-ea+6\api-ms-win-crt-heap-l1-1-0.dll
0x000002985cff0000 - 0x000002985cff3000 	C:\Users\nikik\.openjfx\cache\18-ea+6\api-ms-win-crt-locale-l1-1-0.dll
0x0000029862bd0000 - 0x0000029862bd5000 	C:\Users\nikik\.openjfx\cache\18-ea+6\api-ms-win-crt-math-l1-1-0.dll
0x0000029862c00000 - 0x0000029862c05000 	C:\Users\nikik\.openjfx\cache\18-ea+6\api-ms-win-crt-multibyte-l1-1-0.dll
0x0000029862c10000 - 0x0000029862c20000 	C:\Users\nikik\.openjfx\cache\18-ea+6\api-ms-win-crt-private-l1-1-0.dll
0x0000029862c20000 - 0x0000029862c23000 	C:\Users\nikik\.openjfx\cache\18-ea+6\api-ms-win-crt-process-l1-1-0.dll
0x0000029862c30000 - 0x0000029862c34000 	C:\Users\nikik\.openjfx\cache\18-ea+6\api-ms-win-crt-runtime-l1-1-0.dll
0x0000029862c40000 - 0x0000029862c44000 	C:\Users\nikik\.openjfx\cache\18-ea+6\api-ms-win-crt-stdio-l1-1-0.dll
0x0000029862c50000 - 0x0000029862c54000 	C:\Users\nikik\.openjfx\cache\18-ea+6\api-ms-win-crt-string-l1-1-0.dll
0x0000029862be0000 - 0x0000029862be3000 	C:\Users\nikik\.openjfx\cache\18-ea+6\api-ms-win-crt-time-l1-1-0.dll
0x0000029862bf0000 - 0x0000029862bf3000 	C:\Users\nikik\.openjfx\cache\18-ea+6\api-ms-win-crt-utility-l1-1-0.dll
0x00007fff03700000 - 0x00007fff037fc000 	C:\Users\nikik\.openjfx\cache\18-ea+6\ucrtbase.dll
0x00007fff3dfc0000 - 0x00007fff3dfda000 	C:\Users\nikik\.openjfx\cache\18-ea+6\vcruntime140.dll
0x00007fff3f7f0000 - 0x00007fff3f7fc000 	C:\Users\nikik\.openjfx\cache\18-ea+6\vcruntime140_1.dll
0x00007fff3df30000 - 0x00007fff3dfbd000 	C:\Users\nikik\.openjfx\cache\18-ea+6\msvcp140.dll
0x00007fff1b4f0000 - 0x00007fff1b51a000 	C:\Users\nikik\.openjfx\cache\18-ea+6\prism_d3d.dll
0x00007fff32f80000 - 0x00007fff3314f000 	C:\WINDOWS\system32\d3d9.dll
0x00007fff415e0000 - 0x00007fff4160f000 	C:\WINDOWS\SYSTEM32\dwmapi.dll
0x00007fff414d0000 - 0x00007fff4156e000 	C:\WINDOWS\system32\uxtheme.dll
0x00007fff02140000 - 0x00007fff022a7000 	C:\WINDOWS\System32\DriverStore\FileRepository\iigd_dch.inf_amd64_7235e197535e8934\igdumdim64.dll
0x00007fff46420000 - 0x00007fff4654a000 	C:\WINDOWS\System32\ole32.dll
0x00007ffedb070000 - 0x00007ffedec62000 	C:\WINDOWS\System32\DriverStore\FileRepository\iigd_dch.inf_amd64_7235e197535e8934\igd9dxva64.dll
0x00007fff45d40000 - 0x00007fff45e0d000 	C:\WINDOWS\System32\OLEAUT32.dll
0x00007fff45e10000 - 0x00007fff46280000 	C:\WINDOWS\System32\SETUPAPI.dll
0x00007fff44550000 - 0x00007fff4459e000 	C:\WINDOWS\System32\cfgmgr32.dll
0x00007fff447c0000 - 0x00007fff447e7000 	C:\WINDOWS\System32\bcrypt.dll
0x00007fff37fe0000 - 0x00007fff383a5000 	C:\WINDOWS\System32\DriverStore\FileRepository\iigd_dch.inf_amd64_7235e197535e8934\igdgmm64.dll
0x00007fff114d0000 - 0x00007fff11512000 	C:\Users\nikik\.openjfx\cache\18-ea+6\glass.dll
0x00007fff44eb0000 - 0x00007fff44f8b000 	C:\WINDOWS\System32\COMDLG32.dll
0x00007fff44830000 - 0x00007fff44946000 	C:\WINDOWS\System32\MSCTF.dll
0x00007fff3bbb0000 - 0x00007fff3bbd7000 	C:\WINDOWS\System32\DriverStore\FileRepository\iigd_dch.inf_amd64_7235e197535e8934\igdinfo64.dll
0x00007fff34b10000 - 0x00007fff37fd3000 	C:\WINDOWS\System32\DriverStore\FileRepository\iigd_dch.inf_amd64_7235e197535e8934\igc64.dll
0x00007fff3edf0000 - 0x00007fff3ee2b000 	C:\WINDOWS\SYSTEM32\dxcore.dll
0x00007fff2d440000 - 0x00007fff2d454000 	C:\Users\nikik\.openjfx\cache\18-ea+6\javafx_font.dll
0x00007fff2f3f0000 - 0x00007fff2f66f000 	C:\WINDOWS\SYSTEM32\dwrite.dll
0x00007fff45b30000 - 0x00007fff45bd9000 	C:\WINDOWS\System32\clbcatq.dll
0x00007fff3dc60000 - 0x00007fff3de14000 	C:\WINDOWS\SYSTEM32\WindowsCodecs.dll
0x00007fff2c220000 - 0x00007fff2c25e000 	C:\WINDOWS\system32\dataexchange.dll
0x00007fff3fef0000 - 0x00007fff40154000 	C:\WINDOWS\system32\d3d11.dll
0x00007fff40800000 - 0x00007fff409e5000 	C:\WINDOWS\system32\dcomp.dll
0x00007fff42780000 - 0x00007fff42873000 	C:\WINDOWS\system32\dxgi.dll
0x00007fff3e350000 - 0x00007fff3e551000 	C:\WINDOWS\system32\twinapi.appcore.dll
0x00007fff18490000 - 0x00007fff184c4000 	C:\Program Files\Common Files\Microsoft Shared\Ink\rtscom.dll
0x00007fff3d2e0000 - 0x00007fff3d3d9000 	C:\WINDOWS\SYSTEM32\textinputframework.dll
0x00007fff411d0000 - 0x00007fff412c2000 	C:\WINDOWS\System32\CoreMessaging.dll
0x00007fff409f0000 - 0x00007fff40d4e000 	C:\WINDOWS\System32\CoreUIComponents.dll
0x00007fff42b70000 - 0x00007fff42ba3000 	C:\WINDOWS\SYSTEM32\ntmarta.dll
0x00007fff3f830000 - 0x00007fff3f984000 	C:\WINDOWS\SYSTEM32\wintypes.dll

dbghelp: loaded successfully - version: 4.0.5 - missing functions: none
symbol engine: initialized successfully - sym options: 0x614 - pdb path: .;C:\Users\nikik\.jdks\openjdk-18-1\bin;C:\WINDOWS\SYSTEM32;C:\WINDOWS\WinSxS\amd64_microsoft.windows.common-controls_6595b64144ccf1df_6.0.19041.1110_none_60b5254171f9507e;C:\Users\nikik\.jdks\openjdk-18-1\bin\server;D:\Intelej\IntelliJ IDEA Community Edition 2022.1\bin;C:\Users\nikik\.openjfx\cache\18-ea+6;C:\WINDOWS\System32\DriverStore\FileRepository\iigd_dch.inf_amd64_7235e197535e8934;C:\Program Files\Common Files\Microsoft Shared\Ink

VM Arguments:
jvm_args: -javaagent:D:\Intelej\IntelliJ IDEA Community Edition 2022.1\lib\idea_rt.jar=65352:D:\Intelej\IntelliJ IDEA Community Edition 2022.1\bin -Dfile.encoding=UTF-8 --module-path=C:\Users\nikik\.m2\repository\org\openjfx\javafx-controls\18-ea+6\javafx-controls-18-ea+6-win.jar;C:\Users\nikik\.m2\repository\org\openjfx\javafx-graphics\18-ea+6\javafx-graphics-18-ea+6-win.jar;C:\Users\nikik\.m2\repository\org\openjfx\javafx-fxml\18-ea+6\javafx-fxml-18-ea+6-win.jar;D:\IntelliJ IDEA\norm3laba\govna\target\classes;C:\Users\nikik\.m2\repository\org\openjfx\javafx-base\18-ea+6\javafx-base-18-ea+6-win.jar -Djdk.module.main=com.example.govna 
java_command: com.example.govna/com.example.govna.HelloApplication
java_class_path (initial): C:\Users\nikik\.m2\repository\org\openjfx\javafx-controls\18-ea+6\javafx-controls-18-ea+6.jar;C:\Users\nikik\.m2\repository\org\openjfx\javafx-graphics\18-ea+6\javafx-graphics-18-ea+6.jar;C:\Users\nikik\.m2\repository\org\openjfx\javafx-base\18-ea+6\javafx-base-18-ea+6.jar;C:\Users\nikik\.m2\repository\org\openjfx\javafx-fxml\18-ea+6\javafx-fxml-18-ea+6.jar
Launcher Type: SUN_STANDARD

[Global flags]
     intx CICompilerCount                          = 3                                         {product} {ergonomic}
     uint ConcGCThreads                            = 1                                         {product} {ergonomic}
     uint G1ConcRefinementThreads                  = 4                                         {product} {ergonomic}
   size_t G1HeapRegionSize                         = 1048576                                   {product} {ergonomic}
    uintx GCDrainStackTargetSize                   = 64                                        {product} {ergonomic}
   size_t InitialHeapSize                          = 134217728                                 {product} {ergonomic}
   size_t MarkStackSize                            = 4194304                                   {product} {ergonomic}
   size_t MaxHeapSize                              = 2116026368                                {product} {ergonomic}
   size_t MaxNewSize                               = 1268776960                                {product} {ergonomic}
   size_t MinHeapDeltaBytes                        = 1048576                                   {product} {ergonomic}
   size_t MinHeapSize                              = 8388608                                   {product} {ergonomic}
    uintx NonNMethodCodeHeapSize                   = 5832780                                {pd product} {ergonomic}
    uintx NonProfiledCodeHeapSize                  = 122912730                              {pd product} {ergonomic}
    uintx ProfiledCodeHeapSize                     = 122912730                              {pd product} {ergonomic}
    uintx ReservedCodeCacheSize                    = 251658240                              {pd product} {ergonomic}
     bool SegmentedCodeCache                       = true                                      {product} {ergonomic}
   size_t SoftMaxHeapSize                          = 2116026368                             {manageable} {ergonomic}
     bool UseCompressedClassPointers               = true                           {product lp64_product} {ergonomic}
     bool UseCompressedOops                        = true                           {product lp64_product} {ergonomic}
     bool UseG1GC                                  = true                                      {product} {ergonomic}
     bool UseLargePagesIndividualAllocation        = false                                  {pd product} {ergonomic}

Logging:
Log output configuration:
 #0: stdout all=off uptime,level,tags foldmultilines=false
 #1: stderr all=off uptime,level,tags foldmultilines=false

Environment Variables:
JAVA_HOME=C:\Program Files\Java\jdk-17
PATH=C:\Users\nikik\AppData\Local\Programs\Python\Python310\Scripts\;C:\Users\nikik\AppData\Local\Programs\Python\Python310\;C:\Python310\Scripts\;C:\Python310\;C:\Program Files\Common Files\Oracle\Java\javapath;C:\WinAVR-20100110\bin;C:\WinAVR-20100110\utils\bin;C:\WinAVR-20100110;D:\GNU\10 2020-q4-major\bin;C:\WINDOWS\system32;C:\WINDOWS;C:\WINDOWS\System32\Wbem;C:\WINDOWS\System32\WindowsPowerShell\v1.0\;C:\WINDOWS\System32\OpenSSH\;C:\Program Files (x86)\STMicroelectronics\STM32 ST-LINK Utility\ST-LINK Utility;D:\MatLAB\runtime\win64;D:\MatLAB\bin;D:\MatLAB\polyspace\bin;C:\Program Files\Git\cmd;C:\Program Files\dotnet\;C:\Program Files (x86)\dotnet\;C:\Program Files\Docker\Docker\resources\bin;C:\ProgramData\DockerDesktop\version-bin;C:\ProgramData\chocolatey\bin;E:\nodejs\;C:\Program Files\Zabbix Agent 2\;C:\Users\nikik\AppData\Local\Programs\Python\Python38-32\Scripts\;C:\Users\nikik\AppData\Local\Programs\Python\Python38-32\;C:\Program Files\MySQL\MySQL Shell 8.0\bin\;D:\eclipse\4.6 2012q4\bin;D:\Visual Studio Code\Microsoft VS Code\bin;C:\Users\nikik\AppData\Local\atom\bin;C:\WinAVR-20100110;C:\Users\nikik\AppData\Local\Microsoft\WindowsApps;C:\Users\nikik\AppData\Roaming\npm
USERNAME=nikik
OS=Windows_NT
PROCESSOR_IDENTIFIER=Intel64 Family 6 Model 142 Stepping 9, GenuineIntel



---------------  S Y S T E M  ---------------

OS:
 Windows 10 , 64 bit Build 19041 (10.0.19041.1566)
OS uptime: 8 days 12:03 hours
Hyper-V role detected

CPU: total 4 (initial active 4) (2 cores per cpu, 2 threads per core) family 6 model 142 stepping 9 microcode 0xb4, cx8, cmov, fxsr, ht, mmx, 3dnowpref, sse, sse2, sse3, ssse3, sse4.1, sse4.2, popcnt, lzcnt, tsc, tscinvbit, avx, avx2, aes, erms, clmul, bmi1, bmi2, adx, fma, vzeroupper, clflush, clflushopt, hv

Memory: 4k page, system-wide physical 8071M (1536M free)
TotalPageFile size 12935M (AvailPageFile size 5181M)
current process WorkingSet (physical memory assigned to process): 154M, peak: 164M
current process commit charge ("private bytes"): 271M, peak: 281M

vm_info: OpenJDK 64-Bit Server VM (18+36-2087) for windows-amd64 JRE (18+36-2087), built on Feb 15 2022 09:37:35 by "mach5one" with MS VC++ 16.8 / 16.9 (VS2019)

END.
