#
# A fatal error has been detected by the Java Runtime Environment:
#
#  EXCEPTION_ACCESS_VIOLATION (0xc0000005) at pc=0x00007fff118d6a87, pid=12676, tid=17896
#
# JRE version: OpenJDK Runtime Environment (18.0+36) (build 18+36-2087)
# Java VM: OpenJDK 64-Bit Server VM (18+36-2087, mixed mode, sharing, tiered, compressed oops, compressed class ptrs, g1 gc, windows-amd64)
# Problematic frame:
# C  [glass.dll+0x26a87]
#
# No core dump will be written. Minidumps are not enabled by default on client versions of Windows
#
# If you would like to submit a bug report, please visit:
#   https://bugreport.java.com/bugreport/crash.jsp
#

---------------  S U M M A R Y ------------

Command Line: -javaagent:D:\Intelej\IntelliJ IDEA Community Edition 2022.1\lib\idea_rt.jar=53176:D:\Intelej\IntelliJ IDEA Community Edition 2022.1\bin -Dfile.encoding=UTF-8 --module-path=C:\Users\nikik\.m2\repository\org\openjfx\javafx-controls\18-ea+6\javafx-controls-18-ea+6-win.jar;D:\IntelliJ IDEA\norm3laba\govna\target\classes;C:\Users\nikik\.m2\repository\org\openjfx\javafx-graphics\18-ea+6\javafx-graphics-18-ea+6-win.jar;C:\Users\nikik\.m2\repository\org\openjfx\javafx-fxml\18-ea+6\javafx-fxml-18-ea+6-win.jar;C:\Users\nikik\.m2\repository\org\openjfx\javafx-base\18-ea+6\javafx-base-18-ea+6-win.jar -Djdk.module.main=com.example.govna com.example.govna/com.example.govna.HelloApplication

Host: Intel(R) Core(TM) i5-7200U CPU @ 2.50GHz, 4 cores, 7G,  Windows 10 , 64 bit Build 19041 (10.0.19041.1566)
Time: Thu Apr 14 18:06:15 2022  Windows 10 , 64 bit Build 19041 (10.0.19041.1566) elapsed time: 22.301660 seconds (0d 0h 0m 22s)

---------------  T H R E A D  ---------------

Current thread (0x000001c27fe09260):  VMThread "VM Thread" [stack: 0x0000002612200000,0x0000002612300000] [id=17896]

Stack: [0x0000002612200000,0x0000002612300000],  sp=0x00000026122fedf0,  free space=1019k
Native frames: (J=compiled Java code, j=interpreted, Vv=VM code, C=native code)
C  [glass.dll+0x26a87]


siginfo: EXCEPTION_ACCESS_VIOLATION (0xc0000005), reading address 0x0000000000000000


Register to memory mapping:

RIP=0x00007fff118d6a87 glass.dll
RAX=0x0 is NULL
RBX=0x000001c27fe158e0 is a global jni handle
RCX=0x000001c27fe09260 points into unknown readable memory: 0x00007ffed617edc8 | c8 ed 17 d6 fe 7f 00 00
RDX=0x00000026122fedf0 points into unknown readable memory: 0x0000000000000000 | 00 00 00 00 00 00 00 00
RSP=0x00000026122fedf0 points into unknown readable memory: 0x0000000000000000 | 00 00 00 00 00 00 00 00
RBP=0x000001c208a011c8 points into unknown readable memory: 0x000047454dbc246d | 6d 24 bc 4d 45 47 00 00
RSI=0x000001c208a011a0 points into unknown readable memory: 0xa7cdc7454243c65c | 5c c6 43 42 45 c7 cd a7
RDI=0x000047454dbc246d is an unknown value
R8 =0x0000000000010002 is an unknown value
R9 =0x000047454dbc246d is an unknown value
R10=0x0000000000008000 is an unknown value
R11=0x00000026122fed80 points into unknown readable memory: 0x000001c208a011a0 | a0 11 a0 08 c2 01 00 00
R12=0x00007fff118d4354 glass.dll
R13=0x00007ffed6340b40 jvm.dll
R14=0x00000026122feee8 points into unknown readable memory: 0x00000026122feed0 | d0 ee 2f 12 26 00 00 00
R15=0x000001c208a011a0 points into unknown readable memory: 0xa7cdc7454243c65c | 5c c6 43 42 45 c7 cd a7


Registers:
RAX=0x0000000000000000, RBX=0x000001c27fe158e0, RCX=0x000001c27fe09260, RDX=0x00000026122fedf0
RSP=0x00000026122fedf0, RBP=0x000001c208a011c8, RSI=0x000001c208a011a0, RDI=0x000047454dbc246d
R8 =0x0000000000010002, R9 =0x000047454dbc246d, R10=0x0000000000008000, R11=0x00000026122fed80
R12=0x00007fff118d4354, R13=0x00007ffed6340b40, R14=0x00000026122feee8, R15=0x000001c208a011a0
RIP=0x00007fff118d6a87, EFLAGS=0x0000000000010206

Top of Stack: (sp=0x00000026122fedf0)
0x00000026122fedf0:   0000000000000000 000001c208a011a0
0x00000026122fee00:   00007ffed6340b40 00007fff118d4354
0x00000026122fee10:   000001c208a011a8 00007fff446642d6
0x00000026122fee20:   000047454dbc246d 000001c200000000
0x00000026122fee30:   000001c208a011c8 000001c208a011a0
0x00000026122fee40:   fffffffffffffffe 0000000000000000
0x00000026122fee50:   0000000000000001 00007fff118b0000
0x00000026122fee60:   00000026122feed8 00007fff446641fb
0x00000026122fee70:   0000000000000000 00000026122feee8
0x00000026122fee80:   00000026122ff1b0 00007fff44740e40
0x00000026122fee90:   0000000000000001 00007fff446641b4
0x00000026122feea0:   0000000000000000 0000000000000001
0x00000026122feeb0:   00007fff00000001 00000026122feed8
0x00000026122feec0:   0000000000000000 00007fff118d41e1
0x00000026122feed0:   00007fff118ea138 00007fff00000002
0x00000026122feee0:   0000000000000002 00000026122feed0 

Instructions: (pc=0x00007fff118d6a87)
0x00007fff118d6987:   8b 4d 58 e8 01 cf ff ff 48 8b 4d 60 e8 f8 ce ff
0x00007fff118d6997:   ff 48 8b 95 80 00 00 00 48 8b 8d 18 01 00 00 e8
0x00007fff118d69a7:   c6 c3 ff ff 33 d2 33 c9 e8 3c e1 ff ff 90 48 89
0x00007fff118d69b7:   54 24 10 55 48 83 ec 20 48 8b ea 48 b8 00 00 00
0x00007fff118d69c7:   00 00 00 00 00 48 83 c4 20 5d c3 cc 40 55 48 8b
0x00007fff118d69d7:   ea 48 8b 01 33 c9 81 38 05 00 00 c0 0f 94 c1 8b
0x00007fff118d69e7:   c1 5d c3 cc 40 55 48 83 ec 20 48 8b ea 8a 4d 40
0x00007fff118d69f7:   48 83 c4 20 5d e9 f7 d2 ff ff cc 40 55 48 83 ec
0x00007fff118d6a07:   20 48 8b ea 8a 4d 20 e8 e5 d2 ff ff 90 48 83 c4
0x00007fff118d6a17:   20 5d c3 cc 40 55 48 83 ec 20 48 8b ea 48 83 c4
0x00007fff118d6a27:   20 5d e9 46 d1 ff ff cc 40 55 48 83 ec 30 48 8b
0x00007fff118d6a37:   ea 48 8b 01 8b 10 48 89 4c 24 28 89 54 24 20 4c
0x00007fff118d6a47:   8d 0d e7 d5 ff ff 4c 8b 45 70 8b 55 68 48 8b 4d
0x00007fff118d6a57:   60 e8 87 d0 ff ff 90 48 83 c4 30 5d c3 cc cc cc
0x00007fff118d6a67:   cc cc cc cc cc cc cc cc cc 40 53 48 83 ec 20 48
0x00007fff118d6a77:   8b 1d b3 30 01 00 48 85 db 74 16 e8 09 8b ff ff
0x00007fff118d6a87:   4c 8b 00 48 8b d3 48 8b c8 41 ff 90 b0 00 00 00
0x00007fff118d6a97:   90 48 83 c4 20 5b c3 cc cc 40 53 48 83 ec 20 48
0x00007fff118d6aa7:   8b 1d 2b 32 01 00 48 85 db 74 57 b8 ff ff ff ff
0x00007fff118d6ab7:   f0 0f c1 43 10 83 f8 01 75 3d 48 85 db 74 38 48
0x00007fff118d6ac7:   8b 0b 48 85 c9 74 0d ff 15 d4 07 00 00 48 c7 03
0x00007fff118d6ad7:   00 00 00 00 48 8b 4b 08 48 85 c9 74 0d e8 a7 cd
0x00007fff118d6ae7:   ff ff 48 c7 43 08 00 00 00 00 ba 18 00 00 00 48
0x00007fff118d6af7:   8b cb e8 92 cd ff ff 48 c7 05 cf 31 01 00 00 00
0x00007fff118d6b07:   00 00 48 83 c4 20 5b c3 cc 40 53 48 83 ec 20 48
0x00007fff118d6b17:   8b 1d 9b 31 01 00 48 85 db 74 57 b8 ff ff ff ff
0x00007fff118d6b27:   f0 0f c1 43 10 83 f8 01 75 3d 48 85 db 74 38 48
0x00007fff118d6b37:   8b 0b 48 85 c9 74 0d ff 15 64 07 00 00 48 c7 03
0x00007fff118d6b47:   00 00 00 00 48 8b 4b 08 48 85 c9 74 0d e8 37 cd
0x00007fff118d6b57:   ff ff 48 c7 43 08 00 00 00 00 ba 18 00 00 00 48
0x00007fff118d6b67:   8b cb e8 22 cd ff ff 48 c7 05 3f 31 01 00 00 00
0x00007fff118d6b77:   00 00 48 83 c4 20 5b c3 cc 40 53 48 83 ec 20 48 


Stack slot to memory mapping:
stack at sp + 0 slots: 0x0 is NULL
stack at sp + 1 slots: 0x000001c208a011a0 points into unknown readable memory: 0xa7cdc7454243c65c | 5c c6 43 42 45 c7 cd a7
stack at sp + 2 slots: 0x00007ffed6340b40 jvm.dll
stack at sp + 3 slots: 0x00007fff118d4354 glass.dll
stack at sp + 4 slots: 0x000001c208a011a8 points into unknown readable memory: 0x000047454dbc246d | 6d 24 bc 4d 45 47 00 00
stack at sp + 5 slots: 0x00007fff446642d6 ucrtbase.dll
stack at sp + 6 slots: 0x000047454dbc246d is an unknown value
stack at sp + 7 slots: 0x000001c200000000 points into unknown readable memory: 0x0000000000000000 | 00 00 00 00 00 00 00 00

VM_Operation (0x00000026140ff350): Exit, mode: safepoint, requested by thread 0x000001c20de9a0c0


---------------  P R O C E S S  ---------------

Threads class SMR info:
_java_thread_list=0x000001c20dc2e430, length=21, elements={
0x000001c26456f400, 0x000001c27fe0c910, 0x000001c27fe11d70, 0x000001c27fe28bf0,
0x000001c27fe294a0, 0x000001c27fe29d50, 0x000001c27fe2a600, 0x000001c27fe2b1e0,
0x000001c27fe2d280, 0x000001c27fe85c80, 0x000001c264638fa0, 0x000001c208899880,
0x000001c208ab56a0, 0x000001c2089e9d70, 0x000001c208afdcb0, 0x000001c208afd310,
0x000001c208afbb00, 0x000001c208afbfd0, 0x000001c208afc970, 0x000001c208afac90,
0x000001c20de9a0c0
}

Java Threads: ( => current thread )
  0x000001c26456f400 JavaThread "main" [_thread_blocked, id=11324, stack(0x0000002611c00000,0x0000002611d00000)]
  0x000001c27fe0c910 JavaThread "Reference Handler" daemon [_thread_blocked, id=9468, stack(0x0000002612300000,0x0000002612400000)]
  0x000001c27fe11d70 JavaThread "Finalizer" daemon [_thread_blocked, id=912, stack(0x0000002612400000,0x0000002612500000)]
  0x000001c27fe28bf0 JavaThread "Signal Dispatcher" daemon [_thread_blocked, id=14916, stack(0x0000002612500000,0x0000002612600000)]
  0x000001c27fe294a0 JavaThread "Attach Listener" daemon [_thread_blocked, id=3176, stack(0x0000002612600000,0x0000002612700000)]
  0x000001c27fe29d50 JavaThread "Service Thread" daemon [_thread_blocked, id=18420, stack(0x0000002612700000,0x0000002612800000)]
  0x000001c27fe2a600 JavaThread "Monitor Deflation Thread" daemon [_thread_blocked, id=6812, stack(0x0000002612800000,0x0000002612900000)]
  0x000001c27fe2b1e0 JavaThread "C2 CompilerThread0" daemon [_thread_blocked, id=17620, stack(0x0000002612900000,0x0000002612a00000)]
  0x000001c27fe2d280 JavaThread "C1 CompilerThread0" daemon [_thread_blocked, id=380, stack(0x0000002612a00000,0x0000002612b00000)]
  0x000001c27fe85c80 JavaThread "Sweeper thread" daemon [_thread_blocked, id=18836, stack(0x0000002612b00000,0x0000002612c00000)]
  0x000001c264638fa0 JavaThread "Common-Cleaner" daemon [_thread_blocked, id=15788, stack(0x0000002612c00000,0x0000002612d00000)]
  0x000001c208899880 JavaThread "Monitor Ctrl-Break" daemon [_thread_in_native, id=16712, stack(0x0000002612e00000,0x0000002612f00000)]
  0x000001c208ab56a0 JavaThread "Notification Thread" daemon [_thread_blocked, id=18252, stack(0x0000002612f00000,0x0000002613000000)]
  0x000001c2089e9d70 JavaThread "QuantumRenderer-0" daemon [_thread_blocked, id=13196, stack(0x0000002613300000,0x0000002613400000)]
  0x000001c208afdcb0 JavaThread "InvokeLaterDispatcher" daemon [_thread_blocked, id=17628, stack(0x0000002613400000,0x0000002613500000)]
  0x000001c208afd310 JavaThread "JavaFX Application Thread" [_thread_in_native, id=19180, stack(0x0000002613500000,0x0000002613600000)]
  0x000001c208afbb00 JavaThread "JavaFX-Launcher" [_thread_blocked, id=17076, stack(0x0000002613c00000,0x0000002613d00000)]
  0x000001c208afbfd0 JavaThread "Thread-2" daemon [_thread_in_native, id=19276, stack(0x0000002613a00000,0x0000002613b00000)]
  0x000001c208afc970 JavaThread "Prism Font Disposer" daemon [_thread_blocked, id=10488, stack(0x0000002613b00000,0x0000002613c00000)]
  0x000001c208afac90 JavaThread "Cleaner-0" daemon [_thread_blocked, id=19204, stack(0x0000002613f00000,0x0000002614000000)]
  0x000001c20de9a0c0 JavaThread "SIGINT handler" daemon [_thread_blocked, id=19196, stack(0x0000002614000000,0x0000002614100000)]

Other Threads:
=>0x000001c27fe09260 VMThread "VM Thread" [stack: 0x0000002612200000,0x0000002612300000] [id=17896]
  0x000001c2645cfe90 WorkerThread "GC Thread#0" [stack: 0x0000002611d00000,0x0000002611e00000] [id=18380]
  0x000001c2089d91d0 WorkerThread "GC Thread#1" [stack: 0x0000002612d00000,0x0000002612e00000] [id=2400]
  0x000001c208702540 WorkerThread "GC Thread#2" [stack: 0x0000002613100000,0x0000002613200000] [id=19312]
  0x000001c208a8ac00 WorkerThread "GC Thread#3" [stack: 0x0000002613200000,0x0000002613300000] [id=18192]
  0x000001c2645e1920 ConcurrentGCThread "G1 Main Marker" terminated
  0x000001c2645e3230 WorkerThread "G1 Conc#0" [stack: 0x0000002611f00000,0x0000002612000000] [id=18544]
  0x000001c2646202a0 ConcurrentGCThread "G1 Refine#0" terminated
  0x000001c264622270 ConcurrentGCThread "G1 Service" terminated

Threads with active compile tasks:

VM state: at safepoint (shutting down)

VM Mutex/Monitor currently owned by a thread:  ([mutex/lock_event])
[0x000001c26456cf90] Threads_lock - owner thread: 0x000001c27fe09260
[0x000001c26456e220] Heap_lock - owner thread: 0x000001c20de9a0c0

Heap address: 0x0000000081e00000, size: 2018 MB, Compressed Oops mode: 32-bit

CDS archive(s) mapped at: [0x0000000800000000-0x0000000800b90000-0x0000000800b90000), size 12124160, SharedBaseAddress: 0x0000000800000000, ArchiveRelocationMode: 0.
Compressed class space mapped at: 0x0000000800c00000-0x0000000840c00000, reserved size: 1073741824
Narrow klass base: 0x0000000800000000, Narrow klass shift: 0, Narrow klass range: 0x100000000

GC Precious Log:
 CardTable entry size: 512
 Card Set container configuration: InlinePtr #cards 5 size 8 Array Of Cards #cards 12 size 40 Howl #buckets 4 coarsen threshold 1843 Howl Bitmap #cards 512 size 80 coarsen threshold 460 Card regions per heap region 1 cards per card region 2048
 CPUs: 4 total, 4 available
 Memory: 8071M
 Large Page Support: Disabled
 NUMA Support: Disabled
 Compressed Oops: Enabled (32-bit)
 Heap Region Size: 1M
 Heap Min Capacity: 8M
 Heap Initial Capacity: 128M
 Heap Max Capacity: 2018M
 Pre-touch: Disabled
 Parallel Workers: 4
 Concurrent Workers: 1
 Concurrent Refinement Workers: 4
 Periodic GC: Disabled

Heap:
 garbage-first heap   total 131072K, used 28348K [0x0000000081e00000, 0x0000000100000000)
  region size 1024K, 25 young (25600K), 3 survivors (3072K)
 Metaspace       used 13390K, committed 13696K, reserved 1114112K
  class space    used 1719K, committed 1856K, reserved 1048576K

Heap Regions: E=young(eden), S=young(survivor), O=old, HS=humongous(starts), HC=humongous(continues), CS=collection set, F=free, OA=open archive, CA=closed archive, TAMS=top-at-mark-start (previous, next)
|   0|0x0000000081e00000, 0x0000000081f00000, 0x0000000081f00000|100%| O|  |TAMS 0x0000000081e00000, 0x0000000081e00000| Untracked 
|   1|0x0000000081f00000, 0x0000000081faf000, 0x0000000082000000| 68%| O|  |TAMS 0x0000000081f00000, 0x0000000081f00000| Untracked 
|   2|0x0000000082000000, 0x0000000082100000, 0x0000000082100000|100%|HS|  |TAMS 0x0000000082000000, 0x0000000082000000| Complete 
|   3|0x0000000082100000, 0x0000000082200000, 0x0000000082200000|100%|HC|  |TAMS 0x0000000082100000, 0x0000000082100000| Complete 
|   4|0x0000000082200000, 0x0000000082200000, 0x0000000082300000|  0%| F|  |TAMS 0x0000000082200000, 0x0000000082200000| Untracked 
|   5|0x0000000082300000, 0x0000000082300000, 0x0000000082400000|  0%| F|  |TAMS 0x0000000082300000, 0x0000000082300000| Untracked 
|   6|0x0000000082400000, 0x0000000082400000, 0x0000000082500000|  0%| F|  |TAMS 0x0000000082400000, 0x0000000082400000| Untracked 
|   7|0x0000000082500000, 0x0000000082500000, 0x0000000082600000|  0%| F|  |TAMS 0x0000000082500000, 0x0000000082500000| Untracked 
|   8|0x0000000082600000, 0x0000000082600000, 0x0000000082700000|  0%| F|  |TAMS 0x0000000082600000, 0x0000000082600000| Untracked 
|   9|0x0000000082700000, 0x0000000082700000, 0x0000000082800000|  0%| F|  |TAMS 0x0000000082700000, 0x0000000082700000| Untracked 
|  10|0x0000000082800000, 0x0000000082800000, 0x0000000082900000|  0%| F|  |TAMS 0x0000000082800000, 0x0000000082800000| Untracked 
|  11|0x0000000082900000, 0x0000000082900000, 0x0000000082a00000|  0%| F|  |TAMS 0x0000000082900000, 0x0000000082900000| Untracked 
|  12|0x0000000082a00000, 0x0000000082a00000, 0x0000000082b00000|  0%| F|  |TAMS 0x0000000082a00000, 0x0000000082a00000| Untracked 
|  13|0x0000000082b00000, 0x0000000082b00000, 0x0000000082c00000|  0%| F|  |TAMS 0x0000000082b00000, 0x0000000082b00000| Untracked 
|  14|0x0000000082c00000, 0x0000000082c00000, 0x0000000082d00000|  0%| F|  |TAMS 0x0000000082c00000, 0x0000000082c00000| Untracked 
|  15|0x0000000082d00000, 0x0000000082d00000, 0x0000000082e00000|  0%| F|  |TAMS 0x0000000082d00000, 0x0000000082d00000| Untracked 
|  16|0x0000000082e00000, 0x0000000082e00000, 0x0000000082f00000|  0%| F|  |TAMS 0x0000000082e00000, 0x0000000082e00000| Untracked 
|  17|0x0000000082f00000, 0x0000000082f00000, 0x0000000083000000|  0%| F|  |TAMS 0x0000000082f00000, 0x0000000082f00000| Untracked 
|  18|0x0000000083000000, 0x0000000083000000, 0x0000000083100000|  0%| F|  |TAMS 0x0000000083000000, 0x0000000083000000| Untracked 
|  19|0x0000000083100000, 0x0000000083100000, 0x0000000083200000|  0%| F|  |TAMS 0x0000000083100000, 0x0000000083100000| Untracked 
|  20|0x0000000083200000, 0x0000000083200000, 0x0000000083300000|  0%| F|  |TAMS 0x0000000083200000, 0x0000000083200000| Untracked 
|  21|0x0000000083300000, 0x0000000083300000, 0x0000000083400000|  0%| F|  |TAMS 0x0000000083300000, 0x0000000083300000| Untracked 
|  22|0x0000000083400000, 0x0000000083400000, 0x0000000083500000|  0%| F|  |TAMS 0x0000000083400000, 0x0000000083400000| Untracked 
|  23|0x0000000083500000, 0x0000000083500000, 0x0000000083600000|  0%| F|  |TAMS 0x0000000083500000, 0x0000000083500000| Untracked 
|  24|0x0000000083600000, 0x0000000083600000, 0x0000000083700000|  0%| F|  |TAMS 0x0000000083600000, 0x0000000083600000| Untracked 
|  25|0x0000000083700000, 0x0000000083700000, 0x0000000083800000|  0%| F|  |TAMS 0x0000000083700000, 0x0000000083700000| Untracked 
|  26|0x0000000083800000, 0x0000000083800000, 0x0000000083900000|  0%| F|  |TAMS 0x0000000083800000, 0x0000000083800000| Untracked 
|  27|0x0000000083900000, 0x0000000083900000, 0x0000000083a00000|  0%| F|  |TAMS 0x0000000083900000, 0x0000000083900000| Untracked 
|  28|0x0000000083a00000, 0x0000000083a00000, 0x0000000083b00000|  0%| F|  |TAMS 0x0000000083a00000, 0x0000000083a00000| Untracked 
|  29|0x0000000083b00000, 0x0000000083b00000, 0x0000000083c00000|  0%| F|  |TAMS 0x0000000083b00000, 0x0000000083b00000| Untracked 
|  30|0x0000000083c00000, 0x0000000083c00000, 0x0000000083d00000|  0%| F|  |TAMS 0x0000000083c00000, 0x0000000083c00000| Untracked 
|  31|0x0000000083d00000, 0x0000000083d00000, 0x0000000083e00000|  0%| F|  |TAMS 0x0000000083d00000, 0x0000000083d00000| Untracked 
|  32|0x0000000083e00000, 0x0000000083e00000, 0x0000000083f00000|  0%| F|  |TAMS 0x0000000083e00000, 0x0000000083e00000| Untracked 
|  33|0x0000000083f00000, 0x0000000083f00000, 0x0000000084000000|  0%| F|  |TAMS 0x0000000083f00000, 0x0000000083f00000| Untracked 
|  34|0x0000000084000000, 0x0000000084000000, 0x0000000084100000|  0%| F|  |TAMS 0x0000000084000000, 0x0000000084000000| Untracked 
|  35|0x0000000084100000, 0x0000000084100000, 0x0000000084200000|  0%| F|  |TAMS 0x0000000084100000, 0x0000000084100000| Untracked 
|  36|0x0000000084200000, 0x0000000084200000, 0x0000000084300000|  0%| F|  |TAMS 0x0000000084200000, 0x0000000084200000| Untracked 
|  37|0x0000000084300000, 0x0000000084300000, 0x0000000084400000|  0%| F|  |TAMS 0x0000000084300000, 0x0000000084300000| Untracked 
|  38|0x0000000084400000, 0x0000000084400000, 0x0000000084500000|  0%| F|  |TAMS 0x0000000084400000, 0x0000000084400000| Untracked 
|  39|0x0000000084500000, 0x0000000084500000, 0x0000000084600000|  0%| F|  |TAMS 0x0000000084500000, 0x0000000084500000| Untracked 
|  40|0x0000000084600000, 0x0000000084600000, 0x0000000084700000|  0%| F|  |TAMS 0x0000000084600000, 0x0000000084600000| Untracked 
|  41|0x0000000084700000, 0x0000000084700000, 0x0000000084800000|  0%| F|  |TAMS 0x0000000084700000, 0x0000000084700000| Untracked 
|  42|0x0000000084800000, 0x0000000084800000, 0x0000000084900000|  0%| F|  |TAMS 0x0000000084800000, 0x0000000084800000| Untracked 
|  43|0x0000000084900000, 0x0000000084900000, 0x0000000084a00000|  0%| F|  |TAMS 0x0000000084900000, 0x0000000084900000| Untracked 
|  44|0x0000000084a00000, 0x0000000084a00000, 0x0000000084b00000|  0%| F|  |TAMS 0x0000000084a00000, 0x0000000084a00000| Untracked 
|  45|0x0000000084b00000, 0x0000000084b00000, 0x0000000084c00000|  0%| F|  |TAMS 0x0000000084b00000, 0x0000000084b00000| Untracked 
|  46|0x0000000084c00000, 0x0000000084c00000, 0x0000000084d00000|  0%| F|  |TAMS 0x0000000084c00000, 0x0000000084c00000| Untracked 
|  47|0x0000000084d00000, 0x0000000084d00000, 0x0000000084e00000|  0%| F|  |TAMS 0x0000000084d00000, 0x0000000084d00000| Untracked 
|  48|0x0000000084e00000, 0x0000000084e00000, 0x0000000084f00000|  0%| F|  |TAMS 0x0000000084e00000, 0x0000000084e00000| Untracked 
|  49|0x0000000084f00000, 0x0000000084f00000, 0x0000000085000000|  0%| F|  |TAMS 0x0000000084f00000, 0x0000000084f00000| Untracked 
|  50|0x0000000085000000, 0x0000000085000000, 0x0000000085100000|  0%| F|  |TAMS 0x0000000085000000, 0x0000000085000000| Untracked 
|  51|0x0000000085100000, 0x0000000085100000, 0x0000000085200000|  0%| F|  |TAMS 0x0000000085100000, 0x0000000085100000| Untracked 
|  52|0x0000000085200000, 0x0000000085200000, 0x0000000085300000|  0%| F|  |TAMS 0x0000000085200000, 0x0000000085200000| Untracked 
|  53|0x0000000085300000, 0x0000000085300000, 0x0000000085400000|  0%| F|  |TAMS 0x0000000085300000, 0x0000000085300000| Untracked 
|  54|0x0000000085400000, 0x0000000085400000, 0x0000000085500000|  0%| F|  |TAMS 0x0000000085400000, 0x0000000085400000| Untracked 
|  55|0x0000000085500000, 0x0000000085500000, 0x0000000085600000|  0%| F|  |TAMS 0x0000000085500000, 0x0000000085500000| Untracked 
|  56|0x0000000085600000, 0x0000000085600000, 0x0000000085700000|  0%| F|  |TAMS 0x0000000085600000, 0x0000000085600000| Untracked 
|  57|0x0000000085700000, 0x0000000085700000, 0x0000000085800000|  0%| F|  |TAMS 0x0000000085700000, 0x0000000085700000| Untracked 
|  58|0x0000000085800000, 0x0000000085800000, 0x0000000085900000|  0%| F|  |TAMS 0x0000000085800000, 0x0000000085800000| Untracked 
|  59|0x0000000085900000, 0x0000000085900000, 0x0000000085a00000|  0%| F|  |TAMS 0x0000000085900000, 0x0000000085900000| Untracked 
|  60|0x0000000085a00000, 0x0000000085a00000, 0x0000000085b00000|  0%| F|  |TAMS 0x0000000085a00000, 0x0000000085a00000| Untracked 
|  61|0x0000000085b00000, 0x0000000085b00000, 0x0000000085c00000|  0%| F|  |TAMS 0x0000000085b00000, 0x0000000085b00000| Untracked 
|  62|0x0000000085c00000, 0x0000000085c00000, 0x0000000085d00000|  0%| F|  |TAMS 0x0000000085c00000, 0x0000000085c00000| Untracked 
|  63|0x0000000085d00000, 0x0000000085d00000, 0x0000000085e00000|  0%| F|  |TAMS 0x0000000085d00000, 0x0000000085d00000| Untracked 
|  64|0x0000000085e00000, 0x0000000085e00000, 0x0000000085f00000|  0%| F|  |TAMS 0x0000000085e00000, 0x0000000085e00000| Untracked 
|  65|0x0000000085f00000, 0x0000000085f00000, 0x0000000086000000|  0%| F|  |TAMS 0x0000000085f00000, 0x0000000085f00000| Untracked 
|  66|0x0000000086000000, 0x0000000086000000, 0x0000000086100000|  0%| F|  |TAMS 0x0000000086000000, 0x0000000086000000| Untracked 
|  67|0x0000000086100000, 0x0000000086100000, 0x0000000086200000|  0%| F|  |TAMS 0x0000000086100000, 0x0000000086100000| Untracked 
|  68|0x0000000086200000, 0x0000000086200000, 0x0000000086300000|  0%| F|  |TAMS 0x0000000086200000, 0x0000000086200000| Untracked 
|  69|0x0000000086300000, 0x0000000086300000, 0x0000000086400000|  0%| F|  |TAMS 0x0000000086300000, 0x0000000086300000| Untracked 
|  70|0x0000000086400000, 0x0000000086400000, 0x0000000086500000|  0%| F|  |TAMS 0x0000000086400000, 0x0000000086400000| Untracked 
|  71|0x0000000086500000, 0x0000000086500000, 0x0000000086600000|  0%| F|  |TAMS 0x0000000086500000, 0x0000000086500000| Untracked 
|  72|0x0000000086600000, 0x0000000086600000, 0x0000000086700000|  0%| F|  |TAMS 0x0000000086600000, 0x0000000086600000| Untracked 
|  73|0x0000000086700000, 0x0000000086700000, 0x0000000086800000|  0%| F|  |TAMS 0x0000000086700000, 0x0000000086700000| Untracked 
|  74|0x0000000086800000, 0x0000000086800000, 0x0000000086900000|  0%| F|  |TAMS 0x0000000086800000, 0x0000000086800000| Untracked 
|  75|0x0000000086900000, 0x0000000086900000, 0x0000000086a00000|  0%| F|  |TAMS 0x0000000086900000, 0x0000000086900000| Untracked 
|  76|0x0000000086a00000, 0x0000000086a00000, 0x0000000086b00000|  0%| F|  |TAMS 0x0000000086a00000, 0x0000000086a00000| Untracked 
|  77|0x0000000086b00000, 0x0000000086b00000, 0x0000000086c00000|  0%| F|  |TAMS 0x0000000086b00000, 0x0000000086b00000| Untracked 
|  78|0x0000000086c00000, 0x0000000086c00000, 0x0000000086d00000|  0%| F|  |TAMS 0x0000000086c00000, 0x0000000086c00000| Untracked 
|  79|0x0000000086d00000, 0x0000000086d00000, 0x0000000086e00000|  0%| F|  |TAMS 0x0000000086d00000, 0x0000000086d00000| Untracked 
|  80|0x0000000086e00000, 0x0000000086e00000, 0x0000000086f00000|  0%| F|  |TAMS 0x0000000086e00000, 0x0000000086e00000| Untracked 
|  81|0x0000000086f00000, 0x0000000086f00000, 0x0000000087000000|  0%| F|  |TAMS 0x0000000086f00000, 0x0000000086f00000| Untracked 
|  82|0x0000000087000000, 0x0000000087000000, 0x0000000087100000|  0%| F|  |TAMS 0x0000000087000000, 0x0000000087000000| Untracked 
|  83|0x0000000087100000, 0x0000000087100000, 0x0000000087200000|  0%| F|  |TAMS 0x0000000087100000, 0x0000000087100000| Untracked 
|  84|0x0000000087200000, 0x0000000087200000, 0x0000000087300000|  0%| F|  |TAMS 0x0000000087200000, 0x0000000087200000| Untracked 
|  85|0x0000000087300000, 0x0000000087300000, 0x0000000087400000|  0%| F|  |TAMS 0x0000000087300000, 0x0000000087300000| Untracked 
|  86|0x0000000087400000, 0x0000000087400000, 0x0000000087500000|  0%| F|  |TAMS 0x0000000087400000, 0x0000000087400000| Untracked 
|  87|0x0000000087500000, 0x0000000087500000, 0x0000000087600000|  0%| F|  |TAMS 0x0000000087500000, 0x0000000087500000| Untracked 
|  88|0x0000000087600000, 0x0000000087600000, 0x0000000087700000|  0%| F|  |TAMS 0x0000000087600000, 0x0000000087600000| Untracked 
|  89|0x0000000087700000, 0x0000000087700000, 0x0000000087800000|  0%| F|  |TAMS 0x0000000087700000, 0x0000000087700000| Untracked 
|  90|0x0000000087800000, 0x0000000087800000, 0x0000000087900000|  0%| F|  |TAMS 0x0000000087800000, 0x0000000087800000| Untracked 
|  91|0x0000000087900000, 0x0000000087900000, 0x0000000087a00000|  0%| F|  |TAMS 0x0000000087900000, 0x0000000087900000| Untracked 
|  92|0x0000000087a00000, 0x0000000087a00000, 0x0000000087b00000|  0%| F|  |TAMS 0x0000000087a00000, 0x0000000087a00000| Untracked 
|  93|0x0000000087b00000, 0x0000000087b00000, 0x0000000087c00000|  0%| F|  |TAMS 0x0000000087b00000, 0x0000000087b00000| Untracked 
|  94|0x0000000087c00000, 0x0000000087c00000, 0x0000000087d00000|  0%| F|  |TAMS 0x0000000087c00000, 0x0000000087c00000| Untracked 
|  95|0x0000000087d00000, 0x0000000087d00000, 0x0000000087e00000|  0%| F|  |TAMS 0x0000000087d00000, 0x0000000087d00000| Untracked 
|  96|0x0000000087e00000, 0x0000000087e00000, 0x0000000087f00000|  0%| F|  |TAMS 0x0000000087e00000, 0x0000000087e00000| Untracked 
|  97|0x0000000087f00000, 0x0000000087f00000, 0x0000000088000000|  0%| F|  |TAMS 0x0000000087f00000, 0x0000000087f00000| Untracked 
|  98|0x0000000088000000, 0x0000000088000000, 0x0000000088100000|  0%| F|  |TAMS 0x0000000088000000, 0x0000000088000000| Untracked 
|  99|0x0000000088100000, 0x0000000088100000, 0x0000000088200000|  0%| F|  |TAMS 0x0000000088100000, 0x0000000088100000| Untracked 
| 100|0x0000000088200000, 0x0000000088200000, 0x0000000088300000|  0%| F|  |TAMS 0x0000000088200000, 0x0000000088200000| Untracked 
| 101|0x0000000088300000, 0x0000000088300000, 0x0000000088400000|  0%| F|  |TAMS 0x0000000088300000, 0x0000000088300000| Untracked 
| 102|0x0000000088400000, 0x0000000088400000, 0x0000000088500000|  0%| F|  |TAMS 0x0000000088400000, 0x0000000088400000| Untracked 
| 103|0x0000000088500000, 0x0000000088596060, 0x0000000088600000| 58%| E|  |TAMS 0x0000000088500000, 0x0000000088500000| Complete 
| 104|0x0000000088600000, 0x0000000088700000, 0x0000000088700000|100%| E|CS|TAMS 0x0000000088600000, 0x0000000088600000| Complete 
| 105|0x0000000088700000, 0x0000000088800000, 0x0000000088800000|100%| E|CS|TAMS 0x0000000088700000, 0x0000000088700000| Complete 
| 106|0x0000000088800000, 0x0000000088900000, 0x0000000088900000|100%| S|CS|TAMS 0x0000000088800000, 0x0000000088800000| Complete 
| 107|0x0000000088900000, 0x0000000088a00000, 0x0000000088a00000|100%| S|CS|TAMS 0x0000000088900000, 0x0000000088900000| Complete 
| 108|0x0000000088a00000, 0x0000000088b00000, 0x0000000088b00000|100%| S|CS|TAMS 0x0000000088a00000, 0x0000000088a00000| Complete 
| 109|0x0000000088b00000, 0x0000000088c00000, 0x0000000088c00000|100%| E|CS|TAMS 0x0000000088b00000, 0x0000000088b00000| Complete 
| 110|0x0000000088c00000, 0x0000000088d00000, 0x0000000088d00000|100%| E|CS|TAMS 0x0000000088c00000, 0x0000000088c00000| Complete 
| 111|0x0000000088d00000, 0x0000000088e00000, 0x0000000088e00000|100%| E|CS|TAMS 0x0000000088d00000, 0x0000000088d00000| Complete 
| 112|0x0000000088e00000, 0x0000000088f00000, 0x0000000088f00000|100%| E|CS|TAMS 0x0000000088e00000, 0x0000000088e00000| Complete 
| 113|0x0000000088f00000, 0x0000000089000000, 0x0000000089000000|100%| E|CS|TAMS 0x0000000088f00000, 0x0000000088f00000| Complete 
| 114|0x0000000089000000, 0x0000000089100000, 0x0000000089100000|100%| E|CS|TAMS 0x0000000089000000, 0x0000000089000000| Complete 
| 115|0x0000000089100000, 0x0000000089200000, 0x0000000089200000|100%| E|CS|TAMS 0x0000000089100000, 0x0000000089100000| Complete 
| 116|0x0000000089200000, 0x0000000089300000, 0x0000000089300000|100%| E|CS|TAMS 0x0000000089200000, 0x0000000089200000| Complete 
| 117|0x0000000089300000, 0x0000000089400000, 0x0000000089400000|100%| E|CS|TAMS 0x0000000089300000, 0x0000000089300000| Complete 
| 118|0x0000000089400000, 0x0000000089500000, 0x0000000089500000|100%| E|CS|TAMS 0x0000000089400000, 0x0000000089400000| Complete 
| 119|0x0000000089500000, 0x0000000089600000, 0x0000000089600000|100%| E|CS|TAMS 0x0000000089500000, 0x0000000089500000| Complete 
| 120|0x0000000089600000, 0x0000000089700000, 0x0000000089700000|100%| E|CS|TAMS 0x0000000089600000, 0x0000000089600000| Complete 
| 121|0x0000000089700000, 0x0000000089800000, 0x0000000089800000|100%| E|CS|TAMS 0x0000000089700000, 0x0000000089700000| Complete 
| 122|0x0000000089800000, 0x0000000089900000, 0x0000000089900000|100%| E|CS|TAMS 0x0000000089800000, 0x0000000089800000| Complete 
| 123|0x0000000089900000, 0x0000000089a00000, 0x0000000089a00000|100%| E|CS|TAMS 0x0000000089900000, 0x0000000089900000| Complete 
| 124|0x0000000089a00000, 0x0000000089b00000, 0x0000000089b00000|100%| E|CS|TAMS 0x0000000089a00000, 0x0000000089a00000| Complete 
| 125|0x0000000089b00000, 0x0000000089c00000, 0x0000000089c00000|100%| E|CS|TAMS 0x0000000089b00000, 0x0000000089b00000| Complete 
| 126|0x0000000089c00000, 0x0000000089d00000, 0x0000000089d00000|100%| E|CS|TAMS 0x0000000089c00000, 0x0000000089c00000| Complete 
| 127|0x0000000089d00000, 0x0000000089e00000, 0x0000000089e00000|100%| E|CS|TAMS 0x0000000089d00000, 0x0000000089d00000| Complete 

Card table byte_map: [0x000001c27d0c0000,0x000001c27d4c0000] _byte_map_base: 0x000001c27ccb1000

Marking Bits (Prev, Next): (CMBitMap*) 0x000001c2645d13b0, (CMBitMap*) 0x000001c2645d13f0
 Prev Bits: [0x000001c27d8c0000, 0x000001c27f848000)
 Next Bits: [0x000001c200000000, 0x000001c201f88000)

Polling page: 0x000001c2643f0000

Metaspace:

Usage:
  Non-class:     11.40 MB used.
      Class:      1.68 MB used.
       Both:     13.08 MB used.

Virtual space:
  Non-class space:       64.00 MB reserved,      11.56 MB ( 18%) committed,  1 nodes.
      Class space:        1.00 GB reserved,       1.81 MB ( <1%) committed,  1 nodes.
             Both:        1.06 GB reserved,      13.38 MB (  1%) committed. 

Chunk freelists:
   Non-Class:  3.67 MB
       Class:  2.13 MB
        Both:  5.80 MB

MaxMetaspaceSize: unlimited
CompressedClassSpaceSize: 1.00 GB
Initial GC threshold: 21.00 MB
Current GC threshold: 21.00 MB
CDS: on
MetaspaceReclaimPolicy: balanced
 - commit_granule_bytes: 65536.
 - commit_granule_words: 8192.
 - virtual_space_node_default_size: 8388608.
 - enlarge_chunks_in_place: 1.
 - new_chunks_are_fully_committed: 0.
 - uncommit_free_chunks: 1.
 - use_allocation_guard: 0.


Internal statistics:

num_allocs_failed_limit: 0.
num_arena_births: 322.
num_arena_deaths: 0.
num_vsnodes_births: 2.
num_vsnodes_deaths: 0.
num_space_committed: 214.
num_space_uncommitted: 0.
num_chunks_returned_to_freelist: 0.
num_chunks_taken_from_freelist: 725.
num_chunk_merges: 0.
num_chunk_splits: 503.
num_chunks_enlarged: 373.
num_inconsistent_stats: 0.

CodeHeap 'non-profiled nmethods': size=120000Kb used=867Kb max_used=867Kb free=119132Kb
 bounds [0x000001c275160000, 0x000001c2753d0000, 0x000001c27c690000]
CodeHeap 'profiled nmethods': size=120000Kb used=3839Kb max_used=3839Kb free=116160Kb
 bounds [0x000001c26dc30000, 0x000001c26dff0000, 0x000001c275160000]
CodeHeap 'non-nmethods': size=5760Kb used=1423Kb max_used=1458Kb free=4336Kb
 bounds [0x000001c26d690000, 0x000001c26d900000, 0x000001c26dc30000]
 total_blobs=2981 nmethods=2211 adapters=682
 compilation: enabled
              stopped_count=0, restarted_count=0
 full_count=0

Compilation events (20 events):
Event: 5.550 Thread 0x000001c27fe2d280 2204       3       com.sun.javafx.collections.VetoableListDecorator$VetoableIteratorDecorator::next (31 bytes)
Event: 5.551 Thread 0x000001c27fe2d280 nmethod 2204 0x000001c26dfea190 code [0x000001c26dfea360, 0x000001c26dfea778]
Event: 5.551 Thread 0x000001c27fe2d280 2205       3       java.util.EnumMap::get (29 bytes)
Event: 5.551 Thread 0x000001c27fe2d280 nmethod 2205 0x000001c26dfea990 code [0x000001c26dfeab60, 0x000001c26dfeaf28]
Event: 5.551 Thread 0x000001c27fe2d280 2206       3       java.util.EnumMap::isValidKey (36 bytes)
Event: 5.551 Thread 0x000001c27fe2d280 nmethod 2206 0x000001c26dfeb090 code [0x000001c26dfeb240, 0x000001c26dfeb4c8]
Event: 5.958 Thread 0x000001c27fe2d280 2207       3       java.util.concurrent.locks.ReentrantLock::isHeldByCurrentThread (8 bytes)
Event: 5.958 Thread 0x000001c27fe2d280 nmethod 2207 0x000001c26dfeb590 code [0x000001c26dfeb740, 0x000001c26dfeb958]
Event: 5.974 Thread 0x000001c27fe2d280 2208   !   3       com.sun.javafx.tk.quantum.QuantumToolkit::runWithoutRenderLock (49 bytes)
Event: 5.975 Thread 0x000001c27fe2d280 nmethod 2208 0x000001c26dfeba10 code [0x000001c26dfebc60, 0x000001c26dfec8e8]
Event: 6.022 Thread 0x000001c27fe2d280 2209       3       com.sun.glass.ui.View::getWindow (8 bytes)
Event: 6.022 Thread 0x000001c27fe2d280 nmethod 2209 0x000001c26dfecc90 code [0x000001c26dfece60, 0x000001c26dfed1b8]
Event: 6.022 Thread 0x000001c27fe2d280 2210       3       javafx.scene.Node::sceneToLocal (21 bytes)
Event: 6.023 Thread 0x000001c27fe2d280 nmethod 2210 0x000001c26dfed310 code [0x000001c26dfed5c0, 0x000001c26dfeea68]
Event: 6.023 Thread 0x000001c27fe2d280 2211       3       javafx.scene.Node::parentToLocal (15 bytes)
Event: 6.024 Thread 0x000001c27fe2d280 nmethod 2211 0x000001c26dfeee90 code [0x000001c26dfef040, 0x000001c26dfef2d8]
Event: 6.511 Thread 0x000001c27fe2d280 2212       3       jdk.internal.misc.Unsafe::getAndSetInt (24 bytes)
Event: 6.511 Thread 0x000001c27fe2d280 nmethod 2212 0x000001c26dfef410 code [0x000001c26dfef5c0, 0x000001c26dfef808]
Event: 21.910 Thread 0x000001c27fe2d280 2213       3       jdk.internal.org.objectweb.asm.MethodVisitor::visitInsn (16 bytes)
Event: 21.910 Thread 0x000001c27fe2d280 nmethod 2213 0x000001c26dfef910 code [0x000001c26dfefac0, 0x000001c26dfefcc8]

GC Heap History (4 events):
Event: 1.222 GC heap before
{Heap before GC invocations=0 (full 0):
 garbage-first heap   total 131072K, used 12288K [0x0000000081e00000, 0x0000000100000000)
  region size 1024K, 13 young (13312K), 0 survivors (0K)
 Metaspace       used 2810K, committed 3008K, reserved 1114112K
  class space    used 291K, committed 384K, reserved 1048576K
}
Event: 1.227 GC heap after
{Heap after GC invocations=1 (full 0):
 garbage-first heap   total 131072K, used 1759K [0x0000000081e00000, 0x0000000100000000)
  region size 1024K, 2 young (2048K), 2 survivors (2048K)
 Metaspace       used 2810K, committed 3008K, reserved 1114112K
  class space    used 291K, committed 384K, reserved 1048576K
}
Event: 1.821 GC heap before
{Heap before GC invocations=1 (full 0):
 garbage-first heap   total 131072K, used 18143K [0x0000000081e00000, 0x0000000100000000)
  region size 1024K, 19 young (19456K), 2 survivors (2048K)
 Metaspace       used 8225K, committed 8448K, reserved 1114112K
  class space    used 1013K, committed 1152K, reserved 1048576K
}
Event: 1.828 GC heap after
{Heap after GC invocations=2 (full 0):
 garbage-first heap   total 131072K, used 4796K [0x0000000081e00000, 0x0000000100000000)
  region size 1024K, 3 young (3072K), 3 survivors (3072K)
 Metaspace       used 8225K, committed 8448K, reserved 1114112K
  class space    used 1013K, committed 1152K, reserved 1048576K
}

Deoptimization events (20 events):
Event: 2.541 Thread 0x000001c208afd310 Uncommon trap: trap_request=0xffffff45 fr.pc=0x000001c2751a5fbc relative=0x000000000000019c
Event: 2.541 Thread 0x000001c208afd310 Uncommon trap: reason=unstable_if action=reinterpret pc=0x000001c2751a5fbc method=java.lang.String.indexOf(II)I @ 4 c2
Event: 2.541 Thread 0x000001c208afd310 DEOPT PACKING pc=0x000001c2751a5fbc sp=0x00000026135fd220
Event: 2.541 Thread 0x000001c208afd310 DEOPT UNPACKING pc=0x000001c26d6e23a3 sp=0x00000026135fd1c0 mode 2
Event: 3.505 Thread 0x000001c2089e9d70 DEOPT PACKING pc=0x000001c26df26501 sp=0x00000026133fdf10
Event: 3.505 Thread 0x000001c2089e9d70 DEOPT UNPACKING pc=0x000001c26d6e2b43 sp=0x00000026133fd378 mode 0
Event: 3.505 Thread 0x000001c2089e9d70 DEOPT PACKING pc=0x000001c26df26501 sp=0x00000026133fdf10
Event: 3.505 Thread 0x000001c2089e9d70 DEOPT UNPACKING pc=0x000001c26d6e2b43 sp=0x00000026133fd378 mode 0
Event: 3.537 Thread 0x000001c2089e9d70 DEOPT PACKING pc=0x000001c26df26501 sp=0x00000026133fdf10
Event: 3.537 Thread 0x000001c2089e9d70 DEOPT UNPACKING pc=0x000001c26d6e2b43 sp=0x00000026133fd378 mode 0
Event: 3.723 Thread 0x000001c2089e9d70 DEOPT PACKING pc=0x000001c26df26501 sp=0x00000026133fdf10
Event: 3.723 Thread 0x000001c2089e9d70 DEOPT UNPACKING pc=0x000001c26d6e2b43 sp=0x00000026133fd378 mode 0
Event: 3.723 Thread 0x000001c2089e9d70 DEOPT PACKING pc=0x000001c26df26501 sp=0x00000026133fdf10
Event: 3.723 Thread 0x000001c2089e9d70 DEOPT UNPACKING pc=0x000001c26d6e2b43 sp=0x00000026133fd378 mode 0
Event: 3.725 Thread 0x000001c2089e9d70 DEOPT PACKING pc=0x000001c26df26444 sp=0x00000026133fdf10
Event: 3.725 Thread 0x000001c2089e9d70 DEOPT UNPACKING pc=0x000001c26d6e2b43 sp=0x00000026133fd368 mode 0
Event: 3.725 Thread 0x000001c2089e9d70 DEOPT PACKING pc=0x000001c26df26444 sp=0x00000026133fdf10
Event: 3.725 Thread 0x000001c2089e9d70 DEOPT UNPACKING pc=0x000001c26d6e2b43 sp=0x00000026133fd368 mode 0
Event: 3.726 Thread 0x000001c2089e9d70 DEOPT PACKING pc=0x000001c26df26444 sp=0x00000026133fdf10
Event: 3.726 Thread 0x000001c2089e9d70 DEOPT UNPACKING pc=0x000001c26d6e2b43 sp=0x00000026133fd368 mode 0

Classes loaded (20 events):
Event: 2.672 Loading class jdk/internal/math/FDBigInteger
Event: 2.672 Loading class jdk/internal/math/FDBigInteger done
Event: 2.677 Loading class sun/misc/Unsafe
Event: 2.677 Loading class sun/misc/Unsafe done
Event: 2.678 Loading class java/lang/invoke/DirectMethodHandle$StaticAccessor
Event: 2.678 Loading class java/lang/invoke/DirectMethodHandle$StaticAccessor done
Event: 3.696 Loading class java/io/UnsupportedEncodingException
Event: 3.696 Loading class java/io/UnsupportedEncodingException done
Event: 3.781 Loading class java/lang/AnchorPane
Event: 3.781 Loading class java/lang/AnchorPane done
Event: 3.781 Loading class java/util/AnchorPane
Event: 3.781 Loading class java/util/AnchorPane done
Event: 3.788 Loading class java/lang/Button
Event: 3.788 Loading class java/lang/Button done
Event: 3.788 Loading class java/util/Button
Event: 3.788 Loading class java/util/Button done
Event: 4.052 Loading class jdk/internal/misc/ScopedMemoryAccess$Scope
Event: 4.052 Loading class jdk/internal/misc/ScopedMemoryAccess$Scope done
Event: 21.905 Loading class jdk/internal/misc/Signal$1
Event: 21.905 Loading class jdk/internal/misc/Signal$1 done

Classes unloaded (0 events):
No events

Classes redefined (0 events):
No events

Internal exceptions (20 events):
Event: 2.093 Thread 0x000001c208afd310 Exception <a 'java/lang/NoSuchMethodError'{0x000000008984a9d0}: 'double java.lang.invoke.DelegatingMethodHandle$Holder.reinvoke_L(java.lang.Object, java.lang.Object, int)'> (0x000000008984a9d0) 
thrown [t:\workspace\open\src\hotspot\share\interpreter\linkResolver.cpp, line 766]
Event: 2.096 Thread 0x000001c208afd310 Exception <a 'java/lang/NoSuchMethodError'{0x000000008985ca80}: 'java.lang.Object java.lang.invoke.DirectMethodHandle$Holder.invokeStatic(java.lang.Object, java.lang.Object, java.lang.Object, java.lang.Object, int)'> (0x000000008985ca80) 
thrown [t:\workspace\open\src\hotspot\share\interpreter\linkResolver.cpp, line 766]
Event: 2.097 Thread 0x000001c208afd310 Exception <a 'java/lang/NoSuchMethodError'{0x00000000898684e8}: 'void java.lang.invoke.DelegatingMethodHandle$Holder.reinvoke_L(java.lang.Object, java.lang.Object, double)'> (0x00000000898684e8) 
thrown [t:\workspace\open\src\hotspot\share\interpreter\linkResolver.cpp, line 766]
Event: 2.127 Thread 0x000001c208afd310 Exception <a 'java/lang/NoSuchMethodError'{0x00000000898e2dd0}: 'void java.lang.invoke.Invokers$Holder.invokeExact_MT(java.lang.Object, java.lang.Object, java.lang.Object, java.lang.Object)'> (0x00000000898e2dd0) 
thrown [t:\workspace\open\src\hotspot\share\interpreter\linkResolver.cpp, line 766]
Event: 2.129 Thread 0x000001c208afd310 Exception <a 'java/lang/NoSuchMethodError'{0x00000000898e7ae8}: 'void java.lang.invoke.DirectMethodHandle$Holder.invokeSpecial(java.lang.Object, java.lang.Object, int)'> (0x00000000898e7ae8) 
thrown [t:\workspace\open\src\hotspot\share\interpreter\linkResolver.cpp, line 766]
Event: 2.130 Thread 0x000001c208afd310 Exception <a 'java/lang/NoSuchMethodError'{0x00000000898ec088}: 'int java.lang.invoke.DirectMethodHandle$Holder.invokeSpecial(java.lang.Object, java.lang.Object, java.lang.Object, int)'> (0x00000000898ec088) 
thrown [t:\workspace\open\src\hotspot\share\interpreter\linkResolver.cpp, line 766]
Event: 2.132 Thread 0x000001c208afd310 Exception <a 'java/lang/NoSuchMethodError'{0x00000000898f6770}: 'void java.lang.invoke.DelegatingMethodHandle$Holder.reinvoke_L(java.lang.Object, java.lang.Object, int)'> (0x00000000898f6770) 
thrown [t:\workspace\open\src\hotspot\share\interpreter\linkResolver.cpp, line 766]
Event: 2.133 Thread 0x000001c208afd310 Exception <a 'java/lang/NoSuchMethodError'{0x00000000898fdce8}: 'int java.lang.invoke.DirectMethodHandle$Holder.invokeSpecial(java.lang.Object, java.lang.Object, java.lang.Object)'> (0x00000000898fdce8) 
thrown [t:\workspace\open\src\hotspot\share\interpreter\linkResolver.cpp, line 766]
Event: 2.183 Thread 0x000001c208afd310 Exception <a 'sun/nio/fs/WindowsException'{0x00000000897eff50}> (0x00000000897eff50) 
thrown [t:\workspace\open\src\hotspot\share\prims\jni.cpp, line 516]
Event: 2.218 Thread 0x000001c208afd310 Implicit null exception at 0x000001c2751d72ca to 0x000001c2751d7724
Event: 2.262 Thread 0x000001c208afd310 Implicit null exception at 0x000001c2751cf733 to 0x000001c2751cfb88
Event: 2.460 Thread 0x000001c208afd310 Exception <a 'java/lang/NoSuchMethodError'{0x0000000089196c30}: 'java.lang.Object java.lang.invoke.DirectMethodHandle$Holder.invokeInterface(java.lang.Object, java.lang.Object, java.lang.Object)'> (0x0000000089196c30) 
thrown [t:\workspace\open\src\hotspot\share\interpreter\linkResolver.cpp, line 766]
Event: 2.461 Thread 0x000001c208afd310 Exception <a 'java/lang/IncompatibleClassChangeError'{0x000000008919a5b0}: Found class java.lang.Object, but interface was expected> (0x000000008919a5b0) 
thrown [t:\workspace\open\src\hotspot\share\interpreter\linkResolver.cpp, line 833]
Event: 2.524 Thread 0x000001c208afd310 Exception <a 'java/lang/NoSuchMethodError'{0x00000000890a8a28}: 'int java.lang.invoke.DirectMethodHandle$Holder.invokeSpecial(java.lang.Object, java.lang.Object, int)'> (0x00000000890a8a28) 
thrown [t:\workspace\open\src\hotspot\share\interpreter\linkResolver.cpp, line 766]
Event: 2.550 Thread 0x000001c208afd310 Exception <a 'java/lang/NoSuchMethodError'{0x0000000088f3cfd0}: 'java.lang.Object java.lang.invoke.DirectMethodHandle$Holder.newInvokeSpecial(java.lang.Object, java.lang.Object, int)'> (0x0000000088f3cfd0) 
thrown [t:\workspace\open\src\hotspot\share\interpreter\linkResolver.cpp, line 766]
Event: 2.581 Thread 0x000001c2089e9d70 Exception <a 'java/lang/NoSuchMethodError'{0x0000000088fe7e48}: 'int java.lang.invoke.DirectMethodHandle$Holder.invokeStaticInit(java.lang.Object, java.lang.Object)'> (0x0000000088fe7e48) 
thrown [t:\workspace\open\src\hotspot\share\interpreter\linkResolver.cpp, line 766]
Event: 3.713 Thread 0x000001c208afd310 Exception <a 'java/lang/NoSuchMethodError'{0x0000000088bcedb8}: 'long java.lang.invoke.DirectMethodHandle$Holder.invokeStatic(java.lang.Object, java.lang.Object, java.lang.Object)'> (0x0000000088bcedb8) 
thrown [t:\workspace\open\src\hotspot\share\interpreter\linkResolver.cpp, line 766]
Event: 3.714 Thread 0x000001c208afd310 Exception <a 'java/lang/NoSuchMethodError'{0x0000000088bd2558}: 'long java.lang.invoke.DirectMethodHandle$Holder.invokeStaticInit(java.lang.Object, java.lang.Object, java.lang.Object)'> (0x0000000088bd2558) 
thrown [t:\workspace\open\src\hotspot\share\interpreter\linkResolver.cpp, line 766]
Event: 3.717 Thread 0x000001c208afd310 Exception <a 'java/lang/NoSuchMethodError'{0x0000000088beb0d8}: 'java.lang.Object java.lang.invoke.DirectMethodHandle$Holder.newInvokeSpecial(java.lang.Object, java.lang.Object, long)'> (0x0000000088beb0d8) 
thrown [t:\workspace\open\src\hotspot\share\interpreter\linkResolver.cpp, line 766]
Event: 3.717 Thread 0x000001c208afd310 Exception <a 'java/lang/NoSuchMethodError'{0x0000000088beec50}: 'java.lang.Object java.lang.invoke.Invokers$Holder.linkToTargetMethod(java.lang.Object, long, java.lang.Object)'> (0x0000000088beec50) 
thrown [t:\workspace\open\src\hotspot\share\interpreter\linkResolver.cpp, line 766]

VM Operations (20 events):
Event: 0.432 Executing VM operation: HandshakeAllThreads done
Event: 0.579 Executing VM operation: HandshakeAllThreads
Event: 0.579 Executing VM operation: HandshakeAllThreads done
Event: 1.222 Executing VM operation: G1CollectForAllocation
Event: 1.227 Executing VM operation: G1CollectForAllocation done
Event: 1.301 Executing VM operation: HandshakeAllThreads
Event: 1.301 Executing VM operation: HandshakeAllThreads done
Event: 1.792 Executing VM operation: HandshakeAllThreads
Event: 1.793 Executing VM operation: HandshakeAllThreads done
Event: 1.821 Executing VM operation: G1CollectForAllocation
Event: 1.828 Executing VM operation: G1CollectForAllocation done
Event: 1.958 Executing VM operation: HandshakeAllThreads
Event: 1.958 Executing VM operation: HandshakeAllThreads done
Event: 2.958 Executing VM operation: Cleanup
Event: 2.958 Executing VM operation: Cleanup done
Event: 4.958 Executing VM operation: Cleanup
Event: 4.959 Executing VM operation: Cleanup done
Event: 6.959 Executing VM operation: Cleanup
Event: 6.959 Executing VM operation: Cleanup done
Event: 21.911 Executing VM operation: Exit

Events (20 events):
Event: 1.158 Loaded shared library C:\Users\nikik\.openjfx\cache\18-ea+6\vcruntime140_1.dll
Event: 1.172 Loaded shared library C:\Users\nikik\.openjfx\cache\18-ea+6\msvcp140.dll
Event: 1.231 Thread 0x000001c2089e9d70 Thread added: 0x000001c2089e9d70
Event: 1.246 Loaded shared library C:\Users\nikik\.openjfx\cache\18-ea+6\prism_d3d.dll
Event: 1.313 Loaded shared library C:\Users\nikik\.openjfx\cache\18-ea+6\glass.dll
Event: 1.317 Thread 0x000001c208afdcb0 Thread added: 0x000001c208afdcb0
Event: 1.323 Thread 0x000001c208afd310 Thread added: 0x000001c208afd310
Event: 1.437 Loaded shared library C:\Users\nikik\.jdks\openjdk-18-1\bin\jimage.dll
Event: 1.447 Thread 0x000001c208d03020 Thread added: 0x000001c208d03020
Event: 1.462 Thread 0x000001c208afbb00 Thread added: 0x000001c208afbb00
Event: 1.463 Thread 0x000001c208afbfd0 Thread added: 0x000001c208afbfd0
Event: 1.784 Loaded shared library C:\Users\nikik\.openjfx\cache\18-ea+6\javafx_font.dll
Event: 2.388 Thread 0x000001c208d03020 Thread exited: 0x000001c208d03020
Event: 2.441 Thread 0x000001c208afc970 Thread added: 0x000001c208afc970
Event: 2.663 Thread 0x000001c208afac90 Thread added: 0x000001c208afac90
Event: 21.905 Thread 0x000001c20de9a0c0 Thread added: 0x000001c20de9a0c0
Event: 21.906 Thread 0x000001c20de970a0 Thread added: 0x000001c20de970a0
Event: 21.906 Thread 0x000001c20de99bf0 Thread added: 0x000001c20de99bf0
Event: 21.910 Thread 0x000001c20de970a0 Thread exited: 0x000001c20de970a0
Event: 21.911 Thread 0x000001c20de99bf0 Thread exited: 0x000001c20de99bf0


Dynamic libraries:
0x00007ff6478b0000 - 0x00007ff6478be000 	C:\Users\nikik\.jdks\openjdk-18-1\bin\java.exe
0x00007fff46790000 - 0x00007fff46985000 	C:\WINDOWS\SYSTEM32\ntdll.dll
0x00007fff44f90000 - 0x00007fff4504e000 	C:\WINDOWS\System32\KERNEL32.DLL
0x00007fff44250000 - 0x00007fff44518000 	C:\WINDOWS\System32\KERNELBASE.dll
0x00007fff44650000 - 0x00007fff44750000 	C:\WINDOWS\System32\ucrtbase.dll
0x00007fff3f430000 - 0x00007fff3f447000 	C:\Users\nikik\.jdks\openjdk-18-1\bin\jli.dll
0x00007fff3e030000 - 0x00007fff3e04a000 	C:\Users\nikik\.jdks\openjdk-18-1\bin\VCRUNTIME140.dll
0x00007fff46550000 - 0x00007fff466f0000 	C:\WINDOWS\System32\USER32.dll
0x00007fff44520000 - 0x00007fff44542000 	C:\WINDOWS\System32\win32u.dll
0x00007fff2ecc0000 - 0x00007fff2ef5a000 	C:\WINDOWS\WinSxS\amd64_microsoft.windows.common-controls_6595b64144ccf1df_6.0.19041.1110_none_60b5254171f9507e\COMCTL32.dll
0x00007fff44800000 - 0x00007fff4482b000 	C:\WINDOWS\System32\GDI32.dll
0x00007fff44d90000 - 0x00007fff44e2e000 	C:\WINDOWS\System32\msvcrt.dll
0x00007fff44140000 - 0x00007fff4424b000 	C:\WINDOWS\System32\gdi32full.dll
0x00007fff43f40000 - 0x00007fff43fdd000 	C:\WINDOWS\System32\msvcp_win.dll
0x00007fff457a0000 - 0x00007fff457d0000 	C:\WINDOWS\System32\IMM32.DLL
0x00007fff3f7d0000 - 0x00007fff3f7dc000 	C:\Users\nikik\.jdks\openjdk-18-1\bin\vcruntime140_1.dll
0x00007fff336c0000 - 0x00007fff3374d000 	C:\Users\nikik\.jdks\openjdk-18-1\bin\msvcp140.dll
0x00007ffed57d0000 - 0x00007ffed63e1000 	C:\Users\nikik\.jdks\openjdk-18-1\bin\server\jvm.dll
0x00007fff45c90000 - 0x00007fff45d3e000 	C:\WINDOWS\System32\ADVAPI32.dll
0x00007fff45be0000 - 0x00007fff45c7c000 	C:\WINDOWS\System32\sechost.dll
0x00007fff462f0000 - 0x00007fff46415000 	C:\WINDOWS\System32\RPCRT4.dll
0x00007fff447f0000 - 0x00007fff447f8000 	C:\WINDOWS\System32\PSAPI.DLL
0x00007fff2b390000 - 0x00007fff2b399000 	C:\WINDOWS\SYSTEM32\WSOCK32.dll
0x00007fff3eeb0000 - 0x00007fff3eed7000 	C:\WINDOWS\SYSTEM32\WINMM.dll
0x00007fff38a20000 - 0x00007fff38a2a000 	C:\WINDOWS\SYSTEM32\VERSION.dll
0x00007fff46280000 - 0x00007fff462eb000 	C:\WINDOWS\System32\WS2_32.dll
0x00007fff42760000 - 0x00007fff42772000 	C:\WINDOWS\SYSTEM32\kernel.appcore.dll
0x00007fff3f460000 - 0x00007fff3f46a000 	C:\Users\nikik\.jdks\openjdk-18-1\bin\jimage.dll
0x00007fff42420000 - 0x00007fff42604000 	C:\WINDOWS\SYSTEM32\DBGHELP.DLL
0x00007fff289b0000 - 0x00007fff289dc000 	C:\WINDOWS\SYSTEM32\dbgcore.DLL
0x00007fff43eb0000 - 0x00007fff43f32000 	C:\WINDOWS\System32\bcryptPrimitives.dll
0x00007fff3f7e0000 - 0x00007fff3f7ee000 	C:\Users\nikik\.jdks\openjdk-18-1\bin\instrument.dll
0x00007fff3dfd0000 - 0x00007fff3dff5000 	C:\Users\nikik\.jdks\openjdk-18-1\bin\java.dll
0x00007fff11700000 - 0x00007fff117d6000 	C:\Users\nikik\.jdks\openjdk-18-1\bin\jsvml.dll
0x00007fff45050000 - 0x00007fff45794000 	C:\WINDOWS\System32\SHELL32.dll
0x00007fff41bb0000 - 0x00007fff42344000 	C:\WINDOWS\SYSTEM32\windows.storage.dll
0x00007fff457d0000 - 0x00007fff45b24000 	C:\WINDOWS\System32\combase.dll
0x00007fff43830000 - 0x00007fff4385c000 	C:\WINDOWS\SYSTEM32\Wldp.dll
0x00007fff44a40000 - 0x00007fff44aed000 	C:\WINDOWS\System32\SHCORE.dll
0x00007fff44e30000 - 0x00007fff44e85000 	C:\WINDOWS\System32\shlwapi.dll
0x00007fff43df0000 - 0x00007fff43e0f000 	C:\WINDOWS\SYSTEM32\profapi.dll
0x00007fff3df40000 - 0x00007fff3df53000 	C:\Users\nikik\.jdks\openjdk-18-1\bin\net.dll
0x00007fff38670000 - 0x00007fff38779000 	C:\WINDOWS\SYSTEM32\WINHTTP.dll
0x00007fff43610000 - 0x00007fff4367a000 	C:\WINDOWS\system32\mswsock.dll
0x00007fff3bb00000 - 0x00007fff3bb16000 	C:\Users\nikik\.jdks\openjdk-18-1\bin\nio.dll
0x00007fff3bae0000 - 0x00007fff3baf8000 	C:\Users\nikik\.jdks\openjdk-18-1\bin\zip.dll
0x00007fff3df80000 - 0x00007fff3df9a000 	D:\Intelej\IntelliJ IDEA Community Edition 2022.1\bin\breakgen64.dll
0x000001c203fb0000 - 0x000001c203fb3000 	C:\Users\nikik\.openjfx\cache\18-ea+6\api-ms-win-core-console-l1-1-0.dll
0x000001c203fc0000 - 0x000001c203fc3000 	C:\Users\nikik\.openjfx\cache\18-ea+6\api-ms-win-core-console-l1-2-0.dll
0x000001c203fd0000 - 0x000001c203fd3000 	C:\Users\nikik\.openjfx\cache\18-ea+6\api-ms-win-core-datetime-l1-1-0.dll
0x000001c203fe0000 - 0x000001c203fe3000 	C:\Users\nikik\.openjfx\cache\18-ea+6\api-ms-win-core-debug-l1-1-0.dll
0x000001c203ff0000 - 0x000001c203ff3000 	C:\Users\nikik\.openjfx\cache\18-ea+6\api-ms-win-core-errorhandling-l1-1-0.dll
0x000001c208d10000 - 0x000001c208d14000 	C:\Users\nikik\.openjfx\cache\18-ea+6\api-ms-win-core-file-l1-1-0.dll
0x000001c208d20000 - 0x000001c208d23000 	C:\Users\nikik\.openjfx\cache\18-ea+6\api-ms-win-core-file-l1-2-0.dll
0x000001c208d30000 - 0x000001c208d33000 	C:\Users\nikik\.openjfx\cache\18-ea+6\api-ms-win-core-file-l2-1-0.dll
0x000001c208d40000 - 0x000001c208d43000 	C:\Users\nikik\.openjfx\cache\18-ea+6\api-ms-win-core-handle-l1-1-0.dll
0x000001c208d50000 - 0x000001c208d53000 	C:\Users\nikik\.openjfx\cache\18-ea+6\api-ms-win-core-heap-l1-1-0.dll
0x000001c208d60000 - 0x000001c208d63000 	C:\Users\nikik\.openjfx\cache\18-ea+6\api-ms-win-core-interlocked-l1-1-0.dll
0x000001c208d70000 - 0x000001c208d73000 	C:\Users\nikik\.openjfx\cache\18-ea+6\api-ms-win-core-libraryloader-l1-1-0.dll
0x000001c208d80000 - 0x000001c208d83000 	C:\Users\nikik\.openjfx\cache\18-ea+6\api-ms-win-core-localization-l1-2-0.dll
0x000001c208d90000 - 0x000001c208d93000 	C:\Users\nikik\.openjfx\cache\18-ea+6\api-ms-win-core-memory-l1-1-0.dll
0x000001c208da0000 - 0x000001c208da3000 	C:\Users\nikik\.openjfx\cache\18-ea+6\api-ms-win-core-namedpipe-l1-1-0.dll
0x000001c208db0000 - 0x000001c208db3000 	C:\Users\nikik\.openjfx\cache\18-ea+6\api-ms-win-core-processenvironment-l1-1-0.dll
0x000001c208dc0000 - 0x000001c208dc3000 	C:\Users\nikik\.openjfx\cache\18-ea+6\api-ms-win-core-processthreads-l1-1-0.dll
0x000001c208dd0000 - 0x000001c208dd3000 	C:\Users\nikik\.openjfx\cache\18-ea+6\api-ms-win-core-processthreads-l1-1-1.dll
0x000001c208de0000 - 0x000001c208de3000 	C:\Users\nikik\.openjfx\cache\18-ea+6\api-ms-win-core-profile-l1-1-0.dll
0x000001c208df0000 - 0x000001c208df3000 	C:\Users\nikik\.openjfx\cache\18-ea+6\api-ms-win-core-rtlsupport-l1-1-0.dll
0x000001c208e00000 - 0x000001c208e03000 	C:\Users\nikik\.openjfx\cache\18-ea+6\api-ms-win-core-string-l1-1-0.dll
0x000001c208e10000 - 0x000001c208e13000 	C:\Users\nikik\.openjfx\cache\18-ea+6\api-ms-win-core-synch-l1-1-0.dll
0x000001c208e20000 - 0x000001c208e23000 	C:\Users\nikik\.openjfx\cache\18-ea+6\api-ms-win-core-synch-l1-2-0.dll
0x000001c208e30000 - 0x000001c208e33000 	C:\Users\nikik\.openjfx\cache\18-ea+6\api-ms-win-core-sysinfo-l1-1-0.dll
0x000001c208e40000 - 0x000001c208e43000 	C:\Users\nikik\.openjfx\cache\18-ea+6\api-ms-win-core-timezone-l1-1-0.dll
0x000001c208e50000 - 0x000001c208e53000 	C:\Users\nikik\.openjfx\cache\18-ea+6\api-ms-win-core-util-l1-1-0.dll
0x000001c208e60000 - 0x000001c208e63000 	C:\Users\nikik\.openjfx\cache\18-ea+6\api-ms-win-crt-conio-l1-1-0.dll
0x000001c208e70000 - 0x000001c208e74000 	C:\Users\nikik\.openjfx\cache\18-ea+6\api-ms-win-crt-convert-l1-1-0.dll
0x000001c208e80000 - 0x000001c208e83000 	C:\Users\nikik\.openjfx\cache\18-ea+6\api-ms-win-crt-environment-l1-1-0.dll
0x000001c208e90000 - 0x000001c208e93000 	C:\Users\nikik\.openjfx\cache\18-ea+6\api-ms-win-crt-filesystem-l1-1-0.dll
0x000001c208ea0000 - 0x000001c208ea3000 	C:\Users\nikik\.openjfx\cache\18-ea+6\api-ms-win-crt-heap-l1-1-0.dll
0x000001c208eb0000 - 0x000001c208eb3000 	C:\Users\nikik\.openjfx\cache\18-ea+6\api-ms-win-crt-locale-l1-1-0.dll
0x000001c208ec0000 - 0x000001c208ec5000 	C:\Users\nikik\.openjfx\cache\18-ea+6\api-ms-win-crt-math-l1-1-0.dll
0x000001c208ed0000 - 0x000001c208ed5000 	C:\Users\nikik\.openjfx\cache\18-ea+6\api-ms-win-crt-multibyte-l1-1-0.dll
0x000001c208ee0000 - 0x000001c208ef0000 	C:\Users\nikik\.openjfx\cache\18-ea+6\api-ms-win-crt-private-l1-1-0.dll
0x000001c208ef0000 - 0x000001c208ef3000 	C:\Users\nikik\.openjfx\cache\18-ea+6\api-ms-win-crt-process-l1-1-0.dll
0x000001c208f00000 - 0x000001c208f04000 	C:\Users\nikik\.openjfx\cache\18-ea+6\api-ms-win-crt-runtime-l1-1-0.dll
0x000001c208f10000 - 0x000001c208f14000 	C:\Users\nikik\.openjfx\cache\18-ea+6\api-ms-win-crt-stdio-l1-1-0.dll
0x000001c208f20000 - 0x000001c208f24000 	C:\Users\nikik\.openjfx\cache\18-ea+6\api-ms-win-crt-string-l1-1-0.dll
0x000001c208f30000 - 0x000001c208f33000 	C:\Users\nikik\.openjfx\cache\18-ea+6\api-ms-win-crt-time-l1-1-0.dll
0x000001c208f40000 - 0x000001c208f43000 	C:\Users\nikik\.openjfx\cache\18-ea+6\api-ms-win-crt-utility-l1-1-0.dll
0x00007fff11900000 - 0x00007fff119fc000 	C:\Users\nikik\.openjfx\cache\18-ea+6\ucrtbase.dll
0x00007fff3c900000 - 0x00007fff3c91a000 	C:\Users\nikik\.openjfx\cache\18-ea+6\vcruntime140.dll
0x00007fff3f450000 - 0x00007fff3f45c000 	C:\Users\nikik\.openjfx\cache\18-ea+6\vcruntime140_1.dll
0x00007fff12080000 - 0x00007fff1210d000 	C:\Users\nikik\.openjfx\cache\18-ea+6\msvcp140.dll
0x00007fff32b10000 - 0x00007fff32b3a000 	C:\Users\nikik\.openjfx\cache\18-ea+6\prism_d3d.dll
0x00007fff32f80000 - 0x00007fff3314f000 	C:\WINDOWS\system32\d3d9.dll
0x00007fff415e0000 - 0x00007fff4160f000 	C:\WINDOWS\SYSTEM32\dwmapi.dll
0x00007fff414d0000 - 0x00007fff4156e000 	C:\WINDOWS\system32\uxtheme.dll
0x00007ffefe110000 - 0x00007ffefe277000 	C:\WINDOWS\System32\DriverStore\FileRepository\iigd_dch.inf_amd64_7235e197535e8934\igdumdim64.dll
0x00007fff46420000 - 0x00007fff4654a000 	C:\WINDOWS\System32\ole32.dll
0x00007ffec4a60000 - 0x00007ffec8652000 	C:\WINDOWS\System32\DriverStore\FileRepository\iigd_dch.inf_amd64_7235e197535e8934\igd9dxva64.dll
0x00007fff45d40000 - 0x00007fff45e0d000 	C:\WINDOWS\System32\OLEAUT32.dll
0x00007fff45e10000 - 0x00007fff46280000 	C:\WINDOWS\System32\SETUPAPI.dll
0x00007fff44550000 - 0x00007fff4459e000 	C:\WINDOWS\System32\cfgmgr32.dll
0x00007fff447c0000 - 0x00007fff447e7000 	C:\WINDOWS\System32\bcrypt.dll
0x00007fff37fe0000 - 0x00007fff383a5000 	C:\WINDOWS\System32\DriverStore\FileRepository\iigd_dch.inf_amd64_7235e197535e8934\igdgmm64.dll
0x00007fff118b0000 - 0x00007fff118f2000 	C:\Users\nikik\.openjfx\cache\18-ea+6\glass.dll
0x00007fff44eb0000 - 0x00007fff44f8b000 	C:\WINDOWS\System32\COMDLG32.dll
0x00007fff44830000 - 0x00007fff44946000 	C:\WINDOWS\System32\MSCTF.dll
0x00007fff0bd90000 - 0x00007fff0bdb7000 	C:\WINDOWS\System32\DriverStore\FileRepository\iigd_dch.inf_amd64_7235e197535e8934\igdinfo64.dll
0x00007fff34b10000 - 0x00007fff37fd3000 	C:\WINDOWS\System32\DriverStore\FileRepository\iigd_dch.inf_amd64_7235e197535e8934\igc64.dll
0x00007fff3edf0000 - 0x00007fff3ee2b000 	C:\WINDOWS\SYSTEM32\dxcore.dll
0x00007fff32450000 - 0x00007fff32464000 	C:\Users\nikik\.openjfx\cache\18-ea+6\javafx_font.dll
0x00007fff2f3f0000 - 0x00007fff2f66f000 	C:\WINDOWS\SYSTEM32\dwrite.dll
0x00007fff45b30000 - 0x00007fff45bd9000 	C:\WINDOWS\System32\clbcatq.dll
0x00007fff3dc60000 - 0x00007fff3de14000 	C:\WINDOWS\SYSTEM32\WindowsCodecs.dll
0x00007fff2a640000 - 0x00007fff2a67e000 	C:\WINDOWS\system32\dataexchange.dll
0x00007fff3fef0000 - 0x00007fff40154000 	C:\WINDOWS\system32\d3d11.dll
0x00007fff42780000 - 0x00007fff42873000 	C:\WINDOWS\system32\dxgi.dll
0x00007fff40800000 - 0x00007fff409e5000 	C:\WINDOWS\system32\dcomp.dll
0x00007fff3e350000 - 0x00007fff3e551000 	C:\WINDOWS\system32\twinapi.appcore.dll
0x00007fff2f350000 - 0x00007fff2f384000 	C:\Program Files\Common Files\Microsoft Shared\Ink\rtscom.dll
0x00007fff3cec0000 - 0x00007fff3cfb9000 	C:\WINDOWS\SYSTEM32\textinputframework.dll
0x00007fff411d0000 - 0x00007fff412c2000 	C:\WINDOWS\System32\CoreMessaging.dll
0x00007fff409f0000 - 0x00007fff40d4e000 	C:\WINDOWS\System32\CoreUIComponents.dll
0x00007fff42b70000 - 0x00007fff42ba3000 	C:\WINDOWS\SYSTEM32\ntmarta.dll
0x00007fff3f830000 - 0x00007fff3f984000 	C:\WINDOWS\SYSTEM32\wintypes.dll

dbghelp: loaded successfully - version: 4.0.5 - missing functions: none
symbol engine: initialized successfully - sym options: 0x614 - pdb path: .;C:\Users\nikik\.jdks\openjdk-18-1\bin;C:\WINDOWS\SYSTEM32;C:\WINDOWS\WinSxS\amd64_microsoft.windows.common-controls_6595b64144ccf1df_6.0.19041.1110_none_60b5254171f9507e;C:\Users\nikik\.jdks\openjdk-18-1\bin\server;D:\Intelej\IntelliJ IDEA Community Edition 2022.1\bin;C:\Users\nikik\.openjfx\cache\18-ea+6;C:\WINDOWS\System32\DriverStore\FileRepository\iigd_dch.inf_amd64_7235e197535e8934;C:\Program Files\Common Files\Microsoft Shared\Ink

VM Arguments:
jvm_args: -javaagent:D:\Intelej\IntelliJ IDEA Community Edition 2022.1\lib\idea_rt.jar=53176:D:\Intelej\IntelliJ IDEA Community Edition 2022.1\bin -Dfile.encoding=UTF-8 --module-path=C:\Users\nikik\.m2\repository\org\openjfx\javafx-controls\18-ea+6\javafx-controls-18-ea+6-win.jar;D:\IntelliJ IDEA\norm3laba\govna\target\classes;C:\Users\nikik\.m2\repository\org\openjfx\javafx-graphics\18-ea+6\javafx-graphics-18-ea+6-win.jar;C:\Users\nikik\.m2\repository\org\openjfx\javafx-fxml\18-ea+6\javafx-fxml-18-ea+6-win.jar;C:\Users\nikik\.m2\repository\org\openjfx\javafx-base\18-ea+6\javafx-base-18-ea+6-win.jar -Djdk.module.main=com.example.govna 
java_command: com.example.govna/com.example.govna.HelloApplication
java_class_path (initial): C:\Users\nikik\.m2\repository\org\openjfx\javafx-controls\18-ea+6\javafx-controls-18-ea+6.jar;C:\Users\nikik\.m2\repository\org\openjfx\javafx-graphics\18-ea+6\javafx-graphics-18-ea+6.jar;C:\Users\nikik\.m2\repository\org\openjfx\javafx-base\18-ea+6\javafx-base-18-ea+6.jar;C:\Users\nikik\.m2\repository\org\openjfx\javafx-fxml\18-ea+6\javafx-fxml-18-ea+6.jar
Launcher Type: SUN_STANDARD

[Global flags]
     intx CICompilerCount                          = 3                                         {product} {ergonomic}
     uint ConcGCThreads                            = 1                                         {product} {ergonomic}
     uint G1ConcRefinementThreads                  = 4                                         {product} {ergonomic}
   size_t G1HeapRegionSize                         = 1048576                                   {product} {ergonomic}
    uintx GCDrainStackTargetSize                   = 64                                        {product} {ergonomic}
   size_t InitialHeapSize                          = 134217728                                 {product} {ergonomic}
   size_t MarkStackSize                            = 4194304                                   {product} {ergonomic}
   size_t MaxHeapSize                              = 2116026368                                {product} {ergonomic}
   size_t MaxNewSize                               = 1268776960                                {product} {ergonomic}
   size_t MinHeapDeltaBytes                        = 1048576                                   {product} {ergonomic}
   size_t MinHeapSize                              = 8388608                                   {product} {ergonomic}
    uintx NonNMethodCodeHeapSize                   = 5832780                                {pd product} {ergonomic}
    uintx NonProfiledCodeHeapSize                  = 122912730                              {pd product} {ergonomic}
    uintx ProfiledCodeHeapSize                     = 122912730                              {pd product} {ergonomic}
    uintx ReservedCodeCacheSize                    = 251658240                              {pd product} {ergonomic}
     bool SegmentedCodeCache                       = true                                      {product} {ergonomic}
   size_t SoftMaxHeapSize                          = 2116026368                             {manageable} {ergonomic}
     bool UseCompressedClassPointers               = true                           {product lp64_product} {ergonomic}
     bool UseCompressedOops                        = true                           {product lp64_product} {ergonomic}
     bool UseG1GC                                  = true                                      {product} {ergonomic}
     bool UseLargePagesIndividualAllocation        = false                                  {pd product} {ergonomic}

Logging:
Log output configuration:
 #0: stdout all=off uptime,level,tags foldmultilines=false
 #1: stderr all=off uptime,level,tags foldmultilines=false

Environment Variables:
JAVA_HOME=C:\Program Files\Java\jdk-17
PATH=C:\Users\nikik\AppData\Local\Programs\Python\Python310\Scripts\;C:\Users\nikik\AppData\Local\Programs\Python\Python310\;C:\Python310\Scripts\;C:\Python310\;C:\Program Files\Common Files\Oracle\Java\javapath;C:\WinAVR-20100110\bin;C:\WinAVR-20100110\utils\bin;C:\WinAVR-20100110;D:\GNU\10 2020-q4-major\bin;C:\WINDOWS\system32;C:\WINDOWS;C:\WINDOWS\System32\Wbem;C:\WINDOWS\System32\WindowsPowerShell\v1.0\;C:\WINDOWS\System32\OpenSSH\;C:\Program Files (x86)\STMicroelectronics\STM32 ST-LINK Utility\ST-LINK Utility;D:\MatLAB\runtime\win64;D:\MatLAB\bin;D:\MatLAB\polyspace\bin;C:\Program Files\Git\cmd;C:\Program Files\dotnet\;C:\Program Files (x86)\dotnet\;C:\Program Files\Docker\Docker\resources\bin;C:\ProgramData\DockerDesktop\version-bin;C:\ProgramData\chocolatey\bin;E:\nodejs\;C:\Program Files\Zabbix Agent 2\;C:\Users\nikik\AppData\Local\Programs\Python\Python38-32\Scripts\;C:\Users\nikik\AppData\Local\Programs\Python\Python38-32\;C:\Program Files\MySQL\MySQL Shell 8.0\bin\;D:\eclipse\4.6 2012q4\bin;D:\Visual Studio Code\Microsoft VS Code\bin;C:\Users\nikik\AppData\Local\atom\bin;C:\WinAVR-20100110;C:\Users\nikik\AppData\Local\Microsoft\WindowsApps;C:\Users\nikik\AppData\Roaming\npm
USERNAME=nikik
OS=Windows_NT
PROCESSOR_IDENTIFIER=Intel64 Family 6 Model 142 Stepping 9, GenuineIntel



---------------  S Y S T E M  ---------------

OS:
 Windows 10 , 64 bit Build 19041 (10.0.19041.1566)
OS uptime: 7 days 19:04 hours
Hyper-V role detected

CPU: total 4 (initial active 4) (2 cores per cpu, 2 threads per core) family 6 model 142 stepping 9 microcode 0xb4, cx8, cmov, fxsr, ht, mmx, 3dnowpref, sse, sse2, sse3, ssse3, sse4.1, sse4.2, popcnt, lzcnt, tsc, tscinvbit, avx, avx2, aes, erms, clmul, bmi1, bmi2, adx, fma, vzeroupper, clflush, clflushopt, hv

Memory: 4k page, system-wide physical 8071M (1487M free)
TotalPageFile size 12935M (AvailPageFile size 2169M)
current process WorkingSet (physical memory assigned to process): 136M, peak: 147M
current process commit charge ("private bytes"): 266M, peak: 277M

vm_info: OpenJDK 64-Bit Server VM (18+36-2087) for windows-amd64 JRE (18+36-2087), built on Feb 15 2022 09:37:35 by "mach5one" with MS VC++ 16.8 / 16.9 (VS2019)

END.
