#
# A fatal error has been detected by the Java Runtime Environment:
#
#  EXCEPTION_ACCESS_VIOLATION (0xc0000005) at pc=0x00007fff0c1b6a87, pid=14132, tid=13264
#
# JRE version: OpenJDK Runtime Environment (18.0+36) (build 18+36-2087)
# Java VM: OpenJDK 64-Bit Server VM (18+36-2087, mixed mode, sharing, tiered, compressed oops, compressed class ptrs, g1 gc, windows-amd64)
# Problematic frame:
# C  [glass.dll+0x26a87]
#
# No core dump will be written. Minidumps are not enabled by default on client versions of Windows
#
# If you would like to submit a bug report, please visit:
#   https://bugreport.java.com/bugreport/crash.jsp
#

---------------  S U M M A R Y ------------

Command Line: -javaagent:D:\Intelej\IntelliJ IDEA Community Edition 2022.1\lib\idea_rt.jar=53238:D:\Intelej\IntelliJ IDEA Community Edition 2022.1\bin -Dfile.encoding=UTF-8 --module-path=D:\IntelliJ IDEA\norm3laba\govna\target\classes;C:\Users\nikik\.m2\repository\org\openjfx\javafx-controls\18-ea+6\javafx-controls-18-ea+6-win.jar;C:\Users\nikik\.m2\repository\org\openjfx\javafx-base\18-ea+6\javafx-base-18-ea+6-win.jar;C:\Users\nikik\.m2\repository\org\openjfx\javafx-fxml\18-ea+6\javafx-fxml-18-ea+6-win.jar;C:\Users\nikik\.m2\repository\org\openjfx\javafx-graphics\18-ea+6\javafx-graphics-18-ea+6-win.jar -Djdk.module.main=com.example.govna com.example.govna/com.example.govna.HelloApplication

Host: Intel(R) Core(TM) i5-7200U CPU @ 2.50GHz, 4 cores, 7G,  Windows 10 , 64 bit Build 19041 (10.0.19041.1566)
Time: Thu Apr 14 18:16:26 2022  Windows 10 , 64 bit Build 19041 (10.0.19041.1566) elapsed time: 44.524083 seconds (0d 0h 0m 44s)

---------------  T H R E A D  ---------------

Current thread (0x000002a5a3c287b0):  VMThread "VM Thread" [stack: 0x000000fdab600000,0x000000fdab700000] [id=13264]

Stack: [0x000000fdab600000,0x000000fdab700000],  sp=0x000000fdab6ff2a0,  free space=1020k
Native frames: (J=compiled Java code, j=interpreted, Vv=VM code, C=native code)
C  [glass.dll+0x26a87]


siginfo: EXCEPTION_ACCESS_VIOLATION (0xc0000005), reading address 0x0000000000000000


Register to memory mapping:

RIP=0x00007fff0c1b6a87 glass.dll
RAX=0x0 is NULL
RBX=0x000002a5a3c350e0 is a global jni handle
RCX=0x000002a5a3c287b0 points into unknown readable memory: 0x00007ffed617edc8 | c8 ed 17 d6 fe 7f 00 00
RDX=0x000000fdab6ff2a0 points into unknown readable memory: 0x0000000000000000 | 00 00 00 00 00 00 00 00
RSP=0x000000fdab6ff2a0 points into unknown readable memory: 0x0000000000000000 | 00 00 00 00 00 00 00 00
RBP=0x000002a5a89f95e8 points into unknown readable memory: 0x000023e909f5b24a | 4a b2 f5 09 e9 23 00 00
RSI=0x000002a5a89f95c0 points into unknown readable memory: 0x01ffdfd9650c024a | 4a 02 0c 65 d9 df ff 01
RDI=0x000023e909f5b24a is an unknown value
R8 =0x0000000000010002 is an unknown value
R9 =0x000023e909f5b24a is an unknown value
R10=0x0000000000008000 is an unknown value
R11=0x000000fdab6ff230 points into unknown readable memory: 0x000002a5a89f95c0 | c0 95 9f a8 a5 02 00 00
R12=0x00007fff0c1b4354 glass.dll
R13=0x00007ffed6340b40 jvm.dll
R14=0x000000fdab6ff398 points into unknown readable memory: 0x000000fdab6ff380 | 80 f3 6f ab fd 00 00 00
R15=0x000002a5a89f95c0 points into unknown readable memory: 0x01ffdfd9650c024a | 4a 02 0c 65 d9 df ff 01


Registers:
RAX=0x0000000000000000, RBX=0x000002a5a3c350e0, RCX=0x000002a5a3c287b0, RDX=0x000000fdab6ff2a0
RSP=0x000000fdab6ff2a0, RBP=0x000002a5a89f95e8, RSI=0x000002a5a89f95c0, RDI=0x000023e909f5b24a
R8 =0x0000000000010002, R9 =0x000023e909f5b24a, R10=0x0000000000008000, R11=0x000000fdab6ff230
R12=0x00007fff0c1b4354, R13=0x00007ffed6340b40, R14=0x000000fdab6ff398, R15=0x000002a5a89f95c0
RIP=0x00007fff0c1b6a87, EFLAGS=0x0000000000010202

Top of Stack: (sp=0x000000fdab6ff2a0)
0x000000fdab6ff2a0:   0000000000000000 000002a5a89f95c0
0x000000fdab6ff2b0:   00007ffed6340b40 00007fff0c1b4354
0x000000fdab6ff2c0:   000002a5a89f95c8 00007fff446642d6
0x000000fdab6ff2d0:   000023e909f5b24a 000002a500000000
0x000000fdab6ff2e0:   000002a5a89f95e8 000002a5a89f95c0
0x000000fdab6ff2f0:   fffffffffffffffe 0000000000000000
0x000000fdab6ff300:   0000000000000001 00007fff0c190000
0x000000fdab6ff310:   000000fdab6ff388 00007fff446641fb
0x000000fdab6ff320:   0000000000000000 000000fdab6ff398
0x000000fdab6ff330:   000000fdab6ff660 00007fff44740e40
0x000000fdab6ff340:   0000000000000001 00007fff446641b4
0x000000fdab6ff350:   0000000000000000 0000000000000001
0x000000fdab6ff360:   00007fff00000001 000000fdab6ff388
0x000000fdab6ff370:   0000000000000000 00007fff0c1b41e1
0x000000fdab6ff380:   00007fff0c1ca138 00007fff00000002
0x000000fdab6ff390:   0000000000000002 000000fdab6ff380 

Instructions: (pc=0x00007fff0c1b6a87)
0x00007fff0c1b6987:   8b 4d 58 e8 01 cf ff ff 48 8b 4d 60 e8 f8 ce ff
0x00007fff0c1b6997:   ff 48 8b 95 80 00 00 00 48 8b 8d 18 01 00 00 e8
0x00007fff0c1b69a7:   c6 c3 ff ff 33 d2 33 c9 e8 3c e1 ff ff 90 48 89
0x00007fff0c1b69b7:   54 24 10 55 48 83 ec 20 48 8b ea 48 b8 00 00 00
0x00007fff0c1b69c7:   00 00 00 00 00 48 83 c4 20 5d c3 cc 40 55 48 8b
0x00007fff0c1b69d7:   ea 48 8b 01 33 c9 81 38 05 00 00 c0 0f 94 c1 8b
0x00007fff0c1b69e7:   c1 5d c3 cc 40 55 48 83 ec 20 48 8b ea 8a 4d 40
0x00007fff0c1b69f7:   48 83 c4 20 5d e9 f7 d2 ff ff cc 40 55 48 83 ec
0x00007fff0c1b6a07:   20 48 8b ea 8a 4d 20 e8 e5 d2 ff ff 90 48 83 c4
0x00007fff0c1b6a17:   20 5d c3 cc 40 55 48 83 ec 20 48 8b ea 48 83 c4
0x00007fff0c1b6a27:   20 5d e9 46 d1 ff ff cc 40 55 48 83 ec 30 48 8b
0x00007fff0c1b6a37:   ea 48 8b 01 8b 10 48 89 4c 24 28 89 54 24 20 4c
0x00007fff0c1b6a47:   8d 0d e7 d5 ff ff 4c 8b 45 70 8b 55 68 48 8b 4d
0x00007fff0c1b6a57:   60 e8 87 d0 ff ff 90 48 83 c4 30 5d c3 cc cc cc
0x00007fff0c1b6a67:   cc cc cc cc cc cc cc cc cc 40 53 48 83 ec 20 48
0x00007fff0c1b6a77:   8b 1d b3 30 01 00 48 85 db 74 16 e8 09 8b ff ff
0x00007fff0c1b6a87:   4c 8b 00 48 8b d3 48 8b c8 41 ff 90 b0 00 00 00
0x00007fff0c1b6a97:   90 48 83 c4 20 5b c3 cc cc 40 53 48 83 ec 20 48
0x00007fff0c1b6aa7:   8b 1d 2b 32 01 00 48 85 db 74 57 b8 ff ff ff ff
0x00007fff0c1b6ab7:   f0 0f c1 43 10 83 f8 01 75 3d 48 85 db 74 38 48
0x00007fff0c1b6ac7:   8b 0b 48 85 c9 74 0d ff 15 d4 07 00 00 48 c7 03
0x00007fff0c1b6ad7:   00 00 00 00 48 8b 4b 08 48 85 c9 74 0d e8 a7 cd
0x00007fff0c1b6ae7:   ff ff 48 c7 43 08 00 00 00 00 ba 18 00 00 00 48
0x00007fff0c1b6af7:   8b cb e8 92 cd ff ff 48 c7 05 cf 31 01 00 00 00
0x00007fff0c1b6b07:   00 00 48 83 c4 20 5b c3 cc 40 53 48 83 ec 20 48
0x00007fff0c1b6b17:   8b 1d 9b 31 01 00 48 85 db 74 57 b8 ff ff ff ff
0x00007fff0c1b6b27:   f0 0f c1 43 10 83 f8 01 75 3d 48 85 db 74 38 48
0x00007fff0c1b6b37:   8b 0b 48 85 c9 74 0d ff 15 64 07 00 00 48 c7 03
0x00007fff0c1b6b47:   00 00 00 00 48 8b 4b 08 48 85 c9 74 0d e8 37 cd
0x00007fff0c1b6b57:   ff ff 48 c7 43 08 00 00 00 00 ba 18 00 00 00 48
0x00007fff0c1b6b67:   8b cb e8 22 cd ff ff 48 c7 05 3f 31 01 00 00 00
0x00007fff0c1b6b77:   00 00 48 83 c4 20 5b c3 cc 40 53 48 83 ec 20 48 


Stack slot to memory mapping:
stack at sp + 0 slots: 0x0 is NULL
stack at sp + 1 slots: 0x000002a5a89f95c0 points into unknown readable memory: 0x01ffdfd9650c024a | 4a 02 0c 65 d9 df ff 01
stack at sp + 2 slots: 0x00007ffed6340b40 jvm.dll
stack at sp + 3 slots: 0x00007fff0c1b4354 glass.dll
stack at sp + 4 slots: 0x000002a5a89f95c8 points into unknown readable memory: 0x000023e909f5b24a | 4a b2 f5 09 e9 23 00 00
stack at sp + 5 slots: 0x00007fff446642d6 ucrtbase.dll
stack at sp + 6 slots: 0x000023e909f5b24a is an unknown value
stack at sp + 7 slots: 0x000002a500000000 is an unknown value

VM_Operation (0x000000fdad3fef60): Exit, mode: safepoint, requested by thread 0x000002a5a8b800c0


---------------  P R O C E S S  ---------------

Threads class SMR info:
_java_thread_list=0x000002a5adae0a60, length=21, elements={
0x000002a58637ee90, 0x000002a5a3c2bf50, 0x000002a5a3c2cbb0, 0x000002a5a3c484e0,
0x000002a5a3c48e80, 0x000002a5a3c49820, 0x000002a5a3c4a1c0, 0x000002a5a3c4ae90,
0x000002a5a3c4d020, 0x000002a5a3ccda90, 0x000002a5a8053e40, 0x000002a5a8684c00,
0x000002a5a86833f0, 0x000002a5a8682a50, 0x000002a5a8684260, 0x000002a5a8684730,
0x000002a5a8682580, 0x000002a5a8b848f0, 0x000002a5a8b82c10, 0x000002a5a8b83f50,
0x000002a5a8b800c0
}

Java Threads: ( => current thread )
  0x000002a58637ee90 JavaThread "main" [_thread_blocked, id=10880, stack(0x000000fdaaf00000,0x000000fdab000000)]
  0x000002a5a3c2bf50 JavaThread "Reference Handler" daemon [_thread_blocked, id=4108, stack(0x000000fdab700000,0x000000fdab800000)]
  0x000002a5a3c2cbb0 JavaThread "Finalizer" daemon [_thread_blocked, id=18184, stack(0x000000fdab800000,0x000000fdab900000)]
  0x000002a5a3c484e0 JavaThread "Signal Dispatcher" daemon [_thread_blocked, id=2240, stack(0x000000fdab900000,0x000000fdaba00000)]
  0x000002a5a3c48e80 JavaThread "Attach Listener" daemon [_thread_blocked, id=18868, stack(0x000000fdaba00000,0x000000fdabb00000)]
  0x000002a5a3c49820 JavaThread "Service Thread" daemon [_thread_blocked, id=9148, stack(0x000000fdabb00000,0x000000fdabc00000)]
  0x000002a5a3c4a1c0 JavaThread "Monitor Deflation Thread" daemon [_thread_blocked, id=7948, stack(0x000000fdabc00000,0x000000fdabd00000)]
  0x000002a5a3c4ae90 JavaThread "C2 CompilerThread0" daemon [_thread_blocked, id=18292, stack(0x000000fdabd00000,0x000000fdabe00000)]
  0x000002a5a3c4d020 JavaThread "C1 CompilerThread0" daemon [_thread_blocked, id=5996, stack(0x000000fdabe00000,0x000000fdabf00000)]
  0x000002a5a3ccda90 JavaThread "Sweeper thread" daemon [_thread_blocked, id=8148, stack(0x000000fdabf00000,0x000000fdac000000)]
  0x000002a5a8053e40 JavaThread "Common-Cleaner" daemon [_thread_blocked, id=5072, stack(0x000000fdac000000,0x000000fdac100000)]
  0x000002a5a8684c00 JavaThread "Monitor Ctrl-Break" daemon [_thread_in_native, id=6852, stack(0x000000fdac200000,0x000000fdac300000)]
  0x000002a5a86833f0 JavaThread "Notification Thread" daemon [_thread_blocked, id=19180, stack(0x000000fdac300000,0x000000fdac400000)]
  0x000002a5a8682a50 JavaThread "QuantumRenderer-0" daemon [_thread_blocked, id=17992, stack(0x000000fdac700000,0x000000fdac800000)]
  0x000002a5a8684260 JavaThread "InvokeLaterDispatcher" daemon [_thread_blocked, id=4364, stack(0x000000fdac800000,0x000000fdac900000)]
  0x000002a5a8684730 JavaThread "JavaFX Application Thread" [_thread_in_native, id=18500, stack(0x000000fdac900000,0x000000fdaca00000)]
  0x000002a5a8682580 JavaThread "Thread-1" daemon [_thread_in_native, id=18640, stack(0x000000fdacd00000,0x000000fdace00000)]
  0x000002a5a8b848f0 JavaThread "JavaFX-Launcher" [_thread_blocked, id=18716, stack(0x000000fdace00000,0x000000fdacf00000)]
  0x000002a5a8b82c10 JavaThread "Prism Font Disposer" daemon [_thread_blocked, id=10992, stack(0x000000fdad200000,0x000000fdad300000)]
  0x000002a5a8b83f50 JavaThread "Cleaner-0" daemon [_thread_blocked, id=17552, stack(0x000000fdad400000,0x000000fdad500000)]
  0x000002a5a8b800c0 JavaThread "SIGINT handler" daemon [_thread_blocked, id=15744, stack(0x000000fdad300000,0x000000fdad400000)]

Other Threads:
=>0x000002a5a3c287b0 VMThread "VM Thread" [stack: 0x000000fdab600000,0x000000fdab700000] [id=13264]
  0x000002a5863dfd70 WorkerThread "GC Thread#0" [stack: 0x000000fdab100000,0x000000fdab200000] [id=5616]
  0x000002a5a88eed40 WorkerThread "GC Thread#1" [stack: 0x000000fdac100000,0x000000fdac200000] [id=18308]
  0x000002a5a8630bb0 WorkerThread "GC Thread#2" [stack: 0x000000fdac500000,0x000000fdac600000] [id=18464]
  0x000002a5a8833c30 WorkerThread "GC Thread#3" [stack: 0x000000fdac600000,0x000000fdac700000] [id=11696]
  0x000002a5863f18f0 ConcurrentGCThread "G1 Main Marker" terminated
  0x000002a5863f22e0 WorkerThread "G1 Conc#0" [stack: 0x000000fdab300000,0x000000fdab400000] [id=14036]
  0x000002a58642eca0 ConcurrentGCThread "G1 Refine#0" terminated
  0x000002a586431500 ConcurrentGCThread "G1 Service" terminated

Threads with active compile tasks:

VM state: at safepoint (shutting down)

VM Mutex/Monitor currently owned by a thread:  ([mutex/lock_event])
[0x000002a58637df80] Threads_lock - owner thread: 0x000002a5a3c287b0
[0x000002a58637d680] Heap_lock - owner thread: 0x000002a5a8b800c0

Heap address: 0x0000000081e00000, size: 2018 MB, Compressed Oops mode: 32-bit

CDS archive(s) mapped at: [0x0000000800000000-0x0000000800b90000-0x0000000800b90000), size 12124160, SharedBaseAddress: 0x0000000800000000, ArchiveRelocationMode: 0.
Compressed class space mapped at: 0x0000000800c00000-0x0000000840c00000, reserved size: 1073741824
Narrow klass base: 0x0000000800000000, Narrow klass shift: 0, Narrow klass range: 0x100000000

GC Precious Log:
 CardTable entry size: 512
 Card Set container configuration: InlinePtr #cards 5 size 8 Array Of Cards #cards 12 size 40 Howl #buckets 4 coarsen threshold 1843 Howl Bitmap #cards 512 size 80 coarsen threshold 460 Card regions per heap region 1 cards per card region 2048
 CPUs: 4 total, 4 available
 Memory: 8071M
 Large Page Support: Disabled
 NUMA Support: Disabled
 Compressed Oops: Enabled (32-bit)
 Heap Region Size: 1M
 Heap Min Capacity: 8M
 Heap Initial Capacity: 128M
 Heap Max Capacity: 2018M
 Pre-touch: Disabled
 Parallel Workers: 4
 Concurrent Workers: 1
 Concurrent Refinement Workers: 4
 Periodic GC: Disabled

Heap:
 garbage-first heap   total 131072K, used 27404K [0x0000000081e00000, 0x0000000100000000)
  region size 1024K, 25 young (25600K), 3 survivors (3072K)
 Metaspace       used 13537K, committed 13888K, reserved 1114112K
  class space    used 1730K, committed 1920K, reserved 1048576K

Heap Regions: E=young(eden), S=young(survivor), O=old, HS=humongous(starts), HC=humongous(continues), CS=collection set, F=free, OA=open archive, CA=closed archive, TAMS=top-at-mark-start (previous, next)
|   0|0x0000000081e00000, 0x0000000081f00000, 0x0000000081f00000|100%| O|  |TAMS 0x0000000081e00000, 0x0000000081e00000| Untracked 
|   1|0x0000000081f00000, 0x0000000081fc3200, 0x0000000082000000| 76%| O|  |TAMS 0x0000000081f00000, 0x0000000081f00000| Untracked 
|   2|0x0000000082000000, 0x0000000082100000, 0x0000000082100000|100%|HS|  |TAMS 0x0000000082000000, 0x0000000082000000| Complete 
|   3|0x0000000082100000, 0x0000000082200000, 0x0000000082200000|100%|HC|  |TAMS 0x0000000082100000, 0x0000000082100000| Complete 
|   4|0x0000000082200000, 0x0000000082200000, 0x0000000082300000|  0%| F|  |TAMS 0x0000000082200000, 0x0000000082200000| Untracked 
|   5|0x0000000082300000, 0x0000000082300000, 0x0000000082400000|  0%| F|  |TAMS 0x0000000082300000, 0x0000000082300000| Untracked 
|   6|0x0000000082400000, 0x0000000082400000, 0x0000000082500000|  0%| F|  |TAMS 0x0000000082400000, 0x0000000082400000| Untracked 
|   7|0x0000000082500000, 0x0000000082500000, 0x0000000082600000|  0%| F|  |TAMS 0x0000000082500000, 0x0000000082500000| Untracked 
|   8|0x0000000082600000, 0x0000000082600000, 0x0000000082700000|  0%| F|  |TAMS 0x0000000082600000, 0x0000000082600000| Untracked 
|   9|0x0000000082700000, 0x0000000082700000, 0x0000000082800000|  0%| F|  |TAMS 0x0000000082700000, 0x0000000082700000| Untracked 
|  10|0x0000000082800000, 0x0000000082800000, 0x0000000082900000|  0%| F|  |TAMS 0x0000000082800000, 0x0000000082800000| Untracked 
|  11|0x0000000082900000, 0x0000000082900000, 0x0000000082a00000|  0%| F|  |TAMS 0x0000000082900000, 0x0000000082900000| Untracked 
|  12|0x0000000082a00000, 0x0000000082a00000, 0x0000000082b00000|  0%| F|  |TAMS 0x0000000082a00000, 0x0000000082a00000| Untracked 
|  13|0x0000000082b00000, 0x0000000082b00000, 0x0000000082c00000|  0%| F|  |TAMS 0x0000000082b00000, 0x0000000082b00000| Untracked 
|  14|0x0000000082c00000, 0x0000000082c00000, 0x0000000082d00000|  0%| F|  |TAMS 0x0000000082c00000, 0x0000000082c00000| Untracked 
|  15|0x0000000082d00000, 0x0000000082d00000, 0x0000000082e00000|  0%| F|  |TAMS 0x0000000082d00000, 0x0000000082d00000| Untracked 
|  16|0x0000000082e00000, 0x0000000082e00000, 0x0000000082f00000|  0%| F|  |TAMS 0x0000000082e00000, 0x0000000082e00000| Untracked 
|  17|0x0000000082f00000, 0x0000000082f00000, 0x0000000083000000|  0%| F|  |TAMS 0x0000000082f00000, 0x0000000082f00000| Untracked 
|  18|0x0000000083000000, 0x0000000083000000, 0x0000000083100000|  0%| F|  |TAMS 0x0000000083000000, 0x0000000083000000| Untracked 
|  19|0x0000000083100000, 0x0000000083100000, 0x0000000083200000|  0%| F|  |TAMS 0x0000000083100000, 0x0000000083100000| Untracked 
|  20|0x0000000083200000, 0x0000000083200000, 0x0000000083300000|  0%| F|  |TAMS 0x0000000083200000, 0x0000000083200000| Untracked 
|  21|0x0000000083300000, 0x0000000083300000, 0x0000000083400000|  0%| F|  |TAMS 0x0000000083300000, 0x0000000083300000| Untracked 
|  22|0x0000000083400000, 0x0000000083400000, 0x0000000083500000|  0%| F|  |TAMS 0x0000000083400000, 0x0000000083400000| Untracked 
|  23|0x0000000083500000, 0x0000000083500000, 0x0000000083600000|  0%| F|  |TAMS 0x0000000083500000, 0x0000000083500000| Untracked 
|  24|0x0000000083600000, 0x0000000083600000, 0x0000000083700000|  0%| F|  |TAMS 0x0000000083600000, 0x0000000083600000| Untracked 
|  25|0x0000000083700000, 0x0000000083700000, 0x0000000083800000|  0%| F|  |TAMS 0x0000000083700000, 0x0000000083700000| Untracked 
|  26|0x0000000083800000, 0x0000000083800000, 0x0000000083900000|  0%| F|  |TAMS 0x0000000083800000, 0x0000000083800000| Untracked 
|  27|0x0000000083900000, 0x0000000083900000, 0x0000000083a00000|  0%| F|  |TAMS 0x0000000083900000, 0x0000000083900000| Untracked 
|  28|0x0000000083a00000, 0x0000000083a00000, 0x0000000083b00000|  0%| F|  |TAMS 0x0000000083a00000, 0x0000000083a00000| Untracked 
|  29|0x0000000083b00000, 0x0000000083b00000, 0x0000000083c00000|  0%| F|  |TAMS 0x0000000083b00000, 0x0000000083b00000| Untracked 
|  30|0x0000000083c00000, 0x0000000083c00000, 0x0000000083d00000|  0%| F|  |TAMS 0x0000000083c00000, 0x0000000083c00000| Untracked 
|  31|0x0000000083d00000, 0x0000000083d00000, 0x0000000083e00000|  0%| F|  |TAMS 0x0000000083d00000, 0x0000000083d00000| Untracked 
|  32|0x0000000083e00000, 0x0000000083e00000, 0x0000000083f00000|  0%| F|  |TAMS 0x0000000083e00000, 0x0000000083e00000| Untracked 
|  33|0x0000000083f00000, 0x0000000083f00000, 0x0000000084000000|  0%| F|  |TAMS 0x0000000083f00000, 0x0000000083f00000| Untracked 
|  34|0x0000000084000000, 0x0000000084000000, 0x0000000084100000|  0%| F|  |TAMS 0x0000000084000000, 0x0000000084000000| Untracked 
|  35|0x0000000084100000, 0x0000000084100000, 0x0000000084200000|  0%| F|  |TAMS 0x0000000084100000, 0x0000000084100000| Untracked 
|  36|0x0000000084200000, 0x0000000084200000, 0x0000000084300000|  0%| F|  |TAMS 0x0000000084200000, 0x0000000084200000| Untracked 
|  37|0x0000000084300000, 0x0000000084300000, 0x0000000084400000|  0%| F|  |TAMS 0x0000000084300000, 0x0000000084300000| Untracked 
|  38|0x0000000084400000, 0x0000000084400000, 0x0000000084500000|  0%| F|  |TAMS 0x0000000084400000, 0x0000000084400000| Untracked 
|  39|0x0000000084500000, 0x0000000084500000, 0x0000000084600000|  0%| F|  |TAMS 0x0000000084500000, 0x0000000084500000| Untracked 
|  40|0x0000000084600000, 0x0000000084600000, 0x0000000084700000|  0%| F|  |TAMS 0x0000000084600000, 0x0000000084600000| Untracked 
|  41|0x0000000084700000, 0x0000000084700000, 0x0000000084800000|  0%| F|  |TAMS 0x0000000084700000, 0x0000000084700000| Untracked 
|  42|0x0000000084800000, 0x0000000084800000, 0x0000000084900000|  0%| F|  |TAMS 0x0000000084800000, 0x0000000084800000| Untracked 
|  43|0x0000000084900000, 0x0000000084900000, 0x0000000084a00000|  0%| F|  |TAMS 0x0000000084900000, 0x0000000084900000| Untracked 
|  44|0x0000000084a00000, 0x0000000084a00000, 0x0000000084b00000|  0%| F|  |TAMS 0x0000000084a00000, 0x0000000084a00000| Untracked 
|  45|0x0000000084b00000, 0x0000000084b00000, 0x0000000084c00000|  0%| F|  |TAMS 0x0000000084b00000, 0x0000000084b00000| Untracked 
|  46|0x0000000084c00000, 0x0000000084c00000, 0x0000000084d00000|  0%| F|  |TAMS 0x0000000084c00000, 0x0000000084c00000| Untracked 
|  47|0x0000000084d00000, 0x0000000084d00000, 0x0000000084e00000|  0%| F|  |TAMS 0x0000000084d00000, 0x0000000084d00000| Untracked 
|  48|0x0000000084e00000, 0x0000000084e00000, 0x0000000084f00000|  0%| F|  |TAMS 0x0000000084e00000, 0x0000000084e00000| Untracked 
|  49|0x0000000084f00000, 0x0000000084f00000, 0x0000000085000000|  0%| F|  |TAMS 0x0000000084f00000, 0x0000000084f00000| Untracked 
|  50|0x0000000085000000, 0x0000000085000000, 0x0000000085100000|  0%| F|  |TAMS 0x0000000085000000, 0x0000000085000000| Untracked 
|  51|0x0000000085100000, 0x0000000085100000, 0x0000000085200000|  0%| F|  |TAMS 0x0000000085100000, 0x0000000085100000| Untracked 
|  52|0x0000000085200000, 0x0000000085200000, 0x0000000085300000|  0%| F|  |TAMS 0x0000000085200000, 0x0000000085200000| Untracked 
|  53|0x0000000085300000, 0x0000000085300000, 0x0000000085400000|  0%| F|  |TAMS 0x0000000085300000, 0x0000000085300000| Untracked 
|  54|0x0000000085400000, 0x0000000085400000, 0x0000000085500000|  0%| F|  |TAMS 0x0000000085400000, 0x0000000085400000| Untracked 
|  55|0x0000000085500000, 0x0000000085500000, 0x0000000085600000|  0%| F|  |TAMS 0x0000000085500000, 0x0000000085500000| Untracked 
|  56|0x0000000085600000, 0x0000000085600000, 0x0000000085700000|  0%| F|  |TAMS 0x0000000085600000, 0x0000000085600000| Untracked 
|  57|0x0000000085700000, 0x0000000085700000, 0x0000000085800000|  0%| F|  |TAMS 0x0000000085700000, 0x0000000085700000| Untracked 
|  58|0x0000000085800000, 0x0000000085800000, 0x0000000085900000|  0%| F|  |TAMS 0x0000000085800000, 0x0000000085800000| Untracked 
|  59|0x0000000085900000, 0x0000000085900000, 0x0000000085a00000|  0%| F|  |TAMS 0x0000000085900000, 0x0000000085900000| Untracked 
|  60|0x0000000085a00000, 0x0000000085a00000, 0x0000000085b00000|  0%| F|  |TAMS 0x0000000085a00000, 0x0000000085a00000| Untracked 
|  61|0x0000000085b00000, 0x0000000085b00000, 0x0000000085c00000|  0%| F|  |TAMS 0x0000000085b00000, 0x0000000085b00000| Untracked 
|  62|0x0000000085c00000, 0x0000000085c00000, 0x0000000085d00000|  0%| F|  |TAMS 0x0000000085c00000, 0x0000000085c00000| Untracked 
|  63|0x0000000085d00000, 0x0000000085d00000, 0x0000000085e00000|  0%| F|  |TAMS 0x0000000085d00000, 0x0000000085d00000| Untracked 
|  64|0x0000000085e00000, 0x0000000085e00000, 0x0000000085f00000|  0%| F|  |TAMS 0x0000000085e00000, 0x0000000085e00000| Untracked 
|  65|0x0000000085f00000, 0x0000000085f00000, 0x0000000086000000|  0%| F|  |TAMS 0x0000000085f00000, 0x0000000085f00000| Untracked 
|  66|0x0000000086000000, 0x0000000086000000, 0x0000000086100000|  0%| F|  |TAMS 0x0000000086000000, 0x0000000086000000| Untracked 
|  67|0x0000000086100000, 0x0000000086100000, 0x0000000086200000|  0%| F|  |TAMS 0x0000000086100000, 0x0000000086100000| Untracked 
|  68|0x0000000086200000, 0x0000000086200000, 0x0000000086300000|  0%| F|  |TAMS 0x0000000086200000, 0x0000000086200000| Untracked 
|  69|0x0000000086300000, 0x0000000086300000, 0x0000000086400000|  0%| F|  |TAMS 0x0000000086300000, 0x0000000086300000| Untracked 
|  70|0x0000000086400000, 0x0000000086400000, 0x0000000086500000|  0%| F|  |TAMS 0x0000000086400000, 0x0000000086400000| Untracked 
|  71|0x0000000086500000, 0x0000000086500000, 0x0000000086600000|  0%| F|  |TAMS 0x0000000086500000, 0x0000000086500000| Untracked 
|  72|0x0000000086600000, 0x0000000086600000, 0x0000000086700000|  0%| F|  |TAMS 0x0000000086600000, 0x0000000086600000| Untracked 
|  73|0x0000000086700000, 0x0000000086700000, 0x0000000086800000|  0%| F|  |TAMS 0x0000000086700000, 0x0000000086700000| Untracked 
|  74|0x0000000086800000, 0x0000000086800000, 0x0000000086900000|  0%| F|  |TAMS 0x0000000086800000, 0x0000000086800000| Untracked 
|  75|0x0000000086900000, 0x0000000086900000, 0x0000000086a00000|  0%| F|  |TAMS 0x0000000086900000, 0x0000000086900000| Untracked 
|  76|0x0000000086a00000, 0x0000000086a00000, 0x0000000086b00000|  0%| F|  |TAMS 0x0000000086a00000, 0x0000000086a00000| Untracked 
|  77|0x0000000086b00000, 0x0000000086b00000, 0x0000000086c00000|  0%| F|  |TAMS 0x0000000086b00000, 0x0000000086b00000| Untracked 
|  78|0x0000000086c00000, 0x0000000086c00000, 0x0000000086d00000|  0%| F|  |TAMS 0x0000000086c00000, 0x0000000086c00000| Untracked 
|  79|0x0000000086d00000, 0x0000000086d00000, 0x0000000086e00000|  0%| F|  |TAMS 0x0000000086d00000, 0x0000000086d00000| Untracked 
|  80|0x0000000086e00000, 0x0000000086e00000, 0x0000000086f00000|  0%| F|  |TAMS 0x0000000086e00000, 0x0000000086e00000| Untracked 
|  81|0x0000000086f00000, 0x0000000086f00000, 0x0000000087000000|  0%| F|  |TAMS 0x0000000086f00000, 0x0000000086f00000| Untracked 
|  82|0x0000000087000000, 0x0000000087000000, 0x0000000087100000|  0%| F|  |TAMS 0x0000000087000000, 0x0000000087000000| Untracked 
|  83|0x0000000087100000, 0x0000000087100000, 0x0000000087200000|  0%| F|  |TAMS 0x0000000087100000, 0x0000000087100000| Untracked 
|  84|0x0000000087200000, 0x0000000087200000, 0x0000000087300000|  0%| F|  |TAMS 0x0000000087200000, 0x0000000087200000| Untracked 
|  85|0x0000000087300000, 0x0000000087300000, 0x0000000087400000|  0%| F|  |TAMS 0x0000000087300000, 0x0000000087300000| Untracked 
|  86|0x0000000087400000, 0x0000000087400000, 0x0000000087500000|  0%| F|  |TAMS 0x0000000087400000, 0x0000000087400000| Untracked 
|  87|0x0000000087500000, 0x0000000087500000, 0x0000000087600000|  0%| F|  |TAMS 0x0000000087500000, 0x0000000087500000| Untracked 
|  88|0x0000000087600000, 0x0000000087600000, 0x0000000087700000|  0%| F|  |TAMS 0x0000000087600000, 0x0000000087600000| Untracked 
|  89|0x0000000087700000, 0x0000000087700000, 0x0000000087800000|  0%| F|  |TAMS 0x0000000087700000, 0x0000000087700000| Untracked 
|  90|0x0000000087800000, 0x0000000087800000, 0x0000000087900000|  0%| F|  |TAMS 0x0000000087800000, 0x0000000087800000| Untracked 
|  91|0x0000000087900000, 0x0000000087900000, 0x0000000087a00000|  0%| F|  |TAMS 0x0000000087900000, 0x0000000087900000| Untracked 
|  92|0x0000000087a00000, 0x0000000087a00000, 0x0000000087b00000|  0%| F|  |TAMS 0x0000000087a00000, 0x0000000087a00000| Untracked 
|  93|0x0000000087b00000, 0x0000000087b00000, 0x0000000087c00000|  0%| F|  |TAMS 0x0000000087b00000, 0x0000000087b00000| Untracked 
|  94|0x0000000087c00000, 0x0000000087c00000, 0x0000000087d00000|  0%| F|  |TAMS 0x0000000087c00000, 0x0000000087c00000| Untracked 
|  95|0x0000000087d00000, 0x0000000087d00000, 0x0000000087e00000|  0%| F|  |TAMS 0x0000000087d00000, 0x0000000087d00000| Untracked 
|  96|0x0000000087e00000, 0x0000000087e00000, 0x0000000087f00000|  0%| F|  |TAMS 0x0000000087e00000, 0x0000000087e00000| Untracked 
|  97|0x0000000087f00000, 0x0000000087f00000, 0x0000000088000000|  0%| F|  |TAMS 0x0000000087f00000, 0x0000000087f00000| Untracked 
|  98|0x0000000088000000, 0x0000000088000000, 0x0000000088100000|  0%| F|  |TAMS 0x0000000088000000, 0x0000000088000000| Untracked 
|  99|0x0000000088100000, 0x0000000088100000, 0x0000000088200000|  0%| F|  |TAMS 0x0000000088100000, 0x0000000088100000| Untracked 
| 100|0x0000000088200000, 0x0000000088200000, 0x0000000088300000|  0%| F|  |TAMS 0x0000000088200000, 0x0000000088200000| Untracked 
| 101|0x0000000088300000, 0x0000000088300000, 0x0000000088400000|  0%| F|  |TAMS 0x0000000088300000, 0x0000000088300000| Untracked 
| 102|0x0000000088400000, 0x0000000088400000, 0x0000000088500000|  0%| F|  |TAMS 0x0000000088400000, 0x0000000088400000| Untracked 
| 103|0x0000000088500000, 0x0000000088596060, 0x0000000088600000| 58%| E|  |TAMS 0x0000000088500000, 0x0000000088500000| Complete 
| 104|0x0000000088600000, 0x0000000088700000, 0x0000000088700000|100%| E|CS|TAMS 0x0000000088600000, 0x0000000088600000| Complete 
| 105|0x0000000088700000, 0x0000000088800000, 0x0000000088800000|100%| E|CS|TAMS 0x0000000088700000, 0x0000000088700000| Complete 
| 106|0x0000000088800000, 0x0000000088900000, 0x0000000088900000|100%| S|CS|TAMS 0x0000000088800000, 0x0000000088800000| Complete 
| 107|0x0000000088900000, 0x0000000088a00000, 0x0000000088a00000|100%| S|CS|TAMS 0x0000000088900000, 0x0000000088900000| Complete 
| 108|0x0000000088a00000, 0x0000000088b00000, 0x0000000088b00000|100%| S|CS|TAMS 0x0000000088a00000, 0x0000000088a00000| Complete 
| 109|0x0000000088b00000, 0x0000000088c00000, 0x0000000088c00000|100%| E|CS|TAMS 0x0000000088b00000, 0x0000000088b00000| Complete 
| 110|0x0000000088c00000, 0x0000000088d00000, 0x0000000088d00000|100%| E|CS|TAMS 0x0000000088c00000, 0x0000000088c00000| Complete 
| 111|0x0000000088d00000, 0x0000000088e00000, 0x0000000088e00000|100%| E|  |TAMS 0x0000000088d00000, 0x0000000088d00000| Complete 
| 112|0x0000000088e00000, 0x0000000088f00000, 0x0000000088f00000|100%| E|CS|TAMS 0x0000000088e00000, 0x0000000088e00000| Complete 
| 113|0x0000000088f00000, 0x0000000089000000, 0x0000000089000000|100%| E|CS|TAMS 0x0000000088f00000, 0x0000000088f00000| Complete 
| 114|0x0000000089000000, 0x0000000089100000, 0x0000000089100000|100%| E|CS|TAMS 0x0000000089000000, 0x0000000089000000| Complete 
| 115|0x0000000089100000, 0x0000000089200000, 0x0000000089200000|100%| E|CS|TAMS 0x0000000089100000, 0x0000000089100000| Complete 
| 116|0x0000000089200000, 0x0000000089300000, 0x0000000089300000|100%| E|CS|TAMS 0x0000000089200000, 0x0000000089200000| Complete 
| 117|0x0000000089300000, 0x0000000089400000, 0x0000000089400000|100%| E|CS|TAMS 0x0000000089300000, 0x0000000089300000| Complete 
| 118|0x0000000089400000, 0x0000000089500000, 0x0000000089500000|100%| E|CS|TAMS 0x0000000089400000, 0x0000000089400000| Complete 
| 119|0x0000000089500000, 0x0000000089600000, 0x0000000089600000|100%| E|CS|TAMS 0x0000000089500000, 0x0000000089500000| Complete 
| 120|0x0000000089600000, 0x0000000089700000, 0x0000000089700000|100%| E|CS|TAMS 0x0000000089600000, 0x0000000089600000| Complete 
| 121|0x0000000089700000, 0x0000000089800000, 0x0000000089800000|100%| E|CS|TAMS 0x0000000089700000, 0x0000000089700000| Complete 
| 122|0x0000000089800000, 0x0000000089900000, 0x0000000089900000|100%| E|CS|TAMS 0x0000000089800000, 0x0000000089800000| Complete 
| 123|0x0000000089900000, 0x0000000089a00000, 0x0000000089a00000|100%| E|CS|TAMS 0x0000000089900000, 0x0000000089900000| Complete 
| 124|0x0000000089a00000, 0x0000000089b00000, 0x0000000089b00000|100%| E|CS|TAMS 0x0000000089a00000, 0x0000000089a00000| Complete 
| 125|0x0000000089b00000, 0x0000000089c00000, 0x0000000089c00000|100%| E|CS|TAMS 0x0000000089b00000, 0x0000000089b00000| Complete 
| 126|0x0000000089c00000, 0x0000000089d00000, 0x0000000089d00000|100%| E|CS|TAMS 0x0000000089c00000, 0x0000000089c00000| Complete 
| 127|0x0000000089d00000, 0x0000000089e00000, 0x0000000089e00000|100%| E|CS|TAMS 0x0000000089d00000, 0x0000000089d00000| Complete 

Card table byte_map: [0x000002a59d0b0000,0x000002a59d4b0000] _byte_map_base: 0x000002a59cca1000

Marking Bits (Prev, Next): (CMBitMap*) 0x000002a5863e1380, (CMBitMap*) 0x000002a5863e13c0
 Prev Bits: [0x000002a59d8b0000, 0x000002a59f838000)
 Next Bits: [0x000002a59f840000, 0x000002a5a17c8000)

Polling page: 0x000002a584150000

Metaspace:

Usage:
  Non-class:     11.53 MB used.
      Class:      1.69 MB used.
       Both:     13.22 MB used.

Virtual space:
  Non-class space:       64.00 MB reserved,      11.69 MB ( 18%) committed,  1 nodes.
      Class space:        1.00 GB reserved,       1.88 MB ( <1%) committed,  1 nodes.
             Both:        1.06 GB reserved,      13.56 MB (  1%) committed. 

Chunk freelists:
   Non-Class:  3.56 MB
       Class:  2.11 MB
        Both:  5.67 MB

MaxMetaspaceSize: unlimited
CompressedClassSpaceSize: 1.00 GB
Initial GC threshold: 21.00 MB
Current GC threshold: 21.00 MB
CDS: on
MetaspaceReclaimPolicy: balanced
 - commit_granule_bytes: 65536.
 - commit_granule_words: 8192.
 - virtual_space_node_default_size: 8388608.
 - enlarge_chunks_in_place: 1.
 - new_chunks_are_fully_committed: 0.
 - uncommit_free_chunks: 1.
 - use_allocation_guard: 0.


Internal statistics:

num_allocs_failed_limit: 0.
num_arena_births: 344.
num_arena_deaths: 0.
num_vsnodes_births: 2.
num_vsnodes_deaths: 0.
num_space_committed: 217.
num_space_uncommitted: 0.
num_chunks_returned_to_freelist: 0.
num_chunks_taken_from_freelist: 755.
num_chunk_merges: 0.
num_chunk_splits: 513.
num_chunks_enlarged: 384.
num_inconsistent_stats: 0.

CodeHeap 'non-profiled nmethods': size=120000Kb used=880Kb max_used=880Kb free=119119Kb
 bounds [0x000002a595780000, 0x000002a5959f0000, 0x000002a59ccb0000]
CodeHeap 'profiled nmethods': size=120000Kb used=4126Kb max_used=4126Kb free=115873Kb
 bounds [0x000002a58e250000, 0x000002a58e660000, 0x000002a595780000]
CodeHeap 'non-nmethods': size=5760Kb used=1419Kb max_used=1451Kb free=4340Kb
 bounds [0x000002a58dcb0000, 0x000002a58df20000, 0x000002a58e250000]
 total_blobs=3092 nmethods=2318 adapters=686
 compilation: enabled
              stopped_count=0, restarted_count=0
 full_count=0

Compilation events (20 events):
Event: 16.440 Thread 0x000002a5a3c4d020 2310       3       com.sun.glass.ui.Window::handleMouseEvent (26 bytes)
Event: 16.440 Thread 0x000002a5a3c4d020 nmethod 2310 0x000002a58e654390 code [0x000002a58e654540, 0x000002a58e6546e8]
Event: 16.440 Thread 0x000002a5a3c4d020 2311       3       com.sun.glass.ui.View::handleMouseEvent (34 bytes)
Event: 16.440 Thread 0x000002a5a3c4d020 nmethod 2311 0x000002a58e654790 code [0x000002a58e654940, 0x000002a58e654be8]
Event: 16.462 Thread 0x000002a5a3c4d020 2312       3       com.sun.javafx.event.CompositeEventHandler::find (44 bytes)
Event: 16.463 Thread 0x000002a5a3c4d020 nmethod 2312 0x000002a58e654d10 code [0x000002a58e654ec0, 0x000002a58e6551b8]
Event: 16.694 Thread 0x000002a5a3c4d020 2313       1       com.sun.javafx.scene.NodeEventDispatcher::getFirstDispatcher (5 bytes)
Event: 16.694 Thread 0x000002a5a3c4d020 nmethod 2313 0x000002a595858e10 code [0x000002a595858fa0, 0x000002a595859078]
Event: 16.694 Thread 0x000002a5a3c4d020 2314       1       com.sun.javafx.scene.NodeEventDispatcher::getLastDispatcher (5 bytes)
Event: 16.694 Thread 0x000002a5a3c4d020 nmethod 2314 0x000002a595859110 code [0x000002a5958592a0, 0x000002a595859378]
Event: 17.190 Thread 0x000002a5a3c4d020 2315       3       javafx.scene.Scene::getEffectiveCamera (80 bytes)
Event: 17.192 Thread 0x000002a5a3c4d020 nmethod 2315 0x000002a58e655310 code [0x000002a58e655620, 0x000002a58e656cf8]
Event: 17.214 Thread 0x000002a5a3c4ae90 2316       4       com.sun.javafx.geom.Vec3d::set (25 bytes)
Event: 17.215 Thread 0x000002a5a3c4ae90 nmethod 2316 0x000002a595859410 code [0x000002a595859580, 0x000002a595859638]
Event: 17.238 Thread 0x000002a5a3c4ae90 2317       4       javafx.scene.Node::updateLocalToParentTransform (442 bytes)
Event: 17.254 Thread 0x000002a5a3c4d020 2319       3       com.sun.javafx.event.EventDispatchChainImpl::insertFirst (42 bytes)
Event: 17.255 Thread 0x000002a5a3c4d020 nmethod 2319 0x000002a58e657310 code [0x000002a58e6574c0, 0x000002a58e657798]
Event: 17.277 Thread 0x000002a5a3c4ae90 nmethod 2317 0x000002a595859710 code [0x000002a595859b20, 0x000002a59585b1b8]
Event: 17.277 Thread 0x000002a5a3c4ae90 2318       4       com.sun.javafx.geom.Vec3d::set (17 bytes)
Event: 17.277 Thread 0x000002a5a3c4ae90 nmethod 2318 0x000002a59585bf10 code [0x000002a59585c080, 0x000002a59585c118]

GC Heap History (4 events):
Event: 1.032 GC heap before
{Heap before GC invocations=0 (full 0):
 garbage-first heap   total 131072K, used 13312K [0x0000000081e00000, 0x0000000100000000)
  region size 1024K, 13 young (13312K), 0 survivors (0K)
 Metaspace       used 2802K, committed 2944K, reserved 1114112K
  class space    used 290K, committed 384K, reserved 1048576K
}
Event: 1.037 GC heap after
{Heap after GC invocations=1 (full 0):
 garbage-first heap   total 131072K, used 1824K [0x0000000081e00000, 0x0000000100000000)
  region size 1024K, 2 young (2048K), 2 survivors (2048K)
 Metaspace       used 2802K, committed 2944K, reserved 1114112K
  class space    used 290K, committed 384K, reserved 1048576K
}
Event: 1.763 GC heap before
{Heap before GC invocations=1 (full 0):
 garbage-first heap   total 131072K, used 18208K [0x0000000081e00000, 0x0000000100000000)
  region size 1024K, 19 young (19456K), 2 survivors (2048K)
 Metaspace       used 8217K, committed 8448K, reserved 1114112K
  class space    used 1012K, committed 1152K, reserved 1048576K
}
Event: 1.775 GC heap after
{Heap after GC invocations=2 (full 0):
 garbage-first heap   total 131072K, used 4876K [0x0000000081e00000, 0x0000000100000000)
  region size 1024K, 3 young (3072K), 3 survivors (3072K)
 Metaspace       used 8217K, committed 8448K, reserved 1114112K
  class space    used 1012K, committed 1152K, reserved 1048576K
}

Deoptimization events (20 events):
Event: 2.720 Thread 0x000002a5a8684730 DEOPT PACKING pc=0x000002a5957d1ad4 sp=0x000000fdac9fd470
Event: 2.720 Thread 0x000002a5a8684730 DEOPT UNPACKING pc=0x000002a58dd023a3 sp=0x000000fdac9fd3a0 mode 2
Event: 2.722 Thread 0x000002a5a8684730 Uncommon trap: trap_request=0xffffff45 fr.pc=0x000002a5957c003c relative=0x000000000000019c
Event: 2.722 Thread 0x000002a5a8684730 Uncommon trap: reason=unstable_if action=reinterpret pc=0x000002a5957c003c method=java.lang.String.indexOf(II)I @ 4 c2
Event: 2.722 Thread 0x000002a5a8684730 DEOPT PACKING pc=0x000002a5957c003c sp=0x000000fdac9fd400
Event: 2.722 Thread 0x000002a5a8684730 DEOPT UNPACKING pc=0x000002a58dd023a3 sp=0x000000fdac9fd3a0 mode 2
Event: 2.726 Thread 0x000002a5a8684730 Uncommon trap: trap_request=0xffffff45 fr.pc=0x000002a5957b794c relative=0x000000000000012c
Event: 2.726 Thread 0x000002a5a8684730 Uncommon trap: reason=unstable_if action=reinterpret pc=0x000002a5957b794c method=java.lang.String.startsWith(Ljava/lang/String;I)Z @ 50 c2
Event: 2.726 Thread 0x000002a5a8684730 DEOPT PACKING pc=0x000002a5957b794c sp=0x000000fdac9fd4e0
Event: 2.726 Thread 0x000002a5a8684730 DEOPT UNPACKING pc=0x000002a58dd023a3 sp=0x000000fdac9fd3e8 mode 2
Event: 3.620 Thread 0x000002a5a8682a50 DEOPT PACKING pc=0x000002a58e55db57 sp=0x000000fdac7fda30
Event: 3.620 Thread 0x000002a5a8682a50 DEOPT UNPACKING pc=0x000002a58dd02b43 sp=0x000000fdac7fce98 mode 0
Event: 5.404 Thread 0x000002a5a8682a50 DEOPT PACKING pc=0x000002a58e55db57 sp=0x000000fdac7fda30
Event: 5.404 Thread 0x000002a5a8682a50 DEOPT UNPACKING pc=0x000002a58dd02b43 sp=0x000000fdac7fce98 mode 0
Event: 5.404 Thread 0x000002a5a8682a50 DEOPT PACKING pc=0x000002a58e55db57 sp=0x000000fdac7fda30
Event: 5.405 Thread 0x000002a5a8682a50 DEOPT UNPACKING pc=0x000002a58dd02b43 sp=0x000000fdac7fce98 mode 0
Event: 5.406 Thread 0x000002a5a8682a50 DEOPT PACKING pc=0x000002a58e55da9a sp=0x000000fdac7fda30
Event: 5.406 Thread 0x000002a5a8682a50 DEOPT UNPACKING pc=0x000002a58dd02b43 sp=0x000000fdac7fce88 mode 0
Event: 5.407 Thread 0x000002a5a8682a50 DEOPT PACKING pc=0x000002a58e55da9a sp=0x000000fdac7fda30
Event: 5.407 Thread 0x000002a5a8682a50 DEOPT UNPACKING pc=0x000002a58dd02b43 sp=0x000000fdac7fce88 mode 0

Classes loaded (20 events):
Event: 2.870 Loading class jdk/internal/math/FDBigInteger
Event: 2.870 Loading class jdk/internal/math/FDBigInteger done
Event: 2.877 Loading class sun/misc/Unsafe
Event: 2.877 Loading class sun/misc/Unsafe done
Event: 2.878 Loading class java/lang/invoke/DirectMethodHandle$StaticAccessor
Event: 2.878 Loading class java/lang/invoke/DirectMethodHandle$StaticAccessor done
Event: 5.368 Loading class java/io/UnsupportedEncodingException
Event: 5.368 Loading class java/io/UnsupportedEncodingException done
Event: 5.499 Loading class java/lang/AnchorPane
Event: 5.499 Loading class java/lang/AnchorPane done
Event: 5.499 Loading class java/util/AnchorPane
Event: 5.499 Loading class java/util/AnchorPane done
Event: 5.503 Loading class java/lang/Button
Event: 5.503 Loading class java/lang/Button done
Event: 5.503 Loading class java/util/Button
Event: 5.503 Loading class java/util/Button done
Event: 5.686 Loading class jdk/internal/misc/ScopedMemoryAccess$Scope
Event: 5.686 Loading class jdk/internal/misc/ScopedMemoryAccess$Scope done
Event: 43.862 Loading class jdk/internal/misc/Signal$1
Event: 43.862 Loading class jdk/internal/misc/Signal$1 done

Classes unloaded (0 events):
No events

Classes redefined (0 events):
No events

Internal exceptions (20 events):
Event: 2.251 Thread 0x000002a5a8684730 Exception <a 'java/lang/NoSuchMethodError'{0x00000000898c7e80}: 'void java.lang.invoke.Invokers$Holder.invokeExact_MT(java.lang.Object, java.lang.Object, java.lang.Object, java.lang.Object)'> (0x00000000898c7e80) 
thrown [t:\workspace\open\src\hotspot\share\interpreter\linkResolver.cpp, line 766]
Event: 2.253 Thread 0x000002a5a8684730 Exception <a 'java/lang/NoSuchMethodError'{0x00000000898ccb98}: 'void java.lang.invoke.DirectMethodHandle$Holder.invokeSpecial(java.lang.Object, java.lang.Object, int)'> (0x00000000898ccb98) 
thrown [t:\workspace\open\src\hotspot\share\interpreter\linkResolver.cpp, line 766]
Event: 2.253 Thread 0x000002a5a8684730 Exception <a 'java/lang/NoSuchMethodError'{0x00000000898d1138}: 'int java.lang.invoke.DirectMethodHandle$Holder.invokeSpecial(java.lang.Object, java.lang.Object, java.lang.Object, int)'> (0x00000000898d1138) 
thrown [t:\workspace\open\src\hotspot\share\interpreter\linkResolver.cpp, line 766]
Event: 2.255 Thread 0x000002a5a8684730 Exception <a 'java/lang/NoSuchMethodError'{0x00000000898dbc00}: 'void java.lang.invoke.DelegatingMethodHandle$Holder.reinvoke_L(java.lang.Object, java.lang.Object, int)'> (0x00000000898dbc00) 
thrown [t:\workspace\open\src\hotspot\share\interpreter\linkResolver.cpp, line 766]
Event: 2.256 Thread 0x000002a5a8684730 Exception <a 'java/lang/NoSuchMethodError'{0x00000000898e2f28}: 'int java.lang.invoke.DirectMethodHandle$Holder.invokeSpecial(java.lang.Object, java.lang.Object, java.lang.Object)'> (0x00000000898e2f28) 
thrown [t:\workspace\open\src\hotspot\share\interpreter\linkResolver.cpp, line 766]
Event: 2.318 Thread 0x000002a5a8684730 Exception <a 'sun/nio/fs/WindowsException'{0x00000000897d47f0}> (0x00000000897d47f0) 
thrown [t:\workspace\open\src\hotspot\share\prims\jni.cpp, line 516]
Event: 2.345 Thread 0x000002a5a8684730 Implicit null exception at 0x000002a59579fce0 to 0x000002a59579fd7a
Event: 2.380 Thread 0x000002a5a8684730 Implicit null exception at 0x000002a5957e9bac to 0x000002a5957e9e5c
Event: 2.628 Thread 0x000002a5a8684730 Exception <a 'java/lang/NoSuchMethodError'{0x000000008917a560}: 'java.lang.Object java.lang.invoke.DirectMethodHandle$Holder.invokeInterface(java.lang.Object, java.lang.Object, java.lang.Object)'> (0x000000008917a560) 
thrown [t:\workspace\open\src\hotspot\share\interpreter\linkResolver.cpp, line 766]
Event: 2.629 Thread 0x000002a5a8684730 Exception <a 'java/lang/IncompatibleClassChangeError'{0x000000008917dee0}: Found class java.lang.Object, but interface was expected> (0x000000008917dee0) 
thrown [t:\workspace\open\src\hotspot\share\interpreter\linkResolver.cpp, line 833]
Event: 2.703 Thread 0x000002a5a8684730 Exception <a 'java/lang/NoSuchMethodError'{0x0000000089099760}: 'int java.lang.invoke.DirectMethodHandle$Holder.invokeSpecial(java.lang.Object, java.lang.Object, int)'> (0x0000000089099760) 
thrown [t:\workspace\open\src\hotspot\share\interpreter\linkResolver.cpp, line 766]
Event: 2.732 Thread 0x000002a5a8684730 Exception <a 'java/lang/NoSuchMethodError'{0x0000000088f20b18}: 'java.lang.Object java.lang.invoke.DirectMethodHandle$Holder.newInvokeSpecial(java.lang.Object, java.lang.Object, int)'> (0x0000000088f20b18) 
thrown [t:\workspace\open\src\hotspot\share\interpreter\linkResolver.cpp, line 766]
Event: 2.760 Thread 0x000002a5a8682a50 Exception <a 'java/lang/NoSuchMethodError'{0x0000000088fc2390}: 'int java.lang.invoke.DirectMethodHandle$Holder.invokeStaticInit(java.lang.Object, java.lang.Object)'> (0x0000000088fc2390) 
thrown [t:\workspace\open\src\hotspot\share\interpreter\linkResolver.cpp, line 766]
Event: 5.394 Thread 0x000002a5a8684730 Exception <a 'java/lang/NoSuchMethodError'{0x0000000088b7ebd8}: 'long java.lang.invoke.DirectMethodHandle$Holder.invokeStatic(java.lang.Object, java.lang.Object, java.lang.Object)'> (0x0000000088b7ebd8) 
thrown [t:\workspace\open\src\hotspot\share\interpreter\linkResolver.cpp, line 766]
Event: 5.394 Thread 0x000002a5a8684730 Exception <a 'java/lang/NoSuchMethodError'{0x0000000088b82378}: 'long java.lang.invoke.DirectMethodHandle$Holder.invokeStaticInit(java.lang.Object, java.lang.Object, java.lang.Object)'> (0x0000000088b82378) 
thrown [t:\workspace\open\src\hotspot\share\interpreter\linkResolver.cpp, line 766]
Event: 5.398 Thread 0x000002a5a8684730 Exception <a 'java/lang/NoSuchMethodError'{0x0000000088b9ac00}: 'java.lang.Object java.lang.invoke.DirectMethodHandle$Holder.newInvokeSpecial(java.lang.Object, java.lang.Object, long)'> (0x0000000088b9ac00) 
thrown [t:\workspace\open\src\hotspot\share\interpreter\linkResolver.cpp, line 766]
Event: 5.399 Thread 0x000002a5a8684730 Exception <a 'java/lang/NoSuchMethodError'{0x0000000088b9e778}: 'java.lang.Object java.lang.invoke.Invokers$Holder.linkToTargetMethod(java.lang.Object, long, java.lang.Object)'> (0x0000000088b9e778) 
thrown [t:\workspace\open\src\hotspot\share\interpreter\linkResolver.cpp, line 766]
Event: 5.408 Thread 0x000002a5a8684730 Exception <a 'java/lang/NoSuchMethodError'{0x0000000088bad050}: 'java.lang.Object java.lang.invoke.DirectMethodHandle$Holder.newInvokeSpecial(java.lang.Object, java.lang.Object, int, int, int, int, int, java.lang.Object)'> (0x0000000088bad050) 
thrown [t:\workspace\open\src\hotspot\share\interpreter\linkResolver.cpp, line 766]
Event: 5.410 Thread 0x000002a5a8684730 Exception <a 'java/lang/NoSuchMethodError'{0x0000000088bc0030}: 'java.lang.Object java.lang.invoke.DirectMethodHandle$Holder.newInvokeSpecial(java.lang.Object, java.lang.Object, java.lang.Object, int, int, int, int, int)'> (0x0000000088bc0030) 
thrown [t:\workspace\open\src\hotspot\share\interpreter\linkResolver.cpp, line 766]
Event: 5.412 Thread 0x000002a5a8684730 Exception <a 'java/lang/NoSuchMethodError'{0x0000000088bc7898}: 'java.lang.Object java.lang.invoke.Invokers$Holder.linkToTargetMethod(java.lang.Object, java.lang.Object, int, int, int, int, int, java.lang.Object)'> (0x0000000088bc7898) 
thrown [t:\workspace\open\src\hotspot\share\interpreter\linkResolver.cpp, line 766]

VM Operations (20 events):
Event: 3.060 Executing VM operation: Cleanup done
Event: 5.059 Executing VM operation: Cleanup
Event: 5.060 Executing VM operation: Cleanup done
Event: 6.060 Executing VM operation: Cleanup
Event: 6.061 Executing VM operation: Cleanup done
Event: 7.061 Executing VM operation: Cleanup
Event: 7.062 Executing VM operation: Cleanup done
Event: 11.065 Executing VM operation: Cleanup
Event: 11.065 Executing VM operation: Cleanup done
Event: 12.065 Executing VM operation: Cleanup
Event: 12.065 Executing VM operation: Cleanup done
Event: 13.065 Executing VM operation: Cleanup
Event: 13.065 Executing VM operation: Cleanup done
Event: 15.066 Executing VM operation: Cleanup
Event: 15.066 Executing VM operation: Cleanup done
Event: 17.067 Executing VM operation: Cleanup
Event: 17.067 Executing VM operation: Cleanup done
Event: 18.067 Executing VM operation: Cleanup
Event: 18.067 Executing VM operation: Cleanup done
Event: 43.866 Executing VM operation: Exit

Events (20 events):
Event: 1.042 Thread 0x000002a5a8682a50 Thread added: 0x000002a5a8682a50
Event: 1.057 Loaded shared library C:\Users\nikik\.openjfx\cache\18-ea+6\prism_d3d.dll
Event: 1.126 Loaded shared library C:\Users\nikik\.openjfx\cache\18-ea+6\glass.dll
Event: 1.130 Thread 0x000002a5a8684260 Thread added: 0x000002a5a8684260
Event: 1.137 Thread 0x000002a5a8684730 Thread added: 0x000002a5a8684730
Event: 1.248 Thread 0x000002a5a8682580 Thread added: 0x000002a5a8682580
Event: 1.279 Thread 0x000002a5a8b848f0 Thread added: 0x000002a5a8b848f0
Event: 1.350 Loaded shared library C:\Users\nikik\.jdks\openjdk-18-1\bin\jimage.dll
Event: 1.515 Thread 0x000002a5a8ba6570 Thread added: 0x000002a5a8ba6570
Event: 1.718 Loaded shared library C:\Users\nikik\.openjfx\cache\18-ea+6\javafx_font.dll
Event: 2.390 Thread 0x000002a5a8ba6570 Thread exited: 0x000002a5a8ba6570
Event: 2.614 Thread 0x000002a5a8b82c10 Thread added: 0x000002a5a8b82c10
Event: 2.703 Thread 0x000002a5ad55e840 Thread added: 0x000002a5ad55e840
Event: 2.861 Thread 0x000002a5a8b83f50 Thread added: 0x000002a5a8b83f50
Event: 2.881 Thread 0x000002a5ad55e840 Thread exited: 0x000002a5ad55e840
Event: 43.863 Thread 0x000002a5a8b800c0 Thread added: 0x000002a5a8b800c0
Event: 43.863 Thread 0x000002a5a8b835b0 Thread added: 0x000002a5a8b835b0
Event: 43.863 Thread 0x000002a5a8b83a80 Thread added: 0x000002a5a8b83a80
Event: 43.865 Thread 0x000002a5a8b835b0 Thread exited: 0x000002a5a8b835b0
Event: 43.866 Thread 0x000002a5a8b83a80 Thread exited: 0x000002a5a8b83a80


Dynamic libraries:
0x00007ff6478b0000 - 0x00007ff6478be000 	C:\Users\nikik\.jdks\openjdk-18-1\bin\java.exe
0x00007fff46790000 - 0x00007fff46985000 	C:\WINDOWS\SYSTEM32\ntdll.dll
0x00007fff44f90000 - 0x00007fff4504e000 	C:\WINDOWS\System32\KERNEL32.DLL
0x00007fff44250000 - 0x00007fff44518000 	C:\WINDOWS\System32\KERNELBASE.dll
0x00007fff44650000 - 0x00007fff44750000 	C:\WINDOWS\System32\ucrtbase.dll
0x00007fff3f430000 - 0x00007fff3f447000 	C:\Users\nikik\.jdks\openjdk-18-1\bin\jli.dll
0x00007fff3e030000 - 0x00007fff3e04a000 	C:\Users\nikik\.jdks\openjdk-18-1\bin\VCRUNTIME140.dll
0x00007fff46550000 - 0x00007fff466f0000 	C:\WINDOWS\System32\USER32.dll
0x00007fff2ecc0000 - 0x00007fff2ef5a000 	C:\WINDOWS\WinSxS\amd64_microsoft.windows.common-controls_6595b64144ccf1df_6.0.19041.1110_none_60b5254171f9507e\COMCTL32.dll
0x00007fff44520000 - 0x00007fff44542000 	C:\WINDOWS\System32\win32u.dll
0x00007fff44800000 - 0x00007fff4482b000 	C:\WINDOWS\System32\GDI32.dll
0x00007fff44d90000 - 0x00007fff44e2e000 	C:\WINDOWS\System32\msvcrt.dll
0x00007fff44140000 - 0x00007fff4424b000 	C:\WINDOWS\System32\gdi32full.dll
0x00007fff43f40000 - 0x00007fff43fdd000 	C:\WINDOWS\System32\msvcp_win.dll
0x00007fff457a0000 - 0x00007fff457d0000 	C:\WINDOWS\System32\IMM32.DLL
0x00007fff3f7d0000 - 0x00007fff3f7dc000 	C:\Users\nikik\.jdks\openjdk-18-1\bin\vcruntime140_1.dll
0x00007fff336c0000 - 0x00007fff3374d000 	C:\Users\nikik\.jdks\openjdk-18-1\bin\msvcp140.dll
0x00007ffed57d0000 - 0x00007ffed63e1000 	C:\Users\nikik\.jdks\openjdk-18-1\bin\server\jvm.dll
0x00007fff45c90000 - 0x00007fff45d3e000 	C:\WINDOWS\System32\ADVAPI32.dll
0x00007fff45be0000 - 0x00007fff45c7c000 	C:\WINDOWS\System32\sechost.dll
0x00007fff462f0000 - 0x00007fff46415000 	C:\WINDOWS\System32\RPCRT4.dll
0x00007fff447f0000 - 0x00007fff447f8000 	C:\WINDOWS\System32\PSAPI.DLL
0x00007fff2b390000 - 0x00007fff2b399000 	C:\WINDOWS\SYSTEM32\WSOCK32.dll
0x00007fff46280000 - 0x00007fff462eb000 	C:\WINDOWS\System32\WS2_32.dll
0x00007fff3eeb0000 - 0x00007fff3eed7000 	C:\WINDOWS\SYSTEM32\WINMM.dll
0x00007fff38a20000 - 0x00007fff38a2a000 	C:\WINDOWS\SYSTEM32\VERSION.dll
0x00007fff42760000 - 0x00007fff42772000 	C:\WINDOWS\SYSTEM32\kernel.appcore.dll
0x00007fff3f460000 - 0x00007fff3f46a000 	C:\Users\nikik\.jdks\openjdk-18-1\bin\jimage.dll
0x00007fff42420000 - 0x00007fff42604000 	C:\WINDOWS\SYSTEM32\DBGHELP.DLL
0x00007fff289b0000 - 0x00007fff289dc000 	C:\WINDOWS\SYSTEM32\dbgcore.DLL
0x00007fff43eb0000 - 0x00007fff43f32000 	C:\WINDOWS\System32\bcryptPrimitives.dll
0x00007fff3e020000 - 0x00007fff3e02e000 	C:\Users\nikik\.jdks\openjdk-18-1\bin\instrument.dll
0x00007fff3dfd0000 - 0x00007fff3dff5000 	C:\Users\nikik\.jdks\openjdk-18-1\bin\java.dll
0x00007fff11700000 - 0x00007fff117d6000 	C:\Users\nikik\.jdks\openjdk-18-1\bin\jsvml.dll
0x00007fff45050000 - 0x00007fff45794000 	C:\WINDOWS\System32\SHELL32.dll
0x00007fff41bb0000 - 0x00007fff42344000 	C:\WINDOWS\SYSTEM32\windows.storage.dll
0x00007fff457d0000 - 0x00007fff45b24000 	C:\WINDOWS\System32\combase.dll
0x00007fff43830000 - 0x00007fff4385c000 	C:\WINDOWS\SYSTEM32\Wldp.dll
0x00007fff44a40000 - 0x00007fff44aed000 	C:\WINDOWS\System32\SHCORE.dll
0x00007fff44e30000 - 0x00007fff44e85000 	C:\WINDOWS\System32\shlwapi.dll
0x00007fff43df0000 - 0x00007fff43e0f000 	C:\WINDOWS\SYSTEM32\profapi.dll
0x00007fff3df40000 - 0x00007fff3df53000 	C:\Users\nikik\.jdks\openjdk-18-1\bin\net.dll
0x00007fff38670000 - 0x00007fff38779000 	C:\WINDOWS\SYSTEM32\WINHTTP.dll
0x00007fff43610000 - 0x00007fff4367a000 	C:\WINDOWS\system32\mswsock.dll
0x00007fff3bb00000 - 0x00007fff3bb16000 	C:\Users\nikik\.jdks\openjdk-18-1\bin\nio.dll
0x00007fff3bae0000 - 0x00007fff3baf8000 	C:\Users\nikik\.jdks\openjdk-18-1\bin\zip.dll
0x00007fff3bcb0000 - 0x00007fff3bcca000 	D:\Intelej\IntelliJ IDEA Community Edition 2022.1\bin\breakgen64.dll
0x000002a5841a0000 - 0x000002a5841a3000 	C:\Users\nikik\.openjfx\cache\18-ea+6\api-ms-win-core-console-l1-1-0.dll
0x000002a5841b0000 - 0x000002a5841b3000 	C:\Users\nikik\.openjfx\cache\18-ea+6\api-ms-win-core-console-l1-2-0.dll
0x000002a584310000 - 0x000002a584313000 	C:\Users\nikik\.openjfx\cache\18-ea+6\api-ms-win-core-datetime-l1-1-0.dll
0x000002a584320000 - 0x000002a584323000 	C:\Users\nikik\.openjfx\cache\18-ea+6\api-ms-win-core-debug-l1-1-0.dll
0x000002a584330000 - 0x000002a584333000 	C:\Users\nikik\.openjfx\cache\18-ea+6\api-ms-win-core-errorhandling-l1-1-0.dll
0x000002a584340000 - 0x000002a584344000 	C:\Users\nikik\.openjfx\cache\18-ea+6\api-ms-win-core-file-l1-1-0.dll
0x000002a584350000 - 0x000002a584353000 	C:\Users\nikik\.openjfx\cache\18-ea+6\api-ms-win-core-file-l1-2-0.dll
0x000002a584360000 - 0x000002a584363000 	C:\Users\nikik\.openjfx\cache\18-ea+6\api-ms-win-core-file-l2-1-0.dll
0x000002a584370000 - 0x000002a584373000 	C:\Users\nikik\.openjfx\cache\18-ea+6\api-ms-win-core-handle-l1-1-0.dll
0x000002a584380000 - 0x000002a584383000 	C:\Users\nikik\.openjfx\cache\18-ea+6\api-ms-win-core-heap-l1-1-0.dll
0x000002a584390000 - 0x000002a584393000 	C:\Users\nikik\.openjfx\cache\18-ea+6\api-ms-win-core-interlocked-l1-1-0.dll
0x000002a586280000 - 0x000002a586283000 	C:\Users\nikik\.openjfx\cache\18-ea+6\api-ms-win-core-libraryloader-l1-1-0.dll
0x000002a586290000 - 0x000002a586293000 	C:\Users\nikik\.openjfx\cache\18-ea+6\api-ms-win-core-localization-l1-2-0.dll
0x000002a5862a0000 - 0x000002a5862a3000 	C:\Users\nikik\.openjfx\cache\18-ea+6\api-ms-win-core-memory-l1-1-0.dll
0x000002a5862b0000 - 0x000002a5862b3000 	C:\Users\nikik\.openjfx\cache\18-ea+6\api-ms-win-core-namedpipe-l1-1-0.dll
0x000002a5862c0000 - 0x000002a5862c3000 	C:\Users\nikik\.openjfx\cache\18-ea+6\api-ms-win-core-processenvironment-l1-1-0.dll
0x000002a5862d0000 - 0x000002a5862d3000 	C:\Users\nikik\.openjfx\cache\18-ea+6\api-ms-win-core-processthreads-l1-1-0.dll
0x000002a5862e0000 - 0x000002a5862e3000 	C:\Users\nikik\.openjfx\cache\18-ea+6\api-ms-win-core-processthreads-l1-1-1.dll
0x000002a5862f0000 - 0x000002a5862f3000 	C:\Users\nikik\.openjfx\cache\18-ea+6\api-ms-win-core-profile-l1-1-0.dll
0x000002a586300000 - 0x000002a586303000 	C:\Users\nikik\.openjfx\cache\18-ea+6\api-ms-win-core-rtlsupport-l1-1-0.dll
0x000002a586310000 - 0x000002a586313000 	C:\Users\nikik\.openjfx\cache\18-ea+6\api-ms-win-core-string-l1-1-0.dll
0x000002a586320000 - 0x000002a586323000 	C:\Users\nikik\.openjfx\cache\18-ea+6\api-ms-win-core-synch-l1-1-0.dll
0x000002a586330000 - 0x000002a586333000 	C:\Users\nikik\.openjfx\cache\18-ea+6\api-ms-win-core-synch-l1-2-0.dll
0x000002a586340000 - 0x000002a586343000 	C:\Users\nikik\.openjfx\cache\18-ea+6\api-ms-win-core-sysinfo-l1-1-0.dll
0x000002a5a3e10000 - 0x000002a5a3e13000 	C:\Users\nikik\.openjfx\cache\18-ea+6\api-ms-win-core-timezone-l1-1-0.dll
0x000002a5a3e20000 - 0x000002a5a3e23000 	C:\Users\nikik\.openjfx\cache\18-ea+6\api-ms-win-core-util-l1-1-0.dll
0x000002a5a3e30000 - 0x000002a5a3e33000 	C:\Users\nikik\.openjfx\cache\18-ea+6\api-ms-win-crt-conio-l1-1-0.dll
0x000002a5a3e40000 - 0x000002a5a3e44000 	C:\Users\nikik\.openjfx\cache\18-ea+6\api-ms-win-crt-convert-l1-1-0.dll
0x000002a5a3e50000 - 0x000002a5a3e53000 	C:\Users\nikik\.openjfx\cache\18-ea+6\api-ms-win-crt-environment-l1-1-0.dll
0x000002a5a3e60000 - 0x000002a5a3e63000 	C:\Users\nikik\.openjfx\cache\18-ea+6\api-ms-win-crt-filesystem-l1-1-0.dll
0x000002a5a3e70000 - 0x000002a5a3e73000 	C:\Users\nikik\.openjfx\cache\18-ea+6\api-ms-win-crt-heap-l1-1-0.dll
0x000002a5a3e80000 - 0x000002a5a3e83000 	C:\Users\nikik\.openjfx\cache\18-ea+6\api-ms-win-crt-locale-l1-1-0.dll
0x000002a5a3e90000 - 0x000002a5a3e95000 	C:\Users\nikik\.openjfx\cache\18-ea+6\api-ms-win-crt-math-l1-1-0.dll
0x000002a5a3ea0000 - 0x000002a5a3ea5000 	C:\Users\nikik\.openjfx\cache\18-ea+6\api-ms-win-crt-multibyte-l1-1-0.dll
0x000002a5a3eb0000 - 0x000002a5a3ec0000 	C:\Users\nikik\.openjfx\cache\18-ea+6\api-ms-win-crt-private-l1-1-0.dll
0x000002a5a3ec0000 - 0x000002a5a3ec3000 	C:\Users\nikik\.openjfx\cache\18-ea+6\api-ms-win-crt-process-l1-1-0.dll
0x000002a5a3ed0000 - 0x000002a5a3ed4000 	C:\Users\nikik\.openjfx\cache\18-ea+6\api-ms-win-crt-runtime-l1-1-0.dll
0x000002a5a3ee0000 - 0x000002a5a3ee4000 	C:\Users\nikik\.openjfx\cache\18-ea+6\api-ms-win-crt-stdio-l1-1-0.dll
0x000002a5a3ef0000 - 0x000002a5a3ef4000 	C:\Users\nikik\.openjfx\cache\18-ea+6\api-ms-win-crt-string-l1-1-0.dll
0x000002a5a3f00000 - 0x000002a5a3f03000 	C:\Users\nikik\.openjfx\cache\18-ea+6\api-ms-win-crt-time-l1-1-0.dll
0x000002a5a3f10000 - 0x000002a5a3f13000 	C:\Users\nikik\.openjfx\cache\18-ea+6\api-ms-win-crt-utility-l1-1-0.dll
0x00007fff01150000 - 0x00007fff0124c000 	C:\Users\nikik\.openjfx\cache\18-ea+6\ucrtbase.dll
0x00007fff2e730000 - 0x00007fff2e74a000 	C:\Users\nikik\.openjfx\cache\18-ea+6\vcruntime140.dll
0x00007fff3df70000 - 0x00007fff3df7c000 	C:\Users\nikik\.openjfx\cache\18-ea+6\vcruntime140_1.dll
0x00007fff0c3c0000 - 0x00007fff0c44d000 	C:\Users\nikik\.openjfx\cache\18-ea+6\msvcp140.dll
0x00007fff12050000 - 0x00007fff1207a000 	C:\Users\nikik\.openjfx\cache\18-ea+6\prism_d3d.dll
0x00007fff32f80000 - 0x00007fff3314f000 	C:\WINDOWS\system32\d3d9.dll
0x00007fff415e0000 - 0x00007fff4160f000 	C:\WINDOWS\SYSTEM32\dwmapi.dll
0x00007fff414d0000 - 0x00007fff4156e000 	C:\WINDOWS\system32\uxtheme.dll
0x00007ffefe110000 - 0x00007ffefe277000 	C:\WINDOWS\System32\DriverStore\FileRepository\iigd_dch.inf_amd64_7235e197535e8934\igdumdim64.dll
0x00007fff46420000 - 0x00007fff4654a000 	C:\WINDOWS\System32\ole32.dll
0x00007ffec4a60000 - 0x00007ffec8652000 	C:\WINDOWS\System32\DriverStore\FileRepository\iigd_dch.inf_amd64_7235e197535e8934\igd9dxva64.dll
0x00007fff45d40000 - 0x00007fff45e0d000 	C:\WINDOWS\System32\OLEAUT32.dll
0x00007fff45e10000 - 0x00007fff46280000 	C:\WINDOWS\System32\SETUPAPI.dll
0x00007fff44550000 - 0x00007fff4459e000 	C:\WINDOWS\System32\cfgmgr32.dll
0x00007fff447c0000 - 0x00007fff447e7000 	C:\WINDOWS\System32\bcrypt.dll
0x00007fff37fe0000 - 0x00007fff383a5000 	C:\WINDOWS\System32\DriverStore\FileRepository\iigd_dch.inf_amd64_7235e197535e8934\igdgmm64.dll
0x00007fff0c190000 - 0x00007fff0c1d2000 	C:\Users\nikik\.openjfx\cache\18-ea+6\glass.dll
0x00007fff44eb0000 - 0x00007fff44f8b000 	C:\WINDOWS\System32\COMDLG32.dll
0x00007fff44830000 - 0x00007fff44946000 	C:\WINDOWS\System32\MSCTF.dll
0x00007fff0bd90000 - 0x00007fff0bdb7000 	C:\WINDOWS\System32\DriverStore\FileRepository\iigd_dch.inf_amd64_7235e197535e8934\igdinfo64.dll
0x00007fff34b10000 - 0x00007fff37fd3000 	C:\WINDOWS\System32\DriverStore\FileRepository\iigd_dch.inf_amd64_7235e197535e8934\igc64.dll
0x00007fff3edf0000 - 0x00007fff3ee2b000 	C:\WINDOWS\SYSTEM32\dxcore.dll
0x00007fff11850000 - 0x00007fff11864000 	C:\Users\nikik\.openjfx\cache\18-ea+6\javafx_font.dll
0x00007fff2f3f0000 - 0x00007fff2f66f000 	C:\WINDOWS\SYSTEM32\dwrite.dll
0x00007fff45b30000 - 0x00007fff45bd9000 	C:\WINDOWS\System32\clbcatq.dll
0x00007fff3dc60000 - 0x00007fff3de14000 	C:\WINDOWS\SYSTEM32\WindowsCodecs.dll
0x00007fff2a640000 - 0x00007fff2a67e000 	C:\WINDOWS\system32\dataexchange.dll
0x00007fff3fef0000 - 0x00007fff40154000 	C:\WINDOWS\system32\d3d11.dll
0x00007fff40800000 - 0x00007fff409e5000 	C:\WINDOWS\system32\dcomp.dll
0x00007fff42780000 - 0x00007fff42873000 	C:\WINDOWS\system32\dxgi.dll
0x00007fff3e350000 - 0x00007fff3e551000 	C:\WINDOWS\system32\twinapi.appcore.dll
0x00007fff0f940000 - 0x00007fff0f974000 	C:\Program Files\Common Files\Microsoft Shared\Ink\rtscom.dll
0x00007fff3cec0000 - 0x00007fff3cfb9000 	C:\WINDOWS\SYSTEM32\textinputframework.dll
0x00007fff409f0000 - 0x00007fff40d4e000 	C:\WINDOWS\System32\CoreUIComponents.dll
0x00007fff411d0000 - 0x00007fff412c2000 	C:\WINDOWS\System32\CoreMessaging.dll
0x00007fff3f830000 - 0x00007fff3f984000 	C:\WINDOWS\SYSTEM32\wintypes.dll
0x00007fff42b70000 - 0x00007fff42ba3000 	C:\WINDOWS\SYSTEM32\ntmarta.dll

dbghelp: loaded successfully - version: 4.0.5 - missing functions: none
symbol engine: initialized successfully - sym options: 0x614 - pdb path: .;C:\Users\nikik\.jdks\openjdk-18-1\bin;C:\WINDOWS\SYSTEM32;C:\WINDOWS\WinSxS\amd64_microsoft.windows.common-controls_6595b64144ccf1df_6.0.19041.1110_none_60b5254171f9507e;C:\Users\nikik\.jdks\openjdk-18-1\bin\server;D:\Intelej\IntelliJ IDEA Community Edition 2022.1\bin;C:\Users\nikik\.openjfx\cache\18-ea+6;C:\WINDOWS\System32\DriverStore\FileRepository\iigd_dch.inf_amd64_7235e197535e8934;C:\Program Files\Common Files\Microsoft Shared\Ink

VM Arguments:
jvm_args: -javaagent:D:\Intelej\IntelliJ IDEA Community Edition 2022.1\lib\idea_rt.jar=53238:D:\Intelej\IntelliJ IDEA Community Edition 2022.1\bin -Dfile.encoding=UTF-8 --module-path=D:\IntelliJ IDEA\norm3laba\govna\target\classes;C:\Users\nikik\.m2\repository\org\openjfx\javafx-controls\18-ea+6\javafx-controls-18-ea+6-win.jar;C:\Users\nikik\.m2\repository\org\openjfx\javafx-base\18-ea+6\javafx-base-18-ea+6-win.jar;C:\Users\nikik\.m2\repository\org\openjfx\javafx-fxml\18-ea+6\javafx-fxml-18-ea+6-win.jar;C:\Users\nikik\.m2\repository\org\openjfx\javafx-graphics\18-ea+6\javafx-graphics-18-ea+6-win.jar -Djdk.module.main=com.example.govna 
java_command: com.example.govna/com.example.govna.HelloApplication
java_class_path (initial): C:\Users\nikik\.m2\repository\org\openjfx\javafx-controls\18-ea+6\javafx-controls-18-ea+6.jar;C:\Users\nikik\.m2\repository\org\openjfx\javafx-graphics\18-ea+6\javafx-graphics-18-ea+6.jar;C:\Users\nikik\.m2\repository\org\openjfx\javafx-base\18-ea+6\javafx-base-18-ea+6.jar;C:\Users\nikik\.m2\repository\org\openjfx\javafx-fxml\18-ea+6\javafx-fxml-18-ea+6.jar
Launcher Type: SUN_STANDARD

[Global flags]
     intx CICompilerCount                          = 3                                         {product} {ergonomic}
     uint ConcGCThreads                            = 1                                         {product} {ergonomic}
     uint G1ConcRefinementThreads                  = 4                                         {product} {ergonomic}
   size_t G1HeapRegionSize                         = 1048576                                   {product} {ergonomic}
    uintx GCDrainStackTargetSize                   = 64                                        {product} {ergonomic}
   size_t InitialHeapSize                          = 134217728                                 {product} {ergonomic}
   size_t MarkStackSize                            = 4194304                                   {product} {ergonomic}
   size_t MaxHeapSize                              = 2116026368                                {product} {ergonomic}
   size_t MaxNewSize                               = 1268776960                                {product} {ergonomic}
   size_t MinHeapDeltaBytes                        = 1048576                                   {product} {ergonomic}
   size_t MinHeapSize                              = 8388608                                   {product} {ergonomic}
    uintx NonNMethodCodeHeapSize                   = 5832780                                {pd product} {ergonomic}
    uintx NonProfiledCodeHeapSize                  = 122912730                              {pd product} {ergonomic}
    uintx ProfiledCodeHeapSize                     = 122912730                              {pd product} {ergonomic}
    uintx ReservedCodeCacheSize                    = 251658240                              {pd product} {ergonomic}
     bool SegmentedCodeCache                       = true                                      {product} {ergonomic}
   size_t SoftMaxHeapSize                          = 2116026368                             {manageable} {ergonomic}
     bool UseCompressedClassPointers               = true                           {product lp64_product} {ergonomic}
     bool UseCompressedOops                        = true                           {product lp64_product} {ergonomic}
     bool UseG1GC                                  = true                                      {product} {ergonomic}
     bool UseLargePagesIndividualAllocation        = false                                  {pd product} {ergonomic}

Logging:
Log output configuration:
 #0: stdout all=off uptime,level,tags foldmultilines=false
 #1: stderr all=off uptime,level,tags foldmultilines=false

Environment Variables:
JAVA_HOME=C:\Program Files\Java\jdk-17
PATH=C:\Users\nikik\AppData\Local\Programs\Python\Python310\Scripts\;C:\Users\nikik\AppData\Local\Programs\Python\Python310\;C:\Python310\Scripts\;C:\Python310\;C:\Program Files\Common Files\Oracle\Java\javapath;C:\WinAVR-20100110\bin;C:\WinAVR-20100110\utils\bin;C:\WinAVR-20100110;D:\GNU\10 2020-q4-major\bin;C:\WINDOWS\system32;C:\WINDOWS;C:\WINDOWS\System32\Wbem;C:\WINDOWS\System32\WindowsPowerShell\v1.0\;C:\WINDOWS\System32\OpenSSH\;C:\Program Files (x86)\STMicroelectronics\STM32 ST-LINK Utility\ST-LINK Utility;D:\MatLAB\runtime\win64;D:\MatLAB\bin;D:\MatLAB\polyspace\bin;C:\Program Files\Git\cmd;C:\Program Files\dotnet\;C:\Program Files (x86)\dotnet\;C:\Program Files\Docker\Docker\resources\bin;C:\ProgramData\DockerDesktop\version-bin;C:\ProgramData\chocolatey\bin;E:\nodejs\;C:\Program Files\Zabbix Agent 2\;C:\Users\nikik\AppData\Local\Programs\Python\Python38-32\Scripts\;C:\Users\nikik\AppData\Local\Programs\Python\Python38-32\;C:\Program Files\MySQL\MySQL Shell 8.0\bin\;D:\eclipse\4.6 2012q4\bin;D:\Visual Studio Code\Microsoft VS Code\bin;C:\Users\nikik\AppData\Local\atom\bin;C:\WinAVR-20100110;C:\Users\nikik\AppData\Local\Microsoft\WindowsApps;C:\Users\nikik\AppData\Roaming\npm
USERNAME=nikik
OS=Windows_NT
PROCESSOR_IDENTIFIER=Intel64 Family 6 Model 142 Stepping 9, GenuineIntel



---------------  S Y S T E M  ---------------

OS:
 Windows 10 , 64 bit Build 19041 (10.0.19041.1566)
OS uptime: 7 days 19:14 hours
Hyper-V role detected

CPU: total 4 (initial active 4) (2 cores per cpu, 2 threads per core) family 6 model 142 stepping 9 microcode 0xb4, cx8, cmov, fxsr, ht, mmx, 3dnowpref, sse, sse2, sse3, ssse3, sse4.1, sse4.2, popcnt, lzcnt, tsc, tscinvbit, avx, avx2, aes, erms, clmul, bmi1, bmi2, adx, fma, vzeroupper, clflush, clflushopt, hv

Memory: 4k page, system-wide physical 8071M (1203M free)
TotalPageFile size 12935M (AvailPageFile size 1721M)
current process WorkingSet (physical memory assigned to process): 136M, peak: 143M
current process commit charge ("private bytes"): 265M, peak: 272M

vm_info: OpenJDK 64-Bit Server VM (18+36-2087) for windows-amd64 JRE (18+36-2087), built on Feb 15 2022 09:37:35 by "mach5one" with MS VC++ 16.8 / 16.9 (VS2019)

END.
