#
# A fatal error has been detected by the Java Runtime Environment:
#
#  EXCEPTION_ACCESS_VIOLATION (0xc0000005) at pc=0x00007fff1b816a87, pid=15216, tid=9908
#
# JRE version: OpenJDK Runtime Environment (18.0+36) (build 18+36-2087)
# Java VM: OpenJDK 64-Bit Server VM (18+36-2087, mixed mode, sharing, tiered, compressed oops, compressed class ptrs, g1 gc, windows-amd64)
# Problematic frame:
# C  [glass.dll+0x26a87]
#
# No core dump will be written. Minidumps are not enabled by default on client versions of Windows
#
# If you would like to submit a bug report, please visit:
#   https://bugreport.java.com/bugreport/crash.jsp
#

---------------  S U M M A R Y ------------

Command Line: -javaagent:D:\Intelej\IntelliJ IDEA Community Edition 2022.1\lib\idea_rt.jar=64353:D:\Intelej\IntelliJ IDEA Community Edition 2022.1\bin -Dfile.encoding=UTF-8 --module-path=C:\Users\nikik\.m2\repository\org\openjfx\javafx-fxml\18-ea+6\javafx-fxml-18-ea+6-win.jar;C:\Users\nikik\.m2\repository\org\openjfx\javafx-graphics\18-ea+6\javafx-graphics-18-ea+6-win.jar;D:\IntelliJ IDEA\norm3laba\govna\target\classes;C:\Users\nikik\.m2\repository\org\openjfx\javafx-controls\18-ea+6\javafx-controls-18-ea+6-win.jar;C:\Users\nikik\.m2\repository\org\openjfx\javafx-base\18-ea+6\javafx-base-18-ea+6-win.jar -Djdk.module.main=com.example.govna com.example.govna/com.example.govna.HelloApplication

Host: Intel(R) Core(TM) i5-7200U CPU @ 2.50GHz, 4 cores, 7G,  Windows 10 , 64 bit Build 19041 (10.0.19041.1566)
Time: Fri Apr 15 10:48:37 2022  Windows 10 , 64 bit Build 19041 (10.0.19041.1566) elapsed time: 15.482302 seconds (0d 0h 0m 15s)

---------------  T H R E A D  ---------------

Current thread (0x0000026cfee882a0):  VMThread "VM Thread" [stack: 0x0000007e07a00000,0x0000007e07b00000] [id=9908]

Stack: [0x0000007e07a00000,0x0000007e07b00000],  sp=0x0000007e07aff110,  free space=1020k
Native frames: (J=compiled Java code, j=interpreted, Vv=VM code, C=native code)
C  [glass.dll+0x26a87]


siginfo: EXCEPTION_ACCESS_VIOLATION (0xc0000005), reading address 0x0000000000000000


Register to memory mapping:

RIP=0x00007fff1b816a87 glass.dll
RAX=0x0 is NULL
RBX=0x0000026cfee969a0 is a global jni handle
RCX=0x0000026cfee882a0 points into unknown readable memory: 0x00007ffef8a1edc8 | c8 ed a1 f8 fe 7f 00 00
RDX=0x0000007e07aff110 points into unknown readable memory: 0x0000000000000000 | 00 00 00 00 00 00 00 00
RSP=0x0000007e07aff110 points into unknown readable memory: 0x0000000000000000 | 00 00 00 00 00 00 00 00
RBP=0x0000026cffa31208 points into unknown readable memory: 0x0000ed83d9ad9df2 | f2 9d ad d9 83 ed 00 00
RSI=0x0000026cffa311e0 points into unknown readable memory: 0xf9b0ed822651f3f6 | f6 f3 51 26 82 ed b0 f9
RDI=0x0000ed83d9ad9df2 is an unknown value
R8 =0x0000000000010002 is an unknown value
R9 =0x0000ed83d9ad9df2 is an unknown value
R10=0x0000000000008000 is an unknown value
R11=0x0000007e07aff0a0 points into unknown readable memory: 0x0000026cffa311e0 | e0 11 a3 ff 6c 02 00 00
R12=0x00007fff1b814354 glass.dll
R13=0x00007ffef8be0b40 jvm.dll
R14=0x0000007e07aff208 points into unknown readable memory: 0x0000007e07aff1f0 | f0 f1 af 07 7e 00 00 00
R15=0x0000026cffa311e0 points into unknown readable memory: 0xf9b0ed822651f3f6 | f6 f3 51 26 82 ed b0 f9


Registers:
RAX=0x0000000000000000, RBX=0x0000026cfee969a0, RCX=0x0000026cfee882a0, RDX=0x0000007e07aff110
RSP=0x0000007e07aff110, RBP=0x0000026cffa31208, RSI=0x0000026cffa311e0, RDI=0x0000ed83d9ad9df2
R8 =0x0000000000010002, R9 =0x0000ed83d9ad9df2, R10=0x0000000000008000, R11=0x0000007e07aff0a0
R12=0x00007fff1b814354, R13=0x00007ffef8be0b40, R14=0x0000007e07aff208, R15=0x0000026cffa311e0
RIP=0x00007fff1b816a87, EFLAGS=0x0000000000010202

Top of Stack: (sp=0x0000007e07aff110)
0x0000007e07aff110:   0000000000000000 0000026cffa311e0
0x0000007e07aff120:   00007ffef8be0b40 00007fff1b814354
0x0000007e07aff130:   0000026cffa311e8 00007fff446642d6
0x0000007e07aff140:   0000ed83d9ad9df2 0000026c00000000
0x0000007e07aff150:   0000026cffa31208 0000026cffa311e0
0x0000007e07aff160:   fffffffffffffffe 0000000000000000
0x0000007e07aff170:   0000000000000001 00007fff1b7f0000
0x0000007e07aff180:   0000007e07aff1f8 00007fff446641fb
0x0000007e07aff190:   0000000000000000 0000007e07aff208
0x0000007e07aff1a0:   0000007e07aff4d0 00007fff44740e40
0x0000007e07aff1b0:   0000000000000001 00007fff446641b4
0x0000007e07aff1c0:   0000000000000000 0000000000000001
0x0000007e07aff1d0:   00007fff00000001 0000007e07aff1f8
0x0000007e07aff1e0:   0000000000000000 00007fff1b8141e1
0x0000007e07aff1f0:   00007fff1b82a138 00007fff00000002
0x0000007e07aff200:   0000000000000002 0000007e07aff1f0 

Instructions: (pc=0x00007fff1b816a87)
0x00007fff1b816987:   8b 4d 58 e8 01 cf ff ff 48 8b 4d 60 e8 f8 ce ff
0x00007fff1b816997:   ff 48 8b 95 80 00 00 00 48 8b 8d 18 01 00 00 e8
0x00007fff1b8169a7:   c6 c3 ff ff 33 d2 33 c9 e8 3c e1 ff ff 90 48 89
0x00007fff1b8169b7:   54 24 10 55 48 83 ec 20 48 8b ea 48 b8 00 00 00
0x00007fff1b8169c7:   00 00 00 00 00 48 83 c4 20 5d c3 cc 40 55 48 8b
0x00007fff1b8169d7:   ea 48 8b 01 33 c9 81 38 05 00 00 c0 0f 94 c1 8b
0x00007fff1b8169e7:   c1 5d c3 cc 40 55 48 83 ec 20 48 8b ea 8a 4d 40
0x00007fff1b8169f7:   48 83 c4 20 5d e9 f7 d2 ff ff cc 40 55 48 83 ec
0x00007fff1b816a07:   20 48 8b ea 8a 4d 20 e8 e5 d2 ff ff 90 48 83 c4
0x00007fff1b816a17:   20 5d c3 cc 40 55 48 83 ec 20 48 8b ea 48 83 c4
0x00007fff1b816a27:   20 5d e9 46 d1 ff ff cc 40 55 48 83 ec 30 48 8b
0x00007fff1b816a37:   ea 48 8b 01 8b 10 48 89 4c 24 28 89 54 24 20 4c
0x00007fff1b816a47:   8d 0d e7 d5 ff ff 4c 8b 45 70 8b 55 68 48 8b 4d
0x00007fff1b816a57:   60 e8 87 d0 ff ff 90 48 83 c4 30 5d c3 cc cc cc
0x00007fff1b816a67:   cc cc cc cc cc cc cc cc cc 40 53 48 83 ec 20 48
0x00007fff1b816a77:   8b 1d b3 30 01 00 48 85 db 74 16 e8 09 8b ff ff
0x00007fff1b816a87:   4c 8b 00 48 8b d3 48 8b c8 41 ff 90 b0 00 00 00
0x00007fff1b816a97:   90 48 83 c4 20 5b c3 cc cc 40 53 48 83 ec 20 48
0x00007fff1b816aa7:   8b 1d 2b 32 01 00 48 85 db 74 57 b8 ff ff ff ff
0x00007fff1b816ab7:   f0 0f c1 43 10 83 f8 01 75 3d 48 85 db 74 38 48
0x00007fff1b816ac7:   8b 0b 48 85 c9 74 0d ff 15 d4 07 00 00 48 c7 03
0x00007fff1b816ad7:   00 00 00 00 48 8b 4b 08 48 85 c9 74 0d e8 a7 cd
0x00007fff1b816ae7:   ff ff 48 c7 43 08 00 00 00 00 ba 18 00 00 00 48
0x00007fff1b816af7:   8b cb e8 92 cd ff ff 48 c7 05 cf 31 01 00 00 00
0x00007fff1b816b07:   00 00 48 83 c4 20 5b c3 cc 40 53 48 83 ec 20 48
0x00007fff1b816b17:   8b 1d 9b 31 01 00 48 85 db 74 57 b8 ff ff ff ff
0x00007fff1b816b27:   f0 0f c1 43 10 83 f8 01 75 3d 48 85 db 74 38 48
0x00007fff1b816b37:   8b 0b 48 85 c9 74 0d ff 15 64 07 00 00 48 c7 03
0x00007fff1b816b47:   00 00 00 00 48 8b 4b 08 48 85 c9 74 0d e8 37 cd
0x00007fff1b816b57:   ff ff 48 c7 43 08 00 00 00 00 ba 18 00 00 00 48
0x00007fff1b816b67:   8b cb e8 22 cd ff ff 48 c7 05 3f 31 01 00 00 00
0x00007fff1b816b77:   00 00 48 83 c4 20 5b c3 cc 40 53 48 83 ec 20 48 


Stack slot to memory mapping:
stack at sp + 0 slots: 0x0 is NULL
stack at sp + 1 slots: 0x0000026cffa311e0 points into unknown readable memory: 0xf9b0ed822651f3f6 | f6 f3 51 26 82 ed b0 f9
stack at sp + 2 slots: 0x00007ffef8be0b40 jvm.dll
stack at sp + 3 slots: 0x00007fff1b814354 glass.dll
stack at sp + 4 slots: 0x0000026cffa311e8 points into unknown readable memory: 0x0000ed83d9ad9df2 | f2 9d ad d9 83 ed 00 00
stack at sp + 5 slots: 0x00007fff446642d6 ucrtbase.dll
stack at sp + 6 slots: 0x0000ed83d9ad9df2 is an unknown value
stack at sp + 7 slots: 0x0000026c00000000 is an unknown value

VM_Operation (0x0000007e099feff0): Exit, mode: safepoint, requested by thread 0x0000026c9371a570


---------------  P R O C E S S  ---------------

Threads class SMR info:
_java_thread_list=0x0000026c93a34960, length=20, elements={
0x0000026cf05cfce0, 0x0000026cfee8ba40, 0x0000026cfee8c6a0, 0x0000026cfeea9810,
0x0000026cfeeaa950, 0x0000026cfeeabd10, 0x0000026cfeeb17d0, 0x0000026cfeeb2a90,
0x0000026cfeec3db0, 0x0000026cf06954a0, 0x0000026cff2fdd30, 0x0000026cff2fe1f0,
0x0000026cff994180, 0x0000026cff93f720, 0x0000026cff93d0a0, 0x0000026cff93fbf0,
0x0000026cff93c230, 0x0000026cff93e3e0, 0x0000026c9371d0c0, 0x0000026c9371a570
}

Java Threads: ( => current thread )
  0x0000026cf05cfce0 JavaThread "main" [_thread_blocked, id=16452, stack(0x0000007e07400000,0x0000007e07500000)]
  0x0000026cfee8ba40 JavaThread "Reference Handler" daemon [_thread_blocked, id=18516, stack(0x0000007e07b00000,0x0000007e07c00000)]
  0x0000026cfee8c6a0 JavaThread "Finalizer" daemon [_thread_blocked, id=17292, stack(0x0000007e07c00000,0x0000007e07d00000)]
  0x0000026cfeea9810 JavaThread "Attach Listener" daemon [_thread_blocked, id=7644, stack(0x0000007e07e00000,0x0000007e07f00000)]
  0x0000026cfeeaa950 JavaThread "Service Thread" daemon [_thread_blocked, id=10964, stack(0x0000007e07f00000,0x0000007e08000000)]
  0x0000026cfeeabd10 JavaThread "Monitor Deflation Thread" daemon [_thread_blocked, id=15160, stack(0x0000007e08000000,0x0000007e08100000)]
  0x0000026cfeeb17d0 JavaThread "C2 CompilerThread0" daemon [_thread_blocked, id=4652, stack(0x0000007e08100000,0x0000007e08200000)]
  0x0000026cfeeb2a90 JavaThread "C1 CompilerThread0" daemon [_thread_blocked, id=19756, stack(0x0000007e08200000,0x0000007e08300000)]
  0x0000026cfeec3db0 JavaThread "Sweeper thread" daemon [_thread_blocked, id=996, stack(0x0000007e08300000,0x0000007e08400000)]
  0x0000026cf06954a0 JavaThread "Common-Cleaner" daemon [_thread_blocked, id=19696, stack(0x0000007e08400000,0x0000007e08500000)]
  0x0000026cff2fdd30 JavaThread "Monitor Ctrl-Break" daemon [_thread_in_native, id=16396, stack(0x0000007e08600000,0x0000007e08700000)]
  0x0000026cff2fe1f0 JavaThread "Notification Thread" daemon [_thread_blocked, id=8896, stack(0x0000007e08700000,0x0000007e08800000)]
  0x0000026cff994180 JavaThread "QuantumRenderer-0" daemon [_thread_blocked, id=6504, stack(0x0000007e08c00000,0x0000007e08d00000)]
  0x0000026cff93f720 JavaThread "InvokeLaterDispatcher" daemon [_thread_blocked, id=13240, stack(0x0000007e08e00000,0x0000007e08f00000)]
  0x0000026cff93d0a0 JavaThread "JavaFX Application Thread" [_thread_in_native, id=16200, stack(0x0000007e08f00000,0x0000007e09000000)]
  0x0000026cff93fbf0 JavaThread "Thread-1" daemon [_thread_in_native, id=14536, stack(0x0000007e09300000,0x0000007e09400000)]
  0x0000026cff93c230 JavaThread "JavaFX-Launcher" [_thread_blocked, id=10760, stack(0x0000007e09400000,0x0000007e09500000)]
  0x0000026cff93e3e0 JavaThread "Prism Font Disposer" daemon [_thread_blocked, id=14664, stack(0x0000007e08500000,0x0000007e08600000)]
  0x0000026c9371d0c0 JavaThread "Cleaner-0" daemon [_thread_blocked, id=19280, stack(0x0000007e09800000,0x0000007e09900000)]
  0x0000026c9371a570 JavaThread "SIGINT handler" daemon [_thread_blocked, id=18352, stack(0x0000007e09900000,0x0000007e09a00000)]

Other Threads:
=>0x0000026cfee882a0 VMThread "VM Thread" [stack: 0x0000007e07a00000,0x0000007e07b00000] [id=9908]
  0x0000026cf062e3d0 WorkerThread "GC Thread#0" [stack: 0x0000007e07500000,0x0000007e07600000] [id=7044]
  0x0000026cffaee710 WorkerThread "GC Thread#1" [stack: 0x0000007e08900000,0x0000007e08a00000] [id=7892]
  0x0000026cff49f0d0 WorkerThread "GC Thread#2" [stack: 0x0000007e08a00000,0x0000007e08b00000] [id=2436]
  0x0000026cffc1a000 WorkerThread "GC Thread#3" [stack: 0x0000007e08b00000,0x0000007e08c00000] [id=6696]
  0x0000026cf0640350 ConcurrentGCThread "G1 Main Marker" terminated
  0x0000026cf0641d50 WorkerThread "G1 Conc#0" [stack: 0x0000007e07700000,0x0000007e07800000] [id=868]
  0x0000026cf067e710 ConcurrentGCThread "G1 Refine#0" terminated
  0x0000026cf067f020 ConcurrentGCThread "G1 Service" terminated

Threads with active compile tasks:

VM state: at safepoint (shutting down)

VM Mutex/Monitor currently owned by a thread:  ([mutex/lock_event])
[0x0000026cf05cd8b0] Threads_lock - owner thread: 0x0000026cfee882a0
[0x0000026cf05cd820] Heap_lock - owner thread: 0x0000026c9371a570

Heap address: 0x0000000081e00000, size: 2018 MB, Compressed Oops mode: 32-bit

CDS archive(s) mapped at: [0x0000000800000000-0x0000000800b90000-0x0000000800b90000), size 12124160, SharedBaseAddress: 0x0000000800000000, ArchiveRelocationMode: 0.
Compressed class space mapped at: 0x0000000800c00000-0x0000000840c00000, reserved size: 1073741824
Narrow klass base: 0x0000000800000000, Narrow klass shift: 0, Narrow klass range: 0x100000000

GC Precious Log:
 CardTable entry size: 512
 Card Set container configuration: InlinePtr #cards 5 size 8 Array Of Cards #cards 12 size 40 Howl #buckets 4 coarsen threshold 1843 Howl Bitmap #cards 512 size 80 coarsen threshold 460 Card regions per heap region 1 cards per card region 2048
 CPUs: 4 total, 4 available
 Memory: 8071M
 Large Page Support: Disabled
 NUMA Support: Disabled
 Compressed Oops: Enabled (32-bit)
 Heap Region Size: 1M
 Heap Min Capacity: 8M
 Heap Initial Capacity: 128M
 Heap Max Capacity: 2018M
 Pre-touch: Disabled
 Parallel Workers: 4
 Concurrent Workers: 1
 Concurrent Refinement Workers: 4
 Periodic GC: Disabled

Heap:
 garbage-first heap   total 131072K, used 39662K [0x0000000081e00000, 0x0000000100000000)
  region size 1024K, 37 young (37888K), 3 survivors (3072K)
 Metaspace       used 16092K, committed 16448K, reserved 1114112K
  class space    used 2315K, committed 2496K, reserved 1048576K

Heap Regions: E=young(eden), S=young(survivor), O=old, HS=humongous(starts), HC=humongous(continues), CS=collection set, F=free, OA=open archive, CA=closed archive, TAMS=top-at-mark-start (previous, next)
|   0|0x0000000081e00000, 0x0000000081f00000, 0x0000000081f00000|100%| O|  |TAMS 0x0000000081e00000, 0x0000000081e00000| Untracked 
|   1|0x0000000081f00000, 0x0000000081fbb800, 0x0000000082000000| 73%| O|  |TAMS 0x0000000081f00000, 0x0000000081f00000| Untracked 
|   2|0x0000000082000000, 0x0000000082100000, 0x0000000082100000|100%|HS|  |TAMS 0x0000000082000000, 0x0000000082000000| Complete 
|   3|0x0000000082100000, 0x0000000082200000, 0x0000000082200000|100%|HC|  |TAMS 0x0000000082100000, 0x0000000082100000| Complete 
|   4|0x0000000082200000, 0x0000000082200000, 0x0000000082300000|  0%| F|  |TAMS 0x0000000082200000, 0x0000000082200000| Untracked 
|   5|0x0000000082300000, 0x0000000082300000, 0x0000000082400000|  0%| F|  |TAMS 0x0000000082300000, 0x0000000082300000| Untracked 
|   6|0x0000000082400000, 0x0000000082400000, 0x0000000082500000|  0%| F|  |TAMS 0x0000000082400000, 0x0000000082400000| Untracked 
|   7|0x0000000082500000, 0x0000000082500000, 0x0000000082600000|  0%| F|  |TAMS 0x0000000082500000, 0x0000000082500000| Untracked 
|   8|0x0000000082600000, 0x0000000082600000, 0x0000000082700000|  0%| F|  |TAMS 0x0000000082600000, 0x0000000082600000| Untracked 
|   9|0x0000000082700000, 0x0000000082700000, 0x0000000082800000|  0%| F|  |TAMS 0x0000000082700000, 0x0000000082700000| Untracked 
|  10|0x0000000082800000, 0x0000000082800000, 0x0000000082900000|  0%| F|  |TAMS 0x0000000082800000, 0x0000000082800000| Untracked 
|  11|0x0000000082900000, 0x0000000082900000, 0x0000000082a00000|  0%| F|  |TAMS 0x0000000082900000, 0x0000000082900000| Untracked 
|  12|0x0000000082a00000, 0x0000000082a00000, 0x0000000082b00000|  0%| F|  |TAMS 0x0000000082a00000, 0x0000000082a00000| Untracked 
|  13|0x0000000082b00000, 0x0000000082b00000, 0x0000000082c00000|  0%| F|  |TAMS 0x0000000082b00000, 0x0000000082b00000| Untracked 
|  14|0x0000000082c00000, 0x0000000082c00000, 0x0000000082d00000|  0%| F|  |TAMS 0x0000000082c00000, 0x0000000082c00000| Untracked 
|  15|0x0000000082d00000, 0x0000000082d00000, 0x0000000082e00000|  0%| F|  |TAMS 0x0000000082d00000, 0x0000000082d00000| Untracked 
|  16|0x0000000082e00000, 0x0000000082e00000, 0x0000000082f00000|  0%| F|  |TAMS 0x0000000082e00000, 0x0000000082e00000| Untracked 
|  17|0x0000000082f00000, 0x0000000082f00000, 0x0000000083000000|  0%| F|  |TAMS 0x0000000082f00000, 0x0000000082f00000| Untracked 
|  18|0x0000000083000000, 0x0000000083000000, 0x0000000083100000|  0%| F|  |TAMS 0x0000000083000000, 0x0000000083000000| Untracked 
|  19|0x0000000083100000, 0x0000000083100000, 0x0000000083200000|  0%| F|  |TAMS 0x0000000083100000, 0x0000000083100000| Untracked 
|  20|0x0000000083200000, 0x0000000083200000, 0x0000000083300000|  0%| F|  |TAMS 0x0000000083200000, 0x0000000083200000| Untracked 
|  21|0x0000000083300000, 0x0000000083300000, 0x0000000083400000|  0%| F|  |TAMS 0x0000000083300000, 0x0000000083300000| Untracked 
|  22|0x0000000083400000, 0x0000000083400000, 0x0000000083500000|  0%| F|  |TAMS 0x0000000083400000, 0x0000000083400000| Untracked 
|  23|0x0000000083500000, 0x0000000083500000, 0x0000000083600000|  0%| F|  |TAMS 0x0000000083500000, 0x0000000083500000| Untracked 
|  24|0x0000000083600000, 0x0000000083600000, 0x0000000083700000|  0%| F|  |TAMS 0x0000000083600000, 0x0000000083600000| Untracked 
|  25|0x0000000083700000, 0x0000000083700000, 0x0000000083800000|  0%| F|  |TAMS 0x0000000083700000, 0x0000000083700000| Untracked 
|  26|0x0000000083800000, 0x0000000083800000, 0x0000000083900000|  0%| F|  |TAMS 0x0000000083800000, 0x0000000083800000| Untracked 
|  27|0x0000000083900000, 0x0000000083900000, 0x0000000083a00000|  0%| F|  |TAMS 0x0000000083900000, 0x0000000083900000| Untracked 
|  28|0x0000000083a00000, 0x0000000083a00000, 0x0000000083b00000|  0%| F|  |TAMS 0x0000000083a00000, 0x0000000083a00000| Untracked 
|  29|0x0000000083b00000, 0x0000000083b00000, 0x0000000083c00000|  0%| F|  |TAMS 0x0000000083b00000, 0x0000000083b00000| Untracked 
|  30|0x0000000083c00000, 0x0000000083c00000, 0x0000000083d00000|  0%| F|  |TAMS 0x0000000083c00000, 0x0000000083c00000| Untracked 
|  31|0x0000000083d00000, 0x0000000083d00000, 0x0000000083e00000|  0%| F|  |TAMS 0x0000000083d00000, 0x0000000083d00000| Untracked 
|  32|0x0000000083e00000, 0x0000000083e00000, 0x0000000083f00000|  0%| F|  |TAMS 0x0000000083e00000, 0x0000000083e00000| Untracked 
|  33|0x0000000083f00000, 0x0000000083f00000, 0x0000000084000000|  0%| F|  |TAMS 0x0000000083f00000, 0x0000000083f00000| Untracked 
|  34|0x0000000084000000, 0x0000000084000000, 0x0000000084100000|  0%| F|  |TAMS 0x0000000084000000, 0x0000000084000000| Untracked 
|  35|0x0000000084100000, 0x0000000084100000, 0x0000000084200000|  0%| F|  |TAMS 0x0000000084100000, 0x0000000084100000| Untracked 
|  36|0x0000000084200000, 0x0000000084200000, 0x0000000084300000|  0%| F|  |TAMS 0x0000000084200000, 0x0000000084200000| Untracked 
|  37|0x0000000084300000, 0x0000000084300000, 0x0000000084400000|  0%| F|  |TAMS 0x0000000084300000, 0x0000000084300000| Untracked 
|  38|0x0000000084400000, 0x0000000084400000, 0x0000000084500000|  0%| F|  |TAMS 0x0000000084400000, 0x0000000084400000| Untracked 
|  39|0x0000000084500000, 0x0000000084500000, 0x0000000084600000|  0%| F|  |TAMS 0x0000000084500000, 0x0000000084500000| Untracked 
|  40|0x0000000084600000, 0x0000000084600000, 0x0000000084700000|  0%| F|  |TAMS 0x0000000084600000, 0x0000000084600000| Untracked 
|  41|0x0000000084700000, 0x0000000084700000, 0x0000000084800000|  0%| F|  |TAMS 0x0000000084700000, 0x0000000084700000| Untracked 
|  42|0x0000000084800000, 0x0000000084800000, 0x0000000084900000|  0%| F|  |TAMS 0x0000000084800000, 0x0000000084800000| Untracked 
|  43|0x0000000084900000, 0x0000000084900000, 0x0000000084a00000|  0%| F|  |TAMS 0x0000000084900000, 0x0000000084900000| Untracked 
|  44|0x0000000084a00000, 0x0000000084a00000, 0x0000000084b00000|  0%| F|  |TAMS 0x0000000084a00000, 0x0000000084a00000| Untracked 
|  45|0x0000000084b00000, 0x0000000084b00000, 0x0000000084c00000|  0%| F|  |TAMS 0x0000000084b00000, 0x0000000084b00000| Untracked 
|  46|0x0000000084c00000, 0x0000000084c00000, 0x0000000084d00000|  0%| F|  |TAMS 0x0000000084c00000, 0x0000000084c00000| Untracked 
|  47|0x0000000084d00000, 0x0000000084d00000, 0x0000000084e00000|  0%| F|  |TAMS 0x0000000084d00000, 0x0000000084d00000| Untracked 
|  48|0x0000000084e00000, 0x0000000084e00000, 0x0000000084f00000|  0%| F|  |TAMS 0x0000000084e00000, 0x0000000084e00000| Untracked 
|  49|0x0000000084f00000, 0x0000000084f00000, 0x0000000085000000|  0%| F|  |TAMS 0x0000000084f00000, 0x0000000084f00000| Untracked 
|  50|0x0000000085000000, 0x0000000085000000, 0x0000000085100000|  0%| F|  |TAMS 0x0000000085000000, 0x0000000085000000| Untracked 
|  51|0x0000000085100000, 0x0000000085100000, 0x0000000085200000|  0%| F|  |TAMS 0x0000000085100000, 0x0000000085100000| Untracked 
|  52|0x0000000085200000, 0x0000000085200000, 0x0000000085300000|  0%| F|  |TAMS 0x0000000085200000, 0x0000000085200000| Untracked 
|  53|0x0000000085300000, 0x0000000085300000, 0x0000000085400000|  0%| F|  |TAMS 0x0000000085300000, 0x0000000085300000| Untracked 
|  54|0x0000000085400000, 0x0000000085400000, 0x0000000085500000|  0%| F|  |TAMS 0x0000000085400000, 0x0000000085400000| Untracked 
|  55|0x0000000085500000, 0x0000000085500000, 0x0000000085600000|  0%| F|  |TAMS 0x0000000085500000, 0x0000000085500000| Untracked 
|  56|0x0000000085600000, 0x0000000085600000, 0x0000000085700000|  0%| F|  |TAMS 0x0000000085600000, 0x0000000085600000| Untracked 
|  57|0x0000000085700000, 0x0000000085700000, 0x0000000085800000|  0%| F|  |TAMS 0x0000000085700000, 0x0000000085700000| Untracked 
|  58|0x0000000085800000, 0x0000000085800000, 0x0000000085900000|  0%| F|  |TAMS 0x0000000085800000, 0x0000000085800000| Untracked 
|  59|0x0000000085900000, 0x0000000085900000, 0x0000000085a00000|  0%| F|  |TAMS 0x0000000085900000, 0x0000000085900000| Untracked 
|  60|0x0000000085a00000, 0x0000000085a00000, 0x0000000085b00000|  0%| F|  |TAMS 0x0000000085a00000, 0x0000000085a00000| Untracked 
|  61|0x0000000085b00000, 0x0000000085b00000, 0x0000000085c00000|  0%| F|  |TAMS 0x0000000085b00000, 0x0000000085b00000| Untracked 
|  62|0x0000000085c00000, 0x0000000085c00000, 0x0000000085d00000|  0%| F|  |TAMS 0x0000000085c00000, 0x0000000085c00000| Untracked 
|  63|0x0000000085d00000, 0x0000000085d00000, 0x0000000085e00000|  0%| F|  |TAMS 0x0000000085d00000, 0x0000000085d00000| Untracked 
|  64|0x0000000085e00000, 0x0000000085e00000, 0x0000000085f00000|  0%| F|  |TAMS 0x0000000085e00000, 0x0000000085e00000| Untracked 
|  65|0x0000000085f00000, 0x0000000085f00000, 0x0000000086000000|  0%| F|  |TAMS 0x0000000085f00000, 0x0000000085f00000| Untracked 
|  66|0x0000000086000000, 0x0000000086000000, 0x0000000086100000|  0%| F|  |TAMS 0x0000000086000000, 0x0000000086000000| Untracked 
|  67|0x0000000086100000, 0x0000000086100000, 0x0000000086200000|  0%| F|  |TAMS 0x0000000086100000, 0x0000000086100000| Untracked 
|  68|0x0000000086200000, 0x0000000086200000, 0x0000000086300000|  0%| F|  |TAMS 0x0000000086200000, 0x0000000086200000| Untracked 
|  69|0x0000000086300000, 0x0000000086300000, 0x0000000086400000|  0%| F|  |TAMS 0x0000000086300000, 0x0000000086300000| Untracked 
|  70|0x0000000086400000, 0x0000000086400000, 0x0000000086500000|  0%| F|  |TAMS 0x0000000086400000, 0x0000000086400000| Untracked 
|  71|0x0000000086500000, 0x0000000086500000, 0x0000000086600000|  0%| F|  |TAMS 0x0000000086500000, 0x0000000086500000| Untracked 
|  72|0x0000000086600000, 0x0000000086600000, 0x0000000086700000|  0%| F|  |TAMS 0x0000000086600000, 0x0000000086600000| Untracked 
|  73|0x0000000086700000, 0x0000000086700000, 0x0000000086800000|  0%| F|  |TAMS 0x0000000086700000, 0x0000000086700000| Untracked 
|  74|0x0000000086800000, 0x0000000086800000, 0x0000000086900000|  0%| F|  |TAMS 0x0000000086800000, 0x0000000086800000| Untracked 
|  75|0x0000000086900000, 0x0000000086900000, 0x0000000086a00000|  0%| F|  |TAMS 0x0000000086900000, 0x0000000086900000| Untracked 
|  76|0x0000000086a00000, 0x0000000086a00000, 0x0000000086b00000|  0%| F|  |TAMS 0x0000000086a00000, 0x0000000086a00000| Untracked 
|  77|0x0000000086b00000, 0x0000000086b00000, 0x0000000086c00000|  0%| F|  |TAMS 0x0000000086b00000, 0x0000000086b00000| Untracked 
|  78|0x0000000086c00000, 0x0000000086c00000, 0x0000000086d00000|  0%| F|  |TAMS 0x0000000086c00000, 0x0000000086c00000| Untracked 
|  79|0x0000000086d00000, 0x0000000086d00000, 0x0000000086e00000|  0%| F|  |TAMS 0x0000000086d00000, 0x0000000086d00000| Untracked 
|  80|0x0000000086e00000, 0x0000000086e00000, 0x0000000086f00000|  0%| F|  |TAMS 0x0000000086e00000, 0x0000000086e00000| Untracked 
|  81|0x0000000086f00000, 0x0000000086f00000, 0x0000000087000000|  0%| F|  |TAMS 0x0000000086f00000, 0x0000000086f00000| Untracked 
|  82|0x0000000087000000, 0x0000000087000000, 0x0000000087100000|  0%| F|  |TAMS 0x0000000087000000, 0x0000000087000000| Untracked 
|  83|0x0000000087100000, 0x0000000087100000, 0x0000000087200000|  0%| F|  |TAMS 0x0000000087100000, 0x0000000087100000| Untracked 
|  84|0x0000000087200000, 0x0000000087200000, 0x0000000087300000|  0%| F|  |TAMS 0x0000000087200000, 0x0000000087200000| Untracked 
|  85|0x0000000087300000, 0x0000000087300000, 0x0000000087400000|  0%| F|  |TAMS 0x0000000087300000, 0x0000000087300000| Untracked 
|  86|0x0000000087400000, 0x0000000087400000, 0x0000000087500000|  0%| F|  |TAMS 0x0000000087400000, 0x0000000087400000| Untracked 
|  87|0x0000000087500000, 0x0000000087500000, 0x0000000087600000|  0%| F|  |TAMS 0x0000000087500000, 0x0000000087500000| Untracked 
|  88|0x0000000087600000, 0x0000000087600000, 0x0000000087700000|  0%| F|  |TAMS 0x0000000087600000, 0x0000000087600000| Untracked 
|  89|0x0000000087700000, 0x0000000087700000, 0x0000000087800000|  0%| F|  |TAMS 0x0000000087700000, 0x0000000087700000| Untracked 
|  90|0x0000000087800000, 0x0000000087800000, 0x0000000087900000|  0%| F|  |TAMS 0x0000000087800000, 0x0000000087800000| Untracked 
|  91|0x0000000087900000, 0x0000000087996060, 0x0000000087a00000| 58%| E|  |TAMS 0x0000000087900000, 0x0000000087900000| Complete 
|  92|0x0000000087a00000, 0x0000000087b00000, 0x0000000087b00000|100%| E|CS|TAMS 0x0000000087a00000, 0x0000000087a00000| Complete 
|  93|0x0000000087b00000, 0x0000000087c00000, 0x0000000087c00000|100%| E|CS|TAMS 0x0000000087b00000, 0x0000000087b00000| Complete 
|  94|0x0000000087c00000, 0x0000000087d00000, 0x0000000087d00000|100%| E|CS|TAMS 0x0000000087c00000, 0x0000000087c00000| Complete 
|  95|0x0000000087d00000, 0x0000000087e00000, 0x0000000087e00000|100%| E|CS|TAMS 0x0000000087d00000, 0x0000000087d00000| Complete 
|  96|0x0000000087e00000, 0x0000000087f00000, 0x0000000087f00000|100%| E|CS|TAMS 0x0000000087e00000, 0x0000000087e00000| Complete 
|  97|0x0000000087f00000, 0x0000000088000000, 0x0000000088000000|100%| E|CS|TAMS 0x0000000087f00000, 0x0000000087f00000| Complete 
|  98|0x0000000088000000, 0x0000000088100000, 0x0000000088100000|100%| E|CS|TAMS 0x0000000088000000, 0x0000000088000000| Complete 
|  99|0x0000000088100000, 0x0000000088200000, 0x0000000088200000|100%| E|CS|TAMS 0x0000000088100000, 0x0000000088100000| Complete 
| 100|0x0000000088200000, 0x0000000088300000, 0x0000000088300000|100%| E|CS|TAMS 0x0000000088200000, 0x0000000088200000| Complete 
| 101|0x0000000088300000, 0x0000000088400000, 0x0000000088400000|100%| E|  |TAMS 0x0000000088300000, 0x0000000088300000| Complete 
| 102|0x0000000088400000, 0x0000000088500000, 0x0000000088500000|100%| E|CS|TAMS 0x0000000088400000, 0x0000000088400000| Complete 
| 103|0x0000000088500000, 0x0000000088600000, 0x0000000088600000|100%| E|CS|TAMS 0x0000000088500000, 0x0000000088500000| Complete 
| 104|0x0000000088600000, 0x0000000088700000, 0x0000000088700000|100%| E|CS|TAMS 0x0000000088600000, 0x0000000088600000| Complete 
| 105|0x0000000088700000, 0x0000000088800000, 0x0000000088800000|100%| E|CS|TAMS 0x0000000088700000, 0x0000000088700000| Complete 
| 106|0x0000000088800000, 0x0000000088900000, 0x0000000088900000|100%| S|CS|TAMS 0x0000000088800000, 0x0000000088800000| Complete 
| 107|0x0000000088900000, 0x0000000088a00000, 0x0000000088a00000|100%| S|CS|TAMS 0x0000000088900000, 0x0000000088900000| Complete 
| 108|0x0000000088a00000, 0x0000000088b00000, 0x0000000088b00000|100%| S|CS|TAMS 0x0000000088a00000, 0x0000000088a00000| Complete 
| 109|0x0000000088b00000, 0x0000000088c00000, 0x0000000088c00000|100%| E|CS|TAMS 0x0000000088b00000, 0x0000000088b00000| Complete 
| 110|0x0000000088c00000, 0x0000000088d00000, 0x0000000088d00000|100%| E|CS|TAMS 0x0000000088c00000, 0x0000000088c00000| Complete 
| 111|0x0000000088d00000, 0x0000000088e00000, 0x0000000088e00000|100%| E|CS|TAMS 0x0000000088d00000, 0x0000000088d00000| Complete 
| 112|0x0000000088e00000, 0x0000000088f00000, 0x0000000088f00000|100%| E|CS|TAMS 0x0000000088e00000, 0x0000000088e00000| Complete 
| 113|0x0000000088f00000, 0x0000000089000000, 0x0000000089000000|100%| E|CS|TAMS 0x0000000088f00000, 0x0000000088f00000| Complete 
| 114|0x0000000089000000, 0x0000000089100000, 0x0000000089100000|100%| E|CS|TAMS 0x0000000089000000, 0x0000000089000000| Complete 
| 115|0x0000000089100000, 0x0000000089200000, 0x0000000089200000|100%| E|CS|TAMS 0x0000000089100000, 0x0000000089100000| Complete 
| 116|0x0000000089200000, 0x0000000089300000, 0x0000000089300000|100%| E|CS|TAMS 0x0000000089200000, 0x0000000089200000| Complete 
| 117|0x0000000089300000, 0x0000000089400000, 0x0000000089400000|100%| E|CS|TAMS 0x0000000089300000, 0x0000000089300000| Complete 
| 118|0x0000000089400000, 0x0000000089500000, 0x0000000089500000|100%| E|CS|TAMS 0x0000000089400000, 0x0000000089400000| Complete 
| 119|0x0000000089500000, 0x0000000089600000, 0x0000000089600000|100%| E|CS|TAMS 0x0000000089500000, 0x0000000089500000| Complete 
| 120|0x0000000089600000, 0x0000000089700000, 0x0000000089700000|100%| E|CS|TAMS 0x0000000089600000, 0x0000000089600000| Complete 
| 121|0x0000000089700000, 0x0000000089800000, 0x0000000089800000|100%| E|CS|TAMS 0x0000000089700000, 0x0000000089700000| Complete 
| 122|0x0000000089800000, 0x0000000089900000, 0x0000000089900000|100%| E|CS|TAMS 0x0000000089800000, 0x0000000089800000| Complete 
| 123|0x0000000089900000, 0x0000000089a00000, 0x0000000089a00000|100%| E|CS|TAMS 0x0000000089900000, 0x0000000089900000| Complete 
| 124|0x0000000089a00000, 0x0000000089b00000, 0x0000000089b00000|100%| E|CS|TAMS 0x0000000089a00000, 0x0000000089a00000| Complete 
| 125|0x0000000089b00000, 0x0000000089c00000, 0x0000000089c00000|100%| E|CS|TAMS 0x0000000089b00000, 0x0000000089b00000| Complete 
| 126|0x0000000089c00000, 0x0000000089d00000, 0x0000000089d00000|100%| E|CS|TAMS 0x0000000089c00000, 0x0000000089c00000| Complete 
| 127|0x0000000089d00000, 0x0000000089e00000, 0x0000000089e00000|100%| E|CS|TAMS 0x0000000089d00000, 0x0000000089d00000| Complete 

Card table byte_map: [0x0000026cf8300000,0x0000026cf8700000] _byte_map_base: 0x0000026cf7ef1000

Marking Bits (Prev, Next): (CMBitMap*) 0x0000026cf062fde0, (CMBitMap*) 0x0000026cf062fe20
 Prev Bits: [0x0000026cf8b00000, 0x0000026cfaa88000)
 Next Bits: [0x0000026cfaa90000, 0x0000026cfca18000)

Polling page: 0x0000026cefda0000

Metaspace:

Usage:
  Non-class:     13.45 MB used.
      Class:      2.26 MB used.
       Both:     15.72 MB used.

Virtual space:
  Non-class space:       64.00 MB reserved,      13.62 MB ( 21%) committed,  1 nodes.
      Class space:        1.00 GB reserved,       2.44 MB ( <1%) committed,  1 nodes.
             Both:        1.06 GB reserved,      16.06 MB (  1%) committed. 

Chunk freelists:
   Non-Class:  1.77 MB
       Class:  1.55 MB
        Both:  3.31 MB

MaxMetaspaceSize: unlimited
CompressedClassSpaceSize: 1.00 GB
Initial GC threshold: 21.00 MB
Current GC threshold: 21.00 MB
CDS: on
MetaspaceReclaimPolicy: balanced
 - commit_granule_bytes: 65536.
 - commit_granule_words: 8192.
 - virtual_space_node_default_size: 8388608.
 - enlarge_chunks_in_place: 1.
 - new_chunks_are_fully_committed: 0.
 - uncommit_free_chunks: 1.
 - use_allocation_guard: 0.


Internal statistics:

num_allocs_failed_limit: 0.
num_arena_births: 334.
num_arena_deaths: 0.
num_vsnodes_births: 2.
num_vsnodes_deaths: 0.
num_space_committed: 257.
num_space_uncommitted: 0.
num_chunks_returned_to_freelist: 0.
num_chunks_taken_from_freelist: 837.
num_chunk_merges: 0.
num_chunk_splits: 587.
num_chunks_enlarged: 451.
num_inconsistent_stats: 0.

CodeHeap 'non-profiled nmethods': size=120000Kb used=932Kb max_used=932Kb free=119067Kb
 bounds [0x0000026c87ad0000, 0x0000026c87d40000, 0x0000026c8f000000]
CodeHeap 'profiled nmethods': size=120000Kb used=4837Kb max_used=4837Kb free=115162Kb
 bounds [0x0000026c805a0000, 0x0000026c80a60000, 0x0000026c87ad0000]
CodeHeap 'non-nmethods': size=5760Kb used=1442Kb max_used=1473Kb free=4318Kb
 bounds [0x0000026c80000000, 0x0000026c80270000, 0x0000026c805a0000]
 total_blobs=3397 nmethods=2604 adapters=705
 compilation: enabled
              stopped_count=0, restarted_count=0
 full_count=0

Compilation events (20 events):
Event: 11.760 Thread 0x0000026cfeeb2a90 2596       3       java.util.concurrent.locks.ReentrantLock::isHeldByCurrentThread (8 bytes)
Event: 11.760 Thread 0x0000026cfeeb2a90 nmethod 2596 0x0000026c80a53490 code [0x0000026c80a53640, 0x0000026c80a53858]
Event: 11.760 Thread 0x0000026cfeeb2a90 2597       3       com.sun.javafx.tk.quantum.QuantumToolkit::checkFxUserThread (12 bytes)
Event: 11.760 Thread 0x0000026cfeeb2a90 nmethod 2597 0x0000026c80a53910 code [0x0000026c80a53b00, 0x0000026c80a53fc8]
Event: 11.760 Thread 0x0000026cfeeb2a90 2598       3       com.sun.javafx.tk.Toolkit::checkFxUserThread (27 bytes)
Event: 11.760 Thread 0x0000026cfeeb2a90 nmethod 2598 0x0000026c80a54190 code [0x0000026c80a54360, 0x0000026c80a54778]
Event: 11.775 Thread 0x0000026cfeeb2a90 2599   !   3       com.sun.javafx.tk.quantum.QuantumToolkit::runWithoutRenderLock (49 bytes)
Event: 11.776 Thread 0x0000026cfeeb2a90 nmethod 2599 0x0000026c80a54910 code [0x0000026c80a54b60, 0x0000026c80a557e8]
Event: 11.791 Thread 0x0000026cfeeb2a90 2600       3       java.util.concurrent.CopyOnWriteArrayList::size (6 bytes)
Event: 11.791 Thread 0x0000026cfeeb2a90 nmethod 2600 0x0000026c80a55b90 code [0x0000026c80a55d20, 0x0000026c80a55e58]
Event: 11.798 Thread 0x0000026cfeeb2a90 2601       1       com.sun.javafx.stage.WindowEventDispatcher::getLastDispatcher (5 bytes)
Event: 11.798 Thread 0x0000026cfeeb2a90 nmethod 2601 0x0000026c87bb8d90 code [0x0000026c87bb8f20, 0x0000026c87bb8ff8]
Event: 11.835 Thread 0x0000026cfeeb2a90 2602       3       java.util.EnumMap::get (29 bytes)
Event: 11.835 Thread 0x0000026cfeeb2a90 nmethod 2602 0x0000026c80a55f10 code [0x0000026c80a560e0, 0x0000026c80a564a8]
Event: 11.835 Thread 0x0000026cfeeb2a90 2603       3       java.util.EnumMap::isValidKey (36 bytes)
Event: 11.836 Thread 0x0000026cfeeb2a90 nmethod 2603 0x0000026c80a56610 code [0x0000026c80a567c0, 0x0000026c80a56a48]
Event: 11.857 Thread 0x0000026cfeeb2a90 2604       3       javafx.scene.Scene::getEffectiveCamera (80 bytes)
Event: 11.858 Thread 0x0000026cfeeb2a90 nmethod 2604 0x0000026c80a56b10 code [0x0000026c80a56e20, 0x0000026c80a584d8]
Event: 15.104 Thread 0x0000026cfeeb2a90 2605       3       java.lang.invoke.MethodHandle::setAsTypeCache (33 bytes)
Event: 15.105 Thread 0x0000026cfeeb2a90 nmethod 2605 0x0000026c80a58b10 code [0x0000026c80a58d00, 0x0000026c80a59318]

GC Heap History (4 events):
Event: 0.833 GC heap before
{Heap before GC invocations=0 (full 0):
 garbage-first heap   total 131072K, used 13312K [0x0000000081e00000, 0x0000000100000000)
  region size 1024K, 13 young (13312K), 0 survivors (0K)
 Metaspace       used 2801K, committed 2944K, reserved 1114112K
  class space    used 290K, committed 384K, reserved 1048576K
}
Event: 0.837 GC heap after
{Heap after GC invocations=1 (full 0):
 garbage-first heap   total 131072K, used 1762K [0x0000000081e00000, 0x0000000100000000)
  region size 1024K, 2 young (2048K), 2 survivors (2048K)
 Metaspace       used 2801K, committed 2944K, reserved 1114112K
  class space    used 290K, committed 384K, reserved 1048576K
}
Event: 1.327 GC heap before
{Heap before GC invocations=1 (full 0):
 garbage-first heap   total 131072K, used 18146K [0x0000000081e00000, 0x0000000100000000)
  region size 1024K, 19 young (19456K), 2 survivors (2048K)
 Metaspace       used 8221K, committed 8448K, reserved 1114112K
  class space    used 1014K, committed 1152K, reserved 1048576K
}
Event: 1.332 GC heap after
{Heap after GC invocations=2 (full 0):
 garbage-first heap   total 131072K, used 4846K [0x0000000081e00000, 0x0000000100000000)
  region size 1024K, 3 young (3072K), 3 survivors (3072K)
 Metaspace       used 8221K, committed 8448K, reserved 1114112K
  class space    used 1014K, committed 1152K, reserved 1048576K
}

Deoptimization events (20 events):
Event: 1.765 Thread 0x0000026cff93d0a0 DEOPT PACKING pc=0x0000026c87b41f8c sp=0x0000007e08ffd9b0
Event: 1.765 Thread 0x0000026cff93d0a0 DEOPT UNPACKING pc=0x0000026c800523a3 sp=0x0000007e08ffd948 mode 2
Event: 1.842 Thread 0x0000026cff93d0a0 Uncommon trap: trap_request=0xffffff45 fr.pc=0x0000026c87b337d4 relative=0x00000000000001d4
Event: 1.842 Thread 0x0000026cff93d0a0 Uncommon trap: reason=unstable_if action=reinterpret pc=0x0000026c87b337d4 method=java.io.ByteArrayInputStream.read()I @ 8 c2
Event: 1.842 Thread 0x0000026cff93d0a0 DEOPT PACKING pc=0x0000026c87b337d4 sp=0x0000007e08ffc4e0
Event: 1.842 Thread 0x0000026cff93d0a0 DEOPT UNPACKING pc=0x0000026c800523a3 sp=0x0000007e08ffc498 mode 2
Event: 1.861 Thread 0x0000026cff93d0a0 Uncommon trap: trap_request=0xffffff45 fr.pc=0x0000026c87b1bbd4 relative=0x0000000000000154
Event: 1.861 Thread 0x0000026cff93d0a0 Uncommon trap: reason=unstable_if action=reinterpret pc=0x0000026c87b1bbd4 method=java.lang.String.indexOf(II)I @ 4 c2
Event: 1.861 Thread 0x0000026cff93d0a0 DEOPT PACKING pc=0x0000026c87b1bbd4 sp=0x0000007e08ffd8d0
Event: 1.861 Thread 0x0000026cff93d0a0 DEOPT UNPACKING pc=0x0000026c800523a3 sp=0x0000007e08ffd800 mode 2
Event: 1.863 Thread 0x0000026cff93d0a0 Uncommon trap: trap_request=0xffffff45 fr.pc=0x0000026c87af71bc relative=0x000000000000019c
Event: 1.863 Thread 0x0000026cff93d0a0 Uncommon trap: reason=unstable_if action=reinterpret pc=0x0000026c87af71bc method=java.lang.String.indexOf(II)I @ 4 c2
Event: 1.863 Thread 0x0000026cff93d0a0 DEOPT PACKING pc=0x0000026c87af71bc sp=0x0000007e08ffd860
Event: 1.863 Thread 0x0000026cff93d0a0 DEOPT UNPACKING pc=0x0000026c800523a3 sp=0x0000007e08ffd800 mode 2
Event: 3.499 Thread 0x0000026cff994180 DEOPT PACKING pc=0x0000026c8088bf81 sp=0x0000007e08cfd920
Event: 3.499 Thread 0x0000026cff994180 DEOPT UNPACKING pc=0x0000026c80052b43 sp=0x0000007e08cfcd88 mode 0
Event: 3.499 Thread 0x0000026cff994180 DEOPT PACKING pc=0x0000026c8088bf81 sp=0x0000007e08cfd920
Event: 3.499 Thread 0x0000026cff994180 DEOPT UNPACKING pc=0x0000026c80052b43 sp=0x0000007e08cfcd88 mode 0
Event: 3.765 Thread 0x0000026cff93d0a0 DEOPT PACKING pc=0x0000026c80740cd6 sp=0x0000007e08ffb590
Event: 3.765 Thread 0x0000026cff93d0a0 DEOPT UNPACKING pc=0x0000026c80052b43 sp=0x0000007e08ffaa30 mode 0

Classes loaded (20 events):
Event: 3.676 Loading class java/util/Button
Event: 3.676 Loading class java/util/Button done
Event: 3.887 Loading class java/lang/FdLibm$Hypot
Event: 3.887 Loading class java/lang/FdLibm$Hypot done
Event: 3.887 Loading class java/lang/FdLibm
Event: 3.888 Loading class java/lang/FdLibm done
Event: 5.139 Loading class java/lang/AnchorPane
Event: 5.139 Loading class java/lang/AnchorPane done
Event: 5.139 Loading class java/util/AnchorPane
Event: 5.139 Loading class java/util/AnchorPane done
Event: 5.143 Loading class java/lang/Label
Event: 5.143 Loading class java/lang/Label done
Event: 5.143 Loading class java/util/Label
Event: 5.143 Loading class java/util/Label done
Event: 5.155 Loading class java/lang/Button
Event: 5.155 Loading class java/lang/Button done
Event: 5.155 Loading class java/util/Button
Event: 5.155 Loading class java/util/Button done
Event: 15.101 Loading class jdk/internal/misc/Signal$1
Event: 15.102 Loading class jdk/internal/misc/Signal$1 done

Classes unloaded (0 events):
No events

Classes redefined (0 events):
No events

Internal exceptions (20 events):
Event: 1.539 Thread 0x0000026cff93d0a0 Exception <a 'java/lang/NoSuchMethodError'{0x0000000089722ab0}: 'int java.lang.invoke.DirectMethodHandle$Holder.invokeSpecial(java.lang.Object, java.lang.Object, java.lang.Object, int)'> (0x0000000089722ab0) 
thrown [t:\workspace\open\src\hotspot\share\interpreter\linkResolver.cpp, line 766]
Event: 1.540 Thread 0x0000026cff93d0a0 Exception <a 'java/lang/NoSuchMethodError'{0x000000008972d400}: 'void java.lang.invoke.DelegatingMethodHandle$Holder.reinvoke_L(java.lang.Object, java.lang.Object, int)'> (0x000000008972d400) 
thrown [t:\workspace\open\src\hotspot\share\interpreter\linkResolver.cpp, line 766]
Event: 1.541 Thread 0x0000026cff93d0a0 Exception <a 'java/lang/NoSuchMethodError'{0x0000000089734728}: 'int java.lang.invoke.DirectMethodHandle$Holder.invokeSpecial(java.lang.Object, java.lang.Object, java.lang.Object)'> (0x0000000089734728) 
thrown [t:\workspace\open\src\hotspot\share\interpreter\linkResolver.cpp, line 766]
Event: 1.577 Thread 0x0000026cff93d0a0 Exception <a 'sun/nio/fs/WindowsException'{0x0000000089630398}> (0x0000000089630398) 
thrown [t:\workspace\open\src\hotspot\share\prims\jni.cpp, line 516]
Event: 1.588 Thread 0x0000026cff93d0a0 Implicit null exception at 0x0000026c87b3bde0 to 0x0000026c87b3c792
Event: 1.614 Thread 0x0000026cff93d0a0 Implicit null exception at 0x0000026c87b34d33 to 0x0000026c87b35184
Event: 1.647 Thread 0x0000026cff93d0a0 Implicit null exception at 0x0000026c87b35d2c to 0x0000026c87b36168
Event: 1.791 Thread 0x0000026cff93d0a0 Exception <a 'java/lang/NoSuchMethodError'{0x00000000891d69a0}: 'java.lang.Object java.lang.invoke.DirectMethodHandle$Holder.invokeInterface(java.lang.Object, java.lang.Object, java.lang.Object)'> (0x00000000891d69a0) 
thrown [t:\workspace\open\src\hotspot\share\interpreter\linkResolver.cpp, line 766]
Event: 1.791 Thread 0x0000026cff93d0a0 Exception <a 'java/lang/IncompatibleClassChangeError'{0x00000000891da320}: Found class java.lang.Object, but interface was expected> (0x00000000891da320) 
thrown [t:\workspace\open\src\hotspot\share\interpreter\linkResolver.cpp, line 833]
Event: 1.849 Thread 0x0000026cff93d0a0 Exception <a 'java/lang/NoSuchMethodError'{0x00000000890f5fe0}: 'int java.lang.invoke.DirectMethodHandle$Holder.invokeSpecial(java.lang.Object, java.lang.Object, int)'> (0x00000000890f5fe0) 
thrown [t:\workspace\open\src\hotspot\share\interpreter\linkResolver.cpp, line 766]
Event: 1.870 Thread 0x0000026cff93d0a0 Exception <a 'java/lang/NoSuchMethodError'{0x0000000088f7d3f0}: 'java.lang.Object java.lang.invoke.DirectMethodHandle$Holder.newInvokeSpecial(java.lang.Object, java.lang.Object, int)'> (0x0000000088f7d3f0) 
thrown [t:\workspace\open\src\hotspot\share\interpreter\linkResolver.cpp, line 766]
Event: 1.895 Thread 0x0000026cff994180 Exception <a 'java/lang/NoSuchMethodError'{0x0000000088e0aaf0}: 'int java.lang.invoke.DirectMethodHandle$Holder.invokeStaticInit(java.lang.Object, java.lang.Object)'> (0x0000000088e0aaf0) 
thrown [t:\workspace\open\src\hotspot\share\interpreter\linkResolver.cpp, line 766]
Event: 3.490 Thread 0x0000026cff93d0a0 Exception <a 'java/lang/NoSuchMethodError'{0x0000000088bf8f30}: 'long java.lang.invoke.DirectMethodHandle$Holder.invokeStatic(java.lang.Object, java.lang.Object, java.lang.Object)'> (0x0000000088bf8f30) 
thrown [t:\workspace\open\src\hotspot\share\interpreter\linkResolver.cpp, line 766]
Event: 3.490 Thread 0x0000026cff93d0a0 Exception <a 'java/lang/NoSuchMethodError'{0x0000000088bfc6d0}: 'long java.lang.invoke.DirectMethodHandle$Holder.invokeStaticInit(java.lang.Object, java.lang.Object, java.lang.Object)'> (0x0000000088bfc6d0) 
thrown [t:\workspace\open\src\hotspot\share\interpreter\linkResolver.cpp, line 766]
Event: 3.494 Thread 0x0000026cff93d0a0 Exception <a 'java/lang/NoSuchMethodError'{0x00000000887155f8}: 'java.lang.Object java.lang.invoke.DirectMethodHandle$Holder.newInvokeSpecial(java.lang.Object, java.lang.Object, long)'> (0x00000000887155f8) 
thrown [t:\workspace\open\src\hotspot\share\interpreter\linkResolver.cpp, line 766]
Event: 3.494 Thread 0x0000026cff93d0a0 Exception <a 'java/lang/NoSuchMethodError'{0x0000000088719170}: 'java.lang.Object java.lang.invoke.Invokers$Holder.linkToTargetMethod(java.lang.Object, long, java.lang.Object)'> (0x0000000088719170) 
thrown [t:\workspace\open\src\hotspot\share\interpreter\linkResolver.cpp, line 766]
Event: 3.764 Thread 0x0000026cff93d0a0 Exception <a 'java/lang/ClassNotFoundException'{0x000000008840f498}: com/sun/javafx/scene/control/skin/resources/controls> (0x000000008840f498) 
thrown [t:\workspace\open\src\hotspot\share\prims\jni.cpp, line 535]
Event: 3.767 Thread 0x0000026cff93d0a0 Exception <a 'java/lang/ClassNotFoundException'{0x000000008841d708}: com/sun/javafx/scene/control/skin/resources/controls_ru> (0x000000008841d708) 
thrown [t:\workspace\open\src\hotspot\share\prims\jni.cpp, line 535]
Event: 3.767 Thread 0x0000026cff93d0a0 Exception <a 'java/lang/ClassNotFoundException'{0x000000008841e970}: com/sun/javafx/scene/control/skin/resources/controls_ru_RU> (0x000000008841e970) 
thrown [t:\workspace\open\src\hotspot\share\prims\jni.cpp, line 535]
Event: 3.833 Thread 0x0000026cff93d0a0 Exception <a 'java/lang/NoSuchMethodError'{0x00000000883973f8}: 'void java.lang.invoke.DirectMethodHandle$Holder.invokeSpecial(java.lang.Object, java.lang.Object, java.lang.Object, java.lang.Object, java.lang.Object, java.lang.Object)'> (0x00000000883973f8) 
thrown [t:\workspace\open\src\hotspot\share\interpreter\linkResolver.cpp, line 766]

VM Operations (20 events):
Event: 1.333 Executing VM operation: G1CollectForAllocation done
Event: 1.430 Executing VM operation: HandshakeAllThreads
Event: 1.430 Executing VM operation: HandshakeAllThreads done
Event: 2.431 Executing VM operation: Cleanup
Event: 2.431 Executing VM operation: Cleanup done
Event: 3.432 Executing VM operation: Cleanup
Event: 3.432 Executing VM operation: Cleanup done
Event: 3.648 Executing VM operation: HandshakeAllThreads
Event: 3.648 Executing VM operation: HandshakeAllThreads done
Event: 4.050 Executing VM operation: ICBufferFull
Event: 4.051 Executing VM operation: ICBufferFull done
Event: 5.061 Executing VM operation: Cleanup
Event: 5.061 Executing VM operation: Cleanup done
Event: 6.062 Executing VM operation: Cleanup
Event: 6.062 Executing VM operation: Cleanup done
Event: 12.065 Executing VM operation: Cleanup
Event: 12.066 Executing VM operation: Cleanup done
Event: 13.066 Executing VM operation: Cleanup
Event: 13.067 Executing VM operation: Cleanup done
Event: 15.105 Executing VM operation: Exit

Events (20 events):
Event: 0.841 Thread 0x0000026cff994180 Thread added: 0x0000026cff994180
Event: 0.853 Loaded shared library C:\Users\nikik\.openjfx\cache\18-ea+6\prism_d3d.dll
Event: 0.908 Loaded shared library C:\Users\nikik\.openjfx\cache\18-ea+6\glass.dll
Event: 0.911 Thread 0x0000026cff93f720 Thread added: 0x0000026cff93f720
Event: 0.917 Thread 0x0000026cff93d0a0 Thread added: 0x0000026cff93d0a0
Event: 1.007 Thread 0x0000026cff93fbf0 Thread added: 0x0000026cff93fbf0
Event: 1.033 Thread 0x0000026cff93c230 Thread added: 0x0000026cff93c230
Event: 1.034 Loaded shared library C:\Users\nikik\.jdks\openjdk-18-1\bin\jimage.dll
Event: 1.305 Loaded shared library C:\Users\nikik\.openjfx\cache\18-ea+6\javafx_font.dll
Event: 1.742 Thread 0x0000026cff1c9bd0 Thread exited: 0x0000026cff1c9bd0
Event: 1.781 Thread 0x0000026cff93e3e0 Thread added: 0x0000026cff93e3e0
Event: 1.971 Thread 0x0000026c9371d0c0 Thread added: 0x0000026c9371d0c0
Event: 4.005 Thread 0x0000026c93454040 Thread added: 0x0000026c93454040
Event: 4.480 Thread 0x0000026c93454040 Thread exited: 0x0000026c93454040
Event: 15.102 Thread 0x0000026c9371a570 Thread added: 0x0000026c9371a570
Event: 15.102 Thread 0x0000026c9371aa40 Thread added: 0x0000026c9371aa40
Event: 15.103 Thread 0x0000026c9371af10 Thread added: 0x0000026c9371af10
Event: 15.103 Thread 0x0000026c9371aa40 Thread exited: 0x0000026c9371aa40
Event: 15.105 Thread 0x0000026c9371af10 Thread exited: 0x0000026c9371af10
Event: 15.105 Thread 0x0000026cfeea8e70 Thread exited: 0x0000026cfeea8e70


Dynamic libraries:
0x00007ff6f5550000 - 0x00007ff6f555e000 	C:\Users\nikik\.jdks\openjdk-18-1\bin\java.exe
0x00007fff46790000 - 0x00007fff46985000 	C:\WINDOWS\SYSTEM32\ntdll.dll
0x00007fff44f90000 - 0x00007fff4504e000 	C:\WINDOWS\System32\KERNEL32.DLL
0x00007fff44250000 - 0x00007fff44518000 	C:\WINDOWS\System32\KERNELBASE.dll
0x00007fff44650000 - 0x00007fff44750000 	C:\WINDOWS\System32\ucrtbase.dll
0x00007fff336b0000 - 0x00007fff336c7000 	C:\Users\nikik\.jdks\openjdk-18-1\bin\jli.dll
0x00007fff46550000 - 0x00007fff466f0000 	C:\WINDOWS\System32\USER32.dll
0x00007fff31a70000 - 0x00007fff31a8a000 	C:\Users\nikik\.jdks\openjdk-18-1\bin\VCRUNTIME140.dll
0x00007fff44520000 - 0x00007fff44542000 	C:\WINDOWS\System32\win32u.dll
0x00007fff44800000 - 0x00007fff4482b000 	C:\WINDOWS\System32\GDI32.dll
0x00007fff44140000 - 0x00007fff4424b000 	C:\WINDOWS\System32\gdi32full.dll
0x00007fff2ecc0000 - 0x00007fff2ef5a000 	C:\WINDOWS\WinSxS\amd64_microsoft.windows.common-controls_6595b64144ccf1df_6.0.19041.1110_none_60b5254171f9507e\COMCTL32.dll
0x00007fff43f40000 - 0x00007fff43fdd000 	C:\WINDOWS\System32\msvcp_win.dll
0x00007fff44d90000 - 0x00007fff44e2e000 	C:\WINDOWS\System32\msvcrt.dll
0x00007fff457a0000 - 0x00007fff457d0000 	C:\WINDOWS\System32\IMM32.DLL
0x00007fff33690000 - 0x00007fff3369c000 	C:\Users\nikik\.jdks\openjdk-18-1\bin\vcruntime140_1.dll
0x00007fff2dc40000 - 0x00007fff2dccd000 	C:\Users\nikik\.jdks\openjdk-18-1\bin\msvcp140.dll
0x00007ffef8070000 - 0x00007ffef8c81000 	C:\Users\nikik\.jdks\openjdk-18-1\bin\server\jvm.dll
0x00007fff45c90000 - 0x00007fff45d3e000 	C:\WINDOWS\System32\ADVAPI32.dll
0x00007fff45be0000 - 0x00007fff45c7c000 	C:\WINDOWS\System32\sechost.dll
0x00007fff462f0000 - 0x00007fff46415000 	C:\WINDOWS\System32\RPCRT4.dll
0x00007fff447f0000 - 0x00007fff447f8000 	C:\WINDOWS\System32\PSAPI.DLL
0x00007fff2b390000 - 0x00007fff2b399000 	C:\WINDOWS\SYSTEM32\WSOCK32.dll
0x00007fff3eeb0000 - 0x00007fff3eed7000 	C:\WINDOWS\SYSTEM32\WINMM.dll
0x00007fff46280000 - 0x00007fff462eb000 	C:\WINDOWS\System32\WS2_32.dll
0x00007fff38a20000 - 0x00007fff38a2a000 	C:\WINDOWS\SYSTEM32\VERSION.dll
0x00007fff42760000 - 0x00007fff42772000 	C:\WINDOWS\SYSTEM32\kernel.appcore.dll
0x00007fff30510000 - 0x00007fff3051a000 	C:\Users\nikik\.jdks\openjdk-18-1\bin\jimage.dll
0x00007fff42420000 - 0x00007fff42604000 	C:\WINDOWS\SYSTEM32\DBGHELP.DLL
0x00007fff289b0000 - 0x00007fff289dc000 	C:\WINDOWS\SYSTEM32\dbgcore.DLL
0x00007fff43eb0000 - 0x00007fff43f32000 	C:\WINDOWS\System32\bcryptPrimitives.dll
0x00007fff3e090000 - 0x00007fff3e09e000 	C:\Users\nikik\.jdks\openjdk-18-1\bin\instrument.dll
0x00007fff2f000000 - 0x00007fff2f025000 	C:\Users\nikik\.jdks\openjdk-18-1\bin\java.dll
0x00007fff1ffd0000 - 0x00007fff200a6000 	C:\Users\nikik\.jdks\openjdk-18-1\bin\jsvml.dll
0x00007fff45050000 - 0x00007fff45794000 	C:\WINDOWS\System32\SHELL32.dll
0x00007fff41bb0000 - 0x00007fff42344000 	C:\WINDOWS\SYSTEM32\windows.storage.dll
0x00007fff457d0000 - 0x00007fff45b24000 	C:\WINDOWS\System32\combase.dll
0x00007fff43830000 - 0x00007fff4385c000 	C:\WINDOWS\SYSTEM32\Wldp.dll
0x00007fff44a40000 - 0x00007fff44aed000 	C:\WINDOWS\System32\SHCORE.dll
0x00007fff44e30000 - 0x00007fff44e85000 	C:\WINDOWS\System32\shlwapi.dll
0x00007fff43df0000 - 0x00007fff43e0f000 	C:\WINDOWS\SYSTEM32\profapi.dll
0x00007fff30180000 - 0x00007fff30193000 	C:\Users\nikik\.jdks\openjdk-18-1\bin\net.dll
0x00007fff38670000 - 0x00007fff38779000 	C:\WINDOWS\SYSTEM32\WINHTTP.dll
0x00007fff43610000 - 0x00007fff4367a000 	C:\WINDOWS\system32\mswsock.dll
0x00007fff2f2c0000 - 0x00007fff2f2d6000 	C:\Users\nikik\.jdks\openjdk-18-1\bin\nio.dll
0x00007fff2efe0000 - 0x00007fff2eff8000 	C:\Users\nikik\.jdks\openjdk-18-1\bin\zip.dll
0x00007fff3df60000 - 0x00007fff3df7a000 	D:\Intelej\IntelliJ IDEA Community Edition 2022.1\bin\breakgen64.dll
0x0000026cf0580000 - 0x0000026cf0583000 	C:\Users\nikik\.openjfx\cache\18-ea+6\api-ms-win-core-console-l1-1-0.dll
0x0000026cf0590000 - 0x0000026cf0593000 	C:\Users\nikik\.openjfx\cache\18-ea+6\api-ms-win-core-console-l1-2-0.dll
0x0000026cffc70000 - 0x0000026cffc73000 	C:\Users\nikik\.openjfx\cache\18-ea+6\api-ms-win-core-datetime-l1-1-0.dll
0x0000026cffc80000 - 0x0000026cffc83000 	C:\Users\nikik\.openjfx\cache\18-ea+6\api-ms-win-core-debug-l1-1-0.dll
0x0000026cffc90000 - 0x0000026cffc93000 	C:\Users\nikik\.openjfx\cache\18-ea+6\api-ms-win-core-errorhandling-l1-1-0.dll
0x0000026cffca0000 - 0x0000026cffca4000 	C:\Users\nikik\.openjfx\cache\18-ea+6\api-ms-win-core-file-l1-1-0.dll
0x0000026cffcb0000 - 0x0000026cffcb3000 	C:\Users\nikik\.openjfx\cache\18-ea+6\api-ms-win-core-file-l1-2-0.dll
0x0000026cffcc0000 - 0x0000026cffcc3000 	C:\Users\nikik\.openjfx\cache\18-ea+6\api-ms-win-core-file-l2-1-0.dll
0x0000026cffcd0000 - 0x0000026cffcd3000 	C:\Users\nikik\.openjfx\cache\18-ea+6\api-ms-win-core-handle-l1-1-0.dll
0x0000026cffce0000 - 0x0000026cffce3000 	C:\Users\nikik\.openjfx\cache\18-ea+6\api-ms-win-core-heap-l1-1-0.dll
0x0000026cffcf0000 - 0x0000026cffcf3000 	C:\Users\nikik\.openjfx\cache\18-ea+6\api-ms-win-core-interlocked-l1-1-0.dll
0x0000026cffd00000 - 0x0000026cffd03000 	C:\Users\nikik\.openjfx\cache\18-ea+6\api-ms-win-core-libraryloader-l1-1-0.dll
0x0000026cffd10000 - 0x0000026cffd13000 	C:\Users\nikik\.openjfx\cache\18-ea+6\api-ms-win-core-localization-l1-2-0.dll
0x0000026cffd20000 - 0x0000026cffd23000 	C:\Users\nikik\.openjfx\cache\18-ea+6\api-ms-win-core-memory-l1-1-0.dll
0x0000026cffd30000 - 0x0000026cffd33000 	C:\Users\nikik\.openjfx\cache\18-ea+6\api-ms-win-core-namedpipe-l1-1-0.dll
0x0000026cffd40000 - 0x0000026cffd43000 	C:\Users\nikik\.openjfx\cache\18-ea+6\api-ms-win-core-processenvironment-l1-1-0.dll
0x0000026cffd50000 - 0x0000026cffd53000 	C:\Users\nikik\.openjfx\cache\18-ea+6\api-ms-win-core-processthreads-l1-1-0.dll
0x0000026cffd60000 - 0x0000026cffd63000 	C:\Users\nikik\.openjfx\cache\18-ea+6\api-ms-win-core-processthreads-l1-1-1.dll
0x0000026cffd70000 - 0x0000026cffd73000 	C:\Users\nikik\.openjfx\cache\18-ea+6\api-ms-win-core-profile-l1-1-0.dll
0x0000026cffd80000 - 0x0000026cffd83000 	C:\Users\nikik\.openjfx\cache\18-ea+6\api-ms-win-core-rtlsupport-l1-1-0.dll
0x0000026cffd90000 - 0x0000026cffd93000 	C:\Users\nikik\.openjfx\cache\18-ea+6\api-ms-win-core-string-l1-1-0.dll
0x0000026cffda0000 - 0x0000026cffda3000 	C:\Users\nikik\.openjfx\cache\18-ea+6\api-ms-win-core-synch-l1-1-0.dll
0x0000026cffdb0000 - 0x0000026cffdb3000 	C:\Users\nikik\.openjfx\cache\18-ea+6\api-ms-win-core-synch-l1-2-0.dll
0x0000026cffdc0000 - 0x0000026cffdc3000 	C:\Users\nikik\.openjfx\cache\18-ea+6\api-ms-win-core-sysinfo-l1-1-0.dll
0x0000026cffdd0000 - 0x0000026cffdd3000 	C:\Users\nikik\.openjfx\cache\18-ea+6\api-ms-win-core-timezone-l1-1-0.dll
0x0000026cffde0000 - 0x0000026cffde3000 	C:\Users\nikik\.openjfx\cache\18-ea+6\api-ms-win-core-util-l1-1-0.dll
0x0000026cffdf0000 - 0x0000026cffdf3000 	C:\Users\nikik\.openjfx\cache\18-ea+6\api-ms-win-crt-conio-l1-1-0.dll
0x0000026cffe00000 - 0x0000026cffe04000 	C:\Users\nikik\.openjfx\cache\18-ea+6\api-ms-win-crt-convert-l1-1-0.dll
0x0000026cffe10000 - 0x0000026cffe13000 	C:\Users\nikik\.openjfx\cache\18-ea+6\api-ms-win-crt-environment-l1-1-0.dll
0x0000026cffe20000 - 0x0000026cffe23000 	C:\Users\nikik\.openjfx\cache\18-ea+6\api-ms-win-crt-filesystem-l1-1-0.dll
0x0000026cffe30000 - 0x0000026cffe33000 	C:\Users\nikik\.openjfx\cache\18-ea+6\api-ms-win-crt-heap-l1-1-0.dll
0x0000026cffe40000 - 0x0000026cffe43000 	C:\Users\nikik\.openjfx\cache\18-ea+6\api-ms-win-crt-locale-l1-1-0.dll
0x0000026cffe50000 - 0x0000026cffe55000 	C:\Users\nikik\.openjfx\cache\18-ea+6\api-ms-win-crt-math-l1-1-0.dll
0x0000026cffe60000 - 0x0000026cffe65000 	C:\Users\nikik\.openjfx\cache\18-ea+6\api-ms-win-crt-multibyte-l1-1-0.dll
0x0000026cffe70000 - 0x0000026cffe80000 	C:\Users\nikik\.openjfx\cache\18-ea+6\api-ms-win-crt-private-l1-1-0.dll
0x0000026cffe80000 - 0x0000026cffe83000 	C:\Users\nikik\.openjfx\cache\18-ea+6\api-ms-win-crt-process-l1-1-0.dll
0x0000026cffe90000 - 0x0000026cffe94000 	C:\Users\nikik\.openjfx\cache\18-ea+6\api-ms-win-crt-runtime-l1-1-0.dll
0x0000026cffea0000 - 0x0000026cffea4000 	C:\Users\nikik\.openjfx\cache\18-ea+6\api-ms-win-crt-stdio-l1-1-0.dll
0x0000026cffeb0000 - 0x0000026cffeb4000 	C:\Users\nikik\.openjfx\cache\18-ea+6\api-ms-win-crt-string-l1-1-0.dll
0x0000026cffec0000 - 0x0000026cffec3000 	C:\Users\nikik\.openjfx\cache\18-ea+6\api-ms-win-crt-time-l1-1-0.dll
0x0000026cffed0000 - 0x0000026cffed3000 	C:\Users\nikik\.openjfx\cache\18-ea+6\api-ms-win-crt-utility-l1-1-0.dll
0x00007fff1fed0000 - 0x00007fff1ffcc000 	C:\Users\nikik\.openjfx\cache\18-ea+6\ucrtbase.dll
0x00007fff3df40000 - 0x00007fff3df5a000 	C:\Users\nikik\.openjfx\cache\18-ea+6\vcruntime140.dll
0x00007fff3df30000 - 0x00007fff3df3c000 	C:\Users\nikik\.openjfx\cache\18-ea+6\vcruntime140_1.dll
0x00007fff1fe40000 - 0x00007fff1fecd000 	C:\Users\nikik\.openjfx\cache\18-ea+6\msvcp140.dll
0x00007fff3bbb0000 - 0x00007fff3bbda000 	C:\Users\nikik\.openjfx\cache\18-ea+6\prism_d3d.dll
0x00007fff32f80000 - 0x00007fff3314f000 	C:\WINDOWS\system32\d3d9.dll
0x00007fff415e0000 - 0x00007fff4160f000 	C:\WINDOWS\SYSTEM32\dwmapi.dll
0x00007fff414d0000 - 0x00007fff4156e000 	C:\WINDOWS\system32\uxtheme.dll
0x00007fff1b580000 - 0x00007fff1b6e7000 	C:\WINDOWS\System32\DriverStore\FileRepository\iigd_dch.inf_amd64_7235e197535e8934\igdumdim64.dll
0x00007fff46420000 - 0x00007fff4654a000 	C:\WINDOWS\System32\ole32.dll
0x00007ffef2850000 - 0x00007ffef6442000 	C:\WINDOWS\System32\DriverStore\FileRepository\iigd_dch.inf_amd64_7235e197535e8934\igd9dxva64.dll
0x00007fff45d40000 - 0x00007fff45e0d000 	C:\WINDOWS\System32\OLEAUT32.dll
0x00007fff45e10000 - 0x00007fff46280000 	C:\WINDOWS\System32\SETUPAPI.dll
0x00007fff44550000 - 0x00007fff4459e000 	C:\WINDOWS\System32\cfgmgr32.dll
0x00007fff447c0000 - 0x00007fff447e7000 	C:\WINDOWS\System32\bcrypt.dll
0x00007fff37fe0000 - 0x00007fff383a5000 	C:\WINDOWS\System32\DriverStore\FileRepository\iigd_dch.inf_amd64_7235e197535e8934\igdgmm64.dll
0x00007fff1b7f0000 - 0x00007fff1b832000 	C:\Users\nikik\.openjfx\cache\18-ea+6\glass.dll
0x00007fff44eb0000 - 0x00007fff44f8b000 	C:\WINDOWS\System32\COMDLG32.dll
0x00007fff44830000 - 0x00007fff44946000 	C:\WINDOWS\System32\MSCTF.dll
0x00007fff3bb80000 - 0x00007fff3bba7000 	C:\WINDOWS\System32\DriverStore\FileRepository\iigd_dch.inf_amd64_7235e197535e8934\igdinfo64.dll
0x00007fff34b10000 - 0x00007fff37fd3000 	C:\WINDOWS\System32\DriverStore\FileRepository\iigd_dch.inf_amd64_7235e197535e8934\igc64.dll
0x00007fff3edf0000 - 0x00007fff3ee2b000 	C:\WINDOWS\SYSTEM32\dxcore.dll
0x00007fff32a40000 - 0x00007fff32a54000 	C:\Users\nikik\.openjfx\cache\18-ea+6\javafx_font.dll
0x00007fff2f3f0000 - 0x00007fff2f66f000 	C:\WINDOWS\SYSTEM32\dwrite.dll
0x00007fff45b30000 - 0x00007fff45bd9000 	C:\WINDOWS\System32\clbcatq.dll
0x00007fff3dc60000 - 0x00007fff3de14000 	C:\WINDOWS\SYSTEM32\WindowsCodecs.dll
0x00007fff2c220000 - 0x00007fff2c25e000 	C:\WINDOWS\system32\dataexchange.dll
0x00007fff40800000 - 0x00007fff409e5000 	C:\WINDOWS\system32\dcomp.dll
0x00007fff3fef0000 - 0x00007fff40154000 	C:\WINDOWS\system32\d3d11.dll
0x00007fff42780000 - 0x00007fff42873000 	C:\WINDOWS\system32\dxgi.dll
0x00007fff3e350000 - 0x00007fff3e551000 	C:\WINDOWS\system32\twinapi.appcore.dll
0x00007fff1b540000 - 0x00007fff1b574000 	C:\Program Files\Common Files\Microsoft Shared\Ink\rtscom.dll
0x00007fff3d2e0000 - 0x00007fff3d3d9000 	C:\WINDOWS\SYSTEM32\textinputframework.dll
0x00007fff409f0000 - 0x00007fff40d4e000 	C:\WINDOWS\System32\CoreUIComponents.dll
0x00007fff411d0000 - 0x00007fff412c2000 	C:\WINDOWS\System32\CoreMessaging.dll
0x00007fff42b70000 - 0x00007fff42ba3000 	C:\WINDOWS\SYSTEM32\ntmarta.dll
0x00007fff3f830000 - 0x00007fff3f984000 	C:\WINDOWS\SYSTEM32\wintypes.dll

dbghelp: loaded successfully - version: 4.0.5 - missing functions: none
symbol engine: initialized successfully - sym options: 0x614 - pdb path: .;C:\Users\nikik\.jdks\openjdk-18-1\bin;C:\WINDOWS\SYSTEM32;C:\WINDOWS\WinSxS\amd64_microsoft.windows.common-controls_6595b64144ccf1df_6.0.19041.1110_none_60b5254171f9507e;C:\Users\nikik\.jdks\openjdk-18-1\bin\server;D:\Intelej\IntelliJ IDEA Community Edition 2022.1\bin;C:\Users\nikik\.openjfx\cache\18-ea+6;C:\WINDOWS\System32\DriverStore\FileRepository\iigd_dch.inf_amd64_7235e197535e8934;C:\Program Files\Common Files\Microsoft Shared\Ink

VM Arguments:
jvm_args: -javaagent:D:\Intelej\IntelliJ IDEA Community Edition 2022.1\lib\idea_rt.jar=64353:D:\Intelej\IntelliJ IDEA Community Edition 2022.1\bin -Dfile.encoding=UTF-8 --module-path=C:\Users\nikik\.m2\repository\org\openjfx\javafx-fxml\18-ea+6\javafx-fxml-18-ea+6-win.jar;C:\Users\nikik\.m2\repository\org\openjfx\javafx-graphics\18-ea+6\javafx-graphics-18-ea+6-win.jar;D:\IntelliJ IDEA\norm3laba\govna\target\classes;C:\Users\nikik\.m2\repository\org\openjfx\javafx-controls\18-ea+6\javafx-controls-18-ea+6-win.jar;C:\Users\nikik\.m2\repository\org\openjfx\javafx-base\18-ea+6\javafx-base-18-ea+6-win.jar -Djdk.module.main=com.example.govna 
java_command: com.example.govna/com.example.govna.HelloApplication
java_class_path (initial): C:\Users\nikik\.m2\repository\org\openjfx\javafx-controls\18-ea+6\javafx-controls-18-ea+6.jar;C:\Users\nikik\.m2\repository\org\openjfx\javafx-graphics\18-ea+6\javafx-graphics-18-ea+6.jar;C:\Users\nikik\.m2\repository\org\openjfx\javafx-base\18-ea+6\javafx-base-18-ea+6.jar;C:\Users\nikik\.m2\repository\org\openjfx\javafx-fxml\18-ea+6\javafx-fxml-18-ea+6.jar
Launcher Type: SUN_STANDARD

[Global flags]
     intx CICompilerCount                          = 3                                         {product} {ergonomic}
     uint ConcGCThreads                            = 1                                         {product} {ergonomic}
     uint G1ConcRefinementThreads                  = 4                                         {product} {ergonomic}
   size_t G1HeapRegionSize                         = 1048576                                   {product} {ergonomic}
    uintx GCDrainStackTargetSize                   = 64                                        {product} {ergonomic}
   size_t InitialHeapSize                          = 134217728                                 {product} {ergonomic}
   size_t MarkStackSize                            = 4194304                                   {product} {ergonomic}
   size_t MaxHeapSize                              = 2116026368                                {product} {ergonomic}
   size_t MaxNewSize                               = 1268776960                                {product} {ergonomic}
   size_t MinHeapDeltaBytes                        = 1048576                                   {product} {ergonomic}
   size_t MinHeapSize                              = 8388608                                   {product} {ergonomic}
    uintx NonNMethodCodeHeapSize                   = 5832780                                {pd product} {ergonomic}
    uintx NonProfiledCodeHeapSize                  = 122912730                              {pd product} {ergonomic}
    uintx ProfiledCodeHeapSize                     = 122912730                              {pd product} {ergonomic}
    uintx ReservedCodeCacheSize                    = 251658240                              {pd product} {ergonomic}
     bool SegmentedCodeCache                       = true                                      {product} {ergonomic}
   size_t SoftMaxHeapSize                          = 2116026368                             {manageable} {ergonomic}
     bool UseCompressedClassPointers               = true                           {product lp64_product} {ergonomic}
     bool UseCompressedOops                        = true                           {product lp64_product} {ergonomic}
     bool UseG1GC                                  = true                                      {product} {ergonomic}
     bool UseLargePagesIndividualAllocation        = false                                  {pd product} {ergonomic}

Logging:
Log output configuration:
 #0: stdout all=off uptime,level,tags foldmultilines=false
 #1: stderr all=off uptime,level,tags foldmultilines=false

Environment Variables:
JAVA_HOME=C:\Program Files\Java\jdk-17
PATH=C:\Users\nikik\AppData\Local\Programs\Python\Python310\Scripts\;C:\Users\nikik\AppData\Local\Programs\Python\Python310\;C:\Python310\Scripts\;C:\Python310\;C:\Program Files\Common Files\Oracle\Java\javapath;C:\WinAVR-20100110\bin;C:\WinAVR-20100110\utils\bin;C:\WinAVR-20100110;D:\GNU\10 2020-q4-major\bin;C:\WINDOWS\system32;C:\WINDOWS;C:\WINDOWS\System32\Wbem;C:\WINDOWS\System32\WindowsPowerShell\v1.0\;C:\WINDOWS\System32\OpenSSH\;C:\Program Files (x86)\STMicroelectronics\STM32 ST-LINK Utility\ST-LINK Utility;D:\MatLAB\runtime\win64;D:\MatLAB\bin;D:\MatLAB\polyspace\bin;C:\Program Files\Git\cmd;C:\Program Files\dotnet\;C:\Program Files (x86)\dotnet\;C:\Program Files\Docker\Docker\resources\bin;C:\ProgramData\DockerDesktop\version-bin;C:\ProgramData\chocolatey\bin;E:\nodejs\;C:\Program Files\Zabbix Agent 2\;C:\Users\nikik\AppData\Local\Programs\Python\Python38-32\Scripts\;C:\Users\nikik\AppData\Local\Programs\Python\Python38-32\;C:\Program Files\MySQL\MySQL Shell 8.0\bin\;D:\eclipse\4.6 2012q4\bin;D:\Visual Studio Code\Microsoft VS Code\bin;C:\Users\nikik\AppData\Local\atom\bin;C:\WinAVR-20100110;C:\Users\nikik\AppData\Local\Microsoft\WindowsApps;C:\Users\nikik\AppData\Roaming\npm
USERNAME=nikik
OS=Windows_NT
PROCESSOR_IDENTIFIER=Intel64 Family 6 Model 142 Stepping 9, GenuineIntel



---------------  S Y S T E M  ---------------

OS:
 Windows 10 , 64 bit Build 19041 (10.0.19041.1566)
OS uptime: 8 days 11:47 hours
Hyper-V role detected

CPU: total 4 (initial active 4) (2 cores per cpu, 2 threads per core) family 6 model 142 stepping 9 microcode 0xb4, cx8, cmov, fxsr, ht, mmx, 3dnowpref, sse, sse2, sse3, ssse3, sse4.1, sse4.2, popcnt, lzcnt, tsc, tscinvbit, avx, avx2, aes, erms, clmul, bmi1, bmi2, adx, fma, vzeroupper, clflush, clflushopt, hv

Memory: 4k page, system-wide physical 8071M (2176M free)
TotalPageFile size 12935M (AvailPageFile size 6091M)
current process WorkingSet (physical memory assigned to process): 153M, peak: 163M
current process commit charge ("private bytes"): 271M, peak: 281M

vm_info: OpenJDK 64-Bit Server VM (18+36-2087) for windows-amd64 JRE (18+36-2087), built on Feb 15 2022 09:37:35 by "mach5one" with MS VC++ 16.8 / 16.9 (VS2019)

END.
