#
# A fatal error has been detected by the Java Runtime Environment:
#
#  EXCEPTION_ACCESS_VIOLATION (0xc0000005) at pc=0x00007fff118d6a87, pid=8960, tid=18264
#
# JRE version: OpenJDK Runtime Environment (18.0+36) (build 18+36-2087)
# Java VM: OpenJDK 64-Bit Server VM (18+36-2087, mixed mode, sharing, tiered, compressed oops, compressed class ptrs, g1 gc, windows-amd64)
# Problematic frame:
# C  [glass.dll+0x26a87]
#
# No core dump will be written. Minidumps are not enabled by default on client versions of Windows
#
# If you would like to submit a bug report, please visit:
#   https://bugreport.java.com/bugreport/crash.jsp
#

---------------  S U M M A R Y ------------

Command Line: -javaagent:D:\Intelej\IntelliJ IDEA Community Edition 2022.1\lib\idea_rt.jar=53170:D:\Intelej\IntelliJ IDEA Community Edition 2022.1\bin -Dfile.encoding=UTF-8 --module-path=C:\Users\nikik\.m2\repository\org\openjfx\javafx-controls\18-ea+6\javafx-controls-18-ea+6-win.jar;D:\IntelliJ IDEA\norm3laba\govna\target\classes;C:\Users\nikik\.m2\repository\org\openjfx\javafx-graphics\18-ea+6\javafx-graphics-18-ea+6-win.jar;C:\Users\nikik\.m2\repository\org\openjfx\javafx-fxml\18-ea+6\javafx-fxml-18-ea+6-win.jar;C:\Users\nikik\.m2\repository\org\openjfx\javafx-base\18-ea+6\javafx-base-18-ea+6-win.jar -Djdk.module.main=com.example.govna com.example.govna/com.example.govna.HelloApplication

Host: Intel(R) Core(TM) i5-7200U CPU @ 2.50GHz, 4 cores, 7G,  Windows 10 , 64 bit Build 19041 (10.0.19041.1566)
Time: Thu Apr 14 18:05:41 2022  Windows 10 , 64 bit Build 19041 (10.0.19041.1566) elapsed time: 26.683507 seconds (0d 0h 0m 26s)

---------------  T H R E A D  ---------------

Current thread (0x0000029ff0b083e0):  VMThread "VM Thread" [stack: 0x000000d2e5a00000,0x000000d2e5b00000] [id=18264]

Stack: [0x000000d2e5a00000,0x000000d2e5b00000],  sp=0x000000d2e5aff440,  free space=1021k
Native frames: (J=compiled Java code, j=interpreted, Vv=VM code, C=native code)
C  [glass.dll+0x26a87]


siginfo: EXCEPTION_ACCESS_VIOLATION (0xc0000005), reading address 0x0000000000000000


Register to memory mapping:

RIP=0x00007fff118d6a87 glass.dll
RAX=0x0 is NULL
RBX=0x0000029ff0b16c20 is a global jni handle
RCX=0x0000029ff0b083e0 points into unknown readable memory: 0x00007ffed617edc8 | c8 ed 17 d6 fe 7f 00 00
RDX=0x000000d2e5aff440 points into unknown readable memory: 0x0000000000000000 | 00 00 00 00 00 00 00 00
RSP=0x000000d2e5aff440 points into unknown readable memory: 0x0000000000000000 | 00 00 00 00 00 00 00 00
RBP=0x0000029ff0b1e0b8 points into unknown readable memory: 0x0000e4598a79a69c | 9c a6 79 8a 59 e4 00 00
RSI=0x0000029ff0b1e090 points into unknown readable memory: 0xf11837bf4a79a163 | 63 a1 79 4a bf 37 18 f1
RDI=0x0000e4598a79a69c is an unknown value
R8 =0x0000000000010002 is an unknown value
R9 =0x0000e4598a79a69c is an unknown value
R10=0x0000000000008000 is an unknown value
R11=0x000000d2e5aff3d0 points into unknown readable memory: 0x0000029ff0b1e090 | 90 e0 b1 f0 9f 02 00 00
R12=0x00007fff118d4354 glass.dll
R13=0x00007ffed6340b40 jvm.dll
R14=0x000000d2e5aff538 points into unknown readable memory: 0x000000d2e5aff520 | 20 f5 af e5 d2 00 00 00
R15=0x0000029ff0b1e090 points into unknown readable memory: 0xf11837bf4a79a163 | 63 a1 79 4a bf 37 18 f1


Registers:
RAX=0x0000000000000000, RBX=0x0000029ff0b16c20, RCX=0x0000029ff0b083e0, RDX=0x000000d2e5aff440
RSP=0x000000d2e5aff440, RBP=0x0000029ff0b1e0b8, RSI=0x0000029ff0b1e090, RDI=0x0000e4598a79a69c
R8 =0x0000000000010002, R9 =0x0000e4598a79a69c, R10=0x0000000000008000, R11=0x000000d2e5aff3d0
R12=0x00007fff118d4354, R13=0x00007ffed6340b40, R14=0x000000d2e5aff538, R15=0x0000029ff0b1e090
RIP=0x00007fff118d6a87, EFLAGS=0x0000000000010202

Top of Stack: (sp=0x000000d2e5aff440)
0x000000d2e5aff440:   0000000000000000 0000029ff0b1e090
0x000000d2e5aff450:   00007ffed6340b40 00007fff118d4354
0x000000d2e5aff460:   0000029ff0b1e098 00007fff446642d6
0x000000d2e5aff470:   0000e4598a79a69c 0000029f00000000
0x000000d2e5aff480:   0000029ff0b1e0b8 0000029ff0b1e090
0x000000d2e5aff490:   fffffffffffffffe 0000000000000000
0x000000d2e5aff4a0:   0000000000000001 00007fff118b0000
0x000000d2e5aff4b0:   000000d2e5aff528 00007fff446641fb
0x000000d2e5aff4c0:   0000000000000000 000000d2e5aff538
0x000000d2e5aff4d0:   000000d2e5aff800 00007fff44740e40
0x000000d2e5aff4e0:   0000000000000001 00007fff446641b4
0x000000d2e5aff4f0:   0000000000000000 0000000000000001
0x000000d2e5aff500:   00007fff00000001 000000d2e5aff528
0x000000d2e5aff510:   0000000000000000 00007fff118d41e1
0x000000d2e5aff520:   00007fff118ea138 00007fff00000002
0x000000d2e5aff530:   0000000000000002 000000d2e5aff520 

Instructions: (pc=0x00007fff118d6a87)
0x00007fff118d6987:   8b 4d 58 e8 01 cf ff ff 48 8b 4d 60 e8 f8 ce ff
0x00007fff118d6997:   ff 48 8b 95 80 00 00 00 48 8b 8d 18 01 00 00 e8
0x00007fff118d69a7:   c6 c3 ff ff 33 d2 33 c9 e8 3c e1 ff ff 90 48 89
0x00007fff118d69b7:   54 24 10 55 48 83 ec 20 48 8b ea 48 b8 00 00 00
0x00007fff118d69c7:   00 00 00 00 00 48 83 c4 20 5d c3 cc 40 55 48 8b
0x00007fff118d69d7:   ea 48 8b 01 33 c9 81 38 05 00 00 c0 0f 94 c1 8b
0x00007fff118d69e7:   c1 5d c3 cc 40 55 48 83 ec 20 48 8b ea 8a 4d 40
0x00007fff118d69f7:   48 83 c4 20 5d e9 f7 d2 ff ff cc 40 55 48 83 ec
0x00007fff118d6a07:   20 48 8b ea 8a 4d 20 e8 e5 d2 ff ff 90 48 83 c4
0x00007fff118d6a17:   20 5d c3 cc 40 55 48 83 ec 20 48 8b ea 48 83 c4
0x00007fff118d6a27:   20 5d e9 46 d1 ff ff cc 40 55 48 83 ec 30 48 8b
0x00007fff118d6a37:   ea 48 8b 01 8b 10 48 89 4c 24 28 89 54 24 20 4c
0x00007fff118d6a47:   8d 0d e7 d5 ff ff 4c 8b 45 70 8b 55 68 48 8b 4d
0x00007fff118d6a57:   60 e8 87 d0 ff ff 90 48 83 c4 30 5d c3 cc cc cc
0x00007fff118d6a67:   cc cc cc cc cc cc cc cc cc 40 53 48 83 ec 20 48
0x00007fff118d6a77:   8b 1d b3 30 01 00 48 85 db 74 16 e8 09 8b ff ff
0x00007fff118d6a87:   4c 8b 00 48 8b d3 48 8b c8 41 ff 90 b0 00 00 00
0x00007fff118d6a97:   90 48 83 c4 20 5b c3 cc cc 40 53 48 83 ec 20 48
0x00007fff118d6aa7:   8b 1d 2b 32 01 00 48 85 db 74 57 b8 ff ff ff ff
0x00007fff118d6ab7:   f0 0f c1 43 10 83 f8 01 75 3d 48 85 db 74 38 48
0x00007fff118d6ac7:   8b 0b 48 85 c9 74 0d ff 15 d4 07 00 00 48 c7 03
0x00007fff118d6ad7:   00 00 00 00 48 8b 4b 08 48 85 c9 74 0d e8 a7 cd
0x00007fff118d6ae7:   ff ff 48 c7 43 08 00 00 00 00 ba 18 00 00 00 48
0x00007fff118d6af7:   8b cb e8 92 cd ff ff 48 c7 05 cf 31 01 00 00 00
0x00007fff118d6b07:   00 00 48 83 c4 20 5b c3 cc 40 53 48 83 ec 20 48
0x00007fff118d6b17:   8b 1d 9b 31 01 00 48 85 db 74 57 b8 ff ff ff ff
0x00007fff118d6b27:   f0 0f c1 43 10 83 f8 01 75 3d 48 85 db 74 38 48
0x00007fff118d6b37:   8b 0b 48 85 c9 74 0d ff 15 64 07 00 00 48 c7 03
0x00007fff118d6b47:   00 00 00 00 48 8b 4b 08 48 85 c9 74 0d e8 37 cd
0x00007fff118d6b57:   ff ff 48 c7 43 08 00 00 00 00 ba 18 00 00 00 48
0x00007fff118d6b67:   8b cb e8 22 cd ff ff 48 c7 05 3f 31 01 00 00 00
0x00007fff118d6b77:   00 00 48 83 c4 20 5b c3 cc 40 53 48 83 ec 20 48 


Stack slot to memory mapping:
stack at sp + 0 slots: 0x0 is NULL
stack at sp + 1 slots: 0x0000029ff0b1e090 points into unknown readable memory: 0xf11837bf4a79a163 | 63 a1 79 4a bf 37 18 f1
stack at sp + 2 slots: 0x00007ffed6340b40 jvm.dll
stack at sp + 3 slots: 0x00007fff118d4354 glass.dll
stack at sp + 4 slots: 0x0000029ff0b1e098 points into unknown readable memory: 0x0000e4598a79a69c | 9c a6 79 8a 59 e4 00 00
stack at sp + 5 slots: 0x00007fff446642d6 ucrtbase.dll
stack at sp + 6 slots: 0x0000e4598a79a69c is an unknown value
stack at sp + 7 slots: 0x0000029f00000000 is an unknown value

VM_Operation (0x000000d2e79ff060): Exit, mode: safepoint, requested by thread 0x0000029ffa8b6f40


---------------  P R O C E S S  ---------------

Threads class SMR info:
_java_thread_list=0x0000029ffa541b80, length=21, elements={
0x0000029fd12ffe60, 0x0000029ff0b0bb80, 0x0000029ff0b107f0, 0x0000029ff0b28210,
0x0000029ff0b28bb0, 0x0000029ff0b29550, 0x0000029ff0b29ef0, 0x0000029ff0b2abc0,
0x0000029ff0b2c5b0, 0x0000029ff0ba0e50, 0x0000029ff0bde570, 0x0000029ff52372d0,
0x0000029ff4f79650, 0x0000029ff571bd70, 0x0000029ff5789bf0, 0x0000029ff578aa60,
0x0000029ff578bda0, 0x0000029ff578a590, 0x0000029ff578af30, 0x0000029ff57888b0,
0x0000029ffa8b6f40
}

Java Threads: ( => current thread )
  0x0000029fd12ffe60 JavaThread "main" [_thread_blocked, id=18852, stack(0x000000d2e5400000,0x000000d2e5500000)]
  0x0000029ff0b0bb80 JavaThread "Reference Handler" daemon [_thread_blocked, id=18152, stack(0x000000d2e5b00000,0x000000d2e5c00000)]
  0x0000029ff0b107f0 JavaThread "Finalizer" daemon [_thread_blocked, id=11544, stack(0x000000d2e5c00000,0x000000d2e5d00000)]
  0x0000029ff0b28210 JavaThread "Signal Dispatcher" daemon [_thread_blocked, id=19056, stack(0x000000d2e5d00000,0x000000d2e5e00000)]
  0x0000029ff0b28bb0 JavaThread "Attach Listener" daemon [_thread_blocked, id=17168, stack(0x000000d2e5e00000,0x000000d2e5f00000)]
  0x0000029ff0b29550 JavaThread "Service Thread" daemon [_thread_blocked, id=18224, stack(0x000000d2e5f00000,0x000000d2e6000000)]
  0x0000029ff0b29ef0 JavaThread "Monitor Deflation Thread" daemon [_thread_blocked, id=12164, stack(0x000000d2e6000000,0x000000d2e6100000)]
  0x0000029ff0b2abc0 JavaThread "C2 CompilerThread0" daemon [_thread_blocked, id=2872, stack(0x000000d2e6100000,0x000000d2e6200000)]
  0x0000029ff0b2c5b0 JavaThread "C1 CompilerThread0" daemon [_thread_blocked, id=3740, stack(0x000000d2e6200000,0x000000d2e6300000)]
  0x0000029ff0ba0e50 JavaThread "Sweeper thread" daemon [_thread_blocked, id=18596, stack(0x000000d2e6300000,0x000000d2e6400000)]
  0x0000029ff0bde570 JavaThread "Common-Cleaner" daemon [_thread_blocked, id=18996, stack(0x000000d2e6400000,0x000000d2e6500000)]
  0x0000029ff52372d0 JavaThread "Monitor Ctrl-Break" daemon [_thread_in_native, id=14820, stack(0x000000d2e6600000,0x000000d2e6700000)]
  0x0000029ff4f79650 JavaThread "Notification Thread" daemon [_thread_blocked, id=17852, stack(0x000000d2e6700000,0x000000d2e6800000)]
  0x0000029ff571bd70 JavaThread "QuantumRenderer-0" daemon [_thread_blocked, id=18464, stack(0x000000d2e6c00000,0x000000d2e6d00000)]
  0x0000029ff5789bf0 JavaThread "InvokeLaterDispatcher" daemon [_thread_blocked, id=19052, stack(0x000000d2e6e00000,0x000000d2e6f00000)]
  0x0000029ff578aa60 JavaThread "JavaFX Application Thread" [_thread_in_native, id=14132, stack(0x000000d2e6f00000,0x000000d2e7000000)]
  0x0000029ff578bda0 JavaThread "Thread-1" daemon [_thread_in_native, id=16444, stack(0x000000d2e7300000,0x000000d2e7400000)]
  0x0000029ff578a590 JavaThread "JavaFX-Launcher" [_thread_blocked, id=4336, stack(0x000000d2e7400000,0x000000d2e7500000)]
  0x0000029ff578af30 JavaThread "Prism Font Disposer" daemon [_thread_blocked, id=18540, stack(0x000000d2e6500000,0x000000d2e6600000)]
  0x0000029ff57888b0 JavaThread "Cleaner-0" daemon [_thread_blocked, id=18184, stack(0x000000d2e7800000,0x000000d2e7900000)]
  0x0000029ffa8b6f40 JavaThread "SIGINT handler" daemon [_thread_blocked, id=3612, stack(0x000000d2e7900000,0x000000d2e7a00000)]

Other Threads:
=>0x0000029ff0b083e0 VMThread "VM Thread" [stack: 0x000000d2e5a00000,0x000000d2e5b00000] [id=18264]
  0x0000029fd135f960 WorkerThread "GC Thread#0" [stack: 0x000000d2e5500000,0x000000d2e5600000] [id=19336]
  0x0000029ff56b9cf0 WorkerThread "GC Thread#1" [stack: 0x000000d2e6900000,0x000000d2e6a00000] [id=17020]
  0x0000029ff56b9f90 WorkerThread "GC Thread#2" [stack: 0x000000d2e6a00000,0x000000d2e6b00000] [id=12220]
  0x0000029ff5731160 WorkerThread "GC Thread#3" [stack: 0x000000d2e6b00000,0x000000d2e6c00000] [id=4816]
  0x0000029fd13704d0 ConcurrentGCThread "G1 Main Marker" terminated
  0x0000029fd1371ed0 WorkerThread "G1 Conc#0" [stack: 0x000000d2e5700000,0x000000d2e5800000] [id=1760]
  0x0000029fd13ae890 ConcurrentGCThread "G1 Refine#0" terminated
  0x0000029fd13af1a0 ConcurrentGCThread "G1 Service" terminated

Threads with active compile tasks:

VM state: at safepoint (shutting down)

VM Mutex/Monitor currently owned by a thread:  ([mutex/lock_event])
[0x0000029fd12fd640] Threads_lock - owner thread: 0x0000029ff0b083e0
[0x0000029fd12fd010] Heap_lock - owner thread: 0x0000029ffa8b6f40

Heap address: 0x0000000081e00000, size: 2018 MB, Compressed Oops mode: 32-bit

CDS archive(s) mapped at: [0x0000000800000000-0x0000000800b90000-0x0000000800b90000), size 12124160, SharedBaseAddress: 0x0000000800000000, ArchiveRelocationMode: 0.
Compressed class space mapped at: 0x0000000800c00000-0x0000000840c00000, reserved size: 1073741824
Narrow klass base: 0x0000000800000000, Narrow klass shift: 0, Narrow klass range: 0x100000000

GC Precious Log:
 CardTable entry size: 512
 Card Set container configuration: InlinePtr #cards 5 size 8 Array Of Cards #cards 12 size 40 Howl #buckets 4 coarsen threshold 1843 Howl Bitmap #cards 512 size 80 coarsen threshold 460 Card regions per heap region 1 cards per card region 2048
 CPUs: 4 total, 4 available
 Memory: 8071M
 Large Page Support: Disabled
 NUMA Support: Disabled
 Compressed Oops: Enabled (32-bit)
 Heap Region Size: 1M
 Heap Min Capacity: 8M
 Heap Initial Capacity: 128M
 Heap Max Capacity: 2018M
 Pre-touch: Disabled
 Parallel Workers: 4
 Concurrent Workers: 1
 Concurrent Refinement Workers: 4
 Periodic GC: Disabled

Heap:
 garbage-first heap   total 131072K, used 28947K [0x0000000081e00000, 0x0000000100000000)
  region size 1024K, 26 young (26624K), 2 survivors (2048K)
 Metaspace       used 13482K, committed 13760K, reserved 1114112K
  class space    used 1721K, committed 1856K, reserved 1048576K

Heap Regions: E=young(eden), S=young(survivor), O=old, HS=humongous(starts), HC=humongous(continues), CS=collection set, F=free, OA=open archive, CA=closed archive, TAMS=top-at-mark-start (previous, next)
|   0|0x0000000081e00000, 0x0000000081f00000, 0x0000000081f00000|100%| O|  |TAMS 0x0000000081e00000, 0x0000000081e00000| Untracked 
|   1|0x0000000081f00000, 0x0000000082000000, 0x0000000082000000|100%| O|  |TAMS 0x0000000081f00000, 0x0000000081f00000| Untracked 
|   2|0x0000000082000000, 0x00000000820a5a00, 0x0000000082100000| 64%| O|  |TAMS 0x0000000082000000, 0x0000000082000000| Untracked 
|   3|0x0000000082100000, 0x0000000082200000, 0x0000000082200000|100%|HS|  |TAMS 0x0000000082100000, 0x0000000082100000| Complete 
|   4|0x0000000082200000, 0x0000000082300000, 0x0000000082300000|100%|HC|  |TAMS 0x0000000082200000, 0x0000000082200000| Complete 
|   5|0x0000000082300000, 0x0000000082300000, 0x0000000082400000|  0%| F|  |TAMS 0x0000000082300000, 0x0000000082300000| Untracked 
|   6|0x0000000082400000, 0x0000000082400000, 0x0000000082500000|  0%| F|  |TAMS 0x0000000082400000, 0x0000000082400000| Untracked 
|   7|0x0000000082500000, 0x0000000082500000, 0x0000000082600000|  0%| F|  |TAMS 0x0000000082500000, 0x0000000082500000| Untracked 
|   8|0x0000000082600000, 0x0000000082600000, 0x0000000082700000|  0%| F|  |TAMS 0x0000000082600000, 0x0000000082600000| Untracked 
|   9|0x0000000082700000, 0x0000000082700000, 0x0000000082800000|  0%| F|  |TAMS 0x0000000082700000, 0x0000000082700000| Untracked 
|  10|0x0000000082800000, 0x0000000082800000, 0x0000000082900000|  0%| F|  |TAMS 0x0000000082800000, 0x0000000082800000| Untracked 
|  11|0x0000000082900000, 0x0000000082900000, 0x0000000082a00000|  0%| F|  |TAMS 0x0000000082900000, 0x0000000082900000| Untracked 
|  12|0x0000000082a00000, 0x0000000082a00000, 0x0000000082b00000|  0%| F|  |TAMS 0x0000000082a00000, 0x0000000082a00000| Untracked 
|  13|0x0000000082b00000, 0x0000000082b00000, 0x0000000082c00000|  0%| F|  |TAMS 0x0000000082b00000, 0x0000000082b00000| Untracked 
|  14|0x0000000082c00000, 0x0000000082c00000, 0x0000000082d00000|  0%| F|  |TAMS 0x0000000082c00000, 0x0000000082c00000| Untracked 
|  15|0x0000000082d00000, 0x0000000082d00000, 0x0000000082e00000|  0%| F|  |TAMS 0x0000000082d00000, 0x0000000082d00000| Untracked 
|  16|0x0000000082e00000, 0x0000000082e00000, 0x0000000082f00000|  0%| F|  |TAMS 0x0000000082e00000, 0x0000000082e00000| Untracked 
|  17|0x0000000082f00000, 0x0000000082f00000, 0x0000000083000000|  0%| F|  |TAMS 0x0000000082f00000, 0x0000000082f00000| Untracked 
|  18|0x0000000083000000, 0x0000000083000000, 0x0000000083100000|  0%| F|  |TAMS 0x0000000083000000, 0x0000000083000000| Untracked 
|  19|0x0000000083100000, 0x0000000083100000, 0x0000000083200000|  0%| F|  |TAMS 0x0000000083100000, 0x0000000083100000| Untracked 
|  20|0x0000000083200000, 0x0000000083200000, 0x0000000083300000|  0%| F|  |TAMS 0x0000000083200000, 0x0000000083200000| Untracked 
|  21|0x0000000083300000, 0x0000000083300000, 0x0000000083400000|  0%| F|  |TAMS 0x0000000083300000, 0x0000000083300000| Untracked 
|  22|0x0000000083400000, 0x0000000083400000, 0x0000000083500000|  0%| F|  |TAMS 0x0000000083400000, 0x0000000083400000| Untracked 
|  23|0x0000000083500000, 0x0000000083500000, 0x0000000083600000|  0%| F|  |TAMS 0x0000000083500000, 0x0000000083500000| Untracked 
|  24|0x0000000083600000, 0x0000000083600000, 0x0000000083700000|  0%| F|  |TAMS 0x0000000083600000, 0x0000000083600000| Untracked 
|  25|0x0000000083700000, 0x0000000083700000, 0x0000000083800000|  0%| F|  |TAMS 0x0000000083700000, 0x0000000083700000| Untracked 
|  26|0x0000000083800000, 0x0000000083800000, 0x0000000083900000|  0%| F|  |TAMS 0x0000000083800000, 0x0000000083800000| Untracked 
|  27|0x0000000083900000, 0x0000000083900000, 0x0000000083a00000|  0%| F|  |TAMS 0x0000000083900000, 0x0000000083900000| Untracked 
|  28|0x0000000083a00000, 0x0000000083a00000, 0x0000000083b00000|  0%| F|  |TAMS 0x0000000083a00000, 0x0000000083a00000| Untracked 
|  29|0x0000000083b00000, 0x0000000083b00000, 0x0000000083c00000|  0%| F|  |TAMS 0x0000000083b00000, 0x0000000083b00000| Untracked 
|  30|0x0000000083c00000, 0x0000000083c00000, 0x0000000083d00000|  0%| F|  |TAMS 0x0000000083c00000, 0x0000000083c00000| Untracked 
|  31|0x0000000083d00000, 0x0000000083d00000, 0x0000000083e00000|  0%| F|  |TAMS 0x0000000083d00000, 0x0000000083d00000| Untracked 
|  32|0x0000000083e00000, 0x0000000083e00000, 0x0000000083f00000|  0%| F|  |TAMS 0x0000000083e00000, 0x0000000083e00000| Untracked 
|  33|0x0000000083f00000, 0x0000000083f00000, 0x0000000084000000|  0%| F|  |TAMS 0x0000000083f00000, 0x0000000083f00000| Untracked 
|  34|0x0000000084000000, 0x0000000084000000, 0x0000000084100000|  0%| F|  |TAMS 0x0000000084000000, 0x0000000084000000| Untracked 
|  35|0x0000000084100000, 0x0000000084100000, 0x0000000084200000|  0%| F|  |TAMS 0x0000000084100000, 0x0000000084100000| Untracked 
|  36|0x0000000084200000, 0x0000000084200000, 0x0000000084300000|  0%| F|  |TAMS 0x0000000084200000, 0x0000000084200000| Untracked 
|  37|0x0000000084300000, 0x0000000084300000, 0x0000000084400000|  0%| F|  |TAMS 0x0000000084300000, 0x0000000084300000| Untracked 
|  38|0x0000000084400000, 0x0000000084400000, 0x0000000084500000|  0%| F|  |TAMS 0x0000000084400000, 0x0000000084400000| Untracked 
|  39|0x0000000084500000, 0x0000000084500000, 0x0000000084600000|  0%| F|  |TAMS 0x0000000084500000, 0x0000000084500000| Untracked 
|  40|0x0000000084600000, 0x0000000084600000, 0x0000000084700000|  0%| F|  |TAMS 0x0000000084600000, 0x0000000084600000| Untracked 
|  41|0x0000000084700000, 0x0000000084700000, 0x0000000084800000|  0%| F|  |TAMS 0x0000000084700000, 0x0000000084700000| Untracked 
|  42|0x0000000084800000, 0x0000000084800000, 0x0000000084900000|  0%| F|  |TAMS 0x0000000084800000, 0x0000000084800000| Untracked 
|  43|0x0000000084900000, 0x0000000084900000, 0x0000000084a00000|  0%| F|  |TAMS 0x0000000084900000, 0x0000000084900000| Untracked 
|  44|0x0000000084a00000, 0x0000000084a00000, 0x0000000084b00000|  0%| F|  |TAMS 0x0000000084a00000, 0x0000000084a00000| Untracked 
|  45|0x0000000084b00000, 0x0000000084b00000, 0x0000000084c00000|  0%| F|  |TAMS 0x0000000084b00000, 0x0000000084b00000| Untracked 
|  46|0x0000000084c00000, 0x0000000084c00000, 0x0000000084d00000|  0%| F|  |TAMS 0x0000000084c00000, 0x0000000084c00000| Untracked 
|  47|0x0000000084d00000, 0x0000000084d00000, 0x0000000084e00000|  0%| F|  |TAMS 0x0000000084d00000, 0x0000000084d00000| Untracked 
|  48|0x0000000084e00000, 0x0000000084e00000, 0x0000000084f00000|  0%| F|  |TAMS 0x0000000084e00000, 0x0000000084e00000| Untracked 
|  49|0x0000000084f00000, 0x0000000084f00000, 0x0000000085000000|  0%| F|  |TAMS 0x0000000084f00000, 0x0000000084f00000| Untracked 
|  50|0x0000000085000000, 0x0000000085000000, 0x0000000085100000|  0%| F|  |TAMS 0x0000000085000000, 0x0000000085000000| Untracked 
|  51|0x0000000085100000, 0x0000000085100000, 0x0000000085200000|  0%| F|  |TAMS 0x0000000085100000, 0x0000000085100000| Untracked 
|  52|0x0000000085200000, 0x0000000085200000, 0x0000000085300000|  0%| F|  |TAMS 0x0000000085200000, 0x0000000085200000| Untracked 
|  53|0x0000000085300000, 0x0000000085300000, 0x0000000085400000|  0%| F|  |TAMS 0x0000000085300000, 0x0000000085300000| Untracked 
|  54|0x0000000085400000, 0x0000000085400000, 0x0000000085500000|  0%| F|  |TAMS 0x0000000085400000, 0x0000000085400000| Untracked 
|  55|0x0000000085500000, 0x0000000085500000, 0x0000000085600000|  0%| F|  |TAMS 0x0000000085500000, 0x0000000085500000| Untracked 
|  56|0x0000000085600000, 0x0000000085600000, 0x0000000085700000|  0%| F|  |TAMS 0x0000000085600000, 0x0000000085600000| Untracked 
|  57|0x0000000085700000, 0x0000000085700000, 0x0000000085800000|  0%| F|  |TAMS 0x0000000085700000, 0x0000000085700000| Untracked 
|  58|0x0000000085800000, 0x0000000085800000, 0x0000000085900000|  0%| F|  |TAMS 0x0000000085800000, 0x0000000085800000| Untracked 
|  59|0x0000000085900000, 0x0000000085900000, 0x0000000085a00000|  0%| F|  |TAMS 0x0000000085900000, 0x0000000085900000| Untracked 
|  60|0x0000000085a00000, 0x0000000085a00000, 0x0000000085b00000|  0%| F|  |TAMS 0x0000000085a00000, 0x0000000085a00000| Untracked 
|  61|0x0000000085b00000, 0x0000000085b00000, 0x0000000085c00000|  0%| F|  |TAMS 0x0000000085b00000, 0x0000000085b00000| Untracked 
|  62|0x0000000085c00000, 0x0000000085c00000, 0x0000000085d00000|  0%| F|  |TAMS 0x0000000085c00000, 0x0000000085c00000| Untracked 
|  63|0x0000000085d00000, 0x0000000085d00000, 0x0000000085e00000|  0%| F|  |TAMS 0x0000000085d00000, 0x0000000085d00000| Untracked 
|  64|0x0000000085e00000, 0x0000000085e00000, 0x0000000085f00000|  0%| F|  |TAMS 0x0000000085e00000, 0x0000000085e00000| Untracked 
|  65|0x0000000085f00000, 0x0000000085f00000, 0x0000000086000000|  0%| F|  |TAMS 0x0000000085f00000, 0x0000000085f00000| Untracked 
|  66|0x0000000086000000, 0x0000000086000000, 0x0000000086100000|  0%| F|  |TAMS 0x0000000086000000, 0x0000000086000000| Untracked 
|  67|0x0000000086100000, 0x0000000086100000, 0x0000000086200000|  0%| F|  |TAMS 0x0000000086100000, 0x0000000086100000| Untracked 
|  68|0x0000000086200000, 0x0000000086200000, 0x0000000086300000|  0%| F|  |TAMS 0x0000000086200000, 0x0000000086200000| Untracked 
|  69|0x0000000086300000, 0x0000000086300000, 0x0000000086400000|  0%| F|  |TAMS 0x0000000086300000, 0x0000000086300000| Untracked 
|  70|0x0000000086400000, 0x0000000086400000, 0x0000000086500000|  0%| F|  |TAMS 0x0000000086400000, 0x0000000086400000| Untracked 
|  71|0x0000000086500000, 0x0000000086500000, 0x0000000086600000|  0%| F|  |TAMS 0x0000000086500000, 0x0000000086500000| Untracked 
|  72|0x0000000086600000, 0x0000000086600000, 0x0000000086700000|  0%| F|  |TAMS 0x0000000086600000, 0x0000000086600000| Untracked 
|  73|0x0000000086700000, 0x0000000086700000, 0x0000000086800000|  0%| F|  |TAMS 0x0000000086700000, 0x0000000086700000| Untracked 
|  74|0x0000000086800000, 0x0000000086800000, 0x0000000086900000|  0%| F|  |TAMS 0x0000000086800000, 0x0000000086800000| Untracked 
|  75|0x0000000086900000, 0x0000000086900000, 0x0000000086a00000|  0%| F|  |TAMS 0x0000000086900000, 0x0000000086900000| Untracked 
|  76|0x0000000086a00000, 0x0000000086a00000, 0x0000000086b00000|  0%| F|  |TAMS 0x0000000086a00000, 0x0000000086a00000| Untracked 
|  77|0x0000000086b00000, 0x0000000086b00000, 0x0000000086c00000|  0%| F|  |TAMS 0x0000000086b00000, 0x0000000086b00000| Untracked 
|  78|0x0000000086c00000, 0x0000000086c00000, 0x0000000086d00000|  0%| F|  |TAMS 0x0000000086c00000, 0x0000000086c00000| Untracked 
|  79|0x0000000086d00000, 0x0000000086d00000, 0x0000000086e00000|  0%| F|  |TAMS 0x0000000086d00000, 0x0000000086d00000| Untracked 
|  80|0x0000000086e00000, 0x0000000086e00000, 0x0000000086f00000|  0%| F|  |TAMS 0x0000000086e00000, 0x0000000086e00000| Untracked 
|  81|0x0000000086f00000, 0x0000000086f00000, 0x0000000087000000|  0%| F|  |TAMS 0x0000000086f00000, 0x0000000086f00000| Untracked 
|  82|0x0000000087000000, 0x0000000087000000, 0x0000000087100000|  0%| F|  |TAMS 0x0000000087000000, 0x0000000087000000| Untracked 
|  83|0x0000000087100000, 0x0000000087100000, 0x0000000087200000|  0%| F|  |TAMS 0x0000000087100000, 0x0000000087100000| Untracked 
|  84|0x0000000087200000, 0x0000000087200000, 0x0000000087300000|  0%| F|  |TAMS 0x0000000087200000, 0x0000000087200000| Untracked 
|  85|0x0000000087300000, 0x0000000087300000, 0x0000000087400000|  0%| F|  |TAMS 0x0000000087300000, 0x0000000087300000| Untracked 
|  86|0x0000000087400000, 0x0000000087400000, 0x0000000087500000|  0%| F|  |TAMS 0x0000000087400000, 0x0000000087400000| Untracked 
|  87|0x0000000087500000, 0x0000000087500000, 0x0000000087600000|  0%| F|  |TAMS 0x0000000087500000, 0x0000000087500000| Untracked 
|  88|0x0000000087600000, 0x0000000087600000, 0x0000000087700000|  0%| F|  |TAMS 0x0000000087600000, 0x0000000087600000| Untracked 
|  89|0x0000000087700000, 0x0000000087700000, 0x0000000087800000|  0%| F|  |TAMS 0x0000000087700000, 0x0000000087700000| Untracked 
|  90|0x0000000087800000, 0x0000000087800000, 0x0000000087900000|  0%| F|  |TAMS 0x0000000087800000, 0x0000000087800000| Untracked 
|  91|0x0000000087900000, 0x0000000087900000, 0x0000000087a00000|  0%| F|  |TAMS 0x0000000087900000, 0x0000000087900000| Untracked 
|  92|0x0000000087a00000, 0x0000000087a00000, 0x0000000087b00000|  0%| F|  |TAMS 0x0000000087a00000, 0x0000000087a00000| Untracked 
|  93|0x0000000087b00000, 0x0000000087b00000, 0x0000000087c00000|  0%| F|  |TAMS 0x0000000087b00000, 0x0000000087b00000| Untracked 
|  94|0x0000000087c00000, 0x0000000087c00000, 0x0000000087d00000|  0%| F|  |TAMS 0x0000000087c00000, 0x0000000087c00000| Untracked 
|  95|0x0000000087d00000, 0x0000000087d00000, 0x0000000087e00000|  0%| F|  |TAMS 0x0000000087d00000, 0x0000000087d00000| Untracked 
|  96|0x0000000087e00000, 0x0000000087e00000, 0x0000000087f00000|  0%| F|  |TAMS 0x0000000087e00000, 0x0000000087e00000| Untracked 
|  97|0x0000000087f00000, 0x0000000087f00000, 0x0000000088000000|  0%| F|  |TAMS 0x0000000087f00000, 0x0000000087f00000| Untracked 
|  98|0x0000000088000000, 0x0000000088000000, 0x0000000088100000|  0%| F|  |TAMS 0x0000000088000000, 0x0000000088000000| Untracked 
|  99|0x0000000088100000, 0x0000000088100000, 0x0000000088200000|  0%| F|  |TAMS 0x0000000088100000, 0x0000000088100000| Untracked 
| 100|0x0000000088200000, 0x0000000088200000, 0x0000000088300000|  0%| F|  |TAMS 0x0000000088200000, 0x0000000088200000| Untracked 
| 101|0x0000000088300000, 0x0000000088300000, 0x0000000088400000|  0%| F|  |TAMS 0x0000000088300000, 0x0000000088300000| Untracked 
| 102|0x0000000088400000, 0x0000000088498120, 0x0000000088500000| 59%| E|  |TAMS 0x0000000088400000, 0x0000000088400000| Complete 
| 103|0x0000000088500000, 0x0000000088600000, 0x0000000088600000|100%| E|CS|TAMS 0x0000000088500000, 0x0000000088500000| Complete 
| 104|0x0000000088600000, 0x0000000088700000, 0x0000000088700000|100%| E|CS|TAMS 0x0000000088600000, 0x0000000088600000| Complete 
| 105|0x0000000088700000, 0x0000000088800000, 0x0000000088800000|100%| E|CS|TAMS 0x0000000088700000, 0x0000000088700000| Complete 
| 106|0x0000000088800000, 0x0000000088900000, 0x0000000088900000|100%| E|CS|TAMS 0x0000000088800000, 0x0000000088800000| Complete 
| 107|0x0000000088900000, 0x0000000088a00000, 0x0000000088a00000|100%| E|CS|TAMS 0x0000000088900000, 0x0000000088900000| Complete 
| 108|0x0000000088a00000, 0x0000000088b00000, 0x0000000088b00000|100%| E|CS|TAMS 0x0000000088a00000, 0x0000000088a00000| Complete 
| 109|0x0000000088b00000, 0x0000000088b9f310, 0x0000000088c00000| 62%| S|CS|TAMS 0x0000000088b00000, 0x0000000088b00000| Complete 
| 110|0x0000000088c00000, 0x0000000088d00000, 0x0000000088d00000|100%| S|CS|TAMS 0x0000000088c00000, 0x0000000088c00000| Complete 
| 111|0x0000000088d00000, 0x0000000088e00000, 0x0000000088e00000|100%| E|CS|TAMS 0x0000000088d00000, 0x0000000088d00000| Complete 
| 112|0x0000000088e00000, 0x0000000088f00000, 0x0000000088f00000|100%| E|CS|TAMS 0x0000000088e00000, 0x0000000088e00000| Complete 
| 113|0x0000000088f00000, 0x0000000089000000, 0x0000000089000000|100%| E|CS|TAMS 0x0000000088f00000, 0x0000000088f00000| Complete 
| 114|0x0000000089000000, 0x0000000089100000, 0x0000000089100000|100%| E|CS|TAMS 0x0000000089000000, 0x0000000089000000| Complete 
| 115|0x0000000089100000, 0x0000000089200000, 0x0000000089200000|100%| E|CS|TAMS 0x0000000089100000, 0x0000000089100000| Complete 
| 116|0x0000000089200000, 0x0000000089300000, 0x0000000089300000|100%| E|  |TAMS 0x0000000089200000, 0x0000000089200000| Complete 
| 117|0x0000000089300000, 0x0000000089400000, 0x0000000089400000|100%| E|CS|TAMS 0x0000000089300000, 0x0000000089300000| Complete 
| 118|0x0000000089400000, 0x0000000089500000, 0x0000000089500000|100%| E|CS|TAMS 0x0000000089400000, 0x0000000089400000| Complete 
| 119|0x0000000089500000, 0x0000000089600000, 0x0000000089600000|100%| E|CS|TAMS 0x0000000089500000, 0x0000000089500000| Complete 
| 120|0x0000000089600000, 0x0000000089700000, 0x0000000089700000|100%| E|CS|TAMS 0x0000000089600000, 0x0000000089600000| Complete 
| 121|0x0000000089700000, 0x0000000089800000, 0x0000000089800000|100%| E|CS|TAMS 0x0000000089700000, 0x0000000089700000| Complete 
| 122|0x0000000089800000, 0x0000000089900000, 0x0000000089900000|100%| E|CS|TAMS 0x0000000089800000, 0x0000000089800000| Complete 
| 123|0x0000000089900000, 0x0000000089a00000, 0x0000000089a00000|100%| E|CS|TAMS 0x0000000089900000, 0x0000000089900000| Complete 
| 124|0x0000000089a00000, 0x0000000089b00000, 0x0000000089b00000|100%| E|CS|TAMS 0x0000000089a00000, 0x0000000089a00000| Complete 
| 125|0x0000000089b00000, 0x0000000089c00000, 0x0000000089c00000|100%| E|CS|TAMS 0x0000000089b00000, 0x0000000089b00000| Complete 
| 126|0x0000000089c00000, 0x0000000089d00000, 0x0000000089d00000|100%| E|CS|TAMS 0x0000000089c00000, 0x0000000089c00000| Complete 
| 127|0x0000000089d00000, 0x0000000089e00000, 0x0000000089e00000|100%| E|CS|TAMS 0x0000000089d00000, 0x0000000089d00000| Complete 

Card table byte_map: [0x0000029fe9e20000,0x0000029fea220000] _byte_map_base: 0x0000029fe9a11000

Marking Bits (Prev, Next): (CMBitMap*) 0x0000029fd135ff60, (CMBitMap*) 0x0000029fd135ffa0
 Prev Bits: [0x0000029fea620000, 0x0000029fec5a8000)
 Next Bits: [0x0000029fec5b0000, 0x0000029fee538000)

Polling page: 0x0000029fd10e0000

Metaspace:

Usage:
  Non-class:     11.49 MB used.
      Class:      1.68 MB used.
       Both:     13.17 MB used.

Virtual space:
  Non-class space:       64.00 MB reserved,      11.62 MB ( 18%) committed,  1 nodes.
      Class space:        1.00 GB reserved,       1.81 MB ( <1%) committed,  1 nodes.
             Both:        1.06 GB reserved,      13.44 MB (  1%) committed. 

Chunk freelists:
   Non-Class:  3.58 MB
       Class:  2.13 MB
        Both:  5.71 MB

MaxMetaspaceSize: unlimited
CompressedClassSpaceSize: 1.00 GB
Initial GC threshold: 21.00 MB
Current GC threshold: 21.00 MB
CDS: on
MetaspaceReclaimPolicy: balanced
 - commit_granule_bytes: 65536.
 - commit_granule_words: 8192.
 - virtual_space_node_default_size: 8388608.
 - enlarge_chunks_in_place: 1.
 - new_chunks_are_fully_committed: 0.
 - uncommit_free_chunks: 1.
 - use_allocation_guard: 0.


Internal statistics:

num_allocs_failed_limit: 0.
num_arena_births: 330.
num_arena_deaths: 0.
num_vsnodes_births: 2.
num_vsnodes_deaths: 0.
num_space_committed: 215.
num_space_uncommitted: 0.
num_chunks_returned_to_freelist: 0.
num_chunks_taken_from_freelist: 743.
num_chunk_merges: 0.
num_chunk_splits: 509.
num_chunks_enlarged: 375.
num_inconsistent_stats: 0.

CodeHeap 'non-profiled nmethods': size=120000Kb used=864Kb max_used=864Kb free=119135Kb
 bounds [0x0000029fe1ed0000, 0x0000029fe2140000, 0x0000029fe9400000]
CodeHeap 'profiled nmethods': size=120000Kb used=4110Kb max_used=4110Kb free=115890Kb
 bounds [0x0000029fda9a0000, 0x0000029fdadb0000, 0x0000029fe1ed0000]
CodeHeap 'non-nmethods': size=5760Kb used=1415Kb max_used=1446Kb free=4344Kb
 bounds [0x0000029fda400000, 0x0000029fda670000, 0x0000029fda9a0000]
 total_blobs=3063 nmethods=2293 adapters=682
 compilation: enabled
              stopped_count=0, restarted_count=0
 full_count=0

Compilation events (20 events):
Event: 11.089 Thread 0x0000029ff0b2c5b0 2285       3       com.sun.javafx.scene.input.PickResultChooser::computePoint (55 bytes)
Event: 11.090 Thread 0x0000029ff0b2c5b0 nmethod 2285 0x0000029fdad9e110 code [0x0000029fdad9e2c0, 0x0000029fdad9e558]
Event: 11.090 Thread 0x0000029ff0b2c5b0 2286       3       com.sun.javafx.scene.input.PickResultChooser::offer (13 bytes)
Event: 11.090 Thread 0x0000029ff0b2c5b0 nmethod 2286 0x0000029fdad9e710 code [0x0000029fdad9e8c0, 0x0000029fdad9ea28]
Event: 11.113 Thread 0x0000029ff0b2c5b0 2287       1       com.sun.javafx.scene.SceneEventDispatcher::getLastDispatcher (5 bytes)
Event: 11.113 Thread 0x0000029ff0b2c5b0 nmethod 2287 0x0000029fe1fa7e90 code [0x0000029fe1fa8020, 0x0000029fe1fa80f8]
Event: 11.473 Thread 0x0000029ff0b2c5b0 2288       3       com.sun.javafx.event.EventDispatchChainImpl::insertFirst (42 bytes)
Event: 11.474 Thread 0x0000029ff0b2c5b0 nmethod 2288 0x0000029fdad9eb10 code [0x0000029fdad9ecc0, 0x0000029fdad9ef98]
Event: 11.897 Thread 0x0000029ff0b2c5b0 2289       3       javafx.scene.Scene::getEffectiveCamera (80 bytes)
Event: 11.899 Thread 0x0000029ff0b2c5b0 nmethod 2289 0x0000029fdad9f090 code [0x0000029fdad9f3a0, 0x0000029fdada0a78]
Event: 11.953 Thread 0x0000029ff0b2c5b0 2290       3       com.sun.javafx.collections.VetoableListDecorator::iterator (27 bytes)
Event: 11.953 Thread 0x0000029ff0b2c5b0 nmethod 2290 0x0000029fdada1090 code [0x0000029fdada1260, 0x0000029fdada1678]
Event: 11.953 Thread 0x0000029ff0b2c5b0 2291       3       com.sun.javafx.collections.VetoableListDecorator$ModCountAccessorImpl::<init> (10 bytes)
Event: 11.954 Thread 0x0000029ff0b2c5b0 nmethod 2291 0x0000029fdada1810 code [0x0000029fdada19a0, 0x0000029fdada1b78]
Event: 11.954 Thread 0x0000029ff0b2c5b0 2292       3       com.sun.javafx.collections.VetoableListDecorator$VetoableIteratorDecorator::<init> (36 bytes)
Event: 11.954 Thread 0x0000029ff0b2c5b0 nmethod 2292 0x0000029fdada1c90 code [0x0000029fdada1e40, 0x0000029fdada2178]
Event: 11.985 Thread 0x0000029ff0b2c5b0 2293       3       javafx.scene.Parent::computeViewOrderChildren (93 bytes)
Event: 11.986 Thread 0x0000029ff0b2c5b0 nmethod 2293 0x0000029fdada2310 code [0x0000029fdada2560, 0x0000029fdada3058]
Event: 26.271 Thread 0x0000029ff0b2c5b0 2294       3       jdk.internal.org.objectweb.asm.MethodVisitor::visitInsn (16 bytes)
Event: 26.271 Thread 0x0000029ff0b2c5b0 nmethod 2294 0x0000029fdada3390 code [0x0000029fdada3540, 0x0000029fdada3748]

GC Heap History (4 events):
Event: 1.244 GC heap before
{Heap before GC invocations=0 (full 0):
 garbage-first heap   total 131072K, used 12288K [0x0000000081e00000, 0x0000000100000000)
  region size 1024K, 13 young (13312K), 0 survivors (0K)
 Metaspace       used 2657K, committed 2816K, reserved 1114112K
  class space    used 264K, committed 320K, reserved 1048576K
}
Event: 1.250 GC heap after
{Heap after GC invocations=1 (full 0):
 garbage-first heap   total 131072K, used 2675K [0x0000000081e00000, 0x0000000100000000)
  region size 1024K, 2 young (2048K), 2 survivors (2048K)
 Metaspace       used 2657K, committed 2816K, reserved 1114112K
  class space    used 264K, committed 320K, reserved 1048576K
}
Event: 1.791 GC heap before
{Heap before GC invocations=1 (full 0):
 garbage-first heap   total 131072K, used 17011K [0x0000000081e00000, 0x0000000100000000)
  region size 1024K, 17 young (17408K), 2 survivors (2048K)
 Metaspace       used 7834K, committed 8128K, reserved 1114112K
  class space    used 969K, committed 1088K, reserved 1048576K
}
Event: 1.796 GC heap after
{Heap after GC invocations=2 (full 0):
 garbage-first heap   total 131072K, used 4371K [0x0000000081e00000, 0x0000000100000000)
  region size 1024K, 2 young (2048K), 2 survivors (2048K)
 Metaspace       used 7834K, committed 8128K, reserved 1114112K
  class space    used 969K, committed 1088K, reserved 1048576K
}

Deoptimization events (20 events):
Event: 2.535 Thread 0x0000029ff578aa60 DEOPT PACKING pc=0x0000029fe1f0e2d4 sp=0x000000d2e6ffd7c0
Event: 2.535 Thread 0x0000029ff578aa60 DEOPT UNPACKING pc=0x0000029fda4523a3 sp=0x000000d2e6ffd6f0 mode 2
Event: 3.597 Thread 0x0000029ff571bd70 DEOPT PACKING pc=0x0000029fdac9c157 sp=0x000000d2e6cfdbc0
Event: 3.597 Thread 0x0000029ff571bd70 DEOPT UNPACKING pc=0x0000029fda452b43 sp=0x000000d2e6cfd028 mode 0
Event: 3.598 Thread 0x0000029ff571bd70 DEOPT PACKING pc=0x0000029fdac9c157 sp=0x000000d2e6cfdbc0
Event: 3.598 Thread 0x0000029ff571bd70 DEOPT UNPACKING pc=0x0000029fda452b43 sp=0x000000d2e6cfd028 mode 0
Event: 3.613 Thread 0x0000029ff571bd70 DEOPT PACKING pc=0x0000029fdac9c157 sp=0x000000d2e6cfdbc0
Event: 3.613 Thread 0x0000029ff571bd70 DEOPT UNPACKING pc=0x0000029fda452b43 sp=0x000000d2e6cfd028 mode 0
Event: 3.614 Thread 0x0000029ff571bd70 DEOPT PACKING pc=0x0000029fdac9c157 sp=0x000000d2e6cfdbc0
Event: 3.614 Thread 0x0000029ff571bd70 DEOPT UNPACKING pc=0x0000029fda452b43 sp=0x000000d2e6cfd028 mode 0
Event: 3.615 Thread 0x0000029ff571bd70 DEOPT PACKING pc=0x0000029fdac9c157 sp=0x000000d2e6cfdbc0
Event: 3.615 Thread 0x0000029ff571bd70 DEOPT UNPACKING pc=0x0000029fda452b43 sp=0x000000d2e6cfd028 mode 0
Event: 8.409 Thread 0x0000029ff571bd70 DEOPT PACKING pc=0x0000029fdac9c09a sp=0x000000d2e6cfdbc0
Event: 8.409 Thread 0x0000029ff571bd70 DEOPT UNPACKING pc=0x0000029fda452b43 sp=0x000000d2e6cfd018 mode 0
Event: 8.410 Thread 0x0000029ff571bd70 DEOPT PACKING pc=0x0000029fdac9c09a sp=0x000000d2e6cfdbc0
Event: 8.410 Thread 0x0000029ff571bd70 DEOPT UNPACKING pc=0x0000029fda452b43 sp=0x000000d2e6cfd018 mode 0
Event: 8.412 Thread 0x0000029ff571bd70 DEOPT PACKING pc=0x0000029fdac9c157 sp=0x000000d2e6cfdbc0
Event: 8.412 Thread 0x0000029ff571bd70 DEOPT UNPACKING pc=0x0000029fda452b43 sp=0x000000d2e6cfd028 mode 0
Event: 8.413 Thread 0x0000029ff571bd70 DEOPT PACKING pc=0x0000029fdac9c157 sp=0x000000d2e6cfdbc0
Event: 8.413 Thread 0x0000029ff571bd70 DEOPT UNPACKING pc=0x0000029fda452b43 sp=0x000000d2e6cfd028 mode 0

Classes loaded (20 events):
Event: 8.807 Loading class java/lang/AnchorPane
Event: 8.807 Loading class java/lang/AnchorPane done
Event: 8.807 Loading class java/util/AnchorPane
Event: 8.807 Loading class java/util/AnchorPane done
Event: 8.885 Loading class java/lang/Button
Event: 8.885 Loading class java/lang/Button done
Event: 8.885 Loading class java/util/Button
Event: 8.885 Loading class java/util/Button done
Event: 9.160 Loading class jdk/internal/misc/ScopedMemoryAccess$Scope
Event: 9.160 Loading class jdk/internal/misc/ScopedMemoryAccess$Scope done
Event: 9.819 Loading class java/lang/AnchorPane
Event: 9.820 Loading class java/lang/AnchorPane done
Event: 9.820 Loading class java/util/AnchorPane
Event: 9.820 Loading class java/util/AnchorPane done
Event: 9.824 Loading class java/lang/Button
Event: 9.824 Loading class java/lang/Button done
Event: 9.824 Loading class java/util/Button
Event: 9.824 Loading class java/util/Button done
Event: 26.268 Loading class jdk/internal/misc/Signal$1
Event: 26.268 Loading class jdk/internal/misc/Signal$1 done

Classes unloaded (0 events):
No events

Classes redefined (0 events):
No events

Internal exceptions (20 events):
Event: 2.100 Thread 0x0000029ff578aa60 Exception <a 'java/lang/NoSuchMethodError'{0x000000008960da80}: 'void java.lang.invoke.DirectMethodHandle$Holder.invokeSpecial(java.lang.Object, java.lang.Object, double)'> (0x000000008960da80) 
thrown [t:\workspace\open\src\hotspot\share\interpreter\linkResolver.cpp, line 766]
Event: 2.102 Thread 0x0000029ff578aa60 Exception <a 'java/lang/NoSuchMethodError'{0x0000000089619010}: 'double java.lang.invoke.DelegatingMethodHandle$Holder.reinvoke_L(java.lang.Object, java.lang.Object, int)'> (0x0000000089619010) 
thrown [t:\workspace\open\src\hotspot\share\interpreter\linkResolver.cpp, line 766]
Event: 2.104 Thread 0x0000029ff578aa60 Exception <a 'java/lang/NoSuchMethodError'{0x000000008962b0b0}: 'java.lang.Object java.lang.invoke.DirectMethodHandle$Holder.invokeStatic(java.lang.Object, java.lang.Object, java.lang.Object, java.lang.Object, int)'> (0x000000008962b0b0) 
thrown [t:\workspace\open\src\hotspot\share\interpreter\linkResolver.cpp, line 766]
Event: 2.107 Thread 0x0000029ff578aa60 Exception <a 'java/lang/NoSuchMethodError'{0x0000000089636b18}: 'void java.lang.invoke.DelegatingMethodHandle$Holder.reinvoke_L(java.lang.Object, java.lang.Object, double)'> (0x0000000089636b18) 
thrown [t:\workspace\open\src\hotspot\share\interpreter\linkResolver.cpp, line 766]
Event: 2.135 Thread 0x0000029ff578aa60 Exception <a 'java/lang/NoSuchMethodError'{0x00000000896bb880}: 'void java.lang.invoke.Invokers$Holder.invokeExact_MT(java.lang.Object, java.lang.Object, java.lang.Object, java.lang.Object)'> (0x00000000896bb880) 
thrown [t:\workspace\open\src\hotspot\share\interpreter\linkResolver.cpp, line 766]
Event: 2.137 Thread 0x0000029ff578aa60 Exception <a 'java/lang/NoSuchMethodError'{0x00000000896c0598}: 'void java.lang.invoke.DirectMethodHandle$Holder.invokeSpecial(java.lang.Object, java.lang.Object, int)'> (0x00000000896c0598) 
thrown [t:\workspace\open\src\hotspot\share\interpreter\linkResolver.cpp, line 766]
Event: 2.138 Thread 0x0000029ff578aa60 Exception <a 'java/lang/NoSuchMethodError'{0x00000000896c4b38}: 'int java.lang.invoke.DirectMethodHandle$Holder.invokeSpecial(java.lang.Object, java.lang.Object, java.lang.Object, int)'> (0x00000000896c4b38) 
thrown [t:\workspace\open\src\hotspot\share\interpreter\linkResolver.cpp, line 766]
Event: 2.139 Thread 0x0000029ff578aa60 Exception <a 'java/lang/NoSuchMethodError'{0x00000000896cf220}: 'void java.lang.invoke.DelegatingMethodHandle$Holder.reinvoke_L(java.lang.Object, java.lang.Object, int)'> (0x00000000896cf220) 
thrown [t:\workspace\open\src\hotspot\share\interpreter\linkResolver.cpp, line 766]
Event: 2.140 Thread 0x0000029ff578aa60 Exception <a 'java/lang/NoSuchMethodError'{0x00000000896d2f30}: 'int java.lang.invoke.DirectMethodHandle$Holder.invokeSpecial(java.lang.Object, java.lang.Object, java.lang.Object)'> (0x00000000896d2f30) 
thrown [t:\workspace\open\src\hotspot\share\interpreter\linkResolver.cpp, line 766]
Event: 2.191 Thread 0x0000029ff578aa60 Exception <a 'sun/nio/fs/WindowsException'{0x00000000895d39b0}> (0x00000000895d39b0) 
thrown [t:\workspace\open\src\hotspot\share\prims\jni.cpp, line 516]
Event: 2.227 Thread 0x0000029ff578aa60 Implicit null exception at 0x0000029fe1f3af2c to 0x0000029fe1f3b35c
Event: 2.453 Thread 0x0000029ff578aa60 Exception <a 'java/lang/NoSuchMethodError'{0x0000000088f79b70}: 'java.lang.Object java.lang.invoke.DirectMethodHandle$Holder.invokeInterface(java.lang.Object, java.lang.Object, java.lang.Object)'> (0x0000000088f79b70) 
thrown [t:\workspace\open\src\hotspot\share\interpreter\linkResolver.cpp, line 766]
Event: 2.454 Thread 0x0000029ff578aa60 Exception <a 'java/lang/IncompatibleClassChangeError'{0x0000000088f7d4f0}: Found class java.lang.Object, but interface was expected> (0x0000000088f7d4f0) 
thrown [t:\workspace\open\src\hotspot\share\interpreter\linkResolver.cpp, line 833]
Event: 2.520 Thread 0x0000029ff578aa60 Exception <a 'java/lang/NoSuchMethodError'{0x0000000088e99308}: 'int java.lang.invoke.DirectMethodHandle$Holder.invokeSpecial(java.lang.Object, java.lang.Object, int)'> (0x0000000088e99308) 
thrown [t:\workspace\open\src\hotspot\share\interpreter\linkResolver.cpp, line 766]
Event: 2.546 Thread 0x0000029ff578aa60 Exception <a 'java/lang/NoSuchMethodError'{0x0000000088d20140}: 'java.lang.Object java.lang.invoke.DirectMethodHandle$Holder.newInvokeSpecial(java.lang.Object, java.lang.Object, int)'> (0x0000000088d20140) 
thrown [t:\workspace\open\src\hotspot\share\interpreter\linkResolver.cpp, line 766]
Event: 2.578 Thread 0x0000029ff571bd70 Exception <a 'java/lang/NoSuchMethodError'{0x0000000088da6120}: 'int java.lang.invoke.DirectMethodHandle$Holder.invokeStaticInit(java.lang.Object, java.lang.Object)'> (0x0000000088da6120) 
thrown [t:\workspace\open\src\hotspot\share\interpreter\linkResolver.cpp, line 766]
Event: 8.714 Thread 0x0000029ff578aa60 Exception <a 'java/lang/NoSuchMethodError'{0x00000000887bd830}: 'long java.lang.invoke.DirectMethodHandle$Holder.invokeStatic(java.lang.Object, java.lang.Object, java.lang.Object)'> (0x00000000887bd830) 
thrown [t:\workspace\open\src\hotspot\share\interpreter\linkResolver.cpp, line 766]
Event: 8.715 Thread 0x0000029ff578aa60 Exception <a 'java/lang/NoSuchMethodError'{0x00000000887c1400}: 'long java.lang.invoke.DirectMethodHandle$Holder.invokeStaticInit(java.lang.Object, java.lang.Object, java.lang.Object)'> (0x00000000887c1400) 
thrown [t:\workspace\open\src\hotspot\share\interpreter\linkResolver.cpp, line 766]
Event: 8.720 Thread 0x0000029ff578aa60 Exception <a 'java/lang/NoSuchMethodError'{0x00000000887d9a48}: 'java.lang.Object java.lang.invoke.DirectMethodHandle$Holder.newInvokeSpecial(java.lang.Object, java.lang.Object, long)'> (0x00000000887d9a48) 
thrown [t:\workspace\open\src\hotspot\share\interpreter\linkResolver.cpp, line 766]
Event: 8.720 Thread 0x0000029ff578aa60 Exception <a 'java/lang/NoSuchMethodError'{0x00000000887dd5c0}: 'java.lang.Object java.lang.invoke.Invokers$Holder.linkToTargetMethod(java.lang.Object, long, java.lang.Object)'> (0x00000000887dd5c0) 
thrown [t:\workspace\open\src\hotspot\share\interpreter\linkResolver.cpp, line 766]

VM Operations (20 events):
Event: 1.375 Executing VM operation: HandshakeAllThreads done
Event: 1.791 Executing VM operation: G1CollectForAllocation
Event: 1.796 Executing VM operation: G1CollectForAllocation done
Event: 1.830 Executing VM operation: HandshakeAllThreads
Event: 1.830 Executing VM operation: HandshakeAllThreads done
Event: 1.976 Executing VM operation: HandshakeAllThreads
Event: 1.976 Executing VM operation: HandshakeAllThreads done
Event: 2.976 Executing VM operation: Cleanup
Event: 2.976 Executing VM operation: Cleanup done
Event: 4.977 Executing VM operation: Cleanup
Event: 4.977 Executing VM operation: Cleanup done
Event: 7.979 Executing VM operation: Cleanup
Event: 7.979 Executing VM operation: Cleanup done
Event: 8.980 Executing VM operation: Cleanup
Event: 8.980 Executing VM operation: Cleanup done
Event: 10.980 Executing VM operation: Cleanup
Event: 10.980 Executing VM operation: Cleanup done
Event: 13.009 Executing VM operation: Cleanup
Event: 13.009 Executing VM operation: Cleanup done
Event: 26.273 Executing VM operation: Exit

Events (20 events):
Event: 1.209 Loaded shared library C:\Users\nikik\.openjfx\cache\18-ea+6\ucrtbase.dll
Event: 1.217 Loaded shared library C:\Users\nikik\.openjfx\cache\18-ea+6\vcruntime140.dll
Event: 1.223 Loaded shared library C:\Users\nikik\.openjfx\cache\18-ea+6\vcruntime140_1.dll
Event: 1.240 Loaded shared library C:\Users\nikik\.openjfx\cache\18-ea+6\msvcp140.dll
Event: 1.304 Thread 0x0000029ff571bd70 Thread added: 0x0000029ff571bd70
Event: 1.319 Loaded shared library C:\Users\nikik\.openjfx\cache\18-ea+6\prism_d3d.dll
Event: 1.389 Loaded shared library C:\Users\nikik\.openjfx\cache\18-ea+6\glass.dll
Event: 1.393 Thread 0x0000029ff5789bf0 Thread added: 0x0000029ff5789bf0
Event: 1.400 Thread 0x0000029ff578aa60 Thread added: 0x0000029ff578aa60
Event: 1.511 Thread 0x0000029ff578bda0 Thread added: 0x0000029ff578bda0
Event: 1.528 Thread 0x0000029ff578a590 Thread added: 0x0000029ff578a590
Event: 1.822 Loaded shared library C:\Users\nikik\.openjfx\cache\18-ea+6\javafx_font.dll
Event: 2.364 Thread 0x0000029ff4e065a0 Thread exited: 0x0000029ff4e065a0
Event: 2.436 Thread 0x0000029ff578af30 Thread added: 0x0000029ff578af30
Event: 2.659 Thread 0x0000029ff57888b0 Thread added: 0x0000029ff57888b0
Event: 26.268 Thread 0x0000029ffa8b6f40 Thread added: 0x0000029ffa8b6f40
Event: 26.269 Thread 0x0000029ffa8b0560 Thread added: 0x0000029ffa8b0560
Event: 26.269 Thread 0x0000029ffa8b2710 Thread added: 0x0000029ffa8b2710
Event: 26.271 Thread 0x0000029ffa8b0560 Thread exited: 0x0000029ffa8b0560
Event: 26.272 Thread 0x0000029ffa8b2710 Thread exited: 0x0000029ffa8b2710


Dynamic libraries:
0x00007ff6478b0000 - 0x00007ff6478be000 	C:\Users\nikik\.jdks\openjdk-18-1\bin\java.exe
0x00007fff46790000 - 0x00007fff46985000 	C:\WINDOWS\SYSTEM32\ntdll.dll
0x00007fff44f90000 - 0x00007fff4504e000 	C:\WINDOWS\System32\KERNEL32.DLL
0x00007fff44250000 - 0x00007fff44518000 	C:\WINDOWS\System32\KERNELBASE.dll
0x00007fff44650000 - 0x00007fff44750000 	C:\WINDOWS\System32\ucrtbase.dll
0x00007fff3f430000 - 0x00007fff3f447000 	C:\Users\nikik\.jdks\openjdk-18-1\bin\jli.dll
0x00007fff46550000 - 0x00007fff466f0000 	C:\WINDOWS\System32\USER32.dll
0x00007fff44520000 - 0x00007fff44542000 	C:\WINDOWS\System32\win32u.dll
0x00007fff44800000 - 0x00007fff4482b000 	C:\WINDOWS\System32\GDI32.dll
0x00007fff44140000 - 0x00007fff4424b000 	C:\WINDOWS\System32\gdi32full.dll
0x00007fff43f40000 - 0x00007fff43fdd000 	C:\WINDOWS\System32\msvcp_win.dll
0x00007fff3e030000 - 0x00007fff3e04a000 	C:\Users\nikik\.jdks\openjdk-18-1\bin\VCRUNTIME140.dll
0x00007fff2ecc0000 - 0x00007fff2ef5a000 	C:\WINDOWS\WinSxS\amd64_microsoft.windows.common-controls_6595b64144ccf1df_6.0.19041.1110_none_60b5254171f9507e\COMCTL32.dll
0x00007fff44d90000 - 0x00007fff44e2e000 	C:\WINDOWS\System32\msvcrt.dll
0x00007fff457a0000 - 0x00007fff457d0000 	C:\WINDOWS\System32\IMM32.DLL
0x00007fff3f7d0000 - 0x00007fff3f7dc000 	C:\Users\nikik\.jdks\openjdk-18-1\bin\vcruntime140_1.dll
0x00007fff336c0000 - 0x00007fff3374d000 	C:\Users\nikik\.jdks\openjdk-18-1\bin\msvcp140.dll
0x00007ffed57d0000 - 0x00007ffed63e1000 	C:\Users\nikik\.jdks\openjdk-18-1\bin\server\jvm.dll
0x00007fff45c90000 - 0x00007fff45d3e000 	C:\WINDOWS\System32\ADVAPI32.dll
0x00007fff45be0000 - 0x00007fff45c7c000 	C:\WINDOWS\System32\sechost.dll
0x00007fff462f0000 - 0x00007fff46415000 	C:\WINDOWS\System32\RPCRT4.dll
0x00007fff447f0000 - 0x00007fff447f8000 	C:\WINDOWS\System32\PSAPI.DLL
0x00007fff2b390000 - 0x00007fff2b399000 	C:\WINDOWS\SYSTEM32\WSOCK32.dll
0x00007fff46280000 - 0x00007fff462eb000 	C:\WINDOWS\System32\WS2_32.dll
0x00007fff3eeb0000 - 0x00007fff3eed7000 	C:\WINDOWS\SYSTEM32\WINMM.dll
0x00007fff38a20000 - 0x00007fff38a2a000 	C:\WINDOWS\SYSTEM32\VERSION.dll
0x00007fff42760000 - 0x00007fff42772000 	C:\WINDOWS\SYSTEM32\kernel.appcore.dll
0x00007fff3f460000 - 0x00007fff3f46a000 	C:\Users\nikik\.jdks\openjdk-18-1\bin\jimage.dll
0x00007fff42420000 - 0x00007fff42604000 	C:\WINDOWS\SYSTEM32\DBGHELP.DLL
0x00007fff289b0000 - 0x00007fff289dc000 	C:\WINDOWS\SYSTEM32\dbgcore.DLL
0x00007fff43eb0000 - 0x00007fff43f32000 	C:\WINDOWS\System32\bcryptPrimitives.dll
0x00007fff3f7e0000 - 0x00007fff3f7ee000 	C:\Users\nikik\.jdks\openjdk-18-1\bin\instrument.dll
0x00007fff3dfd0000 - 0x00007fff3dff5000 	C:\Users\nikik\.jdks\openjdk-18-1\bin\java.dll
0x00007fff11700000 - 0x00007fff117d6000 	C:\Users\nikik\.jdks\openjdk-18-1\bin\jsvml.dll
0x00007fff45050000 - 0x00007fff45794000 	C:\WINDOWS\System32\SHELL32.dll
0x00007fff41bb0000 - 0x00007fff42344000 	C:\WINDOWS\SYSTEM32\windows.storage.dll
0x00007fff457d0000 - 0x00007fff45b24000 	C:\WINDOWS\System32\combase.dll
0x00007fff43830000 - 0x00007fff4385c000 	C:\WINDOWS\SYSTEM32\Wldp.dll
0x00007fff44a40000 - 0x00007fff44aed000 	C:\WINDOWS\System32\SHCORE.dll
0x00007fff44e30000 - 0x00007fff44e85000 	C:\WINDOWS\System32\shlwapi.dll
0x00007fff43df0000 - 0x00007fff43e0f000 	C:\WINDOWS\SYSTEM32\profapi.dll
0x00007fff3df40000 - 0x00007fff3df53000 	C:\Users\nikik\.jdks\openjdk-18-1\bin\net.dll
0x00007fff38670000 - 0x00007fff38779000 	C:\WINDOWS\SYSTEM32\WINHTTP.dll
0x00007fff43610000 - 0x00007fff4367a000 	C:\WINDOWS\system32\mswsock.dll
0x00007fff3bb00000 - 0x00007fff3bb16000 	C:\Users\nikik\.jdks\openjdk-18-1\bin\nio.dll
0x00007fff3bae0000 - 0x00007fff3baf8000 	C:\Users\nikik\.jdks\openjdk-18-1\bin\zip.dll
0x00007fff3df80000 - 0x00007fff3df9a000 	D:\Intelej\IntelliJ IDEA Community Edition 2022.1\bin\breakgen64.dll
0x0000029ff0bf0000 - 0x0000029ff0bf3000 	C:\Users\nikik\.openjfx\cache\18-ea+6\api-ms-win-core-console-l1-1-0.dll
0x0000029ff5910000 - 0x0000029ff5913000 	C:\Users\nikik\.openjfx\cache\18-ea+6\api-ms-win-core-console-l1-2-0.dll
0x0000029ff5920000 - 0x0000029ff5923000 	C:\Users\nikik\.openjfx\cache\18-ea+6\api-ms-win-core-datetime-l1-1-0.dll
0x0000029ff5930000 - 0x0000029ff5933000 	C:\Users\nikik\.openjfx\cache\18-ea+6\api-ms-win-core-debug-l1-1-0.dll
0x0000029ff5940000 - 0x0000029ff5943000 	C:\Users\nikik\.openjfx\cache\18-ea+6\api-ms-win-core-errorhandling-l1-1-0.dll
0x0000029ff5950000 - 0x0000029ff5954000 	C:\Users\nikik\.openjfx\cache\18-ea+6\api-ms-win-core-file-l1-1-0.dll
0x0000029ff5960000 - 0x0000029ff5963000 	C:\Users\nikik\.openjfx\cache\18-ea+6\api-ms-win-core-file-l1-2-0.dll
0x0000029ff5970000 - 0x0000029ff5973000 	C:\Users\nikik\.openjfx\cache\18-ea+6\api-ms-win-core-file-l2-1-0.dll
0x0000029ff5980000 - 0x0000029ff5983000 	C:\Users\nikik\.openjfx\cache\18-ea+6\api-ms-win-core-handle-l1-1-0.dll
0x0000029ff5990000 - 0x0000029ff5993000 	C:\Users\nikik\.openjfx\cache\18-ea+6\api-ms-win-core-heap-l1-1-0.dll
0x0000029ff59a0000 - 0x0000029ff59a3000 	C:\Users\nikik\.openjfx\cache\18-ea+6\api-ms-win-core-interlocked-l1-1-0.dll
0x0000029ff59b0000 - 0x0000029ff59b3000 	C:\Users\nikik\.openjfx\cache\18-ea+6\api-ms-win-core-libraryloader-l1-1-0.dll
0x0000029ff59c0000 - 0x0000029ff59c3000 	C:\Users\nikik\.openjfx\cache\18-ea+6\api-ms-win-core-localization-l1-2-0.dll
0x0000029ff59d0000 - 0x0000029ff59d3000 	C:\Users\nikik\.openjfx\cache\18-ea+6\api-ms-win-core-memory-l1-1-0.dll
0x0000029ff59e0000 - 0x0000029ff59e3000 	C:\Users\nikik\.openjfx\cache\18-ea+6\api-ms-win-core-namedpipe-l1-1-0.dll
0x0000029ff59f0000 - 0x0000029ff59f3000 	C:\Users\nikik\.openjfx\cache\18-ea+6\api-ms-win-core-processenvironment-l1-1-0.dll
0x0000029ff5a00000 - 0x0000029ff5a03000 	C:\Users\nikik\.openjfx\cache\18-ea+6\api-ms-win-core-processthreads-l1-1-0.dll
0x0000029ff5a10000 - 0x0000029ff5a13000 	C:\Users\nikik\.openjfx\cache\18-ea+6\api-ms-win-core-processthreads-l1-1-1.dll
0x0000029ff5a20000 - 0x0000029ff5a23000 	C:\Users\nikik\.openjfx\cache\18-ea+6\api-ms-win-core-profile-l1-1-0.dll
0x0000029ff5a30000 - 0x0000029ff5a33000 	C:\Users\nikik\.openjfx\cache\18-ea+6\api-ms-win-core-rtlsupport-l1-1-0.dll
0x0000029ff5a40000 - 0x0000029ff5a43000 	C:\Users\nikik\.openjfx\cache\18-ea+6\api-ms-win-core-string-l1-1-0.dll
0x0000029ff5a50000 - 0x0000029ff5a53000 	C:\Users\nikik\.openjfx\cache\18-ea+6\api-ms-win-core-synch-l1-1-0.dll
0x0000029ff5a60000 - 0x0000029ff5a63000 	C:\Users\nikik\.openjfx\cache\18-ea+6\api-ms-win-core-synch-l1-2-0.dll
0x0000029ff5a70000 - 0x0000029ff5a73000 	C:\Users\nikik\.openjfx\cache\18-ea+6\api-ms-win-core-sysinfo-l1-1-0.dll
0x0000029ff5a80000 - 0x0000029ff5a83000 	C:\Users\nikik\.openjfx\cache\18-ea+6\api-ms-win-core-timezone-l1-1-0.dll
0x0000029ff5a90000 - 0x0000029ff5a93000 	C:\Users\nikik\.openjfx\cache\18-ea+6\api-ms-win-core-util-l1-1-0.dll
0x0000029ff5aa0000 - 0x0000029ff5aa3000 	C:\Users\nikik\.openjfx\cache\18-ea+6\api-ms-win-crt-conio-l1-1-0.dll
0x0000029ff5ab0000 - 0x0000029ff5ab4000 	C:\Users\nikik\.openjfx\cache\18-ea+6\api-ms-win-crt-convert-l1-1-0.dll
0x0000029ff5ac0000 - 0x0000029ff5ac3000 	C:\Users\nikik\.openjfx\cache\18-ea+6\api-ms-win-crt-environment-l1-1-0.dll
0x0000029ff5af0000 - 0x0000029ff5af3000 	C:\Users\nikik\.openjfx\cache\18-ea+6\api-ms-win-crt-filesystem-l1-1-0.dll
0x0000029ff5b00000 - 0x0000029ff5b03000 	C:\Users\nikik\.openjfx\cache\18-ea+6\api-ms-win-crt-heap-l1-1-0.dll
0x0000029ff5ad0000 - 0x0000029ff5ad3000 	C:\Users\nikik\.openjfx\cache\18-ea+6\api-ms-win-crt-locale-l1-1-0.dll
0x0000029ff5ae0000 - 0x0000029ff5ae5000 	C:\Users\nikik\.openjfx\cache\18-ea+6\api-ms-win-crt-math-l1-1-0.dll
0x0000029ff5b10000 - 0x0000029ff5b15000 	C:\Users\nikik\.openjfx\cache\18-ea+6\api-ms-win-crt-multibyte-l1-1-0.dll
0x0000029ff5b20000 - 0x0000029ff5b30000 	C:\Users\nikik\.openjfx\cache\18-ea+6\api-ms-win-crt-private-l1-1-0.dll
0x0000029ff5b30000 - 0x0000029ff5b33000 	C:\Users\nikik\.openjfx\cache\18-ea+6\api-ms-win-crt-process-l1-1-0.dll
0x0000029ff5b60000 - 0x0000029ff5b64000 	C:\Users\nikik\.openjfx\cache\18-ea+6\api-ms-win-crt-runtime-l1-1-0.dll
0x0000029ff5b70000 - 0x0000029ff5b74000 	C:\Users\nikik\.openjfx\cache\18-ea+6\api-ms-win-crt-stdio-l1-1-0.dll
0x0000029ff5b40000 - 0x0000029ff5b44000 	C:\Users\nikik\.openjfx\cache\18-ea+6\api-ms-win-crt-string-l1-1-0.dll
0x0000029ff5b50000 - 0x0000029ff5b53000 	C:\Users\nikik\.openjfx\cache\18-ea+6\api-ms-win-crt-time-l1-1-0.dll
0x0000029ff5b80000 - 0x0000029ff5b83000 	C:\Users\nikik\.openjfx\cache\18-ea+6\api-ms-win-crt-utility-l1-1-0.dll
0x00007fff11900000 - 0x00007fff119fc000 	C:\Users\nikik\.openjfx\cache\18-ea+6\ucrtbase.dll
0x00007fff3c900000 - 0x00007fff3c91a000 	C:\Users\nikik\.openjfx\cache\18-ea+6\vcruntime140.dll
0x00007fff3f450000 - 0x00007fff3f45c000 	C:\Users\nikik\.openjfx\cache\18-ea+6\vcruntime140_1.dll
0x00007fff12080000 - 0x00007fff1210d000 	C:\Users\nikik\.openjfx\cache\18-ea+6\msvcp140.dll
0x00007fff32b10000 - 0x00007fff32b3a000 	C:\Users\nikik\.openjfx\cache\18-ea+6\prism_d3d.dll
0x00007fff32f80000 - 0x00007fff3314f000 	C:\WINDOWS\system32\d3d9.dll
0x00007fff415e0000 - 0x00007fff4160f000 	C:\WINDOWS\SYSTEM32\dwmapi.dll
0x00007fff414d0000 - 0x00007fff4156e000 	C:\WINDOWS\system32\uxtheme.dll
0x00007ffefe110000 - 0x00007ffefe277000 	C:\WINDOWS\System32\DriverStore\FileRepository\iigd_dch.inf_amd64_7235e197535e8934\igdumdim64.dll
0x00007fff46420000 - 0x00007fff4654a000 	C:\WINDOWS\System32\ole32.dll
0x00007ffec4a60000 - 0x00007ffec8652000 	C:\WINDOWS\System32\DriverStore\FileRepository\iigd_dch.inf_amd64_7235e197535e8934\igd9dxva64.dll
0x00007fff45d40000 - 0x00007fff45e0d000 	C:\WINDOWS\System32\OLEAUT32.dll
0x00007fff45e10000 - 0x00007fff46280000 	C:\WINDOWS\System32\SETUPAPI.dll
0x00007fff44550000 - 0x00007fff4459e000 	C:\WINDOWS\System32\cfgmgr32.dll
0x00007fff447c0000 - 0x00007fff447e7000 	C:\WINDOWS\System32\bcrypt.dll
0x00007fff37fe0000 - 0x00007fff383a5000 	C:\WINDOWS\System32\DriverStore\FileRepository\iigd_dch.inf_amd64_7235e197535e8934\igdgmm64.dll
0x00007fff118b0000 - 0x00007fff118f2000 	C:\Users\nikik\.openjfx\cache\18-ea+6\glass.dll
0x00007fff44eb0000 - 0x00007fff44f8b000 	C:\WINDOWS\System32\COMDLG32.dll
0x00007fff44830000 - 0x00007fff44946000 	C:\WINDOWS\System32\MSCTF.dll
0x00007fff0bd90000 - 0x00007fff0bdb7000 	C:\WINDOWS\System32\DriverStore\FileRepository\iigd_dch.inf_amd64_7235e197535e8934\igdinfo64.dll
0x00007fff34b10000 - 0x00007fff37fd3000 	C:\WINDOWS\System32\DriverStore\FileRepository\iigd_dch.inf_amd64_7235e197535e8934\igc64.dll
0x00007fff3edf0000 - 0x00007fff3ee2b000 	C:\WINDOWS\SYSTEM32\dxcore.dll
0x00007fff32450000 - 0x00007fff32464000 	C:\Users\nikik\.openjfx\cache\18-ea+6\javafx_font.dll
0x00007fff2f3f0000 - 0x00007fff2f66f000 	C:\WINDOWS\SYSTEM32\dwrite.dll
0x00007fff45b30000 - 0x00007fff45bd9000 	C:\WINDOWS\System32\clbcatq.dll
0x00007fff3dc60000 - 0x00007fff3de14000 	C:\WINDOWS\SYSTEM32\WindowsCodecs.dll
0x00007fff2a640000 - 0x00007fff2a67e000 	C:\WINDOWS\system32\dataexchange.dll
0x00007fff40800000 - 0x00007fff409e5000 	C:\WINDOWS\system32\dcomp.dll
0x00007fff3fef0000 - 0x00007fff40154000 	C:\WINDOWS\system32\d3d11.dll
0x00007fff42780000 - 0x00007fff42873000 	C:\WINDOWS\system32\dxgi.dll
0x00007fff3e350000 - 0x00007fff3e551000 	C:\WINDOWS\system32\twinapi.appcore.dll
0x00007fff2f350000 - 0x00007fff2f384000 	C:\Program Files\Common Files\Microsoft Shared\Ink\rtscom.dll
0x00007fff3cec0000 - 0x00007fff3cfb9000 	C:\WINDOWS\SYSTEM32\textinputframework.dll
0x00007fff409f0000 - 0x00007fff40d4e000 	C:\WINDOWS\System32\CoreUIComponents.dll
0x00007fff411d0000 - 0x00007fff412c2000 	C:\WINDOWS\System32\CoreMessaging.dll
0x00007fff42b70000 - 0x00007fff42ba3000 	C:\WINDOWS\SYSTEM32\ntmarta.dll
0x00007fff3f830000 - 0x00007fff3f984000 	C:\WINDOWS\SYSTEM32\wintypes.dll

dbghelp: loaded successfully - version: 4.0.5 - missing functions: none
symbol engine: initialized successfully - sym options: 0x614 - pdb path: .;C:\Users\nikik\.jdks\openjdk-18-1\bin;C:\WINDOWS\SYSTEM32;C:\WINDOWS\WinSxS\amd64_microsoft.windows.common-controls_6595b64144ccf1df_6.0.19041.1110_none_60b5254171f9507e;C:\Users\nikik\.jdks\openjdk-18-1\bin\server;D:\Intelej\IntelliJ IDEA Community Edition 2022.1\bin;C:\Users\nikik\.openjfx\cache\18-ea+6;C:\WINDOWS\System32\DriverStore\FileRepository\iigd_dch.inf_amd64_7235e197535e8934;C:\Program Files\Common Files\Microsoft Shared\Ink

VM Arguments:
jvm_args: -javaagent:D:\Intelej\IntelliJ IDEA Community Edition 2022.1\lib\idea_rt.jar=53170:D:\Intelej\IntelliJ IDEA Community Edition 2022.1\bin -Dfile.encoding=UTF-8 --module-path=C:\Users\nikik\.m2\repository\org\openjfx\javafx-controls\18-ea+6\javafx-controls-18-ea+6-win.jar;D:\IntelliJ IDEA\norm3laba\govna\target\classes;C:\Users\nikik\.m2\repository\org\openjfx\javafx-graphics\18-ea+6\javafx-graphics-18-ea+6-win.jar;C:\Users\nikik\.m2\repository\org\openjfx\javafx-fxml\18-ea+6\javafx-fxml-18-ea+6-win.jar;C:\Users\nikik\.m2\repository\org\openjfx\javafx-base\18-ea+6\javafx-base-18-ea+6-win.jar -Djdk.module.main=com.example.govna 
java_command: com.example.govna/com.example.govna.HelloApplication
java_class_path (initial): C:\Users\nikik\.m2\repository\org\openjfx\javafx-controls\18-ea+6\javafx-controls-18-ea+6.jar;C:\Users\nikik\.m2\repository\org\openjfx\javafx-graphics\18-ea+6\javafx-graphics-18-ea+6.jar;C:\Users\nikik\.m2\repository\org\openjfx\javafx-base\18-ea+6\javafx-base-18-ea+6.jar;C:\Users\nikik\.m2\repository\org\openjfx\javafx-fxml\18-ea+6\javafx-fxml-18-ea+6.jar
Launcher Type: SUN_STANDARD

[Global flags]
     intx CICompilerCount                          = 3                                         {product} {ergonomic}
     uint ConcGCThreads                            = 1                                         {product} {ergonomic}
     uint G1ConcRefinementThreads                  = 4                                         {product} {ergonomic}
   size_t G1HeapRegionSize                         = 1048576                                   {product} {ergonomic}
    uintx GCDrainStackTargetSize                   = 64                                        {product} {ergonomic}
   size_t InitialHeapSize                          = 134217728                                 {product} {ergonomic}
   size_t MarkStackSize                            = 4194304                                   {product} {ergonomic}
   size_t MaxHeapSize                              = 2116026368                                {product} {ergonomic}
   size_t MaxNewSize                               = 1268776960                                {product} {ergonomic}
   size_t MinHeapDeltaBytes                        = 1048576                                   {product} {ergonomic}
   size_t MinHeapSize                              = 8388608                                   {product} {ergonomic}
    uintx NonNMethodCodeHeapSize                   = 5832780                                {pd product} {ergonomic}
    uintx NonProfiledCodeHeapSize                  = 122912730                              {pd product} {ergonomic}
    uintx ProfiledCodeHeapSize                     = 122912730                              {pd product} {ergonomic}
    uintx ReservedCodeCacheSize                    = 251658240                              {pd product} {ergonomic}
     bool SegmentedCodeCache                       = true                                      {product} {ergonomic}
   size_t SoftMaxHeapSize                          = 2116026368                             {manageable} {ergonomic}
     bool UseCompressedClassPointers               = true                           {product lp64_product} {ergonomic}
     bool UseCompressedOops                        = true                           {product lp64_product} {ergonomic}
     bool UseG1GC                                  = true                                      {product} {ergonomic}
     bool UseLargePagesIndividualAllocation        = false                                  {pd product} {ergonomic}

Logging:
Log output configuration:
 #0: stdout all=off uptime,level,tags foldmultilines=false
 #1: stderr all=off uptime,level,tags foldmultilines=false

Environment Variables:
JAVA_HOME=C:\Program Files\Java\jdk-17
PATH=C:\Users\nikik\AppData\Local\Programs\Python\Python310\Scripts\;C:\Users\nikik\AppData\Local\Programs\Python\Python310\;C:\Python310\Scripts\;C:\Python310\;C:\Program Files\Common Files\Oracle\Java\javapath;C:\WinAVR-20100110\bin;C:\WinAVR-20100110\utils\bin;C:\WinAVR-20100110;D:\GNU\10 2020-q4-major\bin;C:\WINDOWS\system32;C:\WINDOWS;C:\WINDOWS\System32\Wbem;C:\WINDOWS\System32\WindowsPowerShell\v1.0\;C:\WINDOWS\System32\OpenSSH\;C:\Program Files (x86)\STMicroelectronics\STM32 ST-LINK Utility\ST-LINK Utility;D:\MatLAB\runtime\win64;D:\MatLAB\bin;D:\MatLAB\polyspace\bin;C:\Program Files\Git\cmd;C:\Program Files\dotnet\;C:\Program Files (x86)\dotnet\;C:\Program Files\Docker\Docker\resources\bin;C:\ProgramData\DockerDesktop\version-bin;C:\ProgramData\chocolatey\bin;E:\nodejs\;C:\Program Files\Zabbix Agent 2\;C:\Users\nikik\AppData\Local\Programs\Python\Python38-32\Scripts\;C:\Users\nikik\AppData\Local\Programs\Python\Python38-32\;C:\Program Files\MySQL\MySQL Shell 8.0\bin\;D:\eclipse\4.6 2012q4\bin;D:\Visual Studio Code\Microsoft VS Code\bin;C:\Users\nikik\AppData\Local\atom\bin;C:\WinAVR-20100110;C:\Users\nikik\AppData\Local\Microsoft\WindowsApps;C:\Users\nikik\AppData\Roaming\npm
USERNAME=nikik
OS=Windows_NT
PROCESSOR_IDENTIFIER=Intel64 Family 6 Model 142 Stepping 9, GenuineIntel



---------------  S Y S T E M  ---------------

OS:
 Windows 10 , 64 bit Build 19041 (10.0.19041.1566)
OS uptime: 7 days 19:04 hours
Hyper-V role detected

CPU: total 4 (initial active 4) (2 cores per cpu, 2 threads per core) family 6 model 142 stepping 9 microcode 0xb4, cx8, cmov, fxsr, ht, mmx, 3dnowpref, sse, sse2, sse3, ssse3, sse4.1, sse4.2, popcnt, lzcnt, tsc, tscinvbit, avx, avx2, aes, erms, clmul, bmi1, bmi2, adx, fma, vzeroupper, clflush, clflushopt, hv

Memory: 4k page, system-wide physical 8071M (1545M free)
TotalPageFile size 12935M (AvailPageFile size 2230M)
current process WorkingSet (physical memory assigned to process): 137M, peak: 142M
current process commit charge ("private bytes"): 265M, peak: 273M

vm_info: OpenJDK 64-Bit Server VM (18+36-2087) for windows-amd64 JRE (18+36-2087), built on Feb 15 2022 09:37:35 by "mach5one" with MS VC++ 16.8 / 16.9 (VS2019)

END.
