#
# A fatal error has been detected by the Java Runtime Environment:
#
#  EXCEPTION_ACCESS_VIOLATION (0xc0000005) at pc=0x00007fff3df56a87, pid=18224, tid=4448
#
# JRE version: OpenJDK Runtime Environment (18.0+36) (build 18+36-2087)
# Java VM: OpenJDK 64-Bit Server VM (18+36-2087, mixed mode, sharing, tiered, compressed oops, compressed class ptrs, g1 gc, windows-amd64)
# Problematic frame:
# C  [glass.dll+0x26a87]
#
# No core dump will be written. Minidumps are not enabled by default on client versions of Windows
#
# If you would like to submit a bug report, please visit:
#   https://bugreport.java.com/bugreport/crash.jsp
#

---------------  S U M M A R Y ------------

Command Line: -javaagent:D:\Intelej\IntelliJ IDEA Community Edition 2022.1\lib\idea_rt.jar=65402:D:\Intelej\IntelliJ IDEA Community Edition 2022.1\bin -Dfile.encoding=UTF-8 --module-path=C:\Users\nikik\.m2\repository\org\openjfx\javafx-controls\18-ea+6\javafx-controls-18-ea+6-win.jar;C:\Users\nikik\.m2\repository\org\openjfx\javafx-graphics\18-ea+6\javafx-graphics-18-ea+6-win.jar;C:\Users\nikik\.m2\repository\org\openjfx\javafx-fxml\18-ea+6\javafx-fxml-18-ea+6-win.jar;D:\IntelliJ IDEA\norm3laba\govna\target\classes;C:\Users\nikik\.m2\repository\org\openjfx\javafx-base\18-ea+6\javafx-base-18-ea+6-win.jar -Djdk.module.main=com.example.govna com.example.govna/com.example.govna.HelloApplication

Host: Intel(R) Core(TM) i5-7200U CPU @ 2.50GHz, 4 cores, 7G,  Windows 10 , 64 bit Build 19041 (10.0.19041.1566)
Time: Fri Apr 15 11:05:09 2022  Windows 10 , 64 bit Build 19041 (10.0.19041.1566) elapsed time: 13.021122 seconds (0d 0h 0m 13s)

---------------  T H R E A D  ---------------

Current thread (0x00000252b7d7c990):  VMThread "VM Thread" [stack: 0x000000aef3700000,0x000000aef3800000] [id=4448]

Stack: [0x000000aef3700000,0x000000aef3800000],  sp=0x000000aef37fedf0,  free space=1019k
Native frames: (J=compiled Java code, j=interpreted, Vv=VM code, C=native code)
C  [glass.dll+0x26a87]


siginfo: EXCEPTION_ACCESS_VIOLATION (0xc0000005), reading address 0x0000000000000000


Register to memory mapping:

RIP=0x00007fff3df56a87 glass.dll
RAX=0x0 is NULL
RBX=0x00000252b7d89d20 is a global jni handle
RCX=0x00000252b7d7c990 points into unknown readable memory: 0x00007ffef8a1edc8 | c8 ed a1 f8 fe 7f 00 00
RDX=0x000000aef37fedf0 points into unknown readable memory: 0x0000000000000000 | 00 00 00 00 00 00 00 00
RSP=0x000000aef37fedf0 points into unknown readable memory: 0x0000000000000000 | 00 00 00 00 00 00 00 00
RBP=0x00000252bcaae3b8 points into unknown readable memory: 0x000079cba1f4687c | 7c 68 f4 a1 cb 79 00 00
RSI=0x00000252bcaae390 points into unknown readable memory: 0xc0007e34522b3b9a | 9a 3b 2b 52 34 7e 00 c0
RDI=0x000079cba1f4687c is an unknown value
R8 =0x0000000000010002 is an unknown value
R9 =0x000079cba1f4687c is an unknown value
R10=0x0000000000008000 is an unknown value
R11=0x000000aef37fed80 points into unknown readable memory: 0x00000252bcaae390 | 90 e3 aa bc 52 02 00 00
R12=0x00007fff3df54354 glass.dll
R13=0x00007ffef8be0b40 jvm.dll
R14=0x000000aef37feee8 points into unknown readable memory: 0x000000aef37feed0 | d0 ee 7f f3 ae 00 00 00
R15=0x00000252bcaae390 points into unknown readable memory: 0xc0007e34522b3b9a | 9a 3b 2b 52 34 7e 00 c0


Registers:
RAX=0x0000000000000000, RBX=0x00000252b7d89d20, RCX=0x00000252b7d7c990, RDX=0x000000aef37fedf0
RSP=0x000000aef37fedf0, RBP=0x00000252bcaae3b8, RSI=0x00000252bcaae390, RDI=0x000079cba1f4687c
R8 =0x0000000000010002, R9 =0x000079cba1f4687c, R10=0x0000000000008000, R11=0x000000aef37fed80
R12=0x00007fff3df54354, R13=0x00007ffef8be0b40, R14=0x000000aef37feee8, R15=0x00000252bcaae390
RIP=0x00007fff3df56a87, EFLAGS=0x0000000000010206

Top of Stack: (sp=0x000000aef37fedf0)
0x000000aef37fedf0:   0000000000000000 00000252bcaae390
0x000000aef37fee00:   00007ffef8be0b40 00007fff3df54354
0x000000aef37fee10:   00000252bcaae398 00007fff446642d6
0x000000aef37fee20:   000079cba1f4687c 0000025200000000
0x000000aef37fee30:   00000252bcaae3b8 00000252bcaae390
0x000000aef37fee40:   fffffffffffffffe 0000000000000000
0x000000aef37fee50:   0000000000000001 00007fff3df30000
0x000000aef37fee60:   000000aef37feed8 00007fff446641fb
0x000000aef37fee70:   0000000000000000 000000aef37feee8
0x000000aef37fee80:   000000aef37ff1b0 00007fff44740e40
0x000000aef37fee90:   0000000000000001 00007fff446641b4
0x000000aef37feea0:   0000000000000000 0000000000000001
0x000000aef37feeb0:   00007fff00000001 000000aef37feed8
0x000000aef37feec0:   0000000000000000 00007fff3df541e1
0x000000aef37feed0:   00007fff3df6a138 00007fff00000002
0x000000aef37feee0:   0000000000000002 000000aef37feed0 

Instructions: (pc=0x00007fff3df56a87)
0x00007fff3df56987:   8b 4d 58 e8 01 cf ff ff 48 8b 4d 60 e8 f8 ce ff
0x00007fff3df56997:   ff 48 8b 95 80 00 00 00 48 8b 8d 18 01 00 00 e8
0x00007fff3df569a7:   c6 c3 ff ff 33 d2 33 c9 e8 3c e1 ff ff 90 48 89
0x00007fff3df569b7:   54 24 10 55 48 83 ec 20 48 8b ea 48 b8 00 00 00
0x00007fff3df569c7:   00 00 00 00 00 48 83 c4 20 5d c3 cc 40 55 48 8b
0x00007fff3df569d7:   ea 48 8b 01 33 c9 81 38 05 00 00 c0 0f 94 c1 8b
0x00007fff3df569e7:   c1 5d c3 cc 40 55 48 83 ec 20 48 8b ea 8a 4d 40
0x00007fff3df569f7:   48 83 c4 20 5d e9 f7 d2 ff ff cc 40 55 48 83 ec
0x00007fff3df56a07:   20 48 8b ea 8a 4d 20 e8 e5 d2 ff ff 90 48 83 c4
0x00007fff3df56a17:   20 5d c3 cc 40 55 48 83 ec 20 48 8b ea 48 83 c4
0x00007fff3df56a27:   20 5d e9 46 d1 ff ff cc 40 55 48 83 ec 30 48 8b
0x00007fff3df56a37:   ea 48 8b 01 8b 10 48 89 4c 24 28 89 54 24 20 4c
0x00007fff3df56a47:   8d 0d e7 d5 ff ff 4c 8b 45 70 8b 55 68 48 8b 4d
0x00007fff3df56a57:   60 e8 87 d0 ff ff 90 48 83 c4 30 5d c3 cc cc cc
0x00007fff3df56a67:   cc cc cc cc cc cc cc cc cc 40 53 48 83 ec 20 48
0x00007fff3df56a77:   8b 1d b3 30 01 00 48 85 db 74 16 e8 09 8b ff ff
0x00007fff3df56a87:   4c 8b 00 48 8b d3 48 8b c8 41 ff 90 b0 00 00 00
0x00007fff3df56a97:   90 48 83 c4 20 5b c3 cc cc 40 53 48 83 ec 20 48
0x00007fff3df56aa7:   8b 1d 2b 32 01 00 48 85 db 74 57 b8 ff ff ff ff
0x00007fff3df56ab7:   f0 0f c1 43 10 83 f8 01 75 3d 48 85 db 74 38 48
0x00007fff3df56ac7:   8b 0b 48 85 c9 74 0d ff 15 d4 07 00 00 48 c7 03
0x00007fff3df56ad7:   00 00 00 00 48 8b 4b 08 48 85 c9 74 0d e8 a7 cd
0x00007fff3df56ae7:   ff ff 48 c7 43 08 00 00 00 00 ba 18 00 00 00 48
0x00007fff3df56af7:   8b cb e8 92 cd ff ff 48 c7 05 cf 31 01 00 00 00
0x00007fff3df56b07:   00 00 48 83 c4 20 5b c3 cc 40 53 48 83 ec 20 48
0x00007fff3df56b17:   8b 1d 9b 31 01 00 48 85 db 74 57 b8 ff ff ff ff
0x00007fff3df56b27:   f0 0f c1 43 10 83 f8 01 75 3d 48 85 db 74 38 48
0x00007fff3df56b37:   8b 0b 48 85 c9 74 0d ff 15 64 07 00 00 48 c7 03
0x00007fff3df56b47:   00 00 00 00 48 8b 4b 08 48 85 c9 74 0d e8 37 cd
0x00007fff3df56b57:   ff ff 48 c7 43 08 00 00 00 00 ba 18 00 00 00 48
0x00007fff3df56b67:   8b cb e8 22 cd ff ff 48 c7 05 3f 31 01 00 00 00
0x00007fff3df56b77:   00 00 48 83 c4 20 5b c3 cc 40 53 48 83 ec 20 48 


Stack slot to memory mapping:
stack at sp + 0 slots: 0x0 is NULL
stack at sp + 1 slots: 0x00000252bcaae390 points into unknown readable memory: 0xc0007e34522b3b9a | 9a 3b 2b 52 34 7e 00 c0
stack at sp + 2 slots: 0x00007ffef8be0b40 jvm.dll
stack at sp + 3 slots: 0x00007fff3df54354 glass.dll
stack at sp + 4 slots: 0x00000252bcaae398 points into unknown readable memory: 0x000079cba1f4687c | 7c 68 f4 a1 cb 79 00 00
stack at sp + 5 slots: 0x00007fff446642d6 ucrtbase.dll
stack at sp + 6 slots: 0x000079cba1f4687c is an unknown value
stack at sp + 7 slots: 0x0000025200000000 is an unknown value

VM_Operation (0x000000aef55ff330): Exit, mode: safepoint, requested by thread 0x00000252c0ff4150


---------------  P R O C E S S  ---------------

Threads class SMR info:
_java_thread_list=0x00000252c1272830, length=20, elements={
0x000002529a4d89f0, 0x00000252b7d81da0, 0x00000252b7d82b40, 0x00000252b7d99950,
0x00000252b7d9e890, 0x00000252b7d9ee40, 0x00000252b7da4c40, 0x00000252b7dcf5c0,
0x00000252b7e2e8c0, 0x00000252bc01cf80, 0x00000252bc56c870, 0x00000252bc5993f0,
0x00000252bc7d8500, 0x00000252bcac8de0, 0x00000252bcac8440, 0x00000252bcac8910,
0x00000252c0ff37b0, 0x00000252c0ff0790, 0x00000252c0ff2e10, 0x00000252c0ff4150
}

Java Threads: ( => current thread )
  0x000002529a4d89f0 JavaThread "main" [_thread_blocked, id=9832, stack(0x000000aef3100000,0x000000aef3200000)]
  0x00000252b7d81da0 JavaThread "Reference Handler" daemon [_thread_blocked, id=7332, stack(0x000000aef3800000,0x000000aef3900000)]
  0x00000252b7d82b40 JavaThread "Finalizer" daemon [_thread_blocked, id=16640, stack(0x000000aef3900000,0x000000aef3a00000)]
  0x00000252b7d99950 JavaThread "Attach Listener" daemon [_thread_blocked, id=19416, stack(0x000000aef3b00000,0x000000aef3c00000)]
  0x00000252b7d9e890 JavaThread "Service Thread" daemon [_thread_blocked, id=6344, stack(0x000000aef3c00000,0x000000aef3d00000)]
  0x00000252b7d9ee40 JavaThread "Monitor Deflation Thread" daemon [_thread_blocked, id=6712, stack(0x000000aef3d00000,0x000000aef3e00000)]
  0x00000252b7da4c40 JavaThread "C2 CompilerThread0" daemon [_thread_blocked, id=17080, stack(0x000000aef3e00000,0x000000aef3f00000)]
  0x00000252b7dcf5c0 JavaThread "C1 CompilerThread0" daemon [_thread_blocked, id=316, stack(0x000000aef3f00000,0x000000aef4000000)]
  0x00000252b7e2e8c0 JavaThread "Sweeper thread" daemon [_thread_blocked, id=12696, stack(0x000000aef4000000,0x000000aef4100000)]
  0x00000252bc01cf80 JavaThread "Common-Cleaner" daemon [_thread_blocked, id=12448, stack(0x000000aef4100000,0x000000aef4200000)]
  0x00000252bc56c870 JavaThread "Monitor Ctrl-Break" daemon [_thread_in_native, id=21468, stack(0x000000aef4300000,0x000000aef4400000)]
  0x00000252bc5993f0 JavaThread "Notification Thread" daemon [_thread_blocked, id=5568, stack(0x000000aef4400000,0x000000aef4500000)]
  0x00000252bc7d8500 JavaThread "QuantumRenderer-0" daemon [_thread_blocked, id=13780, stack(0x000000aef4900000,0x000000aef4a00000)]
  0x00000252bcac8de0 JavaThread "InvokeLaterDispatcher" daemon [_thread_blocked, id=6864, stack(0x000000aef4a00000,0x000000aef4b00000)]
  0x00000252bcac8440 JavaThread "JavaFX Application Thread" [_thread_in_native, id=9572, stack(0x000000aef4b00000,0x000000aef4c00000)]
  0x00000252bcac8910 JavaThread "Thread-1" daemon [_thread_in_native, id=9260, stack(0x000000aef4200000,0x000000aef4300000)]
  0x00000252c0ff37b0 JavaThread "JavaFX-Launcher" [_thread_blocked, id=3240, stack(0x000000aef4f00000,0x000000aef5000000)]
  0x00000252c0ff0790 JavaThread "Prism Font Disposer" daemon [_thread_blocked, id=18056, stack(0x000000aef5000000,0x000000aef5100000)]
  0x00000252c0ff2e10 JavaThread "Cleaner-0" daemon [_thread_blocked, id=21244, stack(0x000000aef5400000,0x000000aef5500000)]
  0x00000252c0ff4150 JavaThread "SIGINT handler" daemon [_thread_blocked, id=9840, stack(0x000000aef5500000,0x000000aef5600000)]

Other Threads:
=>0x00000252b7d7c990 VMThread "VM Thread" [stack: 0x000000aef3700000,0x000000aef3800000] [id=4448]
  0x000002529a539e70 WorkerThread "GC Thread#0" [stack: 0x000000aef3200000,0x000000aef3300000] [id=16944]
  0x00000252bca70100 WorkerThread "GC Thread#1" [stack: 0x000000aef4600000,0x000000aef4700000] [id=5888]
  0x00000252bca703a0 WorkerThread "GC Thread#2" [stack: 0x000000aef4700000,0x000000aef4800000] [id=13764]
  0x00000252bca61960 WorkerThread "GC Thread#3" [stack: 0x000000aef4800000,0x000000aef4900000] [id=20252]
  0x000002529a54a8e0 ConcurrentGCThread "G1 Main Marker" terminated
  0x000002529a54c980 WorkerThread "G1 Conc#0" [stack: 0x000000aef3400000,0x000000aef3500000] [id=13140]
  0x000002529a587b80 ConcurrentGCThread "G1 Refine#0" terminated
  0x000002529a588490 ConcurrentGCThread "G1 Service" terminated

Threads with active compile tasks:

VM state: at safepoint (shutting down)

VM Mutex/Monitor currently owned by a thread:  ([mutex/lock_event])
[0x000002529a4d3db0] Threads_lock - owner thread: 0x00000252b7d7c990
[0x000002529a4d4c50] Heap_lock - owner thread: 0x00000252c0ff4150

Heap address: 0x0000000081e00000, size: 2018 MB, Compressed Oops mode: 32-bit

CDS archive(s) mapped at: [0x0000000800000000-0x0000000800b90000-0x0000000800b90000), size 12124160, SharedBaseAddress: 0x0000000800000000, ArchiveRelocationMode: 0.
Compressed class space mapped at: 0x0000000800c00000-0x0000000840c00000, reserved size: 1073741824
Narrow klass base: 0x0000000800000000, Narrow klass shift: 0, Narrow klass range: 0x100000000

GC Precious Log:
 CardTable entry size: 512
 Card Set container configuration: InlinePtr #cards 5 size 8 Array Of Cards #cards 12 size 40 Howl #buckets 4 coarsen threshold 1843 Howl Bitmap #cards 512 size 80 coarsen threshold 460 Card regions per heap region 1 cards per card region 2048
 CPUs: 4 total, 4 available
 Memory: 8071M
 Large Page Support: Disabled
 NUMA Support: Disabled
 Compressed Oops: Enabled (32-bit)
 Heap Region Size: 1M
 Heap Min Capacity: 8M
 Heap Initial Capacity: 128M
 Heap Max Capacity: 2018M
 Pre-touch: Disabled
 Parallel Workers: 4
 Concurrent Workers: 1
 Concurrent Refinement Workers: 4
 Periodic GC: Disabled

Heap:
 garbage-first heap   total 131072K, used 33804K [0x0000000081e00000, 0x0000000100000000)
  region size 1024K, 31 young (31744K), 3 survivors (3072K)
 Metaspace       used 14782K, committed 15104K, reserved 1114112K
  class space    used 2092K, committed 2240K, reserved 1048576K

Heap Regions: E=young(eden), S=young(survivor), O=old, HS=humongous(starts), HC=humongous(continues), CS=collection set, F=free, OA=open archive, CA=closed archive, TAMS=top-at-mark-start (previous, next)
|   0|0x0000000081e00000, 0x0000000081f00000, 0x0000000081f00000|100%| O|  |TAMS 0x0000000081e00000, 0x0000000081e00000| Untracked 
|   1|0x0000000081f00000, 0x0000000082000000, 0x0000000082000000|100%| O|  |TAMS 0x0000000081f00000, 0x0000000081f00000| Untracked 
|   2|0x0000000082000000, 0x0000000082003200, 0x0000000082100000|  1%| O|  |TAMS 0x0000000082000000, 0x0000000082000000| Untracked 
|   3|0x0000000082100000, 0x0000000082200000, 0x0000000082200000|100%|HS|  |TAMS 0x0000000082100000, 0x0000000082100000| Complete 
|   4|0x0000000082200000, 0x0000000082300000, 0x0000000082300000|100%|HC|  |TAMS 0x0000000082200000, 0x0000000082200000| Complete 
|   5|0x0000000082300000, 0x0000000082300000, 0x0000000082400000|  0%| F|  |TAMS 0x0000000082300000, 0x0000000082300000| Untracked 
|   6|0x0000000082400000, 0x0000000082400000, 0x0000000082500000|  0%| F|  |TAMS 0x0000000082400000, 0x0000000082400000| Untracked 
|   7|0x0000000082500000, 0x0000000082500000, 0x0000000082600000|  0%| F|  |TAMS 0x0000000082500000, 0x0000000082500000| Untracked 
|   8|0x0000000082600000, 0x0000000082600000, 0x0000000082700000|  0%| F|  |TAMS 0x0000000082600000, 0x0000000082600000| Untracked 
|   9|0x0000000082700000, 0x0000000082700000, 0x0000000082800000|  0%| F|  |TAMS 0x0000000082700000, 0x0000000082700000| Untracked 
|  10|0x0000000082800000, 0x0000000082800000, 0x0000000082900000|  0%| F|  |TAMS 0x0000000082800000, 0x0000000082800000| Untracked 
|  11|0x0000000082900000, 0x0000000082900000, 0x0000000082a00000|  0%| F|  |TAMS 0x0000000082900000, 0x0000000082900000| Untracked 
|  12|0x0000000082a00000, 0x0000000082a00000, 0x0000000082b00000|  0%| F|  |TAMS 0x0000000082a00000, 0x0000000082a00000| Untracked 
|  13|0x0000000082b00000, 0x0000000082b00000, 0x0000000082c00000|  0%| F|  |TAMS 0x0000000082b00000, 0x0000000082b00000| Untracked 
|  14|0x0000000082c00000, 0x0000000082c00000, 0x0000000082d00000|  0%| F|  |TAMS 0x0000000082c00000, 0x0000000082c00000| Untracked 
|  15|0x0000000082d00000, 0x0000000082d00000, 0x0000000082e00000|  0%| F|  |TAMS 0x0000000082d00000, 0x0000000082d00000| Untracked 
|  16|0x0000000082e00000, 0x0000000082e00000, 0x0000000082f00000|  0%| F|  |TAMS 0x0000000082e00000, 0x0000000082e00000| Untracked 
|  17|0x0000000082f00000, 0x0000000082f00000, 0x0000000083000000|  0%| F|  |TAMS 0x0000000082f00000, 0x0000000082f00000| Untracked 
|  18|0x0000000083000000, 0x0000000083000000, 0x0000000083100000|  0%| F|  |TAMS 0x0000000083000000, 0x0000000083000000| Untracked 
|  19|0x0000000083100000, 0x0000000083100000, 0x0000000083200000|  0%| F|  |TAMS 0x0000000083100000, 0x0000000083100000| Untracked 
|  20|0x0000000083200000, 0x0000000083200000, 0x0000000083300000|  0%| F|  |TAMS 0x0000000083200000, 0x0000000083200000| Untracked 
|  21|0x0000000083300000, 0x0000000083300000, 0x0000000083400000|  0%| F|  |TAMS 0x0000000083300000, 0x0000000083300000| Untracked 
|  22|0x0000000083400000, 0x0000000083400000, 0x0000000083500000|  0%| F|  |TAMS 0x0000000083400000, 0x0000000083400000| Untracked 
|  23|0x0000000083500000, 0x0000000083500000, 0x0000000083600000|  0%| F|  |TAMS 0x0000000083500000, 0x0000000083500000| Untracked 
|  24|0x0000000083600000, 0x0000000083600000, 0x0000000083700000|  0%| F|  |TAMS 0x0000000083600000, 0x0000000083600000| Untracked 
|  25|0x0000000083700000, 0x0000000083700000, 0x0000000083800000|  0%| F|  |TAMS 0x0000000083700000, 0x0000000083700000| Untracked 
|  26|0x0000000083800000, 0x0000000083800000, 0x0000000083900000|  0%| F|  |TAMS 0x0000000083800000, 0x0000000083800000| Untracked 
|  27|0x0000000083900000, 0x0000000083900000, 0x0000000083a00000|  0%| F|  |TAMS 0x0000000083900000, 0x0000000083900000| Untracked 
|  28|0x0000000083a00000, 0x0000000083a00000, 0x0000000083b00000|  0%| F|  |TAMS 0x0000000083a00000, 0x0000000083a00000| Untracked 
|  29|0x0000000083b00000, 0x0000000083b00000, 0x0000000083c00000|  0%| F|  |TAMS 0x0000000083b00000, 0x0000000083b00000| Untracked 
|  30|0x0000000083c00000, 0x0000000083c00000, 0x0000000083d00000|  0%| F|  |TAMS 0x0000000083c00000, 0x0000000083c00000| Untracked 
|  31|0x0000000083d00000, 0x0000000083d00000, 0x0000000083e00000|  0%| F|  |TAMS 0x0000000083d00000, 0x0000000083d00000| Untracked 
|  32|0x0000000083e00000, 0x0000000083e00000, 0x0000000083f00000|  0%| F|  |TAMS 0x0000000083e00000, 0x0000000083e00000| Untracked 
|  33|0x0000000083f00000, 0x0000000083f00000, 0x0000000084000000|  0%| F|  |TAMS 0x0000000083f00000, 0x0000000083f00000| Untracked 
|  34|0x0000000084000000, 0x0000000084000000, 0x0000000084100000|  0%| F|  |TAMS 0x0000000084000000, 0x0000000084000000| Untracked 
|  35|0x0000000084100000, 0x0000000084100000, 0x0000000084200000|  0%| F|  |TAMS 0x0000000084100000, 0x0000000084100000| Untracked 
|  36|0x0000000084200000, 0x0000000084200000, 0x0000000084300000|  0%| F|  |TAMS 0x0000000084200000, 0x0000000084200000| Untracked 
|  37|0x0000000084300000, 0x0000000084300000, 0x0000000084400000|  0%| F|  |TAMS 0x0000000084300000, 0x0000000084300000| Untracked 
|  38|0x0000000084400000, 0x0000000084400000, 0x0000000084500000|  0%| F|  |TAMS 0x0000000084400000, 0x0000000084400000| Untracked 
|  39|0x0000000084500000, 0x0000000084500000, 0x0000000084600000|  0%| F|  |TAMS 0x0000000084500000, 0x0000000084500000| Untracked 
|  40|0x0000000084600000, 0x0000000084600000, 0x0000000084700000|  0%| F|  |TAMS 0x0000000084600000, 0x0000000084600000| Untracked 
|  41|0x0000000084700000, 0x0000000084700000, 0x0000000084800000|  0%| F|  |TAMS 0x0000000084700000, 0x0000000084700000| Untracked 
|  42|0x0000000084800000, 0x0000000084800000, 0x0000000084900000|  0%| F|  |TAMS 0x0000000084800000, 0x0000000084800000| Untracked 
|  43|0x0000000084900000, 0x0000000084900000, 0x0000000084a00000|  0%| F|  |TAMS 0x0000000084900000, 0x0000000084900000| Untracked 
|  44|0x0000000084a00000, 0x0000000084a00000, 0x0000000084b00000|  0%| F|  |TAMS 0x0000000084a00000, 0x0000000084a00000| Untracked 
|  45|0x0000000084b00000, 0x0000000084b00000, 0x0000000084c00000|  0%| F|  |TAMS 0x0000000084b00000, 0x0000000084b00000| Untracked 
|  46|0x0000000084c00000, 0x0000000084c00000, 0x0000000084d00000|  0%| F|  |TAMS 0x0000000084c00000, 0x0000000084c00000| Untracked 
|  47|0x0000000084d00000, 0x0000000084d00000, 0x0000000084e00000|  0%| F|  |TAMS 0x0000000084d00000, 0x0000000084d00000| Untracked 
|  48|0x0000000084e00000, 0x0000000084e00000, 0x0000000084f00000|  0%| F|  |TAMS 0x0000000084e00000, 0x0000000084e00000| Untracked 
|  49|0x0000000084f00000, 0x0000000084f00000, 0x0000000085000000|  0%| F|  |TAMS 0x0000000084f00000, 0x0000000084f00000| Untracked 
|  50|0x0000000085000000, 0x0000000085000000, 0x0000000085100000|  0%| F|  |TAMS 0x0000000085000000, 0x0000000085000000| Untracked 
|  51|0x0000000085100000, 0x0000000085100000, 0x0000000085200000|  0%| F|  |TAMS 0x0000000085100000, 0x0000000085100000| Untracked 
|  52|0x0000000085200000, 0x0000000085200000, 0x0000000085300000|  0%| F|  |TAMS 0x0000000085200000, 0x0000000085200000| Untracked 
|  53|0x0000000085300000, 0x0000000085300000, 0x0000000085400000|  0%| F|  |TAMS 0x0000000085300000, 0x0000000085300000| Untracked 
|  54|0x0000000085400000, 0x0000000085400000, 0x0000000085500000|  0%| F|  |TAMS 0x0000000085400000, 0x0000000085400000| Untracked 
|  55|0x0000000085500000, 0x0000000085500000, 0x0000000085600000|  0%| F|  |TAMS 0x0000000085500000, 0x0000000085500000| Untracked 
|  56|0x0000000085600000, 0x0000000085600000, 0x0000000085700000|  0%| F|  |TAMS 0x0000000085600000, 0x0000000085600000| Untracked 
|  57|0x0000000085700000, 0x0000000085700000, 0x0000000085800000|  0%| F|  |TAMS 0x0000000085700000, 0x0000000085700000| Untracked 
|  58|0x0000000085800000, 0x0000000085800000, 0x0000000085900000|  0%| F|  |TAMS 0x0000000085800000, 0x0000000085800000| Untracked 
|  59|0x0000000085900000, 0x0000000085900000, 0x0000000085a00000|  0%| F|  |TAMS 0x0000000085900000, 0x0000000085900000| Untracked 
|  60|0x0000000085a00000, 0x0000000085a00000, 0x0000000085b00000|  0%| F|  |TAMS 0x0000000085a00000, 0x0000000085a00000| Untracked 
|  61|0x0000000085b00000, 0x0000000085b00000, 0x0000000085c00000|  0%| F|  |TAMS 0x0000000085b00000, 0x0000000085b00000| Untracked 
|  62|0x0000000085c00000, 0x0000000085c00000, 0x0000000085d00000|  0%| F|  |TAMS 0x0000000085c00000, 0x0000000085c00000| Untracked 
|  63|0x0000000085d00000, 0x0000000085d00000, 0x0000000085e00000|  0%| F|  |TAMS 0x0000000085d00000, 0x0000000085d00000| Untracked 
|  64|0x0000000085e00000, 0x0000000085e00000, 0x0000000085f00000|  0%| F|  |TAMS 0x0000000085e00000, 0x0000000085e00000| Untracked 
|  65|0x0000000085f00000, 0x0000000085f00000, 0x0000000086000000|  0%| F|  |TAMS 0x0000000085f00000, 0x0000000085f00000| Untracked 
|  66|0x0000000086000000, 0x0000000086000000, 0x0000000086100000|  0%| F|  |TAMS 0x0000000086000000, 0x0000000086000000| Untracked 
|  67|0x0000000086100000, 0x0000000086100000, 0x0000000086200000|  0%| F|  |TAMS 0x0000000086100000, 0x0000000086100000| Untracked 
|  68|0x0000000086200000, 0x0000000086200000, 0x0000000086300000|  0%| F|  |TAMS 0x0000000086200000, 0x0000000086200000| Untracked 
|  69|0x0000000086300000, 0x0000000086300000, 0x0000000086400000|  0%| F|  |TAMS 0x0000000086300000, 0x0000000086300000| Untracked 
|  70|0x0000000086400000, 0x0000000086400000, 0x0000000086500000|  0%| F|  |TAMS 0x0000000086400000, 0x0000000086400000| Untracked 
|  71|0x0000000086500000, 0x0000000086500000, 0x0000000086600000|  0%| F|  |TAMS 0x0000000086500000, 0x0000000086500000| Untracked 
|  72|0x0000000086600000, 0x0000000086600000, 0x0000000086700000|  0%| F|  |TAMS 0x0000000086600000, 0x0000000086600000| Untracked 
|  73|0x0000000086700000, 0x0000000086700000, 0x0000000086800000|  0%| F|  |TAMS 0x0000000086700000, 0x0000000086700000| Untracked 
|  74|0x0000000086800000, 0x0000000086800000, 0x0000000086900000|  0%| F|  |TAMS 0x0000000086800000, 0x0000000086800000| Untracked 
|  75|0x0000000086900000, 0x0000000086900000, 0x0000000086a00000|  0%| F|  |TAMS 0x0000000086900000, 0x0000000086900000| Untracked 
|  76|0x0000000086a00000, 0x0000000086a00000, 0x0000000086b00000|  0%| F|  |TAMS 0x0000000086a00000, 0x0000000086a00000| Untracked 
|  77|0x0000000086b00000, 0x0000000086b00000, 0x0000000086c00000|  0%| F|  |TAMS 0x0000000086b00000, 0x0000000086b00000| Untracked 
|  78|0x0000000086c00000, 0x0000000086c00000, 0x0000000086d00000|  0%| F|  |TAMS 0x0000000086c00000, 0x0000000086c00000| Untracked 
|  79|0x0000000086d00000, 0x0000000086d00000, 0x0000000086e00000|  0%| F|  |TAMS 0x0000000086d00000, 0x0000000086d00000| Untracked 
|  80|0x0000000086e00000, 0x0000000086e00000, 0x0000000086f00000|  0%| F|  |TAMS 0x0000000086e00000, 0x0000000086e00000| Untracked 
|  81|0x0000000086f00000, 0x0000000086f00000, 0x0000000087000000|  0%| F|  |TAMS 0x0000000086f00000, 0x0000000086f00000| Untracked 
|  82|0x0000000087000000, 0x0000000087000000, 0x0000000087100000|  0%| F|  |TAMS 0x0000000087000000, 0x0000000087000000| Untracked 
|  83|0x0000000087100000, 0x0000000087100000, 0x0000000087200000|  0%| F|  |TAMS 0x0000000087100000, 0x0000000087100000| Untracked 
|  84|0x0000000087200000, 0x0000000087200000, 0x0000000087300000|  0%| F|  |TAMS 0x0000000087200000, 0x0000000087200000| Untracked 
|  85|0x0000000087300000, 0x0000000087300000, 0x0000000087400000|  0%| F|  |TAMS 0x0000000087300000, 0x0000000087300000| Untracked 
|  86|0x0000000087400000, 0x0000000087400000, 0x0000000087500000|  0%| F|  |TAMS 0x0000000087400000, 0x0000000087400000| Untracked 
|  87|0x0000000087500000, 0x0000000087500000, 0x0000000087600000|  0%| F|  |TAMS 0x0000000087500000, 0x0000000087500000| Untracked 
|  88|0x0000000087600000, 0x0000000087600000, 0x0000000087700000|  0%| F|  |TAMS 0x0000000087600000, 0x0000000087600000| Untracked 
|  89|0x0000000087700000, 0x0000000087700000, 0x0000000087800000|  0%| F|  |TAMS 0x0000000087700000, 0x0000000087700000| Untracked 
|  90|0x0000000087800000, 0x0000000087800000, 0x0000000087900000|  0%| F|  |TAMS 0x0000000087800000, 0x0000000087800000| Untracked 
|  91|0x0000000087900000, 0x0000000087900000, 0x0000000087a00000|  0%| F|  |TAMS 0x0000000087900000, 0x0000000087900000| Untracked 
|  92|0x0000000087a00000, 0x0000000087a00000, 0x0000000087b00000|  0%| F|  |TAMS 0x0000000087a00000, 0x0000000087a00000| Untracked 
|  93|0x0000000087b00000, 0x0000000087b00000, 0x0000000087c00000|  0%| F|  |TAMS 0x0000000087b00000, 0x0000000087b00000| Untracked 
|  94|0x0000000087c00000, 0x0000000087c00000, 0x0000000087d00000|  0%| F|  |TAMS 0x0000000087c00000, 0x0000000087c00000| Untracked 
|  95|0x0000000087d00000, 0x0000000087d00000, 0x0000000087e00000|  0%| F|  |TAMS 0x0000000087d00000, 0x0000000087d00000| Untracked 
|  96|0x0000000087e00000, 0x0000000087e00000, 0x0000000087f00000|  0%| F|  |TAMS 0x0000000087e00000, 0x0000000087e00000| Untracked 
|  97|0x0000000087f00000, 0x0000000087f4b420, 0x0000000088000000| 29%| E|  |TAMS 0x0000000087f00000, 0x0000000087f00000| Complete 
|  98|0x0000000088000000, 0x0000000088100000, 0x0000000088100000|100%| E|CS|TAMS 0x0000000088000000, 0x0000000088000000| Complete 
|  99|0x0000000088100000, 0x0000000088200000, 0x0000000088200000|100%| E|CS|TAMS 0x0000000088100000, 0x0000000088100000| Complete 
| 100|0x0000000088200000, 0x0000000088300000, 0x0000000088300000|100%| E|CS|TAMS 0x0000000088200000, 0x0000000088200000| Complete 
| 101|0x0000000088300000, 0x0000000088400000, 0x0000000088400000|100%| E|CS|TAMS 0x0000000088300000, 0x0000000088300000| Complete 
| 102|0x0000000088400000, 0x0000000088500000, 0x0000000088500000|100%| E|CS|TAMS 0x0000000088400000, 0x0000000088400000| Complete 
| 103|0x0000000088500000, 0x0000000088600000, 0x0000000088600000|100%| E|CS|TAMS 0x0000000088500000, 0x0000000088500000| Complete 
| 104|0x0000000088600000, 0x0000000088700000, 0x0000000088700000|100%| E|CS|TAMS 0x0000000088600000, 0x0000000088600000| Complete 
| 105|0x0000000088700000, 0x0000000088800000, 0x0000000088800000|100%| E|CS|TAMS 0x0000000088700000, 0x0000000088700000| Complete 
| 106|0x0000000088800000, 0x0000000088900000, 0x0000000088900000|100%| S|CS|TAMS 0x0000000088800000, 0x0000000088800000| Complete 
| 107|0x0000000088900000, 0x0000000088a00000, 0x0000000088a00000|100%| S|CS|TAMS 0x0000000088900000, 0x0000000088900000| Complete 
| 108|0x0000000088a00000, 0x0000000088b00000, 0x0000000088b00000|100%| S|CS|TAMS 0x0000000088a00000, 0x0000000088a00000| Complete 
| 109|0x0000000088b00000, 0x0000000088c00000, 0x0000000088c00000|100%| E|CS|TAMS 0x0000000088b00000, 0x0000000088b00000| Complete 
| 110|0x0000000088c00000, 0x0000000088d00000, 0x0000000088d00000|100%| E|CS|TAMS 0x0000000088c00000, 0x0000000088c00000| Complete 
| 111|0x0000000088d00000, 0x0000000088e00000, 0x0000000088e00000|100%| E|  |TAMS 0x0000000088d00000, 0x0000000088d00000| Complete 
| 112|0x0000000088e00000, 0x0000000088f00000, 0x0000000088f00000|100%| E|CS|TAMS 0x0000000088e00000, 0x0000000088e00000| Complete 
| 113|0x0000000088f00000, 0x0000000089000000, 0x0000000089000000|100%| E|CS|TAMS 0x0000000088f00000, 0x0000000088f00000| Complete 
| 114|0x0000000089000000, 0x0000000089100000, 0x0000000089100000|100%| E|CS|TAMS 0x0000000089000000, 0x0000000089000000| Complete 
| 115|0x0000000089100000, 0x0000000089200000, 0x0000000089200000|100%| E|CS|TAMS 0x0000000089100000, 0x0000000089100000| Complete 
| 116|0x0000000089200000, 0x0000000089300000, 0x0000000089300000|100%| E|CS|TAMS 0x0000000089200000, 0x0000000089200000| Complete 
| 117|0x0000000089300000, 0x0000000089400000, 0x0000000089400000|100%| E|CS|TAMS 0x0000000089300000, 0x0000000089300000| Complete 
| 118|0x0000000089400000, 0x0000000089500000, 0x0000000089500000|100%| E|CS|TAMS 0x0000000089400000, 0x0000000089400000| Complete 
| 119|0x0000000089500000, 0x0000000089600000, 0x0000000089600000|100%| E|CS|TAMS 0x0000000089500000, 0x0000000089500000| Complete 
| 120|0x0000000089600000, 0x0000000089700000, 0x0000000089700000|100%| E|CS|TAMS 0x0000000089600000, 0x0000000089600000| Complete 
| 121|0x0000000089700000, 0x0000000089800000, 0x0000000089800000|100%| E|CS|TAMS 0x0000000089700000, 0x0000000089700000| Complete 
| 122|0x0000000089800000, 0x0000000089900000, 0x0000000089900000|100%| E|CS|TAMS 0x0000000089800000, 0x0000000089800000| Complete 
| 123|0x0000000089900000, 0x0000000089a00000, 0x0000000089a00000|100%| E|CS|TAMS 0x0000000089900000, 0x0000000089900000| Complete 
| 124|0x0000000089a00000, 0x0000000089b00000, 0x0000000089b00000|100%| E|CS|TAMS 0x0000000089a00000, 0x0000000089a00000| Complete 
| 125|0x0000000089b00000, 0x0000000089c00000, 0x0000000089c00000|100%| E|CS|TAMS 0x0000000089b00000, 0x0000000089b00000| Complete 
| 126|0x0000000089c00000, 0x0000000089d00000, 0x0000000089d00000|100%| E|CS|TAMS 0x0000000089c00000, 0x0000000089c00000| Complete 
| 127|0x0000000089d00000, 0x0000000089e00000, 0x0000000089e00000|100%| E|CS|TAMS 0x0000000089d00000, 0x0000000089d00000| Complete 

Card table byte_map: [0x00000252b1200000,0x00000252b1600000] _byte_map_base: 0x00000252b0df1000

Marking Bits (Prev, Next): (CMBitMap*) 0x000002529a53a370, (CMBitMap*) 0x000002529a53a3b0
 Prev Bits: [0x00000252b1a00000, 0x00000252b3988000)
 Next Bits: [0x00000252b3990000, 0x00000252b5918000)

Polling page: 0x00000252983a0000

Metaspace:

Usage:
  Non-class:     12.39 MB used.
      Class:      2.04 MB used.
       Both:     14.44 MB used.

Virtual space:
  Non-class space:       64.00 MB reserved,      12.56 MB ( 20%) committed,  1 nodes.
      Class space:        1.00 GB reserved,       2.19 MB ( <1%) committed,  1 nodes.
             Both:        1.06 GB reserved,      14.75 MB (  1%) committed. 

Chunk freelists:
   Non-Class:  2.72 MB
       Class:  1.77 MB
        Both:  4.48 MB

MaxMetaspaceSize: unlimited
CompressedClassSpaceSize: 1.00 GB
Initial GC threshold: 21.00 MB
Current GC threshold: 21.00 MB
CDS: on
MetaspaceReclaimPolicy: balanced
 - commit_granule_bytes: 65536.
 - commit_granule_words: 8192.
 - virtual_space_node_default_size: 8388608.
 - enlarge_chunks_in_place: 1.
 - new_chunks_are_fully_committed: 0.
 - uncommit_free_chunks: 1.
 - use_allocation_guard: 0.


Internal statistics:

num_allocs_failed_limit: 0.
num_arena_births: 326.
num_arena_deaths: 0.
num_vsnodes_births: 2.
num_vsnodes_deaths: 0.
num_space_committed: 236.
num_space_uncommitted: 0.
num_chunks_returned_to_freelist: 0.
num_chunks_taken_from_freelist: 787.
num_chunk_merges: 0.
num_chunk_splits: 545.
num_chunks_enlarged: 413.
num_inconsistent_stats: 0.

CodeHeap 'non-profiled nmethods': size=120000Kb used=774Kb max_used=774Kb free=119226Kb
 bounds [0x00000252a98d0000, 0x00000252a9b40000, 0x00000252b0e00000]
CodeHeap 'profiled nmethods': size=120000Kb used=4056Kb max_used=4056Kb free=115943Kb
 bounds [0x00000252a23a0000, 0x00000252a27a0000, 0x00000252a98d0000]
CodeHeap 'non-nmethods': size=5760Kb used=1424Kb max_used=1470Kb free=4335Kb
 bounds [0x00000252a1e00000, 0x00000252a2070000, 0x00000252a23a0000]
 total_blobs=3042 nmethods=2267 adapters=687
 compilation: enabled
              stopped_count=0, restarted_count=0
 full_count=0

Compilation events (20 events):
Event: 6.465 Thread 0x00000252b7dcf5c0 2259       1       com.sun.javafx.scene.SceneEventDispatcher::getLastDispatcher (5 bytes)
Event: 6.465 Thread 0x00000252b7dcf5c0 nmethod 2259 0x00000252a9991210 code [0x00000252a99913a0, 0x00000252a9991478]
Event: 6.487 Thread 0x00000252b7dcf5c0 2260       3       com.sun.javafx.collections.VetoableListDecorator$VetoableIteratorDecorator::hasNext (14 bytes)
Event: 6.488 Thread 0x00000252b7dcf5c0 nmethod 2260 0x00000252a278eb90 code [0x00000252a278ed60, 0x00000252a278f158]
Event: 6.495 Thread 0x00000252b7dcf5c0 2261       3       com.sun.javafx.geom.transform.Identity::inverseTransform (20 bytes)
Event: 6.495 Thread 0x00000252b7dcf5c0 nmethod 2261 0x00000252a278f390 code [0x00000252a278f560, 0x00000252a278f938]
Event: 6.502 Thread 0x00000252b7dcf5c0 2262       3       javafx.scene.Node::getViewOrder (19 bytes)
Event: 6.503 Thread 0x00000252b7dcf5c0 nmethod 2262 0x00000252a278fb10 code [0x00000252a278fce0, 0x00000252a2790188]
Event: 6.547 Thread 0x00000252b7dcf5c0 2263       3       com.sun.javafx.scene.EnteredExitedHandler::dispatchCapturingEvent (222 bytes)
Event: 6.548 Thread 0x00000252b7dcf5c0 nmethod 2263 0x00000252a2790310 code [0x00000252a2790720, 0x00000252a2792cf8]
Event: 6.794 Thread 0x00000252b7da4c40 2264       4       com.sun.javafx.collections.ObservableListWrapper::size (10 bytes)
Event: 6.794 Thread 0x00000252b7dcf5c0 2265       3       com.sun.javafx.event.EventDispatchChainImpl::insertFirst (42 bytes)
Event: 6.794 Thread 0x00000252b7dcf5c0 nmethod 2265 0x00000252a2793510 code [0x00000252a27936c0, 0x00000252a2793998]
Event: 6.795 Thread 0x00000252b7da4c40 nmethod 2264 0x00000252a9991510 code [0x00000252a9991680, 0x00000252a9991738]
Event: 6.802 Thread 0x00000252b7dcf5c0 2266       3       com.sun.javafx.collections.VetoableListDecorator$VetoableIteratorDecorator::next (31 bytes)
Event: 6.803 Thread 0x00000252b7dcf5c0 nmethod 2266 0x00000252a2793a90 code [0x00000252a2793c60, 0x00000252a2794078]
Event: 6.803 Thread 0x00000252b7dcf5c0 2267       3       javafx.scene.Node::sceneToLocal (21 bytes)
Event: 6.804 Thread 0x00000252b7dcf5c0 nmethod 2267 0x00000252a2794290 code [0x00000252a2794540, 0x00000252a27959e8]
Event: 6.804 Thread 0x00000252b7dcf5c0 2268       3       javafx.scene.Node::parentToLocal (15 bytes)
Event: 6.804 Thread 0x00000252b7dcf5c0 nmethod 2268 0x00000252a2795e10 code [0x00000252a2795fc0, 0x00000252a2796258]

GC Heap History (4 events):
Event: 0.841 GC heap before
{Heap before GC invocations=0 (full 0):
 garbage-first heap   total 131072K, used 13312K [0x0000000081e00000, 0x0000000100000000)
  region size 1024K, 13 young (13312K), 0 survivors (0K)
 Metaspace       used 2804K, committed 3008K, reserved 1114112K
  class space    used 291K, committed 384K, reserved 1048576K
}
Event: 0.846 GC heap after
{Heap after GC invocations=1 (full 0):
 garbage-first heap   total 131072K, used 1781K [0x0000000081e00000, 0x0000000100000000)
  region size 1024K, 2 young (2048K), 2 survivors (2048K)
 Metaspace       used 2804K, committed 3008K, reserved 1114112K
  class space    used 291K, committed 384K, reserved 1048576K
}
Event: 1.286 GC heap before
{Heap before GC invocations=1 (full 0):
 garbage-first heap   total 131072K, used 18165K [0x0000000081e00000, 0x0000000100000000)
  region size 1024K, 19 young (19456K), 2 survivors (2048K)
 Metaspace       used 8217K, committed 8448K, reserved 1114112K
  class space    used 1014K, committed 1152K, reserved 1048576K
}
Event: 1.292 GC heap after
{Heap after GC invocations=2 (full 0):
 garbage-first heap   total 131072K, used 5132K [0x0000000081e00000, 0x0000000100000000)
  region size 1024K, 3 young (3072K), 3 survivors (3072K)
 Metaspace       used 8217K, committed 8448K, reserved 1114112K
  class space    used 1014K, committed 1152K, reserved 1048576K
}

Deoptimization events (20 events):
Event: 1.811 Thread 0x00000252bcac8440 Uncommon trap: trap_request=0xffffff45 fr.pc=0x00000252a992c854 relative=0x00000000000001d4
Event: 1.811 Thread 0x00000252bcac8440 Uncommon trap: reason=unstable_if action=reinterpret pc=0x00000252a992c854 method=java.io.ByteArrayInputStream.read()I @ 8 c2
Event: 1.811 Thread 0x00000252bcac8440 DEOPT PACKING pc=0x00000252a992c854 sp=0x000000aef4bfbf50
Event: 1.812 Thread 0x00000252bcac8440 DEOPT UNPACKING pc=0x00000252a1e523a3 sp=0x000000aef4bfbf08 mode 2
Event: 1.829 Thread 0x00000252bcac8440 Uncommon trap: trap_request=0xffffff45 fr.pc=0x00000252a991e0d4 relative=0x0000000000000154
Event: 1.829 Thread 0x00000252bcac8440 Uncommon trap: reason=unstable_if action=reinterpret pc=0x00000252a991e0d4 method=java.lang.String.indexOf(II)I @ 4 c2
Event: 1.829 Thread 0x00000252bcac8440 DEOPT PACKING pc=0x00000252a991e0d4 sp=0x000000aef4bfd340
Event: 1.829 Thread 0x00000252bcac8440 DEOPT UNPACKING pc=0x00000252a1e523a3 sp=0x000000aef4bfd270 mode 2
Event: 1.830 Thread 0x00000252bcac8440 Uncommon trap: trap_request=0xffffff45 fr.pc=0x00000252a99046bc relative=0x000000000000019c
Event: 1.830 Thread 0x00000252bcac8440 Uncommon trap: reason=unstable_if action=reinterpret pc=0x00000252a99046bc method=java.lang.String.indexOf(II)I @ 4 c2
Event: 1.830 Thread 0x00000252bcac8440 DEOPT PACKING pc=0x00000252a99046bc sp=0x000000aef4bfd2d0
Event: 1.830 Thread 0x00000252bcac8440 DEOPT UNPACKING pc=0x00000252a1e523a3 sp=0x000000aef4bfd270 mode 2
Event: 3.854 Thread 0x00000252bc7d8500 DEOPT PACKING pc=0x00000252a269af57 sp=0x000000aef49fdb30
Event: 3.854 Thread 0x00000252bc7d8500 DEOPT UNPACKING pc=0x00000252a1e52b43 sp=0x000000aef49fcf98 mode 0
Event: 3.855 Thread 0x00000252bc7d8500 DEOPT PACKING pc=0x00000252a269af57 sp=0x000000aef49fdb30
Event: 3.855 Thread 0x00000252bc7d8500 DEOPT UNPACKING pc=0x00000252a1e52b43 sp=0x000000aef49fcf98 mode 0
Event: 3.855 Thread 0x00000252bc7d8500 DEOPT PACKING pc=0x00000252a269af57 sp=0x000000aef49fdb30
Event: 3.855 Thread 0x00000252bc7d8500 DEOPT UNPACKING pc=0x00000252a1e52b43 sp=0x000000aef49fcf98 mode 0
Event: 5.837 Thread 0x00000252bcac8440 DEOPT PACKING pc=0x00000252a25be256 sp=0x000000aef4bf8d70
Event: 5.837 Thread 0x00000252bcac8440 DEOPT UNPACKING pc=0x00000252a1e52b43 sp=0x000000aef4bf8210 mode 0

Classes loaded (20 events):
Event: 5.266 Loading class java/util/AnchorPane
Event: 5.266 Loading class java/util/AnchorPane done
Event: 5.268 Loading class java/lang/Label
Event: 5.268 Loading class java/lang/Label done
Event: 5.268 Loading class java/util/Label
Event: 5.268 Loading class java/util/Label done
Event: 5.293 Loading class java/lang/TextField
Event: 5.293 Loading class java/lang/TextField done
Event: 5.294 Loading class java/util/TextField
Event: 5.295 Loading class java/util/TextField done
Event: 5.780 Loading class java/lang/Button
Event: 5.780 Loading class java/lang/Button done
Event: 5.781 Loading class java/util/Button
Event: 5.781 Loading class java/util/Button done
Event: 5.956 Loading class java/lang/FdLibm$Hypot
Event: 5.956 Loading class java/lang/FdLibm$Hypot done
Event: 5.956 Loading class java/lang/FdLibm
Event: 5.956 Loading class java/lang/FdLibm done
Event: 12.647 Loading class jdk/internal/misc/Signal$1
Event: 12.647 Loading class jdk/internal/misc/Signal$1 done

Classes unloaded (0 events):
No events

Classes redefined (0 events):
No events

Internal exceptions (20 events):
Event: 1.487 Thread 0x00000252bcac8440 Exception <a 'java/lang/NoSuchMethodError'{0x00000000898c8480}: 'void java.lang.invoke.DirectMethodHandle$Holder.invokeSpecial(java.lang.Object, java.lang.Object, int)'> (0x00000000898c8480) 
thrown [t:\workspace\open\src\hotspot\share\interpreter\linkResolver.cpp, line 766]
Event: 1.488 Thread 0x00000252bcac8440 Exception <a 'java/lang/NoSuchMethodError'{0x00000000898cca20}: 'int java.lang.invoke.DirectMethodHandle$Holder.invokeSpecial(java.lang.Object, java.lang.Object, java.lang.Object, int)'> (0x00000000898cca20) 
thrown [t:\workspace\open\src\hotspot\share\interpreter\linkResolver.cpp, line 766]
Event: 1.490 Thread 0x00000252bcac8440 Exception <a 'java/lang/NoSuchMethodError'{0x00000000898d7358}: 'void java.lang.invoke.DelegatingMethodHandle$Holder.reinvoke_L(java.lang.Object, java.lang.Object, int)'> (0x00000000898d7358) 
thrown [t:\workspace\open\src\hotspot\share\interpreter\linkResolver.cpp, line 766]
Event: 1.490 Thread 0x00000252bcac8440 Exception <a 'java/lang/NoSuchMethodError'{0x00000000898de680}: 'int java.lang.invoke.DirectMethodHandle$Holder.invokeSpecial(java.lang.Object, java.lang.Object, java.lang.Object)'> (0x00000000898de680) 
thrown [t:\workspace\open\src\hotspot\share\interpreter\linkResolver.cpp, line 766]
Event: 1.529 Thread 0x00000252bcac8440 Exception <a 'sun/nio/fs/WindowsException'{0x00000000897d0200}> (0x00000000897d0200) 
thrown [t:\workspace\open\src\hotspot\share\prims\jni.cpp, line 516]
Event: 1.562 Thread 0x00000252bcac8440 Implicit null exception at 0x00000252a99346b3 to 0x00000252a9934b88
Event: 1.593 Thread 0x00000252bcac8440 Implicit null exception at 0x00000252a99335b3 to 0x00000252a99339d0
Event: 1.751 Thread 0x00000252bcac8440 Exception <a 'java/lang/NoSuchMethodError'{0x0000000089179520}: 'java.lang.Object java.lang.invoke.DirectMethodHandle$Holder.invokeInterface(java.lang.Object, java.lang.Object, java.lang.Object)'> (0x0000000089179520) 
thrown [t:\workspace\open\src\hotspot\share\interpreter\linkResolver.cpp, line 766]
Event: 1.751 Thread 0x00000252bcac8440 Exception <a 'java/lang/IncompatibleClassChangeError'{0x000000008917cea0}: Found class java.lang.Object, but interface was expected> (0x000000008917cea0) 
thrown [t:\workspace\open\src\hotspot\share\interpreter\linkResolver.cpp, line 833]
Event: 1.817 Thread 0x00000252bcac8440 Exception <a 'java/lang/NoSuchMethodError'{0x0000000089097dd8}: 'int java.lang.invoke.DirectMethodHandle$Holder.invokeSpecial(java.lang.Object, java.lang.Object, int)'> (0x0000000089097dd8) 
thrown [t:\workspace\open\src\hotspot\share\interpreter\linkResolver.cpp, line 766]
Event: 1.839 Thread 0x00000252bcac8440 Exception <a 'java/lang/NoSuchMethodError'{0x0000000088f1f670}: 'java.lang.Object java.lang.invoke.DirectMethodHandle$Holder.newInvokeSpecial(java.lang.Object, java.lang.Object, int)'> (0x0000000088f1f670) 
thrown [t:\workspace\open\src\hotspot\share\interpreter\linkResolver.cpp, line 766]
Event: 1.866 Thread 0x00000252bc7d8500 Exception <a 'java/lang/NoSuchMethodError'{0x0000000088fb7678}: 'int java.lang.invoke.DirectMethodHandle$Holder.invokeStaticInit(java.lang.Object, java.lang.Object)'> (0x0000000088fb7678) 
thrown [t:\workspace\open\src\hotspot\share\interpreter\linkResolver.cpp, line 766]
Event: 3.844 Thread 0x00000252bcac8440 Exception <a 'java/lang/NoSuchMethodError'{0x0000000088b48188}: 'long java.lang.invoke.DirectMethodHandle$Holder.invokeStatic(java.lang.Object, java.lang.Object, java.lang.Object)'> (0x0000000088b48188) 
thrown [t:\workspace\open\src\hotspot\share\interpreter\linkResolver.cpp, line 766]
Event: 3.844 Thread 0x00000252bcac8440 Exception <a 'java/lang/NoSuchMethodError'{0x0000000088b4b928}: 'long java.lang.invoke.DirectMethodHandle$Holder.invokeStaticInit(java.lang.Object, java.lang.Object, java.lang.Object)'> (0x0000000088b4b928) 
thrown [t:\workspace\open\src\hotspot\share\interpreter\linkResolver.cpp, line 766]
Event: 3.848 Thread 0x00000252bcac8440 Exception <a 'java/lang/NoSuchMethodError'{0x0000000088b64238}: 'java.lang.Object java.lang.invoke.DirectMethodHandle$Holder.newInvokeSpecial(java.lang.Object, java.lang.Object, long)'> (0x0000000088b64238) 
thrown [t:\workspace\open\src\hotspot\share\interpreter\linkResolver.cpp, line 766]
Event: 3.849 Thread 0x00000252bcac8440 Exception <a 'java/lang/NoSuchMethodError'{0x0000000088b67db0}: 'java.lang.Object java.lang.invoke.Invokers$Holder.linkToTargetMethod(java.lang.Object, long, java.lang.Object)'> (0x0000000088b67db0) 
thrown [t:\workspace\open\src\hotspot\share\interpreter\linkResolver.cpp, line 766]
Event: 5.836 Thread 0x00000252bcac8440 Exception <a 'java/lang/ClassNotFoundException'{0x00000000885f14d8}: com/sun/javafx/scene/control/skin/resources/controls> (0x00000000885f14d8) 
thrown [t:\workspace\open\src\hotspot\share\prims\jni.cpp, line 535]
Event: 5.838 Thread 0x00000252bcac8440 Exception <a 'java/lang/ClassNotFoundException'{0x00000000885ffc78}: com/sun/javafx/scene/control/skin/resources/controls_ru> (0x00000000885ffc78) 
thrown [t:\workspace\open\src\hotspot\share\prims\jni.cpp, line 535]
Event: 5.838 Thread 0x00000252bcac8440 Exception <a 'java/lang/ClassNotFoundException'{0x0000000088401918}: com/sun/javafx/scene/control/skin/resources/controls_ru_RU> (0x0000000088401918) 
thrown [t:\workspace\open\src\hotspot\share\prims\jni.cpp, line 535]
Event: 5.890 Thread 0x00000252bcac8440 Exception <a 'java/lang/NoSuchMethodError'{0x00000000883aa118}: 'void java.lang.invoke.DirectMethodHandle$Holder.invokeSpecial(java.lang.Object, java.lang.Object, java.lang.Object, java.lang.Object, java.lang.Object, java.lang.Object)'> (0x00000000883aa118) 
thrown [t:\workspace\open\src\hotspot\share\interpreter\linkResolver.cpp, line 766]

VM Operations (20 events):
Event: 0.846 Executing VM operation: G1CollectForAllocation done
Event: 0.904 Executing VM operation: HandshakeAllThreads
Event: 0.904 Executing VM operation: HandshakeAllThreads done
Event: 1.265 Executing VM operation: HandshakeAllThreads
Event: 1.265 Executing VM operation: HandshakeAllThreads done
Event: 1.286 Executing VM operation: G1CollectForAllocation
Event: 1.292 Executing VM operation: G1CollectForAllocation done
Event: 1.374 Executing VM operation: HandshakeAllThreads
Event: 1.374 Executing VM operation: HandshakeAllThreads done
Event: 2.374 Executing VM operation: Cleanup
Event: 2.374 Executing VM operation: Cleanup done
Event: 4.376 Executing VM operation: Cleanup
Event: 4.376 Executing VM operation: Cleanup done
Event: 5.380 Executing VM operation: Cleanup
Event: 5.384 Executing VM operation: Cleanup done
Event: 6.384 Executing VM operation: Cleanup
Event: 6.384 Executing VM operation: Cleanup done
Event: 8.384 Executing VM operation: Cleanup
Event: 8.384 Executing VM operation: Cleanup done
Event: 12.650 Executing VM operation: Exit

Events (20 events):
Event: 0.914 Loaded shared library C:\Users\nikik\.openjfx\cache\18-ea+6\glass.dll
Event: 0.916 Thread 0x00000252bcac8de0 Thread added: 0x00000252bcac8de0
Event: 0.921 Thread 0x00000252bcac8440 Thread added: 0x00000252bcac8440
Event: 0.958 Thread 0x00000252b7dcdc70 Thread exited: 0x00000252b7dcdc70
Event: 1.010 Thread 0x00000252bcac8910 Thread added: 0x00000252bcac8910
Event: 1.020 Thread 0x00000252c0ff37b0 Thread added: 0x00000252c0ff37b0
Event: 1.060 Loaded shared library C:\Users\nikik\.jdks\openjdk-18-1\bin\jimage.dll
Event: 1.259 Loaded shared library C:\Users\nikik\.openjfx\cache\18-ea+6\javafx_font.dll
Event: 1.322 Thread 0x00000252b7dce180 Thread added: 0x00000252b7dce180
Event: 1.659 Thread 0x00000252b7dce180 Thread exited: 0x00000252b7dce180
Event: 1.737 Thread 0x00000252c0ff0790 Thread added: 0x00000252c0ff0790
Event: 1.946 Thread 0x00000252c0ff2e10 Thread added: 0x00000252c0ff2e10
Event: 6.041 Thread 0x00000252b7dcd760 Thread added: 0x00000252b7dcd760
Event: 6.420 Thread 0x00000252b7dcd760 Thread exited: 0x00000252b7dcd760
Event: 12.647 Thread 0x00000252c0ff4150 Thread added: 0x00000252c0ff4150
Event: 12.647 Thread 0x00000252c0ff1ad0 Thread added: 0x00000252c0ff1ad0
Event: 12.648 Thread 0x00000252c0ff3c80 Thread added: 0x00000252c0ff3c80
Event: 12.648 Thread 0x00000252c0ff1ad0 Thread exited: 0x00000252c0ff1ad0
Event: 12.650 Thread 0x00000252c0ff3c80 Thread exited: 0x00000252c0ff3c80
Event: 12.650 Thread 0x00000252b7d98fb0 Thread exited: 0x00000252b7d98fb0


Dynamic libraries:
0x00007ff6f5550000 - 0x00007ff6f555e000 	C:\Users\nikik\.jdks\openjdk-18-1\bin\java.exe
0x00007fff46790000 - 0x00007fff46985000 	C:\WINDOWS\SYSTEM32\ntdll.dll
0x00007fff44f90000 - 0x00007fff4504e000 	C:\WINDOWS\System32\KERNEL32.DLL
0x00007fff44250000 - 0x00007fff44518000 	C:\WINDOWS\System32\KERNELBASE.dll
0x00007fff44650000 - 0x00007fff44750000 	C:\WINDOWS\System32\ucrtbase.dll
0x00007fff31a70000 - 0x00007fff31a8a000 	C:\Users\nikik\.jdks\openjdk-18-1\bin\VCRUNTIME140.dll
0x00007fff336b0000 - 0x00007fff336c7000 	C:\Users\nikik\.jdks\openjdk-18-1\bin\jli.dll
0x00007fff46550000 - 0x00007fff466f0000 	C:\WINDOWS\System32\USER32.dll
0x00007fff44520000 - 0x00007fff44542000 	C:\WINDOWS\System32\win32u.dll
0x00007fff2ecc0000 - 0x00007fff2ef5a000 	C:\WINDOWS\WinSxS\amd64_microsoft.windows.common-controls_6595b64144ccf1df_6.0.19041.1110_none_60b5254171f9507e\COMCTL32.dll
0x00007fff44d90000 - 0x00007fff44e2e000 	C:\WINDOWS\System32\msvcrt.dll
0x00007fff44800000 - 0x00007fff4482b000 	C:\WINDOWS\System32\GDI32.dll
0x00007fff44140000 - 0x00007fff4424b000 	C:\WINDOWS\System32\gdi32full.dll
0x00007fff43f40000 - 0x00007fff43fdd000 	C:\WINDOWS\System32\msvcp_win.dll
0x00007fff457a0000 - 0x00007fff457d0000 	C:\WINDOWS\System32\IMM32.DLL
0x00007fff33690000 - 0x00007fff3369c000 	C:\Users\nikik\.jdks\openjdk-18-1\bin\vcruntime140_1.dll
0x00007fff2dc40000 - 0x00007fff2dccd000 	C:\Users\nikik\.jdks\openjdk-18-1\bin\msvcp140.dll
0x00007ffef8070000 - 0x00007ffef8c81000 	C:\Users\nikik\.jdks\openjdk-18-1\bin\server\jvm.dll
0x00007fff45c90000 - 0x00007fff45d3e000 	C:\WINDOWS\System32\ADVAPI32.dll
0x00007fff45be0000 - 0x00007fff45c7c000 	C:\WINDOWS\System32\sechost.dll
0x00007fff462f0000 - 0x00007fff46415000 	C:\WINDOWS\System32\RPCRT4.dll
0x00007fff447f0000 - 0x00007fff447f8000 	C:\WINDOWS\System32\PSAPI.DLL
0x00007fff3eeb0000 - 0x00007fff3eed7000 	C:\WINDOWS\SYSTEM32\WINMM.dll
0x00007fff2b390000 - 0x00007fff2b399000 	C:\WINDOWS\SYSTEM32\WSOCK32.dll
0x00007fff38a20000 - 0x00007fff38a2a000 	C:\WINDOWS\SYSTEM32\VERSION.dll
0x00007fff46280000 - 0x00007fff462eb000 	C:\WINDOWS\System32\WS2_32.dll
0x00007fff42760000 - 0x00007fff42772000 	C:\WINDOWS\SYSTEM32\kernel.appcore.dll
0x00007fff30510000 - 0x00007fff3051a000 	C:\Users\nikik\.jdks\openjdk-18-1\bin\jimage.dll
0x00007fff42420000 - 0x00007fff42604000 	C:\WINDOWS\SYSTEM32\DBGHELP.DLL
0x00007fff289b0000 - 0x00007fff289dc000 	C:\WINDOWS\SYSTEM32\dbgcore.DLL
0x00007fff43eb0000 - 0x00007fff43f32000 	C:\WINDOWS\System32\bcryptPrimitives.dll
0x00007fff3f7f0000 - 0x00007fff3f7fe000 	C:\Users\nikik\.jdks\openjdk-18-1\bin\instrument.dll
0x00007fff2f000000 - 0x00007fff2f025000 	C:\Users\nikik\.jdks\openjdk-18-1\bin\java.dll
0x00007fff1ffd0000 - 0x00007fff200a6000 	C:\Users\nikik\.jdks\openjdk-18-1\bin\jsvml.dll
0x00007fff45050000 - 0x00007fff45794000 	C:\WINDOWS\System32\SHELL32.dll
0x00007fff41bb0000 - 0x00007fff42344000 	C:\WINDOWS\SYSTEM32\windows.storage.dll
0x00007fff457d0000 - 0x00007fff45b24000 	C:\WINDOWS\System32\combase.dll
0x00007fff43830000 - 0x00007fff4385c000 	C:\WINDOWS\SYSTEM32\Wldp.dll
0x00007fff44a40000 - 0x00007fff44aed000 	C:\WINDOWS\System32\SHCORE.dll
0x00007fff44e30000 - 0x00007fff44e85000 	C:\WINDOWS\System32\shlwapi.dll
0x00007fff43df0000 - 0x00007fff43e0f000 	C:\WINDOWS\SYSTEM32\profapi.dll
0x00007fff30180000 - 0x00007fff30193000 	C:\Users\nikik\.jdks\openjdk-18-1\bin\net.dll
0x00007fff38670000 - 0x00007fff38779000 	C:\WINDOWS\SYSTEM32\WINHTTP.dll
0x00007fff43610000 - 0x00007fff4367a000 	C:\WINDOWS\system32\mswsock.dll
0x00007fff2f2c0000 - 0x00007fff2f2d6000 	C:\Users\nikik\.jdks\openjdk-18-1\bin\nio.dll
0x00007fff2efe0000 - 0x00007fff2eff8000 	C:\Users\nikik\.jdks\openjdk-18-1\bin\zip.dll
0x00007fff3e010000 - 0x00007fff3e02a000 	D:\Intelej\IntelliJ IDEA Community Edition 2022.1\bin\breakgen64.dll
0x000002529a430000 - 0x000002529a433000 	C:\Users\nikik\.openjfx\cache\18-ea+6\api-ms-win-core-console-l1-1-0.dll
0x000002529a440000 - 0x000002529a443000 	C:\Users\nikik\.openjfx\cache\18-ea+6\api-ms-win-core-console-l1-2-0.dll
0x000002529a450000 - 0x000002529a453000 	C:\Users\nikik\.openjfx\cache\18-ea+6\api-ms-win-core-datetime-l1-1-0.dll
0x000002529a460000 - 0x000002529a463000 	C:\Users\nikik\.openjfx\cache\18-ea+6\api-ms-win-core-debug-l1-1-0.dll
0x000002529a470000 - 0x000002529a473000 	C:\Users\nikik\.openjfx\cache\18-ea+6\api-ms-win-core-errorhandling-l1-1-0.dll
0x000002529a480000 - 0x000002529a484000 	C:\Users\nikik\.openjfx\cache\18-ea+6\api-ms-win-core-file-l1-1-0.dll
0x000002529a490000 - 0x000002529a493000 	C:\Users\nikik\.openjfx\cache\18-ea+6\api-ms-win-core-file-l1-2-0.dll
0x00000252b7f60000 - 0x00000252b7f63000 	C:\Users\nikik\.openjfx\cache\18-ea+6\api-ms-win-core-file-l2-1-0.dll
0x00000252b7f70000 - 0x00000252b7f73000 	C:\Users\nikik\.openjfx\cache\18-ea+6\api-ms-win-core-handle-l1-1-0.dll
0x00000252b7f80000 - 0x00000252b7f83000 	C:\Users\nikik\.openjfx\cache\18-ea+6\api-ms-win-core-heap-l1-1-0.dll
0x00000252b7f90000 - 0x00000252b7f93000 	C:\Users\nikik\.openjfx\cache\18-ea+6\api-ms-win-core-interlocked-l1-1-0.dll
0x00000252b7fa0000 - 0x00000252b7fa3000 	C:\Users\nikik\.openjfx\cache\18-ea+6\api-ms-win-core-libraryloader-l1-1-0.dll
0x00000252b7fb0000 - 0x00000252b7fb3000 	C:\Users\nikik\.openjfx\cache\18-ea+6\api-ms-win-core-localization-l1-2-0.dll
0x00000252b7fc0000 - 0x00000252b7fc3000 	C:\Users\nikik\.openjfx\cache\18-ea+6\api-ms-win-core-memory-l1-1-0.dll
0x00000252b7fd0000 - 0x00000252b7fd3000 	C:\Users\nikik\.openjfx\cache\18-ea+6\api-ms-win-core-namedpipe-l1-1-0.dll
0x00000252b7fe0000 - 0x00000252b7fe3000 	C:\Users\nikik\.openjfx\cache\18-ea+6\api-ms-win-core-processenvironment-l1-1-0.dll
0x00000252b7ff0000 - 0x00000252b7ff3000 	C:\Users\nikik\.openjfx\cache\18-ea+6\api-ms-win-core-processthreads-l1-1-0.dll
0x00000252bcc00000 - 0x00000252bcc03000 	C:\Users\nikik\.openjfx\cache\18-ea+6\api-ms-win-core-processthreads-l1-1-1.dll
0x00000252bcc10000 - 0x00000252bcc13000 	C:\Users\nikik\.openjfx\cache\18-ea+6\api-ms-win-core-profile-l1-1-0.dll
0x00000252bcc20000 - 0x00000252bcc23000 	C:\Users\nikik\.openjfx\cache\18-ea+6\api-ms-win-core-rtlsupport-l1-1-0.dll
0x00000252bcc30000 - 0x00000252bcc33000 	C:\Users\nikik\.openjfx\cache\18-ea+6\api-ms-win-core-string-l1-1-0.dll
0x00000252bcc40000 - 0x00000252bcc43000 	C:\Users\nikik\.openjfx\cache\18-ea+6\api-ms-win-core-synch-l1-1-0.dll
0x00000252bcc50000 - 0x00000252bcc53000 	C:\Users\nikik\.openjfx\cache\18-ea+6\api-ms-win-core-synch-l1-2-0.dll
0x00000252bcc60000 - 0x00000252bcc63000 	C:\Users\nikik\.openjfx\cache\18-ea+6\api-ms-win-core-sysinfo-l1-1-0.dll
0x00000252bcc70000 - 0x00000252bcc73000 	C:\Users\nikik\.openjfx\cache\18-ea+6\api-ms-win-core-timezone-l1-1-0.dll
0x00000252bcc80000 - 0x00000252bcc83000 	C:\Users\nikik\.openjfx\cache\18-ea+6\api-ms-win-core-util-l1-1-0.dll
0x00000252bcc90000 - 0x00000252bcc93000 	C:\Users\nikik\.openjfx\cache\18-ea+6\api-ms-win-crt-conio-l1-1-0.dll
0x00000252bcca0000 - 0x00000252bcca4000 	C:\Users\nikik\.openjfx\cache\18-ea+6\api-ms-win-crt-convert-l1-1-0.dll
0x00000252bccb0000 - 0x00000252bccb3000 	C:\Users\nikik\.openjfx\cache\18-ea+6\api-ms-win-crt-environment-l1-1-0.dll
0x00000252bccc0000 - 0x00000252bccc3000 	C:\Users\nikik\.openjfx\cache\18-ea+6\api-ms-win-crt-filesystem-l1-1-0.dll
0x00000252bccd0000 - 0x00000252bccd3000 	C:\Users\nikik\.openjfx\cache\18-ea+6\api-ms-win-crt-heap-l1-1-0.dll
0x00000252bcce0000 - 0x00000252bcce3000 	C:\Users\nikik\.openjfx\cache\18-ea+6\api-ms-win-crt-locale-l1-1-0.dll
0x00000252bccf0000 - 0x00000252bccf5000 	C:\Users\nikik\.openjfx\cache\18-ea+6\api-ms-win-crt-math-l1-1-0.dll
0x00000252bcd00000 - 0x00000252bcd05000 	C:\Users\nikik\.openjfx\cache\18-ea+6\api-ms-win-crt-multibyte-l1-1-0.dll
0x00000252bcd10000 - 0x00000252bcd20000 	C:\Users\nikik\.openjfx\cache\18-ea+6\api-ms-win-crt-private-l1-1-0.dll
0x00000252bcd20000 - 0x00000252bcd23000 	C:\Users\nikik\.openjfx\cache\18-ea+6\api-ms-win-crt-process-l1-1-0.dll
0x00000252bcd30000 - 0x00000252bcd34000 	C:\Users\nikik\.openjfx\cache\18-ea+6\api-ms-win-crt-runtime-l1-1-0.dll
0x00000252bcd40000 - 0x00000252bcd44000 	C:\Users\nikik\.openjfx\cache\18-ea+6\api-ms-win-crt-stdio-l1-1-0.dll
0x00000252bcd50000 - 0x00000252bcd54000 	C:\Users\nikik\.openjfx\cache\18-ea+6\api-ms-win-crt-string-l1-1-0.dll
0x00000252bcd60000 - 0x00000252bcd63000 	C:\Users\nikik\.openjfx\cache\18-ea+6\api-ms-win-crt-time-l1-1-0.dll
0x00000252bcd70000 - 0x00000252bcd73000 	C:\Users\nikik\.openjfx\cache\18-ea+6\api-ms-win-crt-utility-l1-1-0.dll
0x00007fff0c470000 - 0x00007fff0c56c000 	C:\Users\nikik\.openjfx\cache\18-ea+6\ucrtbase.dll
0x00007fff3dfc0000 - 0x00007fff3dfda000 	C:\Users\nikik\.openjfx\cache\18-ea+6\vcruntime140.dll
0x00007fff3dfb0000 - 0x00007fff3dfbc000 	C:\Users\nikik\.openjfx\cache\18-ea+6\vcruntime140_1.dll
0x00007fff0c3e0000 - 0x00007fff0c46d000 	C:\Users\nikik\.openjfx\cache\18-ea+6\msvcp140.dll
0x00007fff3df80000 - 0x00007fff3dfaa000 	C:\Users\nikik\.openjfx\cache\18-ea+6\prism_d3d.dll
0x00007fff32f80000 - 0x00007fff3314f000 	C:\WINDOWS\system32\d3d9.dll
0x00007fff415e0000 - 0x00007fff4160f000 	C:\WINDOWS\SYSTEM32\dwmapi.dll
0x00007fff414d0000 - 0x00007fff4156e000 	C:\WINDOWS\system32\uxtheme.dll
0x00007fff02140000 - 0x00007fff022a7000 	C:\WINDOWS\System32\DriverStore\FileRepository\iigd_dch.inf_amd64_7235e197535e8934\igdumdim64.dll
0x00007fff46420000 - 0x00007fff4654a000 	C:\WINDOWS\System32\ole32.dll
0x00007ffedb070000 - 0x00007ffedec62000 	C:\WINDOWS\System32\DriverStore\FileRepository\iigd_dch.inf_amd64_7235e197535e8934\igd9dxva64.dll
0x00007fff45d40000 - 0x00007fff45e0d000 	C:\WINDOWS\System32\OLEAUT32.dll
0x00007fff45e10000 - 0x00007fff46280000 	C:\WINDOWS\System32\SETUPAPI.dll
0x00007fff44550000 - 0x00007fff4459e000 	C:\WINDOWS\System32\cfgmgr32.dll
0x00007fff447c0000 - 0x00007fff447e7000 	C:\WINDOWS\System32\bcrypt.dll
0x00007fff37fe0000 - 0x00007fff383a5000 	C:\WINDOWS\System32\DriverStore\FileRepository\iigd_dch.inf_amd64_7235e197535e8934\igdgmm64.dll
0x00007fff3df30000 - 0x00007fff3df72000 	C:\Users\nikik\.openjfx\cache\18-ea+6\glass.dll
0x00007fff44eb0000 - 0x00007fff44f8b000 	C:\WINDOWS\System32\COMDLG32.dll
0x00007fff44830000 - 0x00007fff44946000 	C:\WINDOWS\System32\MSCTF.dll
0x00007fff3bbb0000 - 0x00007fff3bbd7000 	C:\WINDOWS\System32\DriverStore\FileRepository\iigd_dch.inf_amd64_7235e197535e8934\igdinfo64.dll
0x00007fff34b10000 - 0x00007fff37fd3000 	C:\WINDOWS\System32\DriverStore\FileRepository\iigd_dch.inf_amd64_7235e197535e8934\igc64.dll
0x00007fff3edf0000 - 0x00007fff3ee2b000 	C:\WINDOWS\SYSTEM32\dxcore.dll
0x00007fff32a40000 - 0x00007fff32a54000 	C:\Users\nikik\.openjfx\cache\18-ea+6\javafx_font.dll
0x00007fff2f3f0000 - 0x00007fff2f66f000 	C:\WINDOWS\SYSTEM32\dwrite.dll
0x00007fff45b30000 - 0x00007fff45bd9000 	C:\WINDOWS\System32\clbcatq.dll
0x00007fff3dc60000 - 0x00007fff3de14000 	C:\WINDOWS\SYSTEM32\WindowsCodecs.dll
0x00007fff2c220000 - 0x00007fff2c25e000 	C:\WINDOWS\system32\dataexchange.dll
0x00007fff40800000 - 0x00007fff409e5000 	C:\WINDOWS\system32\dcomp.dll
0x00007fff3fef0000 - 0x00007fff40154000 	C:\WINDOWS\system32\d3d11.dll
0x00007fff42780000 - 0x00007fff42873000 	C:\WINDOWS\system32\dxgi.dll
0x00007fff3e350000 - 0x00007fff3e551000 	C:\WINDOWS\system32\twinapi.appcore.dll
0x00007fff1fe60000 - 0x00007fff1fe94000 	C:\Program Files\Common Files\Microsoft Shared\Ink\rtscom.dll
0x00007fff3d2e0000 - 0x00007fff3d3d9000 	C:\WINDOWS\SYSTEM32\textinputframework.dll
0x00007fff409f0000 - 0x00007fff40d4e000 	C:\WINDOWS\System32\CoreUIComponents.dll
0x00007fff411d0000 - 0x00007fff412c2000 	C:\WINDOWS\System32\CoreMessaging.dll
0x00007fff42b70000 - 0x00007fff42ba3000 	C:\WINDOWS\SYSTEM32\ntmarta.dll
0x00007fff3f830000 - 0x00007fff3f984000 	C:\WINDOWS\SYSTEM32\wintypes.dll

dbghelp: loaded successfully - version: 4.0.5 - missing functions: none
symbol engine: initialized successfully - sym options: 0x614 - pdb path: .;C:\Users\nikik\.jdks\openjdk-18-1\bin;C:\WINDOWS\SYSTEM32;C:\WINDOWS\WinSxS\amd64_microsoft.windows.common-controls_6595b64144ccf1df_6.0.19041.1110_none_60b5254171f9507e;C:\Users\nikik\.jdks\openjdk-18-1\bin\server;D:\Intelej\IntelliJ IDEA Community Edition 2022.1\bin;C:\Users\nikik\.openjfx\cache\18-ea+6;C:\WINDOWS\System32\DriverStore\FileRepository\iigd_dch.inf_amd64_7235e197535e8934;C:\Program Files\Common Files\Microsoft Shared\Ink

VM Arguments:
jvm_args: -javaagent:D:\Intelej\IntelliJ IDEA Community Edition 2022.1\lib\idea_rt.jar=65402:D:\Intelej\IntelliJ IDEA Community Edition 2022.1\bin -Dfile.encoding=UTF-8 --module-path=C:\Users\nikik\.m2\repository\org\openjfx\javafx-controls\18-ea+6\javafx-controls-18-ea+6-win.jar;C:\Users\nikik\.m2\repository\org\openjfx\javafx-graphics\18-ea+6\javafx-graphics-18-ea+6-win.jar;C:\Users\nikik\.m2\repository\org\openjfx\javafx-fxml\18-ea+6\javafx-fxml-18-ea+6-win.jar;D:\IntelliJ IDEA\norm3laba\govna\target\classes;C:\Users\nikik\.m2\repository\org\openjfx\javafx-base\18-ea+6\javafx-base-18-ea+6-win.jar -Djdk.module.main=com.example.govna 
java_command: com.example.govna/com.example.govna.HelloApplication
java_class_path (initial): C:\Users\nikik\.m2\repository\org\openjfx\javafx-controls\18-ea+6\javafx-controls-18-ea+6.jar;C:\Users\nikik\.m2\repository\org\openjfx\javafx-graphics\18-ea+6\javafx-graphics-18-ea+6.jar;C:\Users\nikik\.m2\repository\org\openjfx\javafx-base\18-ea+6\javafx-base-18-ea+6.jar;C:\Users\nikik\.m2\repository\org\openjfx\javafx-fxml\18-ea+6\javafx-fxml-18-ea+6.jar
Launcher Type: SUN_STANDARD

[Global flags]
     intx CICompilerCount                          = 3                                         {product} {ergonomic}
     uint ConcGCThreads                            = 1                                         {product} {ergonomic}
     uint G1ConcRefinementThreads                  = 4                                         {product} {ergonomic}
   size_t G1HeapRegionSize                         = 1048576                                   {product} {ergonomic}
    uintx GCDrainStackTargetSize                   = 64                                        {product} {ergonomic}
   size_t InitialHeapSize                          = 134217728                                 {product} {ergonomic}
   size_t MarkStackSize                            = 4194304                                   {product} {ergonomic}
   size_t MaxHeapSize                              = 2116026368                                {product} {ergonomic}
   size_t MaxNewSize                               = 1268776960                                {product} {ergonomic}
   size_t MinHeapDeltaBytes                        = 1048576                                   {product} {ergonomic}
   size_t MinHeapSize                              = 8388608                                   {product} {ergonomic}
    uintx NonNMethodCodeHeapSize                   = 5832780                                {pd product} {ergonomic}
    uintx NonProfiledCodeHeapSize                  = 122912730                              {pd product} {ergonomic}
    uintx ProfiledCodeHeapSize                     = 122912730                              {pd product} {ergonomic}
    uintx ReservedCodeCacheSize                    = 251658240                              {pd product} {ergonomic}
     bool SegmentedCodeCache                       = true                                      {product} {ergonomic}
   size_t SoftMaxHeapSize                          = 2116026368                             {manageable} {ergonomic}
     bool UseCompressedClassPointers               = true                           {product lp64_product} {ergonomic}
     bool UseCompressedOops                        = true                           {product lp64_product} {ergonomic}
     bool UseG1GC                                  = true                                      {product} {ergonomic}
     bool UseLargePagesIndividualAllocation        = false                                  {pd product} {ergonomic}

Logging:
Log output configuration:
 #0: stdout all=off uptime,level,tags foldmultilines=false
 #1: stderr all=off uptime,level,tags foldmultilines=false

Environment Variables:
JAVA_HOME=C:\Program Files\Java\jdk-17
PATH=C:\Users\nikik\AppData\Local\Programs\Python\Python310\Scripts\;C:\Users\nikik\AppData\Local\Programs\Python\Python310\;C:\Python310\Scripts\;C:\Python310\;C:\Program Files\Common Files\Oracle\Java\javapath;C:\WinAVR-20100110\bin;C:\WinAVR-20100110\utils\bin;C:\WinAVR-20100110;D:\GNU\10 2020-q4-major\bin;C:\WINDOWS\system32;C:\WINDOWS;C:\WINDOWS\System32\Wbem;C:\WINDOWS\System32\WindowsPowerShell\v1.0\;C:\WINDOWS\System32\OpenSSH\;C:\Program Files (x86)\STMicroelectronics\STM32 ST-LINK Utility\ST-LINK Utility;D:\MatLAB\runtime\win64;D:\MatLAB\bin;D:\MatLAB\polyspace\bin;C:\Program Files\Git\cmd;C:\Program Files\dotnet\;C:\Program Files (x86)\dotnet\;C:\Program Files\Docker\Docker\resources\bin;C:\ProgramData\DockerDesktop\version-bin;C:\ProgramData\chocolatey\bin;E:\nodejs\;C:\Program Files\Zabbix Agent 2\;C:\Users\nikik\AppData\Local\Programs\Python\Python38-32\Scripts\;C:\Users\nikik\AppData\Local\Programs\Python\Python38-32\;C:\Program Files\MySQL\MySQL Shell 8.0\bin\;D:\eclipse\4.6 2012q4\bin;D:\Visual Studio Code\Microsoft VS Code\bin;C:\Users\nikik\AppData\Local\atom\bin;C:\WinAVR-20100110;C:\Users\nikik\AppData\Local\Microsoft\WindowsApps;C:\Users\nikik\AppData\Roaming\npm
USERNAME=nikik
OS=Windows_NT
PROCESSOR_IDENTIFIER=Intel64 Family 6 Model 142 Stepping 9, GenuineIntel



---------------  S Y S T E M  ---------------

OS:
 Windows 10 , 64 bit Build 19041 (10.0.19041.1566)
OS uptime: 8 days 12:03 hours
Hyper-V role detected

CPU: total 4 (initial active 4) (2 cores per cpu, 2 threads per core) family 6 model 142 stepping 9 microcode 0xb4, cx8, cmov, fxsr, ht, mmx, 3dnowpref, sse, sse2, sse3, ssse3, sse4.1, sse4.2, popcnt, lzcnt, tsc, tscinvbit, avx, avx2, aes, erms, clmul, bmi1, bmi2, adx, fma, vzeroupper, clflush, clflushopt, hv

Memory: 4k page, system-wide physical 8071M (1520M free)
TotalPageFile size 12935M (AvailPageFile size 5176M)
current process WorkingSet (physical memory assigned to process): 143M, peak: 153M
current process commit charge ("private bytes"): 266M, peak: 278M

vm_info: OpenJDK 64-Bit Server VM (18+36-2087) for windows-amd64 JRE (18+36-2087), built on Feb 15 2022 09:37:35 by "mach5one" with MS VC++ 16.8 / 16.9 (VS2019)

END.
