#
# A fatal error has been detected by the Java Runtime Environment:
#
#  EXCEPTION_ACCESS_VIOLATION (0xc0000005) at pc=0x00007fff0c1b6a87, pid=9820, tid=17780
#
# JRE version: OpenJDK Runtime Environment (18.0+36) (build 18+36-2087)
# Java VM: OpenJDK 64-Bit Server VM (18+36-2087, mixed mode, sharing, tiered, compressed oops, compressed class ptrs, g1 gc, windows-amd64)
# Problematic frame:
# C  [glass.dll+0x26a87]
#
# No core dump will be written. Minidumps are not enabled by default on client versions of Windows
#
# If you would like to submit a bug report, please visit:
#   https://bugreport.java.com/bugreport/crash.jsp
#

---------------  S U M M A R Y ------------

Command Line: -javaagent:D:\Intelej\IntelliJ IDEA Community Edition 2022.1\lib\idea_rt.jar=53268:D:\Intelej\IntelliJ IDEA Community Edition 2022.1\bin -Dfile.encoding=UTF-8 --module-path=C:\Users\nikik\.m2\repository\org\openjfx\javafx-graphics\18-ea+6\javafx-graphics-18-ea+6-win.jar;C:\Users\nikik\.m2\repository\org\openjfx\javafx-controls\18-ea+6\javafx-controls-18-ea+6-win.jar;C:\Users\nikik\.m2\repository\org\openjfx\javafx-fxml\18-ea+6\javafx-fxml-18-ea+6-win.jar;D:\IntelliJ IDEA\norm3laba\govna\target\classes;C:\Users\nikik\.m2\repository\org\openjfx\javafx-base\18-ea+6\javafx-base-18-ea+6-win.jar -Djdk.module.main=com.example.govna com.example.govna/com.example.govna.HelloApplication

Host: Intel(R) Core(TM) i5-7200U CPU @ 2.50GHz, 4 cores, 7G,  Windows 10 , 64 bit Build 19041 (10.0.19041.1566)
Time: Thu Apr 14 18:19:55 2022  Windows 10 , 64 bit Build 19041 (10.0.19041.1566) elapsed time: 10.086555 seconds (0d 0h 0m 10s)

---------------  T H R E A D  ---------------

Current thread (0x0000022168b0cf10):  VMThread "VM Thread" [stack: 0x000000a379100000,0x000000a379200000] [id=17780]

Stack: [0x000000a379100000,0x000000a379200000],  sp=0x000000a3791ff220,  free space=1020k
Native frames: (J=compiled Java code, j=interpreted, Vv=VM code, C=native code)
C  [glass.dll+0x26a87]


siginfo: EXCEPTION_ACCESS_VIOLATION (0xc0000005), reading address 0x0000000000000000


Register to memory mapping:

RIP=0x00007fff0c1b6a87 glass.dll
RAX=0x0 is NULL
RBX=0x0000022168b153e0 is a global jni handle
RCX=0x0000022168b0cf10 points into unknown readable memory: 0x00007ffed617edc8 | c8 ed 17 d6 fe 7f 00 00
RDX=0x000000a3791ff220 points into unknown readable memory: 0x0000000000000000 | 00 00 00 00 00 00 00 00
RSP=0x000000a3791ff220 points into unknown readable memory: 0x0000000000000000 | 00 00 00 00 00 00 00 00
RBP=0x000002216d82f868 points into unknown readable memory: 0x00005d8bdfd4ea5e | 5e ea d4 df 8b 5d 00 00
RSI=0x000002216d82f840 points into unknown readable memory: 0xc3069210dfd4f5a1 | a1 f5 d4 df 10 92 06 c3
RDI=0x00005d8bdfd4ea5e is an unknown value
R8 =0x0000000000010002 is an unknown value
R9 =0x00005d8bdfd4ea5e is an unknown value
R10=0x0000000000008000 is an unknown value
R11=0x000000a3791ff1b0 points into unknown readable memory: 0x000002216d82f840 | 40 f8 82 6d 21 02 00 00
R12=0x00007fff0c1b4354 glass.dll
R13=0x00007ffed6340b40 jvm.dll
R14=0x000000a3791ff318 points into unknown readable memory: 0x000000a3791ff300 | 00 f3 1f 79 a3 00 00 00
R15=0x000002216d82f840 points into unknown readable memory: 0xc3069210dfd4f5a1 | a1 f5 d4 df 10 92 06 c3


Registers:
RAX=0x0000000000000000, RBX=0x0000022168b153e0, RCX=0x0000022168b0cf10, RDX=0x000000a3791ff220
RSP=0x000000a3791ff220, RBP=0x000002216d82f868, RSI=0x000002216d82f840, RDI=0x00005d8bdfd4ea5e
R8 =0x0000000000010002, R9 =0x00005d8bdfd4ea5e, R10=0x0000000000008000, R11=0x000000a3791ff1b0
R12=0x00007fff0c1b4354, R13=0x00007ffed6340b40, R14=0x000000a3791ff318, R15=0x000002216d82f840
RIP=0x00007fff0c1b6a87, EFLAGS=0x0000000000010206

Top of Stack: (sp=0x000000a3791ff220)
0x000000a3791ff220:   0000000000000000 000002216d82f840
0x000000a3791ff230:   00007ffed6340b40 00007fff0c1b4354
0x000000a3791ff240:   000002216d82f848 00007fff446642d6
0x000000a3791ff250:   00005d8bdfd4ea5e 0000022100000000
0x000000a3791ff260:   000002216d82f868 000002216d82f840
0x000000a3791ff270:   fffffffffffffffe 0000000000000000
0x000000a3791ff280:   0000000000000001 00007fff0c190000
0x000000a3791ff290:   000000a3791ff308 00007fff446641fb
0x000000a3791ff2a0:   0000000000000000 000000a3791ff318
0x000000a3791ff2b0:   000000a3791ff5e0 00007fff44740e40
0x000000a3791ff2c0:   0000000000000001 00007fff446641b4
0x000000a3791ff2d0:   0000000000000000 0000000000000001
0x000000a3791ff2e0:   00007fff00000001 000000a3791ff308
0x000000a3791ff2f0:   0000000000000000 00007fff0c1b41e1
0x000000a3791ff300:   00007fff0c1ca138 00007fff00000002
0x000000a3791ff310:   0000000000000002 000000a3791ff300 

Instructions: (pc=0x00007fff0c1b6a87)
0x00007fff0c1b6987:   8b 4d 58 e8 01 cf ff ff 48 8b 4d 60 e8 f8 ce ff
0x00007fff0c1b6997:   ff 48 8b 95 80 00 00 00 48 8b 8d 18 01 00 00 e8
0x00007fff0c1b69a7:   c6 c3 ff ff 33 d2 33 c9 e8 3c e1 ff ff 90 48 89
0x00007fff0c1b69b7:   54 24 10 55 48 83 ec 20 48 8b ea 48 b8 00 00 00
0x00007fff0c1b69c7:   00 00 00 00 00 48 83 c4 20 5d c3 cc 40 55 48 8b
0x00007fff0c1b69d7:   ea 48 8b 01 33 c9 81 38 05 00 00 c0 0f 94 c1 8b
0x00007fff0c1b69e7:   c1 5d c3 cc 40 55 48 83 ec 20 48 8b ea 8a 4d 40
0x00007fff0c1b69f7:   48 83 c4 20 5d e9 f7 d2 ff ff cc 40 55 48 83 ec
0x00007fff0c1b6a07:   20 48 8b ea 8a 4d 20 e8 e5 d2 ff ff 90 48 83 c4
0x00007fff0c1b6a17:   20 5d c3 cc 40 55 48 83 ec 20 48 8b ea 48 83 c4
0x00007fff0c1b6a27:   20 5d e9 46 d1 ff ff cc 40 55 48 83 ec 30 48 8b
0x00007fff0c1b6a37:   ea 48 8b 01 8b 10 48 89 4c 24 28 89 54 24 20 4c
0x00007fff0c1b6a47:   8d 0d e7 d5 ff ff 4c 8b 45 70 8b 55 68 48 8b 4d
0x00007fff0c1b6a57:   60 e8 87 d0 ff ff 90 48 83 c4 30 5d c3 cc cc cc
0x00007fff0c1b6a67:   cc cc cc cc cc cc cc cc cc 40 53 48 83 ec 20 48
0x00007fff0c1b6a77:   8b 1d b3 30 01 00 48 85 db 74 16 e8 09 8b ff ff
0x00007fff0c1b6a87:   4c 8b 00 48 8b d3 48 8b c8 41 ff 90 b0 00 00 00
0x00007fff0c1b6a97:   90 48 83 c4 20 5b c3 cc cc 40 53 48 83 ec 20 48
0x00007fff0c1b6aa7:   8b 1d 2b 32 01 00 48 85 db 74 57 b8 ff ff ff ff
0x00007fff0c1b6ab7:   f0 0f c1 43 10 83 f8 01 75 3d 48 85 db 74 38 48
0x00007fff0c1b6ac7:   8b 0b 48 85 c9 74 0d ff 15 d4 07 00 00 48 c7 03
0x00007fff0c1b6ad7:   00 00 00 00 48 8b 4b 08 48 85 c9 74 0d e8 a7 cd
0x00007fff0c1b6ae7:   ff ff 48 c7 43 08 00 00 00 00 ba 18 00 00 00 48
0x00007fff0c1b6af7:   8b cb e8 92 cd ff ff 48 c7 05 cf 31 01 00 00 00
0x00007fff0c1b6b07:   00 00 48 83 c4 20 5b c3 cc 40 53 48 83 ec 20 48
0x00007fff0c1b6b17:   8b 1d 9b 31 01 00 48 85 db 74 57 b8 ff ff ff ff
0x00007fff0c1b6b27:   f0 0f c1 43 10 83 f8 01 75 3d 48 85 db 74 38 48
0x00007fff0c1b6b37:   8b 0b 48 85 c9 74 0d ff 15 64 07 00 00 48 c7 03
0x00007fff0c1b6b47:   00 00 00 00 48 8b 4b 08 48 85 c9 74 0d e8 37 cd
0x00007fff0c1b6b57:   ff ff 48 c7 43 08 00 00 00 00 ba 18 00 00 00 48
0x00007fff0c1b6b67:   8b cb e8 22 cd ff ff 48 c7 05 3f 31 01 00 00 00
0x00007fff0c1b6b77:   00 00 48 83 c4 20 5b c3 cc 40 53 48 83 ec 20 48 


Stack slot to memory mapping:
stack at sp + 0 slots: 0x0 is NULL
stack at sp + 1 slots: 0x000002216d82f840 points into unknown readable memory: 0xc3069210dfd4f5a1 | a1 f5 d4 df 10 92 06 c3
stack at sp + 2 slots: 0x00007ffed6340b40 jvm.dll
stack at sp + 3 slots: 0x00007fff0c1b4354 glass.dll
stack at sp + 4 slots: 0x000002216d82f848 points into unknown readable memory: 0x00005d8bdfd4ea5e | 5e ea d4 df 8b 5d 00 00
stack at sp + 5 slots: 0x00007fff446642d6 ucrtbase.dll
stack at sp + 6 slots: 0x00005d8bdfd4ea5e is an unknown value
stack at sp + 7 slots: 0x0000022100000000 is an unknown value

VM_Operation (0x000000a37affee80): Exit, mode: safepoint, requested by thread 0x0000022172012770


---------------  P R O C E S S  ---------------

Threads class SMR info:
_java_thread_list=0x0000022172288270, length=21, elements={
0x00000221493213a0, 0x0000022168b109c0, 0x0000022168b12a20, 0x0000022168b26b10,
0x0000022168b273c0, 0x0000022168b27c70, 0x0000022168b2a860, 0x0000022168b81d70,
0x0000022168ba9ed0, 0x00000221493eacb0, 0x000002216d30bd00, 0x000002216d30c1c0,
0x000002216d6afea0, 0x000002216d8957e0, 0x000002216d893b00, 0x000002216d893160,
0x000002216d896b20, 0x000002216d8944a0, 0x0000022172013ab0, 0x0000022172012770,
0x0000022172014920
}

Java Threads: ( => current thread )
  0x00000221493213a0 JavaThread "main" [_thread_blocked, id=5528, stack(0x000000a378b00000,0x000000a378c00000)]
  0x0000022168b109c0 JavaThread "Reference Handler" daemon [_thread_blocked, id=13592, stack(0x000000a379200000,0x000000a379300000)]
  0x0000022168b12a20 JavaThread "Finalizer" daemon [_thread_blocked, id=5936, stack(0x000000a379300000,0x000000a379400000)]
  0x0000022168b26b10 JavaThread "Attach Listener" daemon [_thread_blocked, id=17748, stack(0x000000a379500000,0x000000a379600000)]
  0x0000022168b273c0 JavaThread "Service Thread" daemon [_thread_blocked, id=17124, stack(0x000000a379600000,0x000000a379700000)]
  0x0000022168b27c70 JavaThread "Monitor Deflation Thread" daemon [_thread_blocked, id=10396, stack(0x000000a379700000,0x000000a379800000)]
  0x0000022168b2a860 JavaThread "C2 CompilerThread0" daemon [_thread_blocked, id=18140, stack(0x000000a379800000,0x000000a379900000)]
  0x0000022168b81d70 JavaThread "C1 CompilerThread0" daemon [_thread_blocked, id=14160, stack(0x000000a379900000,0x000000a379a00000)]
  0x0000022168ba9ed0 JavaThread "Sweeper thread" daemon [_thread_blocked, id=12256, stack(0x000000a379a00000,0x000000a379b00000)]
  0x00000221493eacb0 JavaThread "Common-Cleaner" daemon [_thread_blocked, id=17168, stack(0x000000a379b00000,0x000000a379c00000)]
  0x000002216d30bd00 JavaThread "Monitor Ctrl-Break" daemon [_thread_in_native, id=19076, stack(0x000000a379d00000,0x000000a379e00000)]
  0x000002216d30c1c0 JavaThread "Notification Thread" daemon [_thread_blocked, id=18204, stack(0x000000a379e00000,0x000000a379f00000)]
  0x000002216d6afea0 JavaThread "QuantumRenderer-0" daemon [_thread_blocked, id=8880, stack(0x000000a379c00000,0x000000a379d00000)]
  0x000002216d8957e0 JavaThread "InvokeLaterDispatcher" daemon [_thread_blocked, id=10992, stack(0x000000a37a300000,0x000000a37a400000)]
  0x000002216d893b00 JavaThread "JavaFX Application Thread" [_thread_in_native, id=18624, stack(0x000000a37a400000,0x000000a37a500000)]
  0x000002216d893160 JavaThread "Thread-1" daemon [_thread_in_native, id=268, stack(0x000000a37a800000,0x000000a37a900000)]
  0x000002216d896b20 JavaThread "JavaFX-Launcher" [_thread_blocked, id=15852, stack(0x000000a37a900000,0x000000a37aa00000)]
  0x000002216d8944a0 JavaThread "Prism Font Disposer" daemon [_thread_blocked, id=1512, stack(0x000000a37aa00000,0x000000a37ab00000)]
  0x0000022172013ab0 JavaThread "Cleaner-0" daemon [_thread_blocked, id=1856, stack(0x000000a37ae00000,0x000000a37af00000)]
  0x0000022172012770 JavaThread "SIGINT handler" daemon [_thread_blocked, id=17496, stack(0x000000a37af00000,0x000000a37b000000)]
  0x0000022172014920 JavaThread "Glass/Prism Shutdown Hook" [_thread_blocked, id=13436, stack(0x000000a37b100000,0x000000a37b200000)]

Other Threads:
=>0x0000022168b0cf10 VMThread "VM Thread" [stack: 0x000000a379100000,0x000000a379200000] [id=17780]
  0x0000022149380ea0 WorkerThread "GC Thread#0" [stack: 0x000000a378c00000,0x000000a378d00000] [id=9364]
  0x000002216d7ca870 WorkerThread "GC Thread#1" [stack: 0x000000a37a000000,0x000000a37a100000] [id=18736]
  0x000002216d6b27f0 WorkerThread "GC Thread#2" [stack: 0x000000a37a100000,0x000000a37a200000] [id=17864]
  0x000002216d8283e0 WorkerThread "GC Thread#3" [stack: 0x000000a37a200000,0x000000a37a300000] [id=2400]
  0x0000022149392930 ConcurrentGCThread "G1 Main Marker" terminated
  0x0000022149395180 WorkerThread "G1 Conc#0" [stack: 0x000000a378e00000,0x000000a378f00000] [id=19276]
  0x00000221493d41f0 ConcurrentGCThread "G1 Refine#0" terminated
  0x00000221493d4a10 ConcurrentGCThread "G1 Service" terminated

Threads with active compile tasks:
C1 CompilerThread0  
[error occurred during error reporting (printing all threads), id 0xc0000005, EXCEPTION_ACCESS_VIOLATION (0xc0000005) at pc=0x00007ffed5f7e073]

VM state: at safepoint (shutting down)

VM Mutex/Monitor currently owned by a thread:  ([mutex/lock_event])
[0x000002214931ec10] Threads_lock - owner thread: 0x0000022168b0cf10
[0x000002214931f3f0] Heap_lock - owner thread: 0x0000022172012770

Heap address: 0x0000000081e00000, size: 2018 MB, Compressed Oops mode: 32-bit

CDS archive(s) mapped at: [0x0000000800000000-0x0000000800b90000-0x0000000800b90000), size 12124160, SharedBaseAddress: 0x0000000800000000, ArchiveRelocationMode: 0.
Compressed class space mapped at: 0x0000000800c00000-0x0000000840c00000, reserved size: 1073741824
Narrow klass base: 0x0000000800000000, Narrow klass shift: 0, Narrow klass range: 0x100000000

GC Precious Log:
 CardTable entry size: 512
 Card Set container configuration: InlinePtr #cards 5 size 8 Array Of Cards #cards 12 size 40 Howl #buckets 4 coarsen threshold 1843 Howl Bitmap #cards 512 size 80 coarsen threshold 460 Card regions per heap region 1 cards per card region 2048
 CPUs: 4 total, 4 available
 Memory: 8071M
 Large Page Support: Disabled
 NUMA Support: Disabled
 Compressed Oops: Enabled (32-bit)
 Heap Region Size: 1M
 Heap Min Capacity: 8M
 Heap Initial Capacity: 128M
 Heap Max Capacity: 2018M
 Pre-touch: Disabled
 Parallel Workers: 4
 Concurrent Workers: 1
 Concurrent Refinement Workers: 4
 Periodic GC: Disabled

Heap:
 garbage-first heap   total 131072K, used 38753K [0x0000000081e00000, 0x0000000100000000)
  region size 1024K, 36 young (36864K), 3 survivors (3072K)
 Metaspace       used 15899K, committed 16256K, reserved 1114112K
  class space    used 2292K, committed 2496K, reserved 1048576K

Heap Regions: E=young(eden), S=young(survivor), O=old, HS=humongous(starts), HC=humongous(continues), CS=collection set, F=free, OA=open archive, CA=closed archive, TAMS=top-at-mark-start (previous, next)
|   0|0x0000000081e00000, 0x0000000081f00000, 0x0000000081f00000|100%| O|  |TAMS 0x0000000081e00000, 0x0000000081e00000| Untracked 
|   1|0x0000000081f00000, 0x0000000081fd8400, 0x0000000082000000| 84%| O|  |TAMS 0x0000000081f00000, 0x0000000081f00000| Untracked 
|   2|0x0000000082000000, 0x0000000082100000, 0x0000000082100000|100%|HS|  |TAMS 0x0000000082000000, 0x0000000082000000| Complete 
|   3|0x0000000082100000, 0x0000000082200000, 0x0000000082200000|100%|HC|  |TAMS 0x0000000082100000, 0x0000000082100000| Complete 
|   4|0x0000000082200000, 0x0000000082200000, 0x0000000082300000|  0%| F|  |TAMS 0x0000000082200000, 0x0000000082200000| Untracked 
|   5|0x0000000082300000, 0x0000000082300000, 0x0000000082400000|  0%| F|  |TAMS 0x0000000082300000, 0x0000000082300000| Untracked 
|   6|0x0000000082400000, 0x0000000082400000, 0x0000000082500000|  0%| F|  |TAMS 0x0000000082400000, 0x0000000082400000| Untracked 
|   7|0x0000000082500000, 0x0000000082500000, 0x0000000082600000|  0%| F|  |TAMS 0x0000000082500000, 0x0000000082500000| Untracked 
|   8|0x0000000082600000, 0x0000000082600000, 0x0000000082700000|  0%| F|  |TAMS 0x0000000082600000, 0x0000000082600000| Untracked 
|   9|0x0000000082700000, 0x0000000082700000, 0x0000000082800000|  0%| F|  |TAMS 0x0000000082700000, 0x0000000082700000| Untracked 
|  10|0x0000000082800000, 0x0000000082800000, 0x0000000082900000|  0%| F|  |TAMS 0x0000000082800000, 0x0000000082800000| Untracked 
|  11|0x0000000082900000, 0x0000000082900000, 0x0000000082a00000|  0%| F|  |TAMS 0x0000000082900000, 0x0000000082900000| Untracked 
|  12|0x0000000082a00000, 0x0000000082a00000, 0x0000000082b00000|  0%| F|  |TAMS 0x0000000082a00000, 0x0000000082a00000| Untracked 
|  13|0x0000000082b00000, 0x0000000082b00000, 0x0000000082c00000|  0%| F|  |TAMS 0x0000000082b00000, 0x0000000082b00000| Untracked 
|  14|0x0000000082c00000, 0x0000000082c00000, 0x0000000082d00000|  0%| F|  |TAMS 0x0000000082c00000, 0x0000000082c00000| Untracked 
|  15|0x0000000082d00000, 0x0000000082d00000, 0x0000000082e00000|  0%| F|  |TAMS 0x0000000082d00000, 0x0000000082d00000| Untracked 
|  16|0x0000000082e00000, 0x0000000082e00000, 0x0000000082f00000|  0%| F|  |TAMS 0x0000000082e00000, 0x0000000082e00000| Untracked 
|  17|0x0000000082f00000, 0x0000000082f00000, 0x0000000083000000|  0%| F|  |TAMS 0x0000000082f00000, 0x0000000082f00000| Untracked 
|  18|0x0000000083000000, 0x0000000083000000, 0x0000000083100000|  0%| F|  |TAMS 0x0000000083000000, 0x0000000083000000| Untracked 
|  19|0x0000000083100000, 0x0000000083100000, 0x0000000083200000|  0%| F|  |TAMS 0x0000000083100000, 0x0000000083100000| Untracked 
|  20|0x0000000083200000, 0x0000000083200000, 0x0000000083300000|  0%| F|  |TAMS 0x0000000083200000, 0x0000000083200000| Untracked 
|  21|0x0000000083300000, 0x0000000083300000, 0x0000000083400000|  0%| F|  |TAMS 0x0000000083300000, 0x0000000083300000| Untracked 
|  22|0x0000000083400000, 0x0000000083400000, 0x0000000083500000|  0%| F|  |TAMS 0x0000000083400000, 0x0000000083400000| Untracked 
|  23|0x0000000083500000, 0x0000000083500000, 0x0000000083600000|  0%| F|  |TAMS 0x0000000083500000, 0x0000000083500000| Untracked 
|  24|0x0000000083600000, 0x0000000083600000, 0x0000000083700000|  0%| F|  |TAMS 0x0000000083600000, 0x0000000083600000| Untracked 
|  25|0x0000000083700000, 0x0000000083700000, 0x0000000083800000|  0%| F|  |TAMS 0x0000000083700000, 0x0000000083700000| Untracked 
|  26|0x0000000083800000, 0x0000000083800000, 0x0000000083900000|  0%| F|  |TAMS 0x0000000083800000, 0x0000000083800000| Untracked 
|  27|0x0000000083900000, 0x0000000083900000, 0x0000000083a00000|  0%| F|  |TAMS 0x0000000083900000, 0x0000000083900000| Untracked 
|  28|0x0000000083a00000, 0x0000000083a00000, 0x0000000083b00000|  0%| F|  |TAMS 0x0000000083a00000, 0x0000000083a00000| Untracked 
|  29|0x0000000083b00000, 0x0000000083b00000, 0x0000000083c00000|  0%| F|  |TAMS 0x0000000083b00000, 0x0000000083b00000| Untracked 
|  30|0x0000000083c00000, 0x0000000083c00000, 0x0000000083d00000|  0%| F|  |TAMS 0x0000000083c00000, 0x0000000083c00000| Untracked 
|  31|0x0000000083d00000, 0x0000000083d00000, 0x0000000083e00000|  0%| F|  |TAMS 0x0000000083d00000, 0x0000000083d00000| Untracked 
|  32|0x0000000083e00000, 0x0000000083e00000, 0x0000000083f00000|  0%| F|  |TAMS 0x0000000083e00000, 0x0000000083e00000| Untracked 
|  33|0x0000000083f00000, 0x0000000083f00000, 0x0000000084000000|  0%| F|  |TAMS 0x0000000083f00000, 0x0000000083f00000| Untracked 
|  34|0x0000000084000000, 0x0000000084000000, 0x0000000084100000|  0%| F|  |TAMS 0x0000000084000000, 0x0000000084000000| Untracked 
|  35|0x0000000084100000, 0x0000000084100000, 0x0000000084200000|  0%| F|  |TAMS 0x0000000084100000, 0x0000000084100000| Untracked 
|  36|0x0000000084200000, 0x0000000084200000, 0x0000000084300000|  0%| F|  |TAMS 0x0000000084200000, 0x0000000084200000| Untracked 
|  37|0x0000000084300000, 0x0000000084300000, 0x0000000084400000|  0%| F|  |TAMS 0x0000000084300000, 0x0000000084300000| Untracked 
|  38|0x0000000084400000, 0x0000000084400000, 0x0000000084500000|  0%| F|  |TAMS 0x0000000084400000, 0x0000000084400000| Untracked 
|  39|0x0000000084500000, 0x0000000084500000, 0x0000000084600000|  0%| F|  |TAMS 0x0000000084500000, 0x0000000084500000| Untracked 
|  40|0x0000000084600000, 0x0000000084600000, 0x0000000084700000|  0%| F|  |TAMS 0x0000000084600000, 0x0000000084600000| Untracked 
|  41|0x0000000084700000, 0x0000000084700000, 0x0000000084800000|  0%| F|  |TAMS 0x0000000084700000, 0x0000000084700000| Untracked 
|  42|0x0000000084800000, 0x0000000084800000, 0x0000000084900000|  0%| F|  |TAMS 0x0000000084800000, 0x0000000084800000| Untracked 
|  43|0x0000000084900000, 0x0000000084900000, 0x0000000084a00000|  0%| F|  |TAMS 0x0000000084900000, 0x0000000084900000| Untracked 
|  44|0x0000000084a00000, 0x0000000084a00000, 0x0000000084b00000|  0%| F|  |TAMS 0x0000000084a00000, 0x0000000084a00000| Untracked 
|  45|0x0000000084b00000, 0x0000000084b00000, 0x0000000084c00000|  0%| F|  |TAMS 0x0000000084b00000, 0x0000000084b00000| Untracked 
|  46|0x0000000084c00000, 0x0000000084c00000, 0x0000000084d00000|  0%| F|  |TAMS 0x0000000084c00000, 0x0000000084c00000| Untracked 
|  47|0x0000000084d00000, 0x0000000084d00000, 0x0000000084e00000|  0%| F|  |TAMS 0x0000000084d00000, 0x0000000084d00000| Untracked 
|  48|0x0000000084e00000, 0x0000000084e00000, 0x0000000084f00000|  0%| F|  |TAMS 0x0000000084e00000, 0x0000000084e00000| Untracked 
|  49|0x0000000084f00000, 0x0000000084f00000, 0x0000000085000000|  0%| F|  |TAMS 0x0000000084f00000, 0x0000000084f00000| Untracked 
|  50|0x0000000085000000, 0x0000000085000000, 0x0000000085100000|  0%| F|  |TAMS 0x0000000085000000, 0x0000000085000000| Untracked 
|  51|0x0000000085100000, 0x0000000085100000, 0x0000000085200000|  0%| F|  |TAMS 0x0000000085100000, 0x0000000085100000| Untracked 
|  52|0x0000000085200000, 0x0000000085200000, 0x0000000085300000|  0%| F|  |TAMS 0x0000000085200000, 0x0000000085200000| Untracked 
|  53|0x0000000085300000, 0x0000000085300000, 0x0000000085400000|  0%| F|  |TAMS 0x0000000085300000, 0x0000000085300000| Untracked 
|  54|0x0000000085400000, 0x0000000085400000, 0x0000000085500000|  0%| F|  |TAMS 0x0000000085400000, 0x0000000085400000| Untracked 
|  55|0x0000000085500000, 0x0000000085500000, 0x0000000085600000|  0%| F|  |TAMS 0x0000000085500000, 0x0000000085500000| Untracked 
|  56|0x0000000085600000, 0x0000000085600000, 0x0000000085700000|  0%| F|  |TAMS 0x0000000085600000, 0x0000000085600000| Untracked 
|  57|0x0000000085700000, 0x0000000085700000, 0x0000000085800000|  0%| F|  |TAMS 0x0000000085700000, 0x0000000085700000| Untracked 
|  58|0x0000000085800000, 0x0000000085800000, 0x0000000085900000|  0%| F|  |TAMS 0x0000000085800000, 0x0000000085800000| Untracked 
|  59|0x0000000085900000, 0x0000000085900000, 0x0000000085a00000|  0%| F|  |TAMS 0x0000000085900000, 0x0000000085900000| Untracked 
|  60|0x0000000085a00000, 0x0000000085a00000, 0x0000000085b00000|  0%| F|  |TAMS 0x0000000085a00000, 0x0000000085a00000| Untracked 
|  61|0x0000000085b00000, 0x0000000085b00000, 0x0000000085c00000|  0%| F|  |TAMS 0x0000000085b00000, 0x0000000085b00000| Untracked 
|  62|0x0000000085c00000, 0x0000000085c00000, 0x0000000085d00000|  0%| F|  |TAMS 0x0000000085c00000, 0x0000000085c00000| Untracked 
|  63|0x0000000085d00000, 0x0000000085d00000, 0x0000000085e00000|  0%| F|  |TAMS 0x0000000085d00000, 0x0000000085d00000| Untracked 
|  64|0x0000000085e00000, 0x0000000085e00000, 0x0000000085f00000|  0%| F|  |TAMS 0x0000000085e00000, 0x0000000085e00000| Untracked 
|  65|0x0000000085f00000, 0x0000000085f00000, 0x0000000086000000|  0%| F|  |TAMS 0x0000000085f00000, 0x0000000085f00000| Untracked 
|  66|0x0000000086000000, 0x0000000086000000, 0x0000000086100000|  0%| F|  |TAMS 0x0000000086000000, 0x0000000086000000| Untracked 
|  67|0x0000000086100000, 0x0000000086100000, 0x0000000086200000|  0%| F|  |TAMS 0x0000000086100000, 0x0000000086100000| Untracked 
|  68|0x0000000086200000, 0x0000000086200000, 0x0000000086300000|  0%| F|  |TAMS 0x0000000086200000, 0x0000000086200000| Untracked 
|  69|0x0000000086300000, 0x0000000086300000, 0x0000000086400000|  0%| F|  |TAMS 0x0000000086300000, 0x0000000086300000| Untracked 
|  70|0x0000000086400000, 0x0000000086400000, 0x0000000086500000|  0%| F|  |TAMS 0x0000000086400000, 0x0000000086400000| Untracked 
|  71|0x0000000086500000, 0x0000000086500000, 0x0000000086600000|  0%| F|  |TAMS 0x0000000086500000, 0x0000000086500000| Untracked 
|  72|0x0000000086600000, 0x0000000086600000, 0x0000000086700000|  0%| F|  |TAMS 0x0000000086600000, 0x0000000086600000| Untracked 
|  73|0x0000000086700000, 0x0000000086700000, 0x0000000086800000|  0%| F|  |TAMS 0x0000000086700000, 0x0000000086700000| Untracked 
|  74|0x0000000086800000, 0x0000000086800000, 0x0000000086900000|  0%| F|  |TAMS 0x0000000086800000, 0x0000000086800000| Untracked 
|  75|0x0000000086900000, 0x0000000086900000, 0x0000000086a00000|  0%| F|  |TAMS 0x0000000086900000, 0x0000000086900000| Untracked 
|  76|0x0000000086a00000, 0x0000000086a00000, 0x0000000086b00000|  0%| F|  |TAMS 0x0000000086a00000, 0x0000000086a00000| Untracked 
|  77|0x0000000086b00000, 0x0000000086b00000, 0x0000000086c00000|  0%| F|  |TAMS 0x0000000086b00000, 0x0000000086b00000| Untracked 
|  78|0x0000000086c00000, 0x0000000086c00000, 0x0000000086d00000|  0%| F|  |TAMS 0x0000000086c00000, 0x0000000086c00000| Untracked 
|  79|0x0000000086d00000, 0x0000000086d00000, 0x0000000086e00000|  0%| F|  |TAMS 0x0000000086d00000, 0x0000000086d00000| Untracked 
|  80|0x0000000086e00000, 0x0000000086e00000, 0x0000000086f00000|  0%| F|  |TAMS 0x0000000086e00000, 0x0000000086e00000| Untracked 
|  81|0x0000000086f00000, 0x0000000086f00000, 0x0000000087000000|  0%| F|  |TAMS 0x0000000086f00000, 0x0000000086f00000| Untracked 
|  82|0x0000000087000000, 0x0000000087000000, 0x0000000087100000|  0%| F|  |TAMS 0x0000000087000000, 0x0000000087000000| Untracked 
|  83|0x0000000087100000, 0x0000000087100000, 0x0000000087200000|  0%| F|  |TAMS 0x0000000087100000, 0x0000000087100000| Untracked 
|  84|0x0000000087200000, 0x0000000087200000, 0x0000000087300000|  0%| F|  |TAMS 0x0000000087200000, 0x0000000087200000| Untracked 
|  85|0x0000000087300000, 0x0000000087300000, 0x0000000087400000|  0%| F|  |TAMS 0x0000000087300000, 0x0000000087300000| Untracked 
|  86|0x0000000087400000, 0x0000000087400000, 0x0000000087500000|  0%| F|  |TAMS 0x0000000087400000, 0x0000000087400000| Untracked 
|  87|0x0000000087500000, 0x0000000087500000, 0x0000000087600000|  0%| F|  |TAMS 0x0000000087500000, 0x0000000087500000| Untracked 
|  88|0x0000000087600000, 0x0000000087600000, 0x0000000087700000|  0%| F|  |TAMS 0x0000000087600000, 0x0000000087600000| Untracked 
|  89|0x0000000087700000, 0x0000000087700000, 0x0000000087800000|  0%| F|  |TAMS 0x0000000087700000, 0x0000000087700000| Untracked 
|  90|0x0000000087800000, 0x0000000087800000, 0x0000000087900000|  0%| F|  |TAMS 0x0000000087800000, 0x0000000087800000| Untracked 
|  91|0x0000000087900000, 0x0000000087900000, 0x0000000087a00000|  0%| F|  |TAMS 0x0000000087900000, 0x0000000087900000| Untracked 
|  92|0x0000000087a00000, 0x0000000087a96060, 0x0000000087b00000| 58%| E|  |TAMS 0x0000000087a00000, 0x0000000087a00000| Complete 
|  93|0x0000000087b00000, 0x0000000087c00000, 0x0000000087c00000|100%| E|CS|TAMS 0x0000000087b00000, 0x0000000087b00000| Complete 
|  94|0x0000000087c00000, 0x0000000087d00000, 0x0000000087d00000|100%| E|CS|TAMS 0x0000000087c00000, 0x0000000087c00000| Complete 
|  95|0x0000000087d00000, 0x0000000087e00000, 0x0000000087e00000|100%| E|CS|TAMS 0x0000000087d00000, 0x0000000087d00000| Complete 
|  96|0x0000000087e00000, 0x0000000087f00000, 0x0000000087f00000|100%| E|CS|TAMS 0x0000000087e00000, 0x0000000087e00000| Complete 
|  97|0x0000000087f00000, 0x0000000088000000, 0x0000000088000000|100%| E|CS|TAMS 0x0000000087f00000, 0x0000000087f00000| Complete 
|  98|0x0000000088000000, 0x0000000088100000, 0x0000000088100000|100%| E|CS|TAMS 0x0000000088000000, 0x0000000088000000| Complete 
|  99|0x0000000088100000, 0x0000000088200000, 0x0000000088200000|100%| E|CS|TAMS 0x0000000088100000, 0x0000000088100000| Complete 
| 100|0x0000000088200000, 0x0000000088300000, 0x0000000088300000|100%| E|CS|TAMS 0x0000000088200000, 0x0000000088200000| Complete 
| 101|0x0000000088300000, 0x0000000088400000, 0x0000000088400000|100%| E|CS|TAMS 0x0000000088300000, 0x0000000088300000| Complete 
| 102|0x0000000088400000, 0x0000000088500000, 0x0000000088500000|100%| E|CS|TAMS 0x0000000088400000, 0x0000000088400000| Complete 
| 103|0x0000000088500000, 0x0000000088600000, 0x0000000088600000|100%| E|CS|TAMS 0x0000000088500000, 0x0000000088500000| Complete 
| 104|0x0000000088600000, 0x0000000088700000, 0x0000000088700000|100%| E|CS|TAMS 0x0000000088600000, 0x0000000088600000| Complete 
| 105|0x0000000088700000, 0x0000000088800000, 0x0000000088800000|100%| E|CS|TAMS 0x0000000088700000, 0x0000000088700000| Complete 
| 106|0x0000000088800000, 0x0000000088900000, 0x0000000088900000|100%| S|CS|TAMS 0x0000000088800000, 0x0000000088800000| Complete 
| 107|0x0000000088900000, 0x0000000088a00000, 0x0000000088a00000|100%| S|CS|TAMS 0x0000000088900000, 0x0000000088900000| Complete 
| 108|0x0000000088a00000, 0x0000000088b00000, 0x0000000088b00000|100%| S|CS|TAMS 0x0000000088a00000, 0x0000000088a00000| Complete 
| 109|0x0000000088b00000, 0x0000000088c00000, 0x0000000088c00000|100%| E|CS|TAMS 0x0000000088b00000, 0x0000000088b00000| Complete 
| 110|0x0000000088c00000, 0x0000000088d00000, 0x0000000088d00000|100%| E|CS|TAMS 0x0000000088c00000, 0x0000000088c00000| Complete 
| 111|0x0000000088d00000, 0x0000000088e00000, 0x0000000088e00000|100%| E|CS|TAMS 0x0000000088d00000, 0x0000000088d00000| Complete 
| 112|0x0000000088e00000, 0x0000000088f00000, 0x0000000088f00000|100%| E|CS|TAMS 0x0000000088e00000, 0x0000000088e00000| Complete 
| 113|0x0000000088f00000, 0x0000000089000000, 0x0000000089000000|100%| E|CS|TAMS 0x0000000088f00000, 0x0000000088f00000| Complete 
| 114|0x0000000089000000, 0x0000000089100000, 0x0000000089100000|100%| E|  |TAMS 0x0000000089000000, 0x0000000089000000| Complete 
| 115|0x0000000089100000, 0x0000000089200000, 0x0000000089200000|100%| E|CS|TAMS 0x0000000089100000, 0x0000000089100000| Complete 
| 116|0x0000000089200000, 0x0000000089300000, 0x0000000089300000|100%| E|CS|TAMS 0x0000000089200000, 0x0000000089200000| Complete 
| 117|0x0000000089300000, 0x0000000089400000, 0x0000000089400000|100%| E|CS|TAMS 0x0000000089300000, 0x0000000089300000| Complete 
| 118|0x0000000089400000, 0x0000000089500000, 0x0000000089500000|100%| E|CS|TAMS 0x0000000089400000, 0x0000000089400000| Complete 
| 119|0x0000000089500000, 0x0000000089600000, 0x0000000089600000|100%| E|CS|TAMS 0x0000000089500000, 0x0000000089500000| Complete 
| 120|0x0000000089600000, 0x0000000089700000, 0x0000000089700000|100%| E|CS|TAMS 0x0000000089600000, 0x0000000089600000| Complete 
| 121|0x0000000089700000, 0x0000000089800000, 0x0000000089800000|100%| E|CS|TAMS 0x0000000089700000, 0x0000000089700000| Complete 
| 122|0x0000000089800000, 0x0000000089900000, 0x0000000089900000|100%| E|CS|TAMS 0x0000000089800000, 0x0000000089800000| Complete 
| 123|0x0000000089900000, 0x0000000089a00000, 0x0000000089a00000|100%| E|CS|TAMS 0x0000000089900000, 0x0000000089900000| Complete 
| 124|0x0000000089a00000, 0x0000000089b00000, 0x0000000089b00000|100%| E|CS|TAMS 0x0000000089a00000, 0x0000000089a00000| Complete 
| 125|0x0000000089b00000, 0x0000000089c00000, 0x0000000089c00000|100%| E|CS|TAMS 0x0000000089b00000, 0x0000000089b00000| Complete 
| 126|0x0000000089c00000, 0x0000000089d00000, 0x0000000089d00000|100%| E|CS|TAMS 0x0000000089c00000, 0x0000000089c00000| Complete 
| 127|0x0000000089d00000, 0x0000000089e00000, 0x0000000089e00000|100%| E|CS|TAMS 0x0000000089d00000, 0x0000000089d00000| Complete 

Card table byte_map: [0x0000022161e20000,0x0000022162220000] _byte_map_base: 0x0000022161a11000

Marking Bits (Prev, Next): (CMBitMap*) 0x00000221493823c0, (CMBitMap*) 0x0000022149382400
 Prev Bits: [0x0000022162620000, 0x00000221645a8000)
 Next Bits: [0x00000221645b0000, 0x0000022166538000)

Polling page: 0x0000022149180000

Metaspace:

Usage:
  Non-class:     13.29 MB used.
      Class:      2.24 MB used.
       Both:     15.53 MB used.

Virtual space:
  Non-class space:       64.00 MB reserved,      13.44 MB ( 21%) committed,  1 nodes.
      Class space:        1.00 GB reserved,       2.44 MB ( <1%) committed,  1 nodes.
             Both:        1.06 GB reserved,      15.88 MB (  1%) committed. 

Chunk freelists:
   Non-Class:  1.91 MB
       Class:  1.56 MB
        Both:  3.47 MB

MaxMetaspaceSize: unlimited
CompressedClassSpaceSize: 1.00 GB
Initial GC threshold: 21.00 MB
Current GC threshold: 21.00 MB
CDS: on
MetaspaceReclaimPolicy: balanced
 - commit_granule_bytes: 65536.
 - commit_granule_words: 8192.
 - virtual_space_node_default_size: 8388608.
 - enlarge_chunks_in_place: 1.
 - new_chunks_are_fully_committed: 0.
 - uncommit_free_chunks: 1.
 - use_allocation_guard: 0.


Internal statistics:

num_allocs_failed_limit: 0.
num_arena_births: 332.
num_arena_deaths: 0.
num_vsnodes_births: 2.
num_vsnodes_deaths: 0.
num_space_committed: 254.
num_space_uncommitted: 0.
num_chunks_returned_to_freelist: 0.
num_chunks_taken_from_freelist: 831.
num_chunk_merges: 0.
num_chunk_splits: 582.
num_chunks_enlarged: 445.
num_inconsistent_stats: 0.

CodeHeap 'non-profiled nmethods': size=120000Kb used=918Kb max_used=918Kb free=119081Kb
 bounds [0x0000022159ed0000, 0x000002215a140000, 0x0000022161400000]
CodeHeap 'profiled nmethods': size=120000Kb used=4573Kb max_used=4573Kb free=115426Kb
 bounds [0x00000221529a0000, 0x0000022152e20000, 0x0000022159ed0000]
CodeHeap 'non-nmethods': size=5760Kb used=1441Kb max_used=1474Kb free=4318Kb
 bounds [0x0000022152400000, 0x0000022152670000, 0x00000221529a0000]
 total_blobs=3288 nmethods=2496 adapters=704
 compilation: enabled
              stopped_count=0, restarted_count=0
 full_count=0

Compilation events (20 events):
Event: 6.688 Thread 0x0000022168b81d70 nmethod 2488 0x0000022152e15490 code [0x0000022152e15620, 0x0000022152e157d8]
Event: 6.704 Thread 0x0000022168b81d70 2489       3       com.sun.javafx.collections.VetoableListDecorator$VetoableIteratorDecorator::next (31 bytes)
Event: 6.704 Thread 0x0000022168b81d70 nmethod 2489 0x0000022152e15890 code [0x0000022152e15a60, 0x0000022152e15e78]
Event: 6.720 Thread 0x0000022168b81d70 2490       1       com.sun.javafx.tk.quantum.GlassScene::getStage (5 bytes)
Event: 6.720 Thread 0x0000022168b81d70 nmethod 2490 0x0000022159fb4c10 code [0x0000022159fb4da0, 0x0000022159fb4e78]
Event: 6.720 Thread 0x0000022168b81d70 2491       1       javafx.scene.input.MouseEvent::getPickResult (5 bytes)
Event: 6.720 Thread 0x0000022168b81d70 nmethod 2491 0x0000022159fb4f10 code [0x0000022159fb50a0, 0x0000022159fb5178]
Event: 6.728 Thread 0x0000022168b81d70 2492       3       com.sun.javafx.tk.Toolkit::isFxUserThread (15 bytes)
Event: 6.728 Thread 0x0000022168b81d70 nmethod 2492 0x0000022152e16090 code [0x0000022152e16220, 0x0000022152e163b8]
Event: 6.896 Thread 0x0000022168b81d70 2493       3       com.sun.javafx.event.CompositeEventDispatcher::dispatchBubblingEvent (35 bytes)
Event: 6.896 Thread 0x0000022168b81d70 nmethod 2493 0x0000022152e16490 code [0x0000022152e16660, 0x0000022152e16ab8]
Event: 6.896 Thread 0x0000022168b81d70 2494       3       com.sun.javafx.event.EventHandlerManager::dispatchBubblingEvent (23 bytes)
Event: 6.897 Thread 0x0000022168b81d70 nmethod 2494 0x0000022152e16c10 code [0x0000022152e16dc0, 0x0000022152e170b8]
Event: 7.008 Thread 0x0000022168b2a860 2495       4       com.sun.javafx.scene.NodeHelper::getHelper (59 bytes)
Event: 7.009 Thread 0x0000022168b2a860 nmethod 2495 0x0000022159fb5210 code [0x0000022159fb53a0, 0x0000022159fb5478]
Event: 7.072 Thread 0x0000022168b81d70 2496       3       com.sun.javafx.event.EventDispatchChainImpl::insertFirst (42 bytes)
Event: 7.072 Thread 0x0000022168b81d70 nmethod 2496 0x0000022152e17210 code [0x0000022152e173c0, 0x0000022152e17698]
Event: 9.575 Thread 0x0000022168b2a860 2497       4       jdk.internal.org.objectweb.asm.MethodWriter::visitCode (1 bytes)
Event: 9.575 Thread 0x0000022168b2a860 nmethod 2497 0x0000022159fb5590 code [0x0000022159fb5700, 0x0000022159fb5778]
Event: 9.576 Thread 0x0000022168b81d70 2498       3       com.sun.javafx.font.FontStrikeDesc::hashCode (68 bytes)

GC Heap History (4 events):
Event: 1.043 GC heap before
{Heap before GC invocations=0 (full 0):
 garbage-first heap   total 131072K, used 13312K [0x0000000081e00000, 0x0000000100000000)
  region size 1024K, 13 young (13312K), 0 survivors (0K)
 Metaspace       used 2819K, committed 3008K, reserved 1114112K
  class space    used 295K, committed 384K, reserved 1048576K
}
Event: 1.047 GC heap after
{Heap after GC invocations=1 (full 0):
 garbage-first heap   total 131072K, used 1809K [0x0000000081e00000, 0x0000000100000000)
  region size 1024K, 2 young (2048K), 2 survivors (2048K)
 Metaspace       used 2819K, committed 3008K, reserved 1114112K
  class space    used 295K, committed 384K, reserved 1048576K
}
Event: 1.636 GC heap before
{Heap before GC invocations=1 (full 0):
 garbage-first heap   total 131072K, used 18193K [0x0000000081e00000, 0x0000000100000000)
  region size 1024K, 19 young (19456K), 2 survivors (2048K)
 Metaspace       used 8222K, committed 8448K, reserved 1114112K
  class space    used 1011K, committed 1152K, reserved 1048576K
}
Event: 1.643 GC heap after
{Heap after GC invocations=2 (full 0):
 garbage-first heap   total 131072K, used 4961K [0x0000000081e00000, 0x0000000100000000)
  region size 1024K, 3 young (3072K), 3 survivors (3072K)
 Metaspace       used 8222K, committed 8448K, reserved 1114112K
  class space    used 1011K, committed 1152K, reserved 1048576K
}

Deoptimization events (20 events):
Event: 2.334 Thread 0x000002216d893b00 Uncommon trap: trap_request=0xffffff45 fr.pc=0x0000022159f1243c relative=0x000000000000019c
Event: 2.334 Thread 0x000002216d893b00 Uncommon trap: reason=unstable_if action=reinterpret pc=0x0000022159f1243c method=java.lang.String.indexOf(II)I @ 4 c2
Event: 2.334 Thread 0x000002216d893b00 DEOPT PACKING pc=0x0000022159f1243c sp=0x000000a37a4fd9c0
Event: 2.334 Thread 0x000002216d893b00 DEOPT UNPACKING pc=0x00000221524523a3 sp=0x000000a37a4fd960 mode 2
Event: 2.995 Thread 0x000002216d6afea0 DEOPT PACKING pc=0x0000022152c9b381 sp=0x000000a379cfda20
Event: 2.995 Thread 0x000002216d6afea0 DEOPT UNPACKING pc=0x0000022152452b43 sp=0x000000a379cfce88 mode 0
Event: 2.995 Thread 0x000002216d6afea0 DEOPT PACKING pc=0x0000022152c9b381 sp=0x000000a379cfda20
Event: 2.995 Thread 0x000002216d6afea0 DEOPT UNPACKING pc=0x0000022152452b43 sp=0x000000a379cfce88 mode 0
Event: 3.090 Thread 0x000002216d6afea0 DEOPT PACKING pc=0x0000022152c9b2c4 sp=0x000000a379cfda20
Event: 3.090 Thread 0x000002216d6afea0 DEOPT UNPACKING pc=0x0000022152452b43 sp=0x000000a379cfce78 mode 0
Event: 3.091 Thread 0x000002216d6afea0 DEOPT PACKING pc=0x0000022152c9b2c4 sp=0x000000a379cfda20
Event: 3.091 Thread 0x000002216d6afea0 DEOPT UNPACKING pc=0x0000022152452b43 sp=0x000000a379cfce78 mode 0
Event: 3.093 Thread 0x000002216d6afea0 DEOPT PACKING pc=0x0000022152c9b2c4 sp=0x000000a379cfda20
Event: 3.093 Thread 0x000002216d6afea0 DEOPT UNPACKING pc=0x0000022152452b43 sp=0x000000a379cfce78 mode 0
Event: 3.093 Thread 0x000002216d6afea0 DEOPT PACKING pc=0x0000022152c9b381 sp=0x000000a379cfda20
Event: 3.093 Thread 0x000002216d6afea0 DEOPT UNPACKING pc=0x0000022152452b43 sp=0x000000a379cfce88 mode 0
Event: 3.093 Thread 0x000002216d6afea0 DEOPT PACKING pc=0x0000022152c9b381 sp=0x000000a379cfda20
Event: 3.093 Thread 0x000002216d6afea0 DEOPT UNPACKING pc=0x0000022152452b43 sp=0x000000a379cfce88 mode 0
Event: 3.774 Thread 0x000002216d893b00 DEOPT PACKING pc=0x0000022152bd44d6 sp=0x000000a37a4fb740
Event: 3.774 Thread 0x000002216d893b00 DEOPT UNPACKING pc=0x0000022152452b43 sp=0x000000a37a4fabe0 mode 0

Classes loaded (20 events):
Event: 3.687 Loading class java/util/Button
Event: 3.687 Loading class java/util/Button done
Event: 3.916 Loading class java/lang/FdLibm$Hypot
Event: 3.916 Loading class java/lang/FdLibm$Hypot done
Event: 3.916 Loading class java/lang/FdLibm
Event: 3.916 Loading class java/lang/FdLibm done
Event: 6.260 Loading class java/lang/AnchorPane
Event: 6.260 Loading class java/lang/AnchorPane done
Event: 6.260 Loading class java/util/AnchorPane
Event: 6.260 Loading class java/util/AnchorPane done
Event: 6.262 Loading class java/lang/Label
Event: 6.262 Loading class java/lang/Label done
Event: 6.263 Loading class java/util/Label
Event: 6.263 Loading class java/util/Label done
Event: 6.278 Loading class java/lang/Button
Event: 6.278 Loading class java/lang/Button done
Event: 6.278 Loading class java/util/Button
Event: 6.278 Loading class java/util/Button done
Event: 9.570 Loading class jdk/internal/misc/Signal$1
Event: 9.570 Loading class jdk/internal/misc/Signal$1 done

Classes unloaded (0 events):
No events

Classes redefined (0 events):
No events

Internal exceptions (20 events):
Event: 1.929 Thread 0x000002216d893b00 Exception <a 'java/lang/NoSuchMethodError'{0x0000000089730040}: 'void java.lang.invoke.DirectMethodHandle$Holder.invokeSpecial(java.lang.Object, java.lang.Object, int)'> (0x0000000089730040) 
thrown [t:\workspace\open\src\hotspot\share\interpreter\linkResolver.cpp, line 766]
Event: 1.930 Thread 0x000002216d893b00 Exception <a 'java/lang/NoSuchMethodError'{0x00000000897345e0}: 'int java.lang.invoke.DirectMethodHandle$Holder.invokeSpecial(java.lang.Object, java.lang.Object, java.lang.Object, int)'> (0x00000000897345e0) 
thrown [t:\workspace\open\src\hotspot\share\interpreter\linkResolver.cpp, line 766]
Event: 1.933 Thread 0x000002216d893b00 Exception <a 'java/lang/NoSuchMethodError'{0x000000008973ecc8}: 'void java.lang.invoke.DelegatingMethodHandle$Holder.reinvoke_L(java.lang.Object, java.lang.Object, int)'> (0x000000008973ecc8) 
thrown [t:\workspace\open\src\hotspot\share\interpreter\linkResolver.cpp, line 766]
Event: 1.935 Thread 0x000002216d893b00 Exception <a 'java/lang/NoSuchMethodError'{0x0000000089745ff0}: 'int java.lang.invoke.DirectMethodHandle$Holder.invokeSpecial(java.lang.Object, java.lang.Object, java.lang.Object)'> (0x0000000089745ff0) 
thrown [t:\workspace\open\src\hotspot\share\interpreter\linkResolver.cpp, line 766]
Event: 1.985 Thread 0x000002216d893b00 Exception <a 'sun/nio/fs/WindowsException'{0x0000000089638878}> (0x0000000089638878) 
thrown [t:\workspace\open\src\hotspot\share\prims\jni.cpp, line 516]
Event: 2.021 Thread 0x000002216d893b00 Implicit null exception at 0x0000022159f3f7d3 to 0x0000022159f3fe84
Event: 2.064 Thread 0x000002216d893b00 Implicit null exception at 0x0000022159f3d3d3 to 0x0000022159f3da88
Event: 2.251 Thread 0x000002216d893b00 Exception <a 'java/lang/NoSuchMethodError'{0x00000000891e1710}: 'java.lang.Object java.lang.invoke.DirectMethodHandle$Holder.invokeInterface(java.lang.Object, java.lang.Object, java.lang.Object)'> (0x00000000891e1710) 
thrown [t:\workspace\open\src\hotspot\share\interpreter\linkResolver.cpp, line 766]
Event: 2.251 Thread 0x000002216d893b00 Exception <a 'java/lang/IncompatibleClassChangeError'{0x00000000891e5090}: Found class java.lang.Object, but interface was expected> (0x00000000891e5090) 
thrown [t:\workspace\open\src\hotspot\share\interpreter\linkResolver.cpp, line 833]
Event: 2.317 Thread 0x000002216d893b00 Exception <a 'java/lang/NoSuchMethodError'{0x00000000890f3818}: 'int java.lang.invoke.DirectMethodHandle$Holder.invokeSpecial(java.lang.Object, java.lang.Object, int)'> (0x00000000890f3818) 
thrown [t:\workspace\open\src\hotspot\share\interpreter\linkResolver.cpp, line 766]
Event: 2.344 Thread 0x000002216d893b00 Exception <a 'java/lang/NoSuchMethodError'{0x0000000088f86d60}: 'java.lang.Object java.lang.invoke.DirectMethodHandle$Holder.newInvokeSpecial(java.lang.Object, java.lang.Object, int)'> (0x0000000088f86d60) 
thrown [t:\workspace\open\src\hotspot\share\interpreter\linkResolver.cpp, line 766]
Event: 2.376 Thread 0x000002216d6afea0 Exception <a 'java/lang/NoSuchMethodError'{0x0000000088e16308}: 'int java.lang.invoke.DirectMethodHandle$Holder.invokeStaticInit(java.lang.Object, java.lang.Object)'> (0x0000000088e16308) 
thrown [t:\workspace\open\src\hotspot\share\interpreter\linkResolver.cpp, line 766]
Event: 3.280 Thread 0x000002216d893b00 Exception <a 'java/lang/NoSuchMethodError'{0x0000000088bb75d0}: 'long java.lang.invoke.DirectMethodHandle$Holder.invokeStatic(java.lang.Object, java.lang.Object, java.lang.Object)'> (0x0000000088bb75d0) 
thrown [t:\workspace\open\src\hotspot\share\interpreter\linkResolver.cpp, line 766]
Event: 3.281 Thread 0x000002216d893b00 Exception <a 'java/lang/NoSuchMethodError'{0x0000000088bbad70}: 'long java.lang.invoke.DirectMethodHandle$Holder.invokeStaticInit(java.lang.Object, java.lang.Object, java.lang.Object)'> (0x0000000088bbad70) 
thrown [t:\workspace\open\src\hotspot\share\interpreter\linkResolver.cpp, line 766]
Event: 3.285 Thread 0x000002216d893b00 Exception <a 'java/lang/NoSuchMethodError'{0x0000000088bd33b8}: 'java.lang.Object java.lang.invoke.DirectMethodHandle$Holder.newInvokeSpecial(java.lang.Object, java.lang.Object, long)'> (0x0000000088bd33b8) 
thrown [t:\workspace\open\src\hotspot\share\interpreter\linkResolver.cpp, line 766]
Event: 3.285 Thread 0x000002216d893b00 Exception <a 'java/lang/NoSuchMethodError'{0x0000000088bd6f30}: 'java.lang.Object java.lang.invoke.Invokers$Holder.linkToTargetMethod(java.lang.Object, long, java.lang.Object)'> (0x0000000088bd6f30) 
thrown [t:\workspace\open\src\hotspot\share\interpreter\linkResolver.cpp, line 766]
Event: 3.773 Thread 0x000002216d893b00 Exception <a 'java/lang/ClassNotFoundException'{0x00000000885c9c60}: com/sun/javafx/scene/control/skin/resources/controls> (0x00000000885c9c60) 
thrown [t:\workspace\open\src\hotspot\share\prims\jni.cpp, line 535]
Event: 3.777 Thread 0x000002216d893b00 Exception <a 'java/lang/ClassNotFoundException'{0x00000000885d7ed0}: com/sun/javafx/scene/control/skin/resources/controls_ru> (0x00000000885d7ed0) 
thrown [t:\workspace\open\src\hotspot\share\prims\jni.cpp, line 535]
Event: 3.777 Thread 0x000002216d893b00 Exception <a 'java/lang/ClassNotFoundException'{0x00000000885d9138}: com/sun/javafx/scene/control/skin/resources/controls_ru_RU> (0x00000000885d9138) 
thrown [t:\workspace\open\src\hotspot\share\prims\jni.cpp, line 535]
Event: 3.856 Thread 0x000002216d893b00 Exception <a 'java/lang/NoSuchMethodError'{0x00000000883a4548}: 'void java.lang.invoke.DirectMethodHandle$Holder.invokeSpecial(java.lang.Object, java.lang.Object, java.lang.Object, java.lang.Object, java.lang.Object, java.lang.Object)'> (0x00000000883a4548) 
thrown [t:\workspace\open\src\hotspot\share\interpreter\linkResolver.cpp, line 766]

VM Operations (20 events):
Event: 1.613 Executing VM operation: HandshakeAllThreads done
Event: 1.636 Executing VM operation: G1CollectForAllocation
Event: 1.643 Executing VM operation: G1CollectForAllocation done
Event: 1.760 Executing VM operation: HandshakeAllThreads
Event: 1.760 Executing VM operation: HandshakeAllThreads done
Event: 2.505 Executing VM operation: ICBufferFull
Event: 2.505 Executing VM operation: ICBufferFull done
Event: 3.576 Executing VM operation: Cleanup
Event: 3.580 Executing VM operation: Cleanup done
Event: 3.668 Executing VM operation: HandshakeAllThreads
Event: 3.668 Executing VM operation: HandshakeAllThreads done
Event: 4.172 Executing VM operation: ICBufferFull
Event: 4.172 Executing VM operation: ICBufferFull done
Event: 5.172 Executing VM operation: Cleanup
Event: 5.173 Executing VM operation: Cleanup done
Event: 6.173 Executing VM operation: Cleanup
Event: 6.174 Executing VM operation: Cleanup done
Event: 7.174 Executing VM operation: Cleanup
Event: 7.174 Executing VM operation: Cleanup done
Event: 9.576 Executing VM operation: Exit

Events (20 events):
Event: 0.970 Loaded shared library C:\Users\nikik\.openjfx\cache\18-ea+6\vcruntime140_1.dll
Event: 0.984 Loaded shared library C:\Users\nikik\.openjfx\cache\18-ea+6\msvcp140.dll
Event: 1.041 Thread 0x000002216d6afea0 Thread added: 0x000002216d6afea0
Event: 1.065 Loaded shared library C:\Users\nikik\.openjfx\cache\18-ea+6\prism_d3d.dll
Event: 1.139 Loaded shared library C:\Users\nikik\.openjfx\cache\18-ea+6\glass.dll
Event: 1.142 Thread 0x000002216d8957e0 Thread added: 0x000002216d8957e0
Event: 1.149 Thread 0x000002216d893b00 Thread added: 0x000002216d893b00
Event: 1.262 Thread 0x000002216d893160 Thread added: 0x000002216d893160
Event: 1.276 Thread 0x000002216d896b20 Thread added: 0x000002216d896b20
Event: 1.324 Loaded shared library C:\Users\nikik\.jdks\openjdk-18-1\bin\jimage.dll
Event: 1.448 Thread 0x0000022171eb9e80 Thread added: 0x0000022171eb9e80
Event: 1.605 Loaded shared library C:\Users\nikik\.openjfx\cache\18-ea+6\javafx_font.dll
Event: 2.167 Thread 0x0000022171eb9e80 Thread exited: 0x0000022171eb9e80
Event: 2.236 Thread 0x000002216d8944a0 Thread added: 0x000002216d8944a0
Event: 2.451 Thread 0x0000022172013ab0 Thread added: 0x0000022172013ab0
Event: 9.570 Thread 0x0000022172012770 Thread added: 0x0000022172012770
Event: 9.571 Thread 0x0000022172014df0 Thread added: 0x0000022172014df0
Event: 9.571 Thread 0x0000022172014920 Thread added: 0x0000022172014920
Event: 9.574 Thread 0x0000022172014df0 Thread exited: 0x0000022172014df0
Event: 9.576 Thread 0x0000022168b26260 Thread exited: 0x0000022168b26260


Dynamic libraries:
0x00007ff6478b0000 - 0x00007ff6478be000 	C:\Users\nikik\.jdks\openjdk-18-1\bin\java.exe
0x00007fff46790000 - 0x00007fff46985000 	C:\WINDOWS\SYSTEM32\ntdll.dll
0x00007fff44f90000 - 0x00007fff4504e000 	C:\WINDOWS\System32\KERNEL32.DLL
0x00007fff44250000 - 0x00007fff44518000 	C:\WINDOWS\System32\KERNELBASE.dll
0x00007fff44650000 - 0x00007fff44750000 	C:\WINDOWS\System32\ucrtbase.dll
0x00007fff3e030000 - 0x00007fff3e04a000 	C:\Users\nikik\.jdks\openjdk-18-1\bin\VCRUNTIME140.dll
0x00007fff3f430000 - 0x00007fff3f447000 	C:\Users\nikik\.jdks\openjdk-18-1\bin\jli.dll
0x00007fff46550000 - 0x00007fff466f0000 	C:\WINDOWS\System32\USER32.dll
0x00007fff44520000 - 0x00007fff44542000 	C:\WINDOWS\System32\win32u.dll
0x00007fff44800000 - 0x00007fff4482b000 	C:\WINDOWS\System32\GDI32.dll
0x00007fff44140000 - 0x00007fff4424b000 	C:\WINDOWS\System32\gdi32full.dll
0x00007fff2ecc0000 - 0x00007fff2ef5a000 	C:\WINDOWS\WinSxS\amd64_microsoft.windows.common-controls_6595b64144ccf1df_6.0.19041.1110_none_60b5254171f9507e\COMCTL32.dll
0x00007fff43f40000 - 0x00007fff43fdd000 	C:\WINDOWS\System32\msvcp_win.dll
0x00007fff44d90000 - 0x00007fff44e2e000 	C:\WINDOWS\System32\msvcrt.dll
0x00007fff457a0000 - 0x00007fff457d0000 	C:\WINDOWS\System32\IMM32.DLL
0x00007fff3f7d0000 - 0x00007fff3f7dc000 	C:\Users\nikik\.jdks\openjdk-18-1\bin\vcruntime140_1.dll
0x00007fff336c0000 - 0x00007fff3374d000 	C:\Users\nikik\.jdks\openjdk-18-1\bin\msvcp140.dll
0x00007ffed57d0000 - 0x00007ffed63e1000 	C:\Users\nikik\.jdks\openjdk-18-1\bin\server\jvm.dll
0x00007fff45c90000 - 0x00007fff45d3e000 	C:\WINDOWS\System32\ADVAPI32.dll
0x00007fff45be0000 - 0x00007fff45c7c000 	C:\WINDOWS\System32\sechost.dll
0x00007fff462f0000 - 0x00007fff46415000 	C:\WINDOWS\System32\RPCRT4.dll
0x00007fff447f0000 - 0x00007fff447f8000 	C:\WINDOWS\System32\PSAPI.DLL
0x00007fff2b390000 - 0x00007fff2b399000 	C:\WINDOWS\SYSTEM32\WSOCK32.dll
0x00007fff46280000 - 0x00007fff462eb000 	C:\WINDOWS\System32\WS2_32.dll
0x00007fff3eeb0000 - 0x00007fff3eed7000 	C:\WINDOWS\SYSTEM32\WINMM.dll
0x00007fff38a20000 - 0x00007fff38a2a000 	C:\WINDOWS\SYSTEM32\VERSION.dll
0x00007fff42760000 - 0x00007fff42772000 	C:\WINDOWS\SYSTEM32\kernel.appcore.dll
0x00007fff3f460000 - 0x00007fff3f46a000 	C:\Users\nikik\.jdks\openjdk-18-1\bin\jimage.dll
0x00007fff42420000 - 0x00007fff42604000 	C:\WINDOWS\SYSTEM32\DBGHELP.DLL
0x00007fff289b0000 - 0x00007fff289dc000 	C:\WINDOWS\SYSTEM32\dbgcore.DLL
0x00007fff43eb0000 - 0x00007fff43f32000 	C:\WINDOWS\System32\bcryptPrimitives.dll
0x00007fff3e020000 - 0x00007fff3e02e000 	C:\Users\nikik\.jdks\openjdk-18-1\bin\instrument.dll
0x00007fff3dfd0000 - 0x00007fff3dff5000 	C:\Users\nikik\.jdks\openjdk-18-1\bin\java.dll
0x00007fff11700000 - 0x00007fff117d6000 	C:\Users\nikik\.jdks\openjdk-18-1\bin\jsvml.dll
0x00007fff45050000 - 0x00007fff45794000 	C:\WINDOWS\System32\SHELL32.dll
0x00007fff41bb0000 - 0x00007fff42344000 	C:\WINDOWS\SYSTEM32\windows.storage.dll
0x00007fff457d0000 - 0x00007fff45b24000 	C:\WINDOWS\System32\combase.dll
0x00007fff43830000 - 0x00007fff4385c000 	C:\WINDOWS\SYSTEM32\Wldp.dll
0x00007fff44a40000 - 0x00007fff44aed000 	C:\WINDOWS\System32\SHCORE.dll
0x00007fff44e30000 - 0x00007fff44e85000 	C:\WINDOWS\System32\shlwapi.dll
0x00007fff43df0000 - 0x00007fff43e0f000 	C:\WINDOWS\SYSTEM32\profapi.dll
0x00007fff3df40000 - 0x00007fff3df53000 	C:\Users\nikik\.jdks\openjdk-18-1\bin\net.dll
0x00007fff38670000 - 0x00007fff38779000 	C:\WINDOWS\SYSTEM32\WINHTTP.dll
0x00007fff43610000 - 0x00007fff4367a000 	C:\WINDOWS\system32\mswsock.dll
0x00007fff3bb00000 - 0x00007fff3bb16000 	C:\Users\nikik\.jdks\openjdk-18-1\bin\nio.dll
0x00007fff3bae0000 - 0x00007fff3baf8000 	C:\Users\nikik\.jdks\openjdk-18-1\bin\zip.dll
0x00007fff3bcb0000 - 0x00007fff3bcca000 	D:\Intelej\IntelliJ IDEA Community Edition 2022.1\bin\breakgen64.dll
0x00000221491d0000 - 0x00000221491d3000 	C:\Users\nikik\.openjfx\cache\18-ea+6\api-ms-win-core-console-l1-1-0.dll
0x00000221491e0000 - 0x00000221491e3000 	C:\Users\nikik\.openjfx\cache\18-ea+6\api-ms-win-core-console-l1-2-0.dll
0x0000022168be0000 - 0x0000022168be3000 	C:\Users\nikik\.openjfx\cache\18-ea+6\api-ms-win-core-datetime-l1-1-0.dll
0x0000022168bf0000 - 0x0000022168bf3000 	C:\Users\nikik\.openjfx\cache\18-ea+6\api-ms-win-core-debug-l1-1-0.dll
0x000002216d910000 - 0x000002216d913000 	C:\Users\nikik\.openjfx\cache\18-ea+6\api-ms-win-core-errorhandling-l1-1-0.dll
0x000002216d920000 - 0x000002216d924000 	C:\Users\nikik\.openjfx\cache\18-ea+6\api-ms-win-core-file-l1-1-0.dll
0x000002216d930000 - 0x000002216d933000 	C:\Users\nikik\.openjfx\cache\18-ea+6\api-ms-win-core-file-l1-2-0.dll
0x000002216d940000 - 0x000002216d943000 	C:\Users\nikik\.openjfx\cache\18-ea+6\api-ms-win-core-file-l2-1-0.dll
0x000002216d950000 - 0x000002216d953000 	C:\Users\nikik\.openjfx\cache\18-ea+6\api-ms-win-core-handle-l1-1-0.dll
0x000002216d960000 - 0x000002216d963000 	C:\Users\nikik\.openjfx\cache\18-ea+6\api-ms-win-core-heap-l1-1-0.dll
0x000002216d970000 - 0x000002216d973000 	C:\Users\nikik\.openjfx\cache\18-ea+6\api-ms-win-core-interlocked-l1-1-0.dll
0x000002216d980000 - 0x000002216d983000 	C:\Users\nikik\.openjfx\cache\18-ea+6\api-ms-win-core-libraryloader-l1-1-0.dll
0x000002216d990000 - 0x000002216d993000 	C:\Users\nikik\.openjfx\cache\18-ea+6\api-ms-win-core-localization-l1-2-0.dll
0x000002216d9a0000 - 0x000002216d9a3000 	C:\Users\nikik\.openjfx\cache\18-ea+6\api-ms-win-core-memory-l1-1-0.dll
0x000002216d9b0000 - 0x000002216d9b3000 	C:\Users\nikik\.openjfx\cache\18-ea+6\api-ms-win-core-namedpipe-l1-1-0.dll
0x000002216d9c0000 - 0x000002216d9c3000 	C:\Users\nikik\.openjfx\cache\18-ea+6\api-ms-win-core-processenvironment-l1-1-0.dll
0x000002216d9d0000 - 0x000002216d9d3000 	C:\Users\nikik\.openjfx\cache\18-ea+6\api-ms-win-core-processthreads-l1-1-0.dll
0x000002216d9e0000 - 0x000002216d9e3000 	C:\Users\nikik\.openjfx\cache\18-ea+6\api-ms-win-core-processthreads-l1-1-1.dll
0x000002216d9f0000 - 0x000002216d9f3000 	C:\Users\nikik\.openjfx\cache\18-ea+6\api-ms-win-core-profile-l1-1-0.dll
0x000002216da00000 - 0x000002216da03000 	C:\Users\nikik\.openjfx\cache\18-ea+6\api-ms-win-core-rtlsupport-l1-1-0.dll
0x000002216da10000 - 0x000002216da13000 	C:\Users\nikik\.openjfx\cache\18-ea+6\api-ms-win-core-string-l1-1-0.dll
0x000002216da20000 - 0x000002216da23000 	C:\Users\nikik\.openjfx\cache\18-ea+6\api-ms-win-core-synch-l1-1-0.dll
0x000002216da30000 - 0x000002216da33000 	C:\Users\nikik\.openjfx\cache\18-ea+6\api-ms-win-core-synch-l1-2-0.dll
0x000002216da40000 - 0x000002216da43000 	C:\Users\nikik\.openjfx\cache\18-ea+6\api-ms-win-core-sysinfo-l1-1-0.dll
0x000002216da50000 - 0x000002216da53000 	C:\Users\nikik\.openjfx\cache\18-ea+6\api-ms-win-core-timezone-l1-1-0.dll
0x000002216da60000 - 0x000002216da63000 	C:\Users\nikik\.openjfx\cache\18-ea+6\api-ms-win-core-util-l1-1-0.dll
0x000002216da70000 - 0x000002216da73000 	C:\Users\nikik\.openjfx\cache\18-ea+6\api-ms-win-crt-conio-l1-1-0.dll
0x000002216da80000 - 0x000002216da84000 	C:\Users\nikik\.openjfx\cache\18-ea+6\api-ms-win-crt-convert-l1-1-0.dll
0x000002216da90000 - 0x000002216da93000 	C:\Users\nikik\.openjfx\cache\18-ea+6\api-ms-win-crt-environment-l1-1-0.dll
0x000002216daa0000 - 0x000002216daa3000 	C:\Users\nikik\.openjfx\cache\18-ea+6\api-ms-win-crt-filesystem-l1-1-0.dll
0x000002216dab0000 - 0x000002216dab3000 	C:\Users\nikik\.openjfx\cache\18-ea+6\api-ms-win-crt-heap-l1-1-0.dll
0x000002216dac0000 - 0x000002216dac3000 	C:\Users\nikik\.openjfx\cache\18-ea+6\api-ms-win-crt-locale-l1-1-0.dll
0x000002216dad0000 - 0x000002216dad5000 	C:\Users\nikik\.openjfx\cache\18-ea+6\api-ms-win-crt-math-l1-1-0.dll
0x000002216dae0000 - 0x000002216dae5000 	C:\Users\nikik\.openjfx\cache\18-ea+6\api-ms-win-crt-multibyte-l1-1-0.dll
0x000002216daf0000 - 0x000002216db00000 	C:\Users\nikik\.openjfx\cache\18-ea+6\api-ms-win-crt-private-l1-1-0.dll
0x000002216db00000 - 0x000002216db03000 	C:\Users\nikik\.openjfx\cache\18-ea+6\api-ms-win-crt-process-l1-1-0.dll
0x000002216db10000 - 0x000002216db14000 	C:\Users\nikik\.openjfx\cache\18-ea+6\api-ms-win-crt-runtime-l1-1-0.dll
0x000002216db20000 - 0x000002216db24000 	C:\Users\nikik\.openjfx\cache\18-ea+6\api-ms-win-crt-stdio-l1-1-0.dll
0x000002216db30000 - 0x000002216db34000 	C:\Users\nikik\.openjfx\cache\18-ea+6\api-ms-win-crt-string-l1-1-0.dll
0x000002216db40000 - 0x000002216db43000 	C:\Users\nikik\.openjfx\cache\18-ea+6\api-ms-win-crt-time-l1-1-0.dll
0x000002216db50000 - 0x000002216db53000 	C:\Users\nikik\.openjfx\cache\18-ea+6\api-ms-win-crt-utility-l1-1-0.dll
0x00007fff01150000 - 0x00007fff0124c000 	C:\Users\nikik\.openjfx\cache\18-ea+6\ucrtbase.dll
0x00007fff2e730000 - 0x00007fff2e74a000 	C:\Users\nikik\.openjfx\cache\18-ea+6\vcruntime140.dll
0x00007fff3df70000 - 0x00007fff3df7c000 	C:\Users\nikik\.openjfx\cache\18-ea+6\vcruntime140_1.dll
0x00007fff0c3c0000 - 0x00007fff0c44d000 	C:\Users\nikik\.openjfx\cache\18-ea+6\msvcp140.dll
0x00007fff120e0000 - 0x00007fff1210a000 	C:\Users\nikik\.openjfx\cache\18-ea+6\prism_d3d.dll
0x00007fff32f80000 - 0x00007fff3314f000 	C:\WINDOWS\system32\d3d9.dll
0x00007fff415e0000 - 0x00007fff4160f000 	C:\WINDOWS\SYSTEM32\dwmapi.dll
0x00007fff414d0000 - 0x00007fff4156e000 	C:\WINDOWS\system32\uxtheme.dll
0x00007ffefe110000 - 0x00007ffefe277000 	C:\WINDOWS\System32\DriverStore\FileRepository\iigd_dch.inf_amd64_7235e197535e8934\igdumdim64.dll
0x00007fff46420000 - 0x00007fff4654a000 	C:\WINDOWS\System32\ole32.dll
0x00007ffec4a60000 - 0x00007ffec8652000 	C:\WINDOWS\System32\DriverStore\FileRepository\iigd_dch.inf_amd64_7235e197535e8934\igd9dxva64.dll
0x00007fff45d40000 - 0x00007fff45e0d000 	C:\WINDOWS\System32\OLEAUT32.dll
0x00007fff45e10000 - 0x00007fff46280000 	C:\WINDOWS\System32\SETUPAPI.dll
0x00007fff44550000 - 0x00007fff4459e000 	C:\WINDOWS\System32\cfgmgr32.dll
0x00007fff447c0000 - 0x00007fff447e7000 	C:\WINDOWS\System32\bcrypt.dll
0x00007fff37fe0000 - 0x00007fff383a5000 	C:\WINDOWS\System32\DriverStore\FileRepository\iigd_dch.inf_amd64_7235e197535e8934\igdgmm64.dll
0x00007fff0c190000 - 0x00007fff0c1d2000 	C:\Users\nikik\.openjfx\cache\18-ea+6\glass.dll
0x00007fff44eb0000 - 0x00007fff44f8b000 	C:\WINDOWS\System32\COMDLG32.dll
0x00007fff44830000 - 0x00007fff44946000 	C:\WINDOWS\System32\MSCTF.dll
0x00007fff0bd90000 - 0x00007fff0bdb7000 	C:\WINDOWS\System32\DriverStore\FileRepository\iigd_dch.inf_amd64_7235e197535e8934\igdinfo64.dll
0x00007fff34b10000 - 0x00007fff37fd3000 	C:\WINDOWS\System32\DriverStore\FileRepository\iigd_dch.inf_amd64_7235e197535e8934\igc64.dll
0x00007fff3edf0000 - 0x00007fff3ee2b000 	C:\WINDOWS\SYSTEM32\dxcore.dll
0x00007fff120c0000 - 0x00007fff120d4000 	C:\Users\nikik\.openjfx\cache\18-ea+6\javafx_font.dll
0x00007fff2f3f0000 - 0x00007fff2f66f000 	C:\WINDOWS\SYSTEM32\dwrite.dll
0x00007fff45b30000 - 0x00007fff45bd9000 	C:\WINDOWS\System32\clbcatq.dll
0x00007fff3dc60000 - 0x00007fff3de14000 	C:\WINDOWS\SYSTEM32\WindowsCodecs.dll
0x00007fff2a640000 - 0x00007fff2a67e000 	C:\WINDOWS\system32\dataexchange.dll
0x00007fff3fef0000 - 0x00007fff40154000 	C:\WINDOWS\system32\d3d11.dll
0x00007fff40800000 - 0x00007fff409e5000 	C:\WINDOWS\system32\dcomp.dll
0x00007fff42780000 - 0x00007fff42873000 	C:\WINDOWS\system32\dxgi.dll
0x00007fff3e350000 - 0x00007fff3e551000 	C:\WINDOWS\system32\twinapi.appcore.dll
0x00007fff0f940000 - 0x00007fff0f974000 	C:\Program Files\Common Files\Microsoft Shared\Ink\rtscom.dll
0x00007fff3cec0000 - 0x00007fff3cfb9000 	C:\WINDOWS\SYSTEM32\textinputframework.dll
0x00007fff409f0000 - 0x00007fff40d4e000 	C:\WINDOWS\System32\CoreUIComponents.dll
0x00007fff411d0000 - 0x00007fff412c2000 	C:\WINDOWS\System32\CoreMessaging.dll
0x00007fff3f830000 - 0x00007fff3f984000 	C:\WINDOWS\SYSTEM32\wintypes.dll
0x00007fff42b70000 - 0x00007fff42ba3000 	C:\WINDOWS\SYSTEM32\ntmarta.dll

dbghelp: loaded successfully - version: 4.0.5 - missing functions: none
symbol engine: initialized successfully - sym options: 0x614 - pdb path: .;C:\Users\nikik\.jdks\openjdk-18-1\bin;C:\WINDOWS\SYSTEM32;C:\WINDOWS\WinSxS\amd64_microsoft.windows.common-controls_6595b64144ccf1df_6.0.19041.1110_none_60b5254171f9507e;C:\Users\nikik\.jdks\openjdk-18-1\bin\server;D:\Intelej\IntelliJ IDEA Community Edition 2022.1\bin;C:\Users\nikik\.openjfx\cache\18-ea+6;C:\WINDOWS\System32\DriverStore\FileRepository\iigd_dch.inf_amd64_7235e197535e8934;C:\Program Files\Common Files\Microsoft Shared\Ink

VM Arguments:
jvm_args: -javaagent:D:\Intelej\IntelliJ IDEA Community Edition 2022.1\lib\idea_rt.jar=53268:D:\Intelej\IntelliJ IDEA Community Edition 2022.1\bin -Dfile.encoding=UTF-8 --module-path=C:\Users\nikik\.m2\repository\org\openjfx\javafx-graphics\18-ea+6\javafx-graphics-18-ea+6-win.jar;C:\Users\nikik\.m2\repository\org\openjfx\javafx-controls\18-ea+6\javafx-controls-18-ea+6-win.jar;C:\Users\nikik\.m2\repository\org\openjfx\javafx-fxml\18-ea+6\javafx-fxml-18-ea+6-win.jar;D:\IntelliJ IDEA\norm3laba\govna\target\classes;C:\Users\nikik\.m2\repository\org\openjfx\javafx-base\18-ea+6\javafx-base-18-ea+6-win.jar -Djdk.module.main=com.example.govna 
java_command: com.example.govna/com.example.govna.HelloApplication
java_class_path (initial): C:\Users\nikik\.m2\repository\org\openjfx\javafx-controls\18-ea+6\javafx-controls-18-ea+6.jar;C:\Users\nikik\.m2\repository\org\openjfx\javafx-graphics\18-ea+6\javafx-graphics-18-ea+6.jar;C:\Users\nikik\.m2\repository\org\openjfx\javafx-base\18-ea+6\javafx-base-18-ea+6.jar;C:\Users\nikik\.m2\repository\org\openjfx\javafx-fxml\18-ea+6\javafx-fxml-18-ea+6.jar
Launcher Type: SUN_STANDARD

[Global flags]
     intx CICompilerCount                          = 3                                         {product} {ergonomic}
     uint ConcGCThreads                            = 1                                         {product} {ergonomic}
     uint G1ConcRefinementThreads                  = 4                                         {product} {ergonomic}
   size_t G1HeapRegionSize                         = 1048576                                   {product} {ergonomic}
    uintx GCDrainStackTargetSize                   = 64                                        {product} {ergonomic}
   size_t InitialHeapSize                          = 134217728                                 {product} {ergonomic}
   size_t MarkStackSize                            = 4194304                                   {product} {ergonomic}
   size_t MaxHeapSize                              = 2116026368                                {product} {ergonomic}
   size_t MaxNewSize                               = 1268776960                                {product} {ergonomic}
   size_t MinHeapDeltaBytes                        = 1048576                                   {product} {ergonomic}
   size_t MinHeapSize                              = 8388608                                   {product} {ergonomic}
    uintx NonNMethodCodeHeapSize                   = 5832780                                {pd product} {ergonomic}
    uintx NonProfiledCodeHeapSize                  = 122912730                              {pd product} {ergonomic}
    uintx ProfiledCodeHeapSize                     = 122912730                              {pd product} {ergonomic}
    uintx ReservedCodeCacheSize                    = 251658240                              {pd product} {ergonomic}
     bool SegmentedCodeCache                       = true                                      {product} {ergonomic}
   size_t SoftMaxHeapSize                          = 2116026368                             {manageable} {ergonomic}
     bool UseCompressedClassPointers               = true                           {product lp64_product} {ergonomic}
     bool UseCompressedOops                        = true                           {product lp64_product} {ergonomic}
     bool UseG1GC                                  = true                                      {product} {ergonomic}
     bool UseLargePagesIndividualAllocation        = false                                  {pd product} {ergonomic}

Logging:
Log output configuration:
 #0: stdout all=off uptime,level,tags foldmultilines=false
 #1: stderr all=off uptime,level,tags foldmultilines=false

Environment Variables:
JAVA_HOME=C:\Program Files\Java\jdk-17
PATH=C:\Users\nikik\AppData\Local\Programs\Python\Python310\Scripts\;C:\Users\nikik\AppData\Local\Programs\Python\Python310\;C:\Python310\Scripts\;C:\Python310\;C:\Program Files\Common Files\Oracle\Java\javapath;C:\WinAVR-20100110\bin;C:\WinAVR-20100110\utils\bin;C:\WinAVR-20100110;D:\GNU\10 2020-q4-major\bin;C:\WINDOWS\system32;C:\WINDOWS;C:\WINDOWS\System32\Wbem;C:\WINDOWS\System32\WindowsPowerShell\v1.0\;C:\WINDOWS\System32\OpenSSH\;C:\Program Files (x86)\STMicroelectronics\STM32 ST-LINK Utility\ST-LINK Utility;D:\MatLAB\runtime\win64;D:\MatLAB\bin;D:\MatLAB\polyspace\bin;C:\Program Files\Git\cmd;C:\Program Files\dotnet\;C:\Program Files (x86)\dotnet\;C:\Program Files\Docker\Docker\resources\bin;C:\ProgramData\DockerDesktop\version-bin;C:\ProgramData\chocolatey\bin;E:\nodejs\;C:\Program Files\Zabbix Agent 2\;C:\Users\nikik\AppData\Local\Programs\Python\Python38-32\Scripts\;C:\Users\nikik\AppData\Local\Programs\Python\Python38-32\;C:\Program Files\MySQL\MySQL Shell 8.0\bin\;D:\eclipse\4.6 2012q4\bin;D:\Visual Studio Code\Microsoft VS Code\bin;C:\Users\nikik\AppData\Local\atom\bin;C:\WinAVR-20100110;C:\Users\nikik\AppData\Local\Microsoft\WindowsApps;C:\Users\nikik\AppData\Roaming\npm
USERNAME=nikik
OS=Windows_NT
PROCESSOR_IDENTIFIER=Intel64 Family 6 Model 142 Stepping 9, GenuineIntel



---------------  S Y S T E M  ---------------

OS:
 Windows 10 , 64 bit Build 19041 (10.0.19041.1566)
OS uptime: 7 days 19:18 hours
Hyper-V role detected

CPU: total 4 (initial active 4) (2 cores per cpu, 2 threads per core) family 6 model 142 stepping 9 microcode 0xb4, cx8, cmov, fxsr, ht, mmx, 3dnowpref, sse, sse2, sse3, ssse3, sse4.1, sse4.2, popcnt, lzcnt, tsc, tscinvbit, avx, avx2, aes, erms, clmul, bmi1, bmi2, adx, fma, vzeroupper, clflush, clflushopt, hv

Memory: 4k page, system-wide physical 8071M (1280M free)
TotalPageFile size 12935M (AvailPageFile size 1772M)
current process WorkingSet (physical memory assigned to process): 157M, peak: 158M
current process commit charge ("private bytes"): 275M, peak: 279M

vm_info: OpenJDK 64-Bit Server VM (18+36-2087) for windows-amd64 JRE (18+36-2087), built on Feb 15 2022 09:37:35 by "mach5one" with MS VC++ 16.8 / 16.9 (VS2019)

END.
